 
       ==============================================
       |                                            |
       |                 C R E S T                  |
       |                                            |
       |  Conformer-Rotamer Ensemble Sampling Tool  |
       |          based on the GFN methods          |
       |             P.Pracht, S.Grimme             |
       |          Universitaet Bonn, MCTC           |
       ==============================================
       Version 2.12,   Thu 19. Mai 16:32:32 CEST 2022
  Using the xTB program. Compatible with xTB version 6.4.0
 
   Cite work conducted with this code as

   • P.Pracht, F.Bohle, S.Grimme, PCCP, 2020, 22, 7169-7192.
   • S.Grimme, JCTC, 2019, 15, 2847-2862.

   and for works involving QCG as

   • S.Spicher, C.Plett, P.Pracht, A.Hansen, S.Grimme,
     JCTC, 2022, 18 (5), 3174-3189.
 
   with help from:
   C.Bannwarth, F.Bohle, S.Ehlert, S.Grimme,
   C.Plett, P.Pracht, S.Spicher
 
   This program is distributed in the hope that it will be useful,
   but WITHOUT ANY WARRANTY; without even the implied warranty of
   MERCHANTABILITY or FITNESS FOR A PARTICULAR PURPOSE.

 Command line input:
 > crest ./c5.xyz -gfnff -mquick -T 4

  -gfnff : Use of GFN-FF requested.
  -mquick  : very crude quick-mode (no NORMMD, no GC, crude opt.)
  -T 4 (CPUs/Threads selected)
 
 -------------------------
 xTB Geometry Optimization
 -------------------------
 Geometry successfully optimized.
 
------------------------------------------------
Generating MTD length from a flexibility measure
------------------------------------------------
 Calculating WBOs... done.
 Calculating NCI flexibility... done.
     covalent flexibility measure :   0.690
 non-covalent flexibility measure :   0.855
 flexibility measure :   0.700
 t(MTD) / ps    :     3.0
 Σ(t(MTD)) / ps :    18.0 (6 MTDs)
 
-------------------------------------
Starting a trial MTD to test settings
-------------------------------------
 Estimated runtime for one MTD (3.0 ps) on a single thread: 4 sec
 Estimated runtime for a batch of 6 MTDs on 4 threads: 9 sec
 
 list of Vbias parameters applied:
$metadyn    0.00200   1.000
$metadyn    0.00100   1.000
$metadyn    0.00200   0.500
$metadyn    0.00100   0.500
$metadyn    0.00200   0.250
$metadyn    0.00100   0.250
 
*******************************************************************************************
**                        N E W    I T E R A T I O N    C Y C L E                        **
*******************************************************************************************
 
========================================
            MTD Simulations 
========================================
 
     ========================================
     |         Meta-MD (MTD) Sampling       |
     ========================================
 
Starting Meta-MD   1 with the settings:
     MD time /ps        :     3.0
     dt /fs             :     1.5
     dumpstep(trj) /fs  :     100
     dumpstep(Vbias)/ps :     1.0
     Vbias factor k /Eh :  0.0340
     Vbias exp α /bohr⁻²:    1.00
Starting Meta-MD   2 with the settings:
     MD time /ps        :     3.0
     dt /fs             :     1.5
     dumpstep(trj) /fs  :     100
     dumpstep(Vbias)/ps :     1.0
     Vbias factor k /Eh :  0.0170
     Vbias exp α /bohr⁻²:    1.00
Starting Meta-MD   6 with the settings:
     MD time /ps        :     3.0
     dt /fs             :     1.5
     dumpstep(trj) /fs  :     100
     dumpstep(Vbias)/ps :     1.0
     Vbias factor k /Eh :  0.0170
     Vbias exp α /bohr⁻²:    0.25
Starting Meta-MD   3 with the settings:
     MD time /ps        :     3.0
     dt /fs             :     1.5
     dumpstep(trj) /fs  :     100
     dumpstep(Vbias)/ps :     1.0
     Vbias factor k /Eh :  0.0340
     Vbias exp α /bohr⁻²:    0.50
*Meta-MTD 6 finished*
Starting Meta-MD   5 with the settings:
     MD time /ps        :     3.0
     dt /fs             :     1.5
     dumpstep(trj) /fs  :     100
     dumpstep(Vbias)/ps :     1.0
     Vbias factor k /Eh :  0.0340
     Vbias exp α /bohr⁻²:    0.25
*Meta-MTD 1 finished*
Starting Meta-MD   4 with the settings:
     MD time /ps        :     3.0
     dt /fs             :     1.5
     dumpstep(trj) /fs  :     100
     dumpstep(Vbias)/ps :     1.0
     Vbias factor k /Eh :  0.0170
     Vbias exp α /bohr⁻²:    0.50
*Meta-MTD 2 finished*
*Meta-MTD 3 finished*
*Meta-MTD 5 finished*
*Meta-MTD 4 finished*
 
-----------------------
Multilevel Optimization
-----------------------
 
 -------------------------
 1. crude pre-optimization
 -------------------------
 Optimizing all 180 structures from file "crest_rotamers_0.xyz" ...
 1 2 3 4 5 6 7 8 9 10 11 12 13 14 15 16 17 18 19 20 21 22 23 24 25 26 27 28 29 30 31 32 33 34 35 36 37 38 39 40 41 42 43 44 45 46 47 48 49 50 51 52 53 54 55 56 57 58 59 60 61 62 63 64 65 66 67 68 69 70 71 72 73 74 75 76 77 78 79 80 81 82 83 84 85 86 87 88 89 90 91 92 93 94 95 96 97 98 99 100 101 102 103 104 105 106 107 108 109 110 111 112 113 114 115 116 117 118 119 120 121 122 123 124 125 126 127 128 129 130 131 132 133 134 135 136 137 138 139 140 141 142 143 144 145 146 147 148 149 150 151 152 153 154 155 156 157 158 159 160 161 162 163 164 165 166 167 168 169 170 171 172 173 174 175 176 177 178 179 180
 done.
 running RMSDs...
 done.
 E lowest :    -2.40272
 153 structures remain within     5.00 kcal/mol window
 
========================================
           MTD Simulations done         
========================================
 Collecting ensmbles.
 running RMSDs...
 done.
 E lowest :    -2.40272
 100 structures remain within     2.50 kcal/mol window
 
 
 
   ================================================
   |           Final Geometry Optimization        |
   ================================================
 --------------------------------------------
 Ensemble optimization with normal thresholds
 --------------------------------------------
 Optimizing all 100 structures from file "crest_rotamers_1.xyz" ...
 1 2 3 4 5 6 7 8 9 10 11 12 13 14 15 16 17 18 19 20 21 22 23 24 25 26 27 28 29 30 31 32 33 34 35 36 37 38 39 40 41 42 43 44 45 46 47 48 49 50 51 52 53 54 55 56 57 58 59 60 61 62 63 64 65 66 67 68 69 70 71 72 73 74 75 76 77 78 79 80 81 82 83 84 85 86 87 88 89 90 91 92 93 94 95 96 97 98 99 100
 done.
 running RMSDs...
 done.
 E lowest :    -2.40317
 43 structures remain within     2.50 kcal/mol window
 
 input  file name : crest_rotamers_2.xyz
 output file name : crest_rotamers_3.xyz
 number of atoms                :   17
 number of points on xyz files  :   100
 RMSD threshold                 :   0.1250
 Bconst threshold               :   0.0100
 population threshold           :   0.0500
 conformer energy window  /kcal :   2.5000
 # fragment in coord            :     1
 # bonds in reference structure :    16
 number of reliable points      :   100
 reference state Etot :  -2.40316912000000
 number of doubles removed by rot/RMSD         :          57
 total number unique points considered further :          43
       Erel/kcal        Etot weight/tot  conformer     set   degen     origin
       1   0.000    -2.40317    0.06368    0.25390       1       4     mtd6
       2   0.001    -2.40317    0.06353                                mtd3
       3   0.003    -2.40316    0.06336                                mtd3
       4   0.003    -2.40316    0.06333                                mtd4
       5   0.468    -2.40242    0.02892    0.51882       2      18     mtd4
       6   0.468    -2.40242    0.02892                                mtd1
       7   0.468    -2.40242    0.02891                                mtd2
       8   0.468    -2.40242    0.02891                                mtd3
       9   0.468    -2.40242    0.02891                                mtd4
      10   0.469    -2.40242    0.02890                                mtd4
      11   0.469    -2.40242    0.02888                                mtd1
      12   0.469    -2.40242    0.02887                                mtd2
      13   0.469    -2.40242    0.02886                                mtd4
      14   0.469    -2.40242    0.02886                                mtd1
      15   0.469    -2.40242    0.02886                                mtd4
      16   0.469    -2.40242    0.02885                                mtd6
      17   0.471    -2.40242    0.02880                                mtd3
      18   0.471    -2.40242    0.02877                                mtd4
      19   0.472    -2.40242    0.02871                                mtd4
      20   0.473    -2.40242    0.02869                                mtd3
      21   0.473    -2.40242    0.02868                                mtd6
      22   0.477    -2.40241    0.02850                                mtd1
      23   0.829    -2.40185    0.01573    0.15684       3      10     mtd2
      24   0.829    -2.40185    0.01573                                mtd1
      25   0.829    -2.40185    0.01573                                mtd6
      26   0.829    -2.40185    0.01572                                mtd2
      27   0.830    -2.40185    0.01572                                mtd6
      28   0.831    -2.40185    0.01569                                mtd1
      29   0.835    -2.40184    0.01559                                mtd5
      30   0.832    -2.40184    0.01566                                mtd3
      31   0.832    -2.40184    0.01565                                mtd3
      32   0.833    -2.40184    0.01563                                mtd2
      33   0.834    -2.40184    0.01561    0.04666       4       3     mtd5
      34   0.835    -2.40184    0.01559                                mtd1
      35   0.839    -2.40183    0.01547                                mtd5
      36   0.839    -2.40183    0.01547    0.01547       5       1     mtd5
      37   2.359    -2.39941    0.00119    0.00831       6       7     mtd4
      38   2.360    -2.39941    0.00119                                mtd1
      39   2.361    -2.39941    0.00119                                mtd5
      40   2.362    -2.39941    0.00119                                mtd2
      41   2.362    -2.39940    0.00119                                mtd3
      42   2.363    -2.39940    0.00118                                mtd2
      43   2.363    -2.39940    0.00118                                mtd4
T /K                                  :   298.15
E lowest                              :    -2.40317
ensemble average energy (kcal)        :    0.446
ensemble entropy (J/mol K, cal/mol K) :   29.155    6.968
ensemble free energy (kcal/mol)       :   -2.078
population of lowest in %             :   25.390
 number of unique conformers for further calc            6
 list of relative energies saved as "crest.energies"
 
 -----------------
 Wall Time Summary
 -----------------
             test MD wall time :         0h : 0m : 0s
                 MTD wall time :         0h : 0m : 9s
      multilevel OPT wall time :         0h : 0m :43s
--------------------
Overall wall time  : 0h : 0m :56s
 
 CREST terminated normally.
