38
 energy: -38.973585350671 gnorm: 0.031641393715 xtb: 6.6.1 (8d0f1dd)
C            2.80032600000000        2.71021300000000       -0.71454300000000
C            2.76359800000000        1.62514400000000        0.35011400000000
C            2.34413700000000        0.26506600000000       -0.20907800000000
C            2.25169500000000       -0.81947400000000        0.86450400000000
C            1.80597300000000       -2.18258400000000        0.32541900000000
C            0.41433500000000       -2.17811200000000       -0.31560800000000
C           -0.70063200000000       -1.77521700000000        0.64969500000000
C           -2.09474400000000       -1.78874200000000        0.01638200000000
C           -2.26873400000000       -0.79924500000000       -1.14159500000000
C           -1.95725400000000        0.65673600000000       -0.78152800000000
C           -2.84807200000000        1.22446800000000        0.32376300000000
C           -2.52990600000000        2.67754700000000        0.64005700000000
H            1.82012800000000        2.84207800000000       -1.17804300000000
H            3.50122000000000        2.45704100000000       -1.51276400000000
H            3.10261500000000        3.67747900000000       -0.30580600000000
H            3.74544000000000        1.53283200000000        0.83407900000000
H            2.07551000000000        1.91235200000000        1.15701000000000
H            3.04593900000000       -0.04771500000000       -0.99224500000000
H            1.38007800000000        0.37024700000000       -0.71914900000000
H            3.22617200000000       -0.91326800000000        1.36239400000000
H            1.56686300000000       -0.49004800000000        1.65496400000000
H            2.54694800000000       -2.53713600000000       -0.40326400000000
H            1.82226400000000       -2.92299300000000        1.13615900000000
H            0.18790000000000       -3.17024300000000       -0.72866800000000
H            0.41223500000000       -1.50831200000000       -1.18277200000000
H           -0.67669900000000       -2.44310400000000        1.52124000000000
H           -0.49631800000000       -0.77834200000000        1.05608300000000
H           -2.85063500000000       -1.58204400000000        0.78515900000000
H           -2.31861800000000       -2.80606300000000       -0.33139400000000
H           -3.29664700000000       -0.85908500000000       -1.52374200000000
H           -1.63766300000000       -1.11253300000000       -1.98341500000000
H           -0.90726000000000        0.75101100000000       -0.48183200000000
H           -2.04890200000000        1.29003700000000       -1.67427100000000
H           -2.74404500000000        0.61499300000000        1.23094000000000
H           -3.90155500000000        1.12080200000000        0.03053400000000
H           -2.65929300000000        3.31153700000000       -0.23957600000000
H           -1.49472200000000        2.79211800000000        0.96854000000000
H           -3.17122400000000        3.07682600000000        1.42948300000000
38
 energy: -38.975821172254 gnorm: 0.013721903164 xtb: 6.6.1 (8d0f1dd)
C            2.79971038661408        2.70228369507847       -0.71461031180682
C            2.76503274835999        1.62041843850760        0.35395125527091
C            2.34377411612717        0.26630400091975       -0.21348997466796
C            2.24879909406433       -0.81308481933364        0.86330517535460
C            1.80159243395121       -2.17445442753945        0.32564591726539
C            0.41334111828337       -2.17347542236230       -0.31723340231268
C           -0.69862004453583       -1.77262928088828        0.65033333019973
C           -2.08924834607026       -1.78831660865275        0.01511433948111
C           -2.26792623562768       -0.79498532178101       -1.13653879130344
C           -1.95587761748184        0.65892865150948       -0.77765879052116
C           -2.85081118546782        1.22159912753222        0.32486230045352
C           -2.52726213603228        2.67503718541743        0.63364255695319
H            1.81721388364075        2.83094488746721       -1.16922261792793
H            3.50392749078085        2.44487832851714       -1.50554547835370
H            3.10242880646057        3.66043881173041       -0.29320475602321
H            3.75199792309130        1.52955681699817        0.82065598413234
H            2.06653276697479        1.91225579076735        1.14646886295313
H            3.05712626358012       -0.04699253240647       -0.98320653946399
H            1.37498465569683        0.38097514554498       -0.70731818567397
H            3.22862357048820       -0.92483263619414        1.34127398217451
H            1.56057848418630       -0.48450636696809        1.64769093069045
H            2.53283758052223       -2.52145195467272       -0.41283341666615
H            1.81355249902534       -2.90103104636605        1.14580894262660
H            0.19984224742382       -3.17485367633879       -0.70808694153514
H            0.41640240178059       -1.49991661710352       -1.17710429811023
H           -0.68844717318548       -2.45745767633030        1.50589146755212
H           -0.50033118672559       -0.77517334123282        1.04806531936422
H           -2.83451098042919       -1.57681567174728        0.78842244387611
H           -2.30462844055128       -2.79760337838987       -0.35342706237149
H           -3.30069006439802       -0.85872529562791       -1.49741073653680
H           -1.63074849909453       -1.09795311884843       -1.97346895302170
H           -0.90960677110360        0.74874698529963       -0.47233622400237
H           -2.06983455720242        1.27674439862205       -1.67586535074055
H           -2.73014423964628        0.62604005849313        1.23487218410022
H           -3.89972582116258        1.13176027304930        0.02135431812979
H           -2.66243470071819        3.30123401685789       -0.24819070926602
H           -1.49385656721382        2.78027038092699        0.96443247579291
H           -3.17314090440514        3.06010919954461        1.42218675393449
38
 energy: -38.976164044799 gnorm: 0.002500094515 xtb: 6.6.1 (8d0f1dd)
C            2.80100183599919        2.70017755125140       -0.71435141284195
C            2.76716569366039        1.61813500867731        0.35678925168795
C            2.34384550229993        0.26758579209478       -0.21499942548075
C            2.24964823714351       -0.80978734763418        0.86271611119402
C            1.80040115305939       -2.17061767129537        0.32633138220534
C            0.41287900842117       -2.17261264848489       -0.31714416799060
C           -0.69833104434973       -1.77426640196526        0.65086117489598
C           -2.08735533134236       -1.78991663165137        0.01333744705305
C           -2.26896873750859       -0.79339506613850       -1.13485217640562
C           -1.95829684199454        0.66036679047942       -0.77665972735095
C           -2.85258303240570        1.22074413397241        0.32618461691720
C           -2.52679594088871        2.67669454869037        0.63048002610095
H            1.81756595440908        2.82424376834247       -1.16421059858317
H            3.50512104163352        2.43809125538282       -1.50147997648131
H            3.10394487940605        3.65387862542320       -0.28750646040863
H            3.75501976743348        1.52701909459490        0.81509003666265
H            2.06539578612514        1.91082284871212        1.14253406607090
H            3.06088312848651       -0.04548733472308       -0.97817191507121
H            1.37456883862966        0.38846794089093       -0.70178774930770
H            3.23150041295545       -0.92985192908152        1.32934931639753
H            1.56228797183276       -0.47983170022630        1.64408649599249
H            2.52667416850896       -2.51332025264284       -0.41586716100072
H            1.80986238941221       -2.88847746296839        1.15124985666790
H            0.20682762985914       -3.17776042907914       -0.69599593362934
H            0.41695859485402       -1.49891526602746       -1.17364297991490
H           -0.69426559099615       -2.46780472915628        1.49668288288792
H           -0.50362460437616       -0.77827270096633        1.04660265266953
H           -2.82776925284020       -1.58001869827525        0.78840604721084
H           -2.29529424407975       -2.79364573019632       -0.36803802620288
H           -3.30416683554656       -0.85759537890779       -1.48175429523849
H           -1.63137441361540       -1.08972372301977       -1.97078544391732
H           -0.91482986068473        0.75018137641745       -0.46975788098734
H           -2.08338141882922        1.27059444385641       -1.67600991648269
H           -2.72483382943294        0.63309805655773        1.23702466807385
H           -3.89800470260058        1.13657442396716        0.01886920432934
H           -2.66367395345630        3.29599259876032       -0.25386819429621
H           -1.49386848159823        2.77602638771771        0.95923637169963
H           -3.17368087758371        3.05687345665115        1.41827783287473
38
 energy: -38.976192428058 gnorm: 0.000901404941 xtb: 6.6.1 (8d0f1dd)
C            2.80255506148505        2.70064621698795       -0.71383141805981
C            2.76902358369624        1.61808652240222        0.35799606409950
C            2.34467683610196        0.26839723845669       -0.21530436897900
C            2.25099894564768       -0.80880663336756        0.86261315290877
C            1.80088213329606       -2.17007020542632        0.32717660727736
C            0.41308092250462       -2.17354774770494       -0.31667302730170
C           -0.69868675196546       -1.77646987612919        0.65116505406282
C           -2.08735979042222       -1.79192887973103        0.01179609967282
C           -2.27107375051864       -0.79300043550444       -1.13444912358540
C           -1.96040934188291        0.66116909927108       -0.77642438621976
C           -2.85410637508872        1.22119867835850        0.32705949988947
C           -2.52717784537522        2.67844677588905        0.62910298613568
H            1.81887356526827        2.82341064006989       -1.16285694106900
H            3.50612150697347        2.43721880843661       -1.50064047037103
H            3.10561848273523        3.65399524397839       -0.28708888086301
H            3.75681750364206        1.52631859354780        0.81516439529098
H            2.06772891441502        1.91059475307226        1.14359359917859
H            3.06094961546406       -0.04450276844966       -0.97866731992556
H            1.37546935736052        0.39054978795636       -0.70110126109048
H            3.23338960341552       -0.92970419430936        1.32668691614548
H            1.56546102928460       -0.47806389027985        1.64481519639211
H            2.52676921401516       -2.51264644079298       -0.41480284603943
H            1.81003000993298       -2.88642410697446        1.15276606411168
H            0.20889338645024       -3.17917750278571       -0.69379864249721
H            0.41626535506068       -1.50065408060535       -1.17344454687865
H           -0.69567300024912       -2.47192051501093        1.49482408063907
H           -0.50482008062151       -0.78138998601403        1.04894267489410
H           -2.82836877160361       -1.58535091309800        0.78665682469705
H           -2.29254513998297       -2.79437350236300       -0.37309624466506
H           -3.30687605219080       -0.85699192218453       -1.47814468019863
H           -1.63530150326925       -1.08789370419556       -1.97176262386546
H           -0.91688533336021        0.75215771026127       -0.47105728940428
H           -2.08793283740801        1.27038812262428       -1.67556457336400
H           -2.72494499702426        0.63516170237191        1.23822866212236
H           -3.89940758353260        1.13722340737334        0.02088997313491
H           -2.66449427529986        3.29544488875569       -0.25646890190496
H           -1.49390925982744        2.77700618000043        0.95623552807729
H           -3.17317933712661        3.05976993511319        1.41669016755240
38
 energy: -38.976230996191 gnorm: 0.003468521078 xtb: 6.6.1 (8d0f1dd)
C            2.80911879054870        2.70292693125934       -0.71158382876637
C            2.77636614673456        1.61878857637718        0.36087600364414
C            2.34757366067767        0.27140670491695       -0.21540320801702
C            2.25607525990553       -0.80623265769393        0.86232659543539
C            1.80292588673695       -2.16864419513952        0.33025763460610
C            0.41443026633915       -2.17682542953380       -0.31476759975061
C           -0.70066482775723       -1.78437445681297        0.65130069764715
C           -2.08807395406010       -1.79918678778159        0.00627461247238
C           -2.27910374849250       -0.79237446586603       -1.13327467323172
C           -1.96904220151694        0.66281285408895       -0.77527171589627
C           -2.85888905722037        1.22383124696815        0.33086866653115
C           -2.52928445382807        2.68454515095499        0.62397092777377
H            1.82459520400712        2.82340674414709       -1.15849636672179
H            3.51089272868315        2.43663164987614       -1.49856431177145
H            3.11296437695028        3.65607205293681       -0.28617907012006
H            3.76447243333225        1.52426553925690        0.81549625117299
H            2.07771899047333        1.91089893787917        1.14815723923165
H            3.06061830761354       -0.04099295053001       -0.98130870766691
H            1.37797638096363        0.39676726437991       -0.69873965065771
H            3.24054404223264       -0.92854879937774        1.32007405707307
H            1.57645807463918       -0.47311082876703        1.64834560737477
H            2.52888923652038       -2.51276808855015       -0.41005702520278
H            1.81139991922531       -2.88170908837669        1.15781861536782
H            0.21574823634300       -3.18398483709429       -0.68886419301417
H            0.41432850205003       -1.50652299649950       -1.17337179074786
H           -0.70094891382028       -2.48549824200870        1.48954461828981
H           -0.50891434972222       -0.79223998706194        1.05730911263576
H           -2.83280997963204       -1.60581708890113        0.78064092559734
H           -2.28423926896065       -2.79856169891868       -0.38964143571932
H           -3.31736344914443       -0.85554612056543       -1.46784638543078
H           -1.65045960532409       -1.08296601235365       -1.97705172997800
H           -0.92435021102108        0.75754570257617       -0.47589750270295
H           -2.10303027561734        1.27028427681984       -1.67399547570666
H           -2.72568995813311        0.64191191082662        1.24355261517013
H           -3.90515720884712        1.13920864646342        0.03012824889907
H           -2.66867148895263        3.29440851334092       -0.26591521774684
H           -1.49446935732982        2.78237985173685        0.94537909191141
H           -3.17148113459639        3.07207917702741        1.41113436801540
38
 energy: -38.976241664269 gnorm: 0.002011968837 xtb: 6.6.1 (8d0f1dd)
C            2.81068839758988        2.70323708436279       -0.71111909354211
C            2.77779100375009        1.61912006659203        0.36055698455555
C            2.34786532560753        0.27182673544820       -0.21497416462357
C            2.25651429393827       -0.80614612595716        0.86240491719186
C            1.80298592258689       -2.16831884906380        0.33063291490215
C            0.41483060229878       -2.17680395698962       -0.31464608907153
C           -0.70116715177352       -1.78513609042976        0.65076431122391
C           -2.08821297183401       -1.80016181556238        0.00547396392763
C           -2.28065443275634       -0.79260233590393       -1.13291097819903
C           -1.97052143922964        0.66230258264814       -0.77484634961050
C           -2.85922213526421        1.22435138530886        0.33169738031493
C           -2.52987667486158        2.68486706903528        0.62287253529167
H            1.82612850263652        2.82499619013830       -1.15797588849947
H            3.51230866979602        2.43769285478313       -1.49870643112553
H            3.11504756756949        3.65640242293758       -0.28562836591763
H            3.76633535805326        1.52386042103439        0.81483450447873
H            2.07996770965887        1.91165492850316        1.14883309142446
H            3.06031744476930       -0.04078511220064       -0.98176800189127
H            1.37772967273849        0.39734181028299       -0.69773489717290
H            3.24126516180713       -0.92851124276171        1.32037647957693
H            1.57705582371312       -0.47313472088695        1.64889422378444
H            2.52926775324294       -2.51350269358466       -0.40932902672238
H            1.81144485133624       -2.88153671590485        1.15849852275951
H            0.21664986305384       -3.18414436454606       -0.68953902928030
H            0.41465823225522       -1.50632556146806       -1.17335259995752
H           -0.70181702209103       -2.48664156566038        1.48908756776738
H           -0.50954362921687       -0.79314363431310        1.05757175398669
H           -2.83350131743344       -1.60871160907438        0.78007558298994
H           -2.28368890307698       -2.79960152690449       -0.39133069918897
H           -3.31934414870304       -0.85605579249619       -1.46707011100990
H           -1.65284607353741       -1.08263615987044       -1.97780732647258
H           -0.92542938323256        0.75683805377993       -0.47613460329964
H           -2.10467567933416        1.27004807285127       -1.67374574634830
H           -2.72525482646458        0.64279766046723        1.24483372119404
H           -3.90612817606155        1.13911181960484        0.03222939463410
H           -2.67023961150451        3.29413594690565       -0.26744854468347
H           -1.49481176404857        2.78391774016102        0.94354283978594
H           -3.17146381597790        3.07366402873379        1.41011325682673
38
 energy: -38.976254369094 gnorm: 0.000905295458 xtb: 6.6.1 (8d0f1dd)
C            2.81572220667032        2.70412908842877       -0.70976047834962
C            2.78234602841163        1.61970624057664        0.35994230879236
C            2.34844925131575        0.27305306968773       -0.21395588219787
C            2.25729945385178       -0.80554644075338        0.86274802772675
C            1.80293342803720       -2.16719886711551        0.33157857411652
C            0.41577388566160       -2.17624946046210       -0.31477189641553
C           -0.70244729963855       -1.78695242412887        0.64916004087550
C           -2.08878236076519       -1.80305734062097        0.00348110388052
C           -2.28503384579625       -0.79354326782113       -1.13195486925688
C           -1.97461048685057        0.66062590339924       -0.77357671274347
C           -2.86025768880820        1.22516682634959        0.33420488491648
C           -2.53185951852027        2.68573081061789        0.61949835899204
H            1.83107111892108        2.82949116715248       -1.15615369304506
H            3.51661161129867        2.44024648813985       -1.49897031001579
H            3.12190639814319        3.65680350953000       -0.28342766882177
H            3.77203509041856        1.52200941913517        0.81257078216561
H            2.08706330076320        1.91365900783308        1.15068151807386
H            3.05890153450343       -0.04053267052773       -0.98291662247836
H            1.37692383228098        0.39969203279633       -0.69454231008598
H            3.24251295275445       -0.92837844608986        1.32110028404341
H            1.57807715934938       -0.47275656616513        1.65003361025436
H            2.52988837313926       -2.51481146414729       -0.40742143715079
H            1.81095606539334       -2.88035225849061        1.16032556704371
H            0.21913529845383       -3.18378469377324       -0.69174330571872
H            0.41561552860082       -1.50482811235867       -1.17312532112971
H           -0.70367188796910       -2.48946864834793        1.48732616269648
H           -0.51160274832364       -0.79524659171422        1.05761391765416
H           -2.83492950936622       -1.61644268900411        0.77900466131108
H           -2.28211918845747       -2.80242319727563       -0.39596376505160
H           -3.32488127525909       -0.85773531361965       -1.46420416340608
H           -1.65944853315353       -1.08173406561054       -1.97971141738096
H           -0.92867454931826        0.75432942989554       -0.47649558908773
H           -2.10937071154113        1.26891136426423       -1.67268763666569
H           -2.72338970615805        0.64532087286800        1.24858997472869
H           -3.90859393079078        1.13793587705099        0.03834710636153
H           -2.67533408649466        3.29272728636755       -0.27226373082353
H           -1.49605099277462        2.78822589056026        0.93757040105128
H           -3.17171119798291        3.07754523337326        1.40709552514083
38
 energy: -38.976260206598 gnorm: 0.001441172897 xtb: 6.6.1 (8d0f1dd)
C            2.82015883928217        2.70487442894894       -0.70872035723497
C            2.78619385494285        1.61972830908815        0.35985405904696
C            2.34855441961168        0.27399729703986       -0.21343109386366
C            2.25712228052575       -0.80474755579817        0.86311915790352
C            1.80254890087323       -2.16625092339249        0.33195923232961
C            0.41606240489221       -2.17515679811430       -0.31554835071484
C           -0.70310532890973       -1.78771395239538        0.64808579114911
C           -2.08938174702782       -1.80514574674839        0.00258705559575
C           -2.28810090948083       -0.79463638944980       -1.13136986021631
C           -1.97709190134097        0.65916308986132       -0.77272914309404
C           -2.86098237074006        1.22477497647019        0.33599544117562
C           -2.53378978643257        2.68611734468825        0.61693433934636
H            1.83539445567603        2.83272715157419       -1.15433427275713
H            3.52009124575383        2.44142873834393       -1.49902417793695
H            3.12813325741380        3.65666922111780       -0.28140172288198
H            3.77658198943300        1.51972240310524        0.81067181171799
H            2.09302193379258        1.91483655290793        1.15213659764515
H            3.05709392133689       -0.04079890217038       -0.98373883943066
H            1.37625152394617        0.40237424208817       -0.69208111026817
H            3.24225100600251       -0.92794240817463        1.32177315839195
H            1.57772914870555       -0.47199688516367        1.65035225911760
H            2.52999017093423       -2.51477406104655       -0.40627858650883
H            1.80975431640724       -2.87913774207095        1.16110283348318
H            0.22033777075951       -3.18235255822492       -0.69413932894531
H            0.41621788997933       -1.50249351770892       -1.17297942207071
H           -0.70380021909178       -2.49061849033907        1.48601097269952
H           -0.51330652314161       -0.79596995375039        1.05696401651944
H           -2.83549707540862       -1.62088978169609        0.77878553389170
H           -2.28135106112122       -2.80435604825431       -0.39812872166632
H           -3.32856482076924       -0.85914718301171       -1.46194946163014
H           -1.66389215875561       -1.08176253725971       -1.98059621336468
H           -0.93079324358403        0.75209432326295       -0.47658410273117
H           -2.11232027591178        1.26775003748682       -1.67165617998428
H           -2.72129124099140        0.64684628502067        1.25127662967732
H           -3.90999915035527        1.13561375285360        0.04281724215797
H           -2.68000856061016        3.29090158699365       -0.27598892492423
H           -1.49739597491593        2.79112962942450        0.93252636173592
H           -3.17236398167992        3.07940906449371        1.40495337663973
38
 energy: -38.976278369972 gnorm: 0.001271849032 xtb: 6.6.1 (8d0f1dd)
C            2.83564016198190        2.70721537213230       -0.70524088915042
C            2.79934815370967        1.61910117828961        0.36038621632828
C            2.34825629901597        0.27726887890904       -0.21211765828680
C            2.25491531668503       -0.80160102483437        0.86429803171558
C            1.80063321380660       -2.16295766476964        0.33215132739312
C            0.41596443681488       -2.17018718618121       -0.31919410681960
C           -0.70473719003951       -1.78869056992880        0.64508968616612
C           -2.09182321298591       -1.81117352544020        0.00149105042953
C           -2.29683863233828       -0.79898667352175       -1.12978493993346
C           -1.98362148264396        0.65410704759962       -0.77058653044361
C           -2.86286786711419        1.22149781013756        0.34115883653158
C           -2.54102777069449        2.68654190686197        0.60895393681696
H            1.85029478898578        2.84262128994901       -1.14741687108090
H            3.53166713658900        2.44328593481087       -1.49884689415399
H            3.15029266977957        3.65555189070931       -0.27488775741405
H            3.79170857378419        1.51071706534891        0.80475916013114
H            2.11321304665734        1.91795061831810        1.15728051217696
H            3.05003121248000       -0.04226639123871       -0.98647392969055
H            1.37400732997739        0.41301096880869       -0.68455611507457
H            3.23912138660425       -0.92562226655649        1.32434390290208
H            1.57427200040931       -0.46881004077934        1.65034419470269
H            2.52986795285501       -2.51258690554559       -0.40364179579174
H            1.80445199638011       -2.87524594696413        1.16173450061120
H            0.22220291748506       -3.17546015769011       -0.70340193882607
H            0.41747999389046       -1.49269427044909       -1.17274465350705
H           -0.70168551678792       -2.49219630652510        1.48229949621577
H           -0.51882663400698       -0.79642627254680        1.05425987136637
H           -2.83698089622795       -1.63160940097959        0.77959140099134
H           -2.28016867795689       -2.81014150629157       -0.40121553654634
H           -3.33882783040863       -0.86369479415882       -1.45516477965199
H           -1.67650813341982       -1.08412702254971       -1.98243862910944
H           -0.93645772344167        0.74482238290258       -0.47724606503602
H           -2.12047271277986        1.26353226698072       -1.66852857811239
H           -2.71322892625289        0.65043252828720        1.25919057945276
H           -3.91348701077703        1.12503609885213        0.05638247861808
H           -2.69699701851073        3.28373588261675       -0.28754343856065
H           -1.50273826819598        2.79952174180374        0.91579428333381
H           -3.17562008330885        3.08279406363294        1.39874764130630
38
 energy: -38.976294826240 gnorm: 0.000782358785 xtb: 6.6.1 (8d0f1dd)
C            2.85424922404330        2.70936425920691       -0.70097434870945
C            2.81491756411178        1.61808073554537        0.36184716010337
C            2.34773009936637        0.28159342083400       -0.21060156624416
C            2.25127444766172       -0.79769949049581        0.86523910984201
C            1.79779403472820       -2.15869684141173        0.33102878870478
C            0.41464563613442       -2.16327344680078       -0.32371710590396
C           -0.70643017120549       -1.78856507645072        0.64274045027536
C           -2.09488012939074       -1.81674846719213        0.00217221942332
C           -2.30535815393456       -0.80446700245583       -1.12811150600628
C           -1.98972910596819        0.64832560363979       -0.76939955745387
C           -2.86430384763231        1.21627296465814        0.34578900397472
C           -2.55035425515140        2.68581692886297        0.60041700932600
H            1.86796240031464        2.85305113676707       -1.13830020456463
H            3.54495402785374        2.44296987022186       -1.49831450114081
H            3.17747995792775        3.65377250152915       -0.26851669233592
H            3.80925523456424        1.49942769810293        0.79890606550077
H            2.13693129408956        1.92100571798941        1.16400470171812
H            3.04160174885373       -0.04353185328156       -0.98961315497886
H            1.37183728778016        0.42719417508702       -0.67662131742204
H            3.23427211350847       -0.92232632773152        1.32732844276382
H            1.56887253032981       -0.46490755098344        1.64962654320303
H            2.52905754709322       -2.50815261228337       -0.40257640424111
H            1.79802591560777       -2.87131501710885        1.16011043930673
H            0.22205215682417       -3.16605926598889       -0.71453820609275
H            0.41732489145642       -1.48010962508543       -1.17267157368783
H           -0.69785638273853       -2.49280166713784        1.47916450750278
H           -0.52475302568449       -0.79574776808933        1.05233925211667
H           -2.83878679296261       -1.63987172230120        0.78193712448463
H           -2.28022842631957       -2.81610048805630       -0.40052589520916
H           -3.34877078527852       -0.86869300330289       -1.44846402931122
H           -1.68887990360853       -1.08937004786366       -1.98349137628840
H           -0.94149588728806        0.73784854593572       -0.47988676000677
H           -2.12935470528383        1.25825047801918       -1.66641871868902
H           -2.70312073453879        0.65284081553775        1.26655566385705
H           -3.91643375014281        1.11057933975640        0.07031067256367
H           -2.71831228787359        3.27486831305633       -0.29929258821452
H           -1.51008999733595        2.80791635645039        0.89697366881954
H           -3.18064676991154        3.08352541282092        1.39277068301442
38
 energy: -38.976312154614 gnorm: 0.000707941986 xtb: 6.6.1 (8d0f1dd)
C            2.87562083812263        2.71093251958253       -0.69590468642199
C            2.83269280340844        1.61691559905370        0.36445012611584
C            2.34750119285618        0.28713690510280       -0.20863024559911
C            2.24695381711728       -0.79324313248689        0.86574896013252
C            1.79430563950353       -2.15328180966435        0.32829030815900
C            0.41198368081778       -2.15476542540577       -0.32820394231304
C           -0.70852200745602       -1.78758901647370        0.64163848219091
C           -2.09851273067889       -1.82131159606351        0.00478862438501
C           -2.31325652298168       -0.81082896768113       -1.12637326388124
C           -1.99583306433979        0.64225917329434       -0.77002036462664
C           -2.86542701733602        1.20957776637115        0.34924204721028
C           -2.56168931750298        2.68375358191657        0.59167577591583
H            1.88807758529684        2.86379849162335       -1.12702540792137
H            3.55941182015950        2.44000506424144       -1.49756573583342
H            3.20952400454647        3.65119344233019       -0.26284601085395
H            3.82887363969318        1.48657207208047        0.79365510250170
H            2.16371623373213        1.92422694383667        1.17231552432613
H            3.03280397384578       -0.04367623432087       -0.99272762606539
H            1.37035576036673        0.44455024166161       -0.66818967579151
H            3.22865419902508       -0.91886360839539        1.33008538250980
H            1.56272304701578       -0.46068204871998        1.64850983092042
H            2.52698734773498       -2.50127838215551       -0.40435923635218
H            1.79193061271865       -2.86740502831367        1.15584108872680
H            0.21996482032103       -3.15481852708557       -0.72595480361573
H            0.41476152061604       -1.46558395861058       -1.17218593142130
H           -0.69368256033225       -2.49330943967992        1.47666685254651
H           -0.53084633507452       -0.79464949698184        1.05260398686683
H           -2.84103585451965       -1.64511682530414        0.78591130330786
H           -2.28169727276711       -2.82166470109414       -0.39608625025736
H           -3.35796050484885       -0.87449423036361       -1.44207461135763
H           -1.70036716291190       -1.09722584274999       -1.98368322607796
H           -0.94623087349679        0.73236775405983       -0.48592488542290
H           -2.14024835861272        1.25175567145995       -1.66648196488593
H           -2.69146504628368        0.65374942179636        1.27220003827731
H           -3.91887320096027        1.09323203886883        0.08363467872336
H           -2.74365785033097        3.26502636721455       -0.31023575069092
H           -1.51956004594992        2.81608791218381        0.87681793536931
H           -3.18752381051405        3.08091430487246        1.38762357120417
38
 energy: -38.976334495418 gnorm: 0.001030964655 xtb: 6.6.1 (8d0f1dd)
C            2.90419440007013        2.71226715522069       -0.68900326342034
C            2.85625946570681        1.61569890819576        0.36877704463796
C            2.34824344638861        0.29503206980688       -0.20544758341263
C            2.24215246770647       -0.78768215661401        0.86594559605933
C            1.78971248315953       -2.14561505669204        0.32326061084881
C            0.40726358123141       -2.14332290556178       -0.33277353036556
C           -0.71168853238091       -1.78592433343308        0.64236216349605
C           -2.10335836090394       -1.82541043745866        0.00980274984791
C           -2.32235246761050       -0.81927777123706       -1.12445543650251
C           -2.00397764809606        0.63499680837482       -0.77344422415546
C           -2.86700685261302        1.20047730956541        0.35163684345955
C           -2.57744070938660        2.67987235409683        0.58124415187331
H            1.91486315896352        2.87766100839044       -1.11122199308347
H            3.57771458981931        2.43380416492035       -1.49676120602764
H            3.25346554466080        3.64734286726650       -0.25702252769858
H            3.85443458043939        1.47021803744232        0.78828034437179
H            2.19883397087415        1.92868143039394        1.18383682600306
H            3.02281777874662       -0.04210949894859       -0.99614075219743
H            1.36990211895207        0.46787548386304       -0.65709895095489
H            3.22237256221624       -0.91546544659049        1.33274548678475
H            1.55609928072276       -0.45581331174632        1.64729996432934
H            2.52271318634023       -2.49029241012349       -0.41049015549611
H            1.78656417849386       -2.86319836277475        1.14765069368821
H            0.21558803302830       -3.14010170298046       -0.73873189342117
H            0.40848855584140       -1.44683894066959       -1.17069777064909
H           -0.68956471841451       -2.49455617983740        1.47479543107098
H           -0.53823863510104       -0.79345602154675        1.05635490155128
H           -2.84431570570708       -1.64785525948252        0.79203989447893
H           -2.28518145776206       -2.82761335838657       -0.38689880119070
H           -3.36830706860108       -0.88314445108671       -1.43556553289874
H           -1.71296311126600       -1.10916171561051       -1.98295572621907
H           -0.95230660274541        0.72822275170860       -0.49795574010150
H           -2.15698436451320        1.24263187856772       -1.66975286232318
H           -2.67660879078165        0.65303040356791        1.27629493082625
H           -3.92191296312638        1.07044416205065        0.09850702776339
H           -2.77822133585011        3.25299678333136       -0.32179829046411
H           -1.53323060326429        2.82567477795939        0.85167842979290
H           -3.19757045523780        3.07417796605823        1.38292914969847
38
 energy: -38.976357273558 gnorm: 0.000973529031 xtb: 6.6.1 (8d0f1dd)
C            2.93446016744272        2.71310512024115       -0.68171415937539
C            2.88091771116747        1.61482129847203        0.37389282625255
C            2.35055264006192        0.30360681961457       -0.20136705666554
C            2.23903865746782       -0.78249464709301        0.86590117680890
C            1.78558047264842       -2.13728105576264        0.31669857412853
C            0.40148811733885       -2.13151007237179       -0.33550935793184
C           -0.71565516962931       -1.78381910018670        0.64504359904277
C           -2.10881776236996       -1.82787130828927        0.01639017203846
C           -2.33068362756393       -0.82826239122873       -1.12300879983848
C           -2.01384766929196        0.62820486865783       -0.77977690203458
C           -2.86955565843001        1.19130920562286        0.35193628823454
C           -2.59469206668638        2.67489305299608        0.57156692387920
H            1.94343058539878        2.89282559074059       -1.09400587879408
H            3.59601322958177        2.42587801084197       -1.49631963036485
H            3.30123223401492        3.64261382665059       -0.25224438295371
H            3.88053402698658        1.45429122933470        0.78425906051072
H            2.23490137341675        1.93362146572649        1.19572554715338
H            3.01466456656321       -0.03857230432419       -0.99875872571383
H            1.37129046456516        0.49147950495845       -0.64508328156068
H            3.21812081600543       -0.91402597881777        1.33418768789704
H            1.55209426884336       -0.45183679893427        1.64696127477902
H            2.51689887844789       -2.47716457317332       -0.42104343691205
H            1.78466832841174       -2.85999855278769        1.13662920225303
H            0.20988114144882       -3.12526936332255       -0.74887249890172
H            0.39934842452849       -1.42825576344708       -1.16770173782514
H           -0.68752393873227       -2.49633267991358        1.47400248317474
H           -0.54541933140879       -0.79251167994064        1.06334956082642
H           -2.84843351692791       -1.64685698119391        0.79918671059457
H           -2.29038732215565       -2.83248284090422       -0.37450503175800
H           -3.37741248449069       -0.89413170628825       -1.43100782311153
H           -1.72339036348272       -1.12261981601446       -1.98146518045507
H           -0.95989774523253        0.72687238762797       -0.51466029955867
H           -2.17806565725019        1.23253143081910       -1.67642825376411
H           -2.66281182823134        0.65073268811405        1.27699555077577
H           -3.92563892492463        1.04814843019382        0.11131771556783
H           -2.81499645431940        3.24188086222174       -0.33064966775302
H           -1.54880151154969        2.83424642671010        0.82700932541554
H           -3.20863207166280        3.06450239445010        1.38029442593940
38
 energy: -38.976373324226 gnorm: 0.000580780165 xtb: 6.6.1 (8d0f1dd)
C            2.95867637829014        2.71379013340000       -0.67593134672190
C            2.90011799415915        1.61449368886647        0.37799293932529
C            2.35400386323228        0.31008993715377       -0.19765672309633
C            2.23928782609763       -0.77933000221094        0.86582596180571
C            1.78304316138194       -2.13087087716653        0.31132241247301
C            0.39680773205770       -2.12286834803997       -0.33612946690746
C           -0.71894649586475       -1.78219280745992        0.64847270979263
C           -2.11284290856045       -1.82889897805308        0.02156117204475
C           -2.33770552997881       -0.83524175215378       -1.12234261122304
C           -2.02413054644326        0.62352798617990       -0.78622905892817
C           -2.87373371973422        1.18496699535906        0.35094034790263
C           -2.60859606419675        2.67083414396713        0.56451328617905
H            1.96671575756014        2.90638869290807       -1.08016556295611
H            3.61003814309408        2.41981886988343       -1.49634428021596
H            3.34026319737869        3.63832319103067       -0.24851978063414
H            3.90044466260508        1.44306522129529        0.78218466410453
H            2.26225121951562        1.93794869736058        1.20438196493633
H            3.01044756779691       -0.03484437410178       -1.00030326333541
H            1.37380650047535        0.50802008330340       -0.63486636623092
H            3.21803410594642       -0.91515854508458        1.33385405857232
H            1.55297707613417       -0.44992957923474        1.64801491702818
H            2.51137168895070       -2.46636136191487       -0.43158435093963
H            1.78640622421908       -2.85854826396104        1.12705549748182
H            0.20542324047767       -3.11482180123804       -0.75415861799088
H            0.39130532389953       -1.41512908719128       -1.16454273717821
H           -0.68781004921092       -2.49791948406182        1.47461620994730
H           -0.55067827390303       -0.79191503061404        1.07032609847484
H           -2.85169691074779       -1.64468564802299        0.80442502547979
H           -2.29482464536807       -2.83553896283310       -0.36418216930666
H           -3.38457281702359       -0.90509226544912       -1.42948218397914
H           -1.73042438175135       -1.13260244644365       -1.97982158258418
H           -0.96839548644418        0.72789575000484       -0.53006723132136
H           -2.19862276152215        1.22426468551498       -1.68341914484594
H           -2.65488495613219        0.64848330985025        1.27559275239327
H           -3.93076275326551        1.03316293297664        0.11992782894509
H           -2.84382321156254        3.23462732752438       -0.33591703082439
H           -1.56154961878181        2.83996199790306        0.80843676376650
H           -3.21696753278101        3.05655297075346        1.37944489856694
38
 energy: -38.976383106097 gnorm: 0.000479020959 xtb: 6.6.1 (8d0f1dd)
C            2.97403952977938        2.71442013729049       -0.67224716339128
C            2.91165660987712        1.61430805921660        0.38034591883840
C            2.35732499883825        0.31342237965883       -0.19524617638332
C            2.24180269290926       -0.77838828637056        0.86574759373272
C            1.78273896788122       -2.12753383266386        0.30784820017728
C            0.39455075364993       -2.11808031435712       -0.33532890777988
C           -0.72093354334568       -1.78038006238760        0.65050727915814
C           -2.11549969993209       -1.82916575625125        0.02487042529751
C           -2.34221180725130       -0.83972614842610       -1.12210712311281
C           -2.03338789487702        0.62103916479923       -0.79081692222989
C           -2.87888960143464        1.18201223538525        0.34970868967364
C           -2.61768737932377        2.66858655054948        0.56051586405347
H            1.98196724562657        2.91657209816982       -1.07141847444249
H            3.61874961972302        2.41669641673400       -1.49648169505287
H            3.36563842637016        3.63499895497695       -0.24537872232739
H            3.91201129661544        1.43702140916183        0.78189611437704
H            2.27776009735160        1.94060655166895        1.20862290729057
H            3.00954101761460       -0.03227750442130       -1.00102604008598
H            1.37622545984972        0.51589807857579       -0.62816246215077
H            3.22093558157960       -0.91795105177449        1.33202958397961
H            1.55721639375492       -0.44983383013129        1.64990112075773
H            2.50815145934407       -2.46043401011322       -0.43925039869641
H            1.78949477581140       -2.85843541798025        1.12081747076349
H            0.20308155001065       -3.10921824358464       -0.75535837423444
H            0.38691213325357       -1.40837836014115       -1.16200645783354
H           -0.68879538859682       -2.49744071554758        1.47540665686603
H           -0.55348322101670       -0.79056397930664        1.07388259322742
H           -2.85385017541910       -1.64307200362844        0.80789553127393
H           -2.29732012325328       -2.83717420345305       -0.35767360925777
H           -3.38881883876563       -0.91421250611119       -1.42950436149130
H           -1.73382772663748       -1.13774109330271       -1.97871797647527
H           -0.97681364876548        0.72972493056599       -0.54019411764492
H           -2.21474553263073        1.21903321094843       -1.68841444091743
H           -2.65386677953674        0.64716697506794        1.27371926420135
H           -3.93649617001418        1.02679489445765        0.12413813308437
H           -2.86108541634729        3.23142695972297       -0.33822795341871
H           -1.56983971740659        2.84200707321929        0.79738609839325
H           -3.22179294528603        3.05253823978308        1.37954793178067
38
 energy: -38.976390586808 gnorm: 0.000626022459 xtb: 6.6.1 (8d0f1dd)
C            2.98858708666891        2.71532078504140       -0.66850545555956
C            2.92204102699158        1.61379577676714        0.38232243083489
C            2.36060354513336        0.31574697208944       -0.19347747274104
C            2.24519648718168       -0.77815450280911        0.86552348605082
C            1.78253900129424       -2.12519774485114        0.30542700114579
C            0.39325757894643       -2.11391006306537       -0.33550216371546
C           -0.72162625955936       -1.77809463790609        0.65183898359206
C           -2.11676750665116       -1.82986939347463        0.02718919964414
C           -2.34790366080509       -0.84368579398511       -1.12159746526590
C           -2.04355028798244        0.61879108076245       -0.79391049583974
C           -2.88591801469171        1.17968415216405        0.34912790216151
C           -2.62629359463198        2.66706125812464        0.55624441059782
H            1.99657187574120        2.92700526237927       -1.06314394490762
H            3.62745822219346        2.41460980859952       -1.49631509869881
H            3.38965278479909        3.63167514299696       -0.24092452286487
H            3.92248295942173        1.43113071164549        0.78182835174553
H            2.29131742851453        1.94267528640232        1.21214970089609
H            3.00881886182433       -0.03079128372095       -1.00228587048522
H            1.37824491063148        0.52192894716307       -0.62210061283099
H            3.22495724517902       -0.92097752311367        1.32958439430241
H            1.56271083920420       -0.45029653140174        1.65182526358985
H            2.50563145377738       -2.45660592526348       -0.44459618051759
H            1.79146476558150       -2.85844527694492        1.11634588688449
H            0.20154804461710       -3.10444320172747       -0.75708668056133
H            0.38488631274144       -1.40255774677538       -1.16088779654254
H           -0.68808797779589       -2.49498648105264        1.47690223079712
H           -0.55560582815171       -0.78772727223006        1.07462740552184
H           -2.85438968836903       -1.64329479483097        0.81075891346986
H           -2.29781969212975       -2.83904696662869       -0.35269167766966
H           -3.39421945895034       -0.92339914404963       -1.42919543309551
H           -1.73817219311353       -1.14107766084499       -1.97750471293994
H           -0.98626235262936        0.73147673918418       -0.54784313968045
H           -2.23088456063283        1.21428296564467       -1.69194357011974
H           -2.65568718879132        0.64669125149112        1.27316218928967
H           -3.94439731163629        1.02213188416707        0.12839092437088
H           -2.87671992780735        3.22862634975577       -0.34166714736703
H           -1.57720158917450        2.84341537769223        0.78644489041690
H           -3.22601033693913        3.05077919260540        1.37871187609149
38
 energy: -38.976398126003 gnorm: 0.000984383542 xtb: 6.6.1 (8d0f1dd)
C            2.99496897991387        2.71522593139540       -0.66629774149409
C            2.92443809335873        1.61269851365063        0.38324502542279
C            2.36427472032249        0.31482817392515       -0.19315987725175
C            2.25106124893246       -0.78070843695676        0.86454143271176
C            1.78454199598320       -2.12615326078076        0.30356907790171
C            0.39396117234906       -2.11262917586246       -0.33472773042216
C           -0.71988191473949       -1.77315183741648        0.65243067153169
C           -2.11595795720441       -1.82822539114446        0.02964341642629
C           -2.35012934763981       -0.84551109173646       -1.12128323016748
C           -2.05288750149961        0.61901502640533       -0.79623461872003
C           -2.89522143706169        1.18020134878414        0.34658989816627
C           -2.63159277537488        2.66618303518667        0.55590265717031
H            2.00417095772482        2.93342920893465       -1.05910957401881
H            3.63097152294537        2.41351223270046       -1.49558441742199
H            3.40143549486467        3.62809867581095       -0.23740749556353
H            3.92343884548984        1.42963581846574        0.78516668861985
H            2.29203506977280        1.94163147878681        1.21134474710638
H            3.01217785593399       -0.02970380543879       -1.00265653974367
H            1.38142801060825        0.51956224385197       -0.62038195824534
H            3.23222920366199       -0.92628218098523        1.32464246662258
H            1.57192541516953       -0.45344366896073        1.65400763251620
H            2.50510781734294       -2.45756271144148       -0.44884945678891
H            1.79464988146736       -2.86050050354016        1.11343080482541
H            0.20009073551338       -3.10335656206358       -0.75461281735136
H            0.38611091780902       -1.40253000623180       -1.16108087772635
H           -0.68559091245811       -2.48666078572703        1.48028372060409
H           -0.55374027929565       -0.78101608345589        1.07086179483557
H           -2.85256038743000       -1.64041664054964        0.81384273856236
H           -2.29640933612002       -2.83860785056903       -0.34729947739007
H           -3.39535357235892       -0.93163961776177       -1.43092144339262
H           -1.73705661753479       -1.14111541840949       -1.97545023448185
H           -0.99596737577143        0.73607412262939       -0.55134693347468
H           -2.24343627496081        1.21203956312540       -1.69497310617951
H           -2.66732717065503        0.64577529951288        1.26974161794002
H           -3.95356616157142        1.02619370593478        0.12510250782173
H           -2.88133013474813        3.22994240534442       -0.34008469305738
H           -1.58209338103439        2.83868862795704        0.78449051046404
H           -3.22846240170528        3.05074661663031        1.37985081364273
38
 energy: -38.976407503743 gnorm: 0.000618689332 xtb: 6.6.1 (8d0f1dd)
C            3.00353963625072        2.71542072894488       -0.66297769998778
C            2.92966242148595        1.61111185824861        0.38469230705215
C            2.36609323583512        0.31477375972733       -0.19331702135558
C            2.25402186306111       -0.78187251441012        0.86349364326879
C            1.78557757075249       -2.12649790779570        0.30203563464576
C            0.39505922098207       -2.11001107444476       -0.33634797414407
C           -0.71795773673786       -1.76831151665899        0.65103975503189
C           -2.11545485493075       -1.82868633968050        0.03177389819118
C           -2.35394859227131       -0.84796298920334       -1.11993905462085
C           -2.06113310622409        0.61788963190030       -0.79673103996650
C           -2.90306953432859        1.17936855903941        0.34640862642636
C           -2.63763362729224        2.66591624165705        0.55307534692912
H            2.01295977331209        2.93984952106438       -1.05365769255114
H            3.63684533328282        2.41205320944535       -1.49404823697231
H            3.41580622482610        3.62522687422706       -0.23226590087937
H            3.92849913562386        1.42484421795595        0.78668572919868
H            2.29771198746872        1.94101367188481        1.21310711333566
H            3.01193736903870       -0.03000710565166       -1.00465927087312
H            1.38219530173623        0.52137185100022       -0.61812425894578
H            3.23599536806933       -0.92880992010798        1.32138130462260
H            1.57681705430662       -0.45485202129901        1.65472100318528
H            2.50590004771392       -2.45938199173652       -0.44991441020209
H            1.79355895546984       -2.86076196341815        1.11194745804721
H            0.19915981153242       -3.10026810023991       -0.75652690113424
H            0.38865996833813       -1.39965534570161       -1.16259827213008
H           -0.68047867675441       -2.47827173614231        1.48187171008602
H           -0.55284167433190       -0.77408332478426        1.06499511879487
H           -2.85094823230546       -1.64199708544988        0.81732158602593
H           -2.29354141347322       -2.84011185216067       -0.34355713113168
H           -3.39915907732092       -0.93801173909612       -1.42841683319633
H           -1.74064037142251       -1.14198884822373       -1.97456184822014
H           -1.00418170453672        0.73775676575924       -0.55301022419964
H           -2.25383384773574        1.20940694723250       -1.69607877605766
H           -2.67439719436719        0.64587765222698        1.27043640774811
H           -3.96201033977495        1.02538062205311        0.12580650785467
H           -2.88975944111203        3.22876921959376       -0.34352608205407
H           -1.58672987457548        2.83777513755015        0.77832646908573
H           -3.23182797959099        3.05200390669429        1.37836500909260
38
 energy: -38.976417985064 gnorm: 0.000499854160 xtb: 6.6.1 (8d0f1dd)
C            3.00902860593408        2.71434578606157       -0.65954210708411
C            2.93162049895202        1.60857409269133        0.38649478312583
C            2.36797159947722        0.31343727413759       -0.19425414529587
C            2.25750683515827       -0.78451575678361        0.86132693881175
C            1.78669928987116       -2.12837020428017        0.30007560724332
C            0.39665082961175       -2.10787344309006       -0.33916117009717
C           -0.71336101402099       -1.76076916330812        0.64988605294980
C           -2.11238042917787       -1.82716065420344        0.03507615502506
C           -2.35672815834817       -0.84945671525337       -1.11809276034304
C           -2.06795576602678        0.61778699125543       -0.79716419879982
C           -2.91204459892680        1.17928368987742        0.34431921253411
C           -2.64352603177390        2.66542687849443        0.55204392983801
H            2.01903678717093        2.94251961636018       -1.04937168821475
H            3.64101614200204        2.40947233477748       -1.49114120837960
H            3.42471641707403        3.62195475479147       -0.22763980504202
H            3.92939578346836        1.42061452168119        0.79043827644797
H            2.29807395676033        1.93771053484663        1.21404189752291
H            3.01329772963799       -0.03002951533307       -1.00655897256320
H            1.38384260710847        0.52090160548445       -0.61828545463851
H            3.24044688648158       -0.93195192910514        1.31685696296341
H            1.58216090951041       -0.45791132253372        1.65418292946858
H            2.50712375076812       -2.46349528835644       -0.45069795010310
H            1.79161854283890       -2.86207233193640        1.11048972297142
H            0.19676771350497       -3.09799224668268       -0.75775923924035
H            0.39269621015036       -1.39855562524698       -1.16643056144466
H           -0.67149894255552       -2.46457319739752        1.48586454336970
H           -0.54861800587107       -0.76314429042623        1.05584155424979
H           -2.84621020766381       -1.64075718467601        0.82211956055424
H           -2.28851880137061       -2.83996922012824       -0.33720796961526
H           -3.40189799983852       -0.94332944079733       -1.42525959319105
H           -1.74301911298529       -1.14284490890670       -1.97250276517061
H           -1.01136456420632        0.74148439816446       -0.55316909283212
H           -2.26193935043422        1.20724017657447       -1.69769259370083
H           -2.68658546049541        0.64507459860135        1.26879829097573
H           -3.97084449891987        1.02745034354799        0.12116236291322
H           -2.89396135247583        3.22914651566196       -0.34451355205292
H           -1.59203052123214        2.83395325589943        0.77728224454301
H           -3.23673327915798        3.05266206953649        1.37736980230138
38
 energy: -38.976425331833 gnorm: 0.000438501361 xtb: 6.6.1 (8d0f1dd)
C            3.01565057344410        2.71274560086716       -0.65564526032733
C            2.93546991743196        1.60598023140562        0.38907422086573
C            2.37003415985297        0.31308489180830       -0.19458623045816
C            2.26005870721093       -0.78654898436431        0.85913995156912
C            1.78779016508364       -2.12936264981463        0.29691029444506
C            0.39766560280686       -2.10512528753787       -0.34167529572790
C           -0.70937009250119       -1.75330749010684        0.64893216925182
C           -2.11012633470291       -1.82551063227827        0.03938248394083
C           -2.35941798311832       -0.85129138349729       -1.11575539770399
C           -2.07393366905884        0.61752057382002       -0.79885412792410
C           -2.91951675095431        1.17881254129508        0.34153914309498
C           -2.65053118345769        2.66470047214708        0.55064059134905
H            2.02599757644098        2.94383455246772       -1.04460072416219
H            3.64612216468947        2.40617230785840       -1.48769736418790
H            3.43434905832843        3.61879861959897       -0.22356614353869
H            3.93237334345688        1.41536406965655        0.79374296955584
H            2.30165800738196        1.93460489655171        1.21661338871361
H            3.01417568885471       -0.02905424833191       -1.00841230695111
H            1.38587075714126        0.52289098913165       -0.61736533437558
H            3.24365875835752       -0.93483366081148        1.31299763729400
H            1.58598404349891       -0.46067380394186        1.65337255260595
H            2.50805134179042       -2.46605839295581       -0.45334187633203
H            1.79023444474778       -2.86309356403299        1.10727588636897
H            0.19373702974106       -3.09491086498585       -0.75901280806399
H            0.39501779604052       -1.39667665638551       -1.16964514387932
H           -0.66296382621952       -2.45190954967709        1.48898326430080
H           -0.54443217220527       -0.75310222594805        1.04830569006518
H           -2.84228362730127       -1.63897889864627        0.82793491342803
H           -2.28428217141974       -2.83982443588904       -0.32968680711668
H           -3.40513224860056       -0.94797138735450       -1.41995379975099
H           -1.74707000248431       -1.14556475868685       -1.97078483180959
H           -1.01756811617735        0.74481407200579       -0.55555497626159
H           -2.26962016184374        1.20448122091971       -1.70068185160550
H           -2.69603881387304        0.64408624999997        1.26617981259834
H           -3.97792881255551        1.02741511731446        0.11633923635900
H           -2.90027426071161        3.22899232790200       -0.34567721309023
H           -1.59906797606287        2.83224702637421        0.77641178053889
H           -3.24388793305245        3.05152011412215        1.37594750692192
38
 energy: -38.976430862563 gnorm: 0.000386163956 xtb: 6.6.1 (8d0f1dd)
C            3.02310273391722        2.71152285449009       -0.65188911559678
C            2.94108686731792        1.60395385632200        0.39166614814822
C            2.37224252387112        0.31358543542309       -0.19395373455490
C            2.26242190285458       -0.78804296735732        0.85753841778249
C            1.78852789621682       -2.12948661603237        0.29368787515475
C            0.39800015066182       -2.10245106253320       -0.34365380412213
C           -0.70654270314795       -1.74785281399782        0.64873558140934
C           -2.10861444882648       -1.82419851120478        0.04320563627058
C           -2.36293385179900       -0.85328763824216       -1.11369616332311
C           -2.07934132387910        0.61677358633827       -0.80105766418842
C           -2.92518839292358        1.17832291528909        0.33895440426265
C           -2.65793562562381        2.66438748694638        0.54851544527719
H            2.03363364996064        2.94478190261877       -1.03992019092098
H            3.65205158291433        2.40380495472726       -1.48457191663302
H            3.44404650873523        3.61646269722929       -0.21987491558505
H            3.93764240353133        1.41024638366625        0.79556246037853
H            2.30850061133133        1.93262768432223        1.22009752341323
H            3.01450896380737       -0.02764210144774       -1.00964291253967
H            1.38791986973228        0.52629445220010       -0.61479746473866
H            3.24636129078570       -0.93762629328903        1.31030374329002
H            1.58925300838963       -0.46308667695400        1.65291345476058
H            2.50806842620924       -2.46629525875611       -0.45721461199622
H            1.79031609091639       -2.86414989105900        1.10321381328080
H            0.19124293531915       -3.09201708359406       -0.76012879494388
H            0.39563176149232       -1.39441797502179       -1.17201112491248
H           -0.65678262315710       -2.44308737368723        1.49134609249400
H           -0.54152388798416       -0.74594644520542        1.04371315438376
H           -2.83931712057171       -1.63781183243710        0.83314789325824
H           -2.28125793956010       -2.83969295229456       -0.32323567891242
H           -3.40954683938234       -0.95211868268270       -1.41410500089632
H           -1.75288065247436       -1.14894028755244       -1.96988899391820
H           -1.02295575016690        0.74701787528547       -0.55948773843322
H           -2.27735236149789        1.20110954671624       -1.70406698839886
H           -2.70182373289622        0.64363400835597        1.26359421232491
H           -3.98332038776064        1.02602760106493        0.11322993312560
H           -2.90785173983464        3.22866293931283       -0.34762835441774
H           -1.60687523240875        2.83301958465122        0.77486845939048
H           -3.25206156406981        3.05018369838948        1.37375692062694
38
 energy: -38.976433053783 gnorm: 0.000194778625 xtb: 6.6.1 (8d0f1dd)
C            3.02335892126411        2.71143933502401       -0.65182991510513
C            2.94182183132373        1.60388428160749        0.39165029850271
C            2.37284260424936        0.31346049665047       -0.19346600038434
C            2.26298347525920       -0.78839469444033        0.85779876113294
C            1.78889434397813       -2.12945054697301        0.29325393234151
C            0.39804679266911       -2.10258560902050       -0.34336008574065
C           -0.70658675758446       -1.74794133836970        0.64887810459737
C           -2.10868139312764       -1.82403276459625        0.04328897133439
C           -2.36342555900501       -0.85319469473650       -1.11340482759999
C           -2.07957679982626        0.61687576265803       -0.80140322469740
C           -2.92538531614667        1.17871915723440        0.33856975251584
C           -2.65881417779011        2.66464219426739        0.54821072430790
H            2.03390376491673        2.94407081168411       -1.04041135478233
H            3.65304093170660        2.40471267697946       -1.48436827015177
H            3.44325470974418        3.61680930607699       -0.21945685012671
H            3.93854464195778        1.41028326716342        0.79494204150816
H            2.30979462561452        1.93266261151727        1.22038852631689
H            3.01481549942789       -0.02762275237505       -1.00937235315890
H            1.38836896436838        0.52601027874163       -0.61374491268464
H            3.24686559598787       -0.93845808493493        1.31050144271794
H            1.58981424306853       -0.46377066109454        1.65335333527262
H            2.50790470657532       -2.46558508442391       -0.45844051425410
H            1.79157549438739       -2.86477401649320        1.10225038745119
H            0.19139897244724       -3.09224672041234       -0.75970042468672
H            0.39535837386686       -1.39465009571542       -1.17182484628265
H           -0.65727010313119       -2.44336113475583        1.49131980260384
H           -0.54134971204498       -0.74615113692393        1.04403377353937
H           -2.83914310096883       -1.63748162968339        0.83341653356295
H           -2.28165357200975       -2.83955462225367       -0.32302701971429
H           -3.41010450852786       -0.95221977102871       -1.41333349834548
H           -1.75387294810107       -1.14903526446811       -1.96990169497914
H           -1.02321495346861        0.74672760099277       -0.55989418094526
H           -2.27753253997391        1.20094817683333       -1.70449484111034
H           -2.70175259338929        0.64412725209271        1.26312850541488
H           -3.98344596008620        1.02612462615770        0.11300178890907
H           -2.90807256061370        3.22900554979113       -0.34807165145194
H           -1.60813600154475        2.83412827006573        0.77587282818341
H           -3.25411693547278        3.05014596716140        1.37287295598907
