47
 energy: -48.466230909212 gnorm: 0.035451188926 xtb: 6.6.1 (8d0f1dd)
C            0.49990900000000        3.03178500000000        1.12788600000000
C           -0.61288800000000        2.66483300000000        0.15854400000000
C           -1.94802800000000        2.41625800000000        0.86314500000000
C           -3.10369200000000        2.09586500000000       -0.09164600000000
C           -2.87139700000000        0.86184400000000       -0.96854300000000
C           -2.63840800000000       -0.41974500000000       -0.16938300000000
C           -2.33989200000000       -1.62828600000000       -1.05637200000000
C           -2.01944500000000       -2.90366000000000       -0.26951300000000
C           -0.85707700000000       -2.75382800000000        0.71879700000000
C            0.43535200000000       -2.25368400000000        0.07359300000000
C            1.57702400000000       -2.08255700000000        1.07579600000000
C            2.86477500000000       -1.54820600000000        0.44219000000000
C            2.74371800000000       -0.10871200000000       -0.06176700000000
C            4.03792100000000        0.41826600000000       -0.68293900000000
C            3.91665300000000        1.85726600000000       -1.15970700000000
H            0.66823400000000        2.23523100000000        1.85584400000000
H            0.25244600000000        3.93421300000000        1.69086400000000
H            1.44733800000000        3.21530600000000        0.61575300000000
H           -0.74040300000000        3.45788800000000       -0.59071100000000
H           -0.32577000000000        1.77416100000000       -0.41565400000000
H           -2.20023400000000        3.29647200000000        1.46980600000000
H           -1.82762000000000        1.60496800000000        1.59120000000000
H           -4.02810200000000        1.95551500000000        0.48441200000000
H           -3.29227500000000        2.96956100000000       -0.72978100000000
H           -3.72247200000000        0.71396500000000       -1.64668200000000
H           -2.01448100000000        1.03546000000000       -1.63079300000000
H           -1.80510500000000       -0.26502900000000        0.52439900000000
H           -3.50660100000000       -0.62802500000000        0.46807700000000
H           -3.18964000000000       -1.80215500000000       -1.73000000000000
H           -1.50308500000000       -1.38640900000000       -1.72326100000000
H           -2.91911400000000       -3.22975300000000        0.26917700000000
H           -1.79236700000000       -3.71820100000000       -0.97028200000000
H           -0.66376900000000       -3.71127400000000        1.22081700000000
H           -1.14324500000000       -2.07022300000000        1.52758900000000
H            0.24702600000000       -1.29816000000000       -0.42778300000000
H            0.74116400000000       -2.94022800000000       -0.72568700000000
H            1.25855100000000       -1.40654000000000        1.87931700000000
H            1.76783600000000       -3.04484300000000        1.56932300000000
H            3.16362400000000       -2.20211000000000       -0.38669400000000
H            3.69077300000000       -1.60485800000000        1.16392100000000
H            1.93437200000000       -0.03309800000000       -0.79778800000000
H            2.43813100000000        0.54514700000000        0.76465600000000
H            4.33023200000000       -0.23370800000000       -1.51747700000000
H            4.85464900000000        0.32854100000000        0.04619900000000
H            3.11789500000000        1.96328100000000       -1.89727300000000
H            3.68158800000000        2.52921500000000       -0.33158000000000
H            4.83988700000000        2.21711800000000       -1.62088500000000
47
 energy: -48.469045357272 gnorm: 0.015523450890 xtb: 6.6.1 (8d0f1dd)
C            0.49217982531155        3.03313585060503        1.13082101774296
C           -0.61399037606618        2.66469984457642        0.15509021565653
C           -1.94442186867199        2.41320026985206        0.86366006979983
C           -3.09636295092268        2.09001939049354       -0.09132477105381
C           -2.86752455082825        0.85766006801148       -0.96919741155579
C           -2.63774497111882       -0.41969339313884       -0.16496918672611
C           -2.33777196011606       -1.62295418743850       -1.05605520989942
C           -2.01376228993526       -2.89487121583931       -0.26793563807375
C           -0.85235706591928       -2.74827549493974        0.71969249634701
C            0.43703285450654       -2.25158802647818        0.06861275053586
C            1.57475190724797       -2.07804154137482        1.07273945944593
C            2.86051824544288       -1.54665710234684        0.43566635208665
C            2.74052973424291       -0.10606074425140       -0.06125966000707
C            4.03801820096823        0.41190748914222       -0.67929363549816
C            3.91217222797804        1.85124766960832       -1.15529201249022
H            0.65630479751607        2.23161051942604        1.85136003388457
H            0.23935827737949        3.93631796584470        1.68612905995526
H            1.43013407978868        3.21194245933664        0.60603260971243
H           -0.74113766722576        3.46705024709834       -0.58000762303437
H           -0.31722506671898        1.76878093005543       -0.39826458291943
H           -2.20824841010381        3.30302271941682        1.44653704262835
H           -1.82287216644909        1.59976835027562        1.58509720716530
H           -4.01000685997899        1.94420217127707        0.49565094554155
H           -3.27392445019548        2.95642582727649       -0.73827307360293
H           -3.73341826963438        0.71977158632641       -1.62648747546523
H           -2.00863198589674        1.03218339837105       -1.62452194710586
H           -1.79533072252169       -0.26214125396565        0.51062745789151
H           -3.51451381793859       -0.62897975297887        0.45695519279674
H           -3.19738994620632       -1.81367733276628       -1.70833607946216
H           -1.49971310401718       -1.38233044232420       -1.71751904817163
H           -2.90643085155829       -3.21200912866280        0.28254104868191
H           -1.78087228062514       -3.69735900607638       -0.97668175100363
H           -0.66548915142519       -3.71695162094896        1.19675918630282
H           -1.13973485871253       -2.06264659520909        1.52273654658657
H            0.24502837308030       -1.29155387127279       -0.41404551007025
H            0.74380046941381       -2.95059749253119       -0.71671979883844
H            1.25642236162904       -1.39449191395817        1.86744316178587
H            1.77868522492562       -3.04285089341386        1.55040585550797
H            3.14862301134545       -2.19733398494319       -0.39695240667522
H            3.67205059281033       -1.59764077763101        1.17023458403348
H            1.94479026439813       -0.03774712510969       -0.80857266972470
H            2.45097215612172        0.54227584527181        0.77220527513379
H            4.31753737802742       -0.22958083330926       -1.52249253306796
H            4.84682412302136        0.33756692918426        0.05596994993401
H            3.11628585151295        1.94912672390327       -1.89376392298955
H            3.68186199422488        2.51641661202475       -0.32313825744629
H            4.83898169189330        2.19656786353123       -1.61275931427491
47
 energy: -48.469492419969 gnorm: 0.002672168640 xtb: 6.6.1 (8d0f1dd)
C            0.48942901124653        3.03653126177123        1.13361860514561
C           -0.61391015058661        2.66436624301600        0.15323059742407
C           -1.94281647081888        2.41375686418716        0.86227835563488
C           -3.09409996713874        2.08750483541143       -0.09166956460844
C           -2.86823385027331        0.85497750606574       -0.96978148090727
C           -2.63701212409095       -0.41955001119615       -0.16290029767824
C           -2.33949769034178       -1.62109306237388       -1.05570107568748
C           -2.01052953878419       -2.89119348753509       -0.26696697086573
C           -0.84790690769197       -2.74723761811259        0.71934953988431
C            0.43822658783108       -2.24913029413334        0.06473417293599
C            1.57387374246965       -2.07663444252109        1.07057079127014
C            2.85905987019371       -1.54570331396387        0.43255286866667
C            2.73856921916242       -0.10493191577539       -0.06147779283658
C            4.03894930143468        0.40704902181408       -0.67609617332767
C            3.91148830270687        1.84817023737183       -1.15239452122236
H            0.64815392319413        2.23360233119890        1.85131372315700
H            0.23062641262748        3.93875072311547        1.68427296297198
H            1.42335479986258        3.21341078235331        0.60459479702595
H           -0.74123446256311        3.46893427410208       -0.57526362439137
H           -0.31079351576064        1.76737146501716       -0.38913484818913
H           -2.21255274851285        3.30810828607236        1.43129460518183
H           -1.81937394852591        1.60248025799453        1.58224133385815
H           -4.00106576857118        1.93817705703132        0.50057447448022
H           -3.26539627822632        2.94899655198501       -0.74299243732117
H           -3.74145614104935        0.72202181264741       -1.61459570522794
H           -2.01027184207067        1.02771734872149       -1.62295402890479
H           -1.79126076846213       -0.26063366993799        0.50367318338236
H           -3.51616433075361       -0.62892957107488        0.45145925972247
H           -3.20438331109436       -1.82114013730799       -1.69449398349162
H           -1.50434010705425       -1.37932571263755       -1.71649608497992
H           -2.89806453714151       -3.20295530939971        0.29031738860259
H           -1.77458041051303       -3.68636443085536       -0.97935916792461
H           -0.66384822902369       -3.72103391124929        1.18196353050389
H           -1.13292599808367       -2.06246651527933        1.52071995624201
H            0.24468313315834       -1.28858590337343       -0.41022582782053
H            0.74510151049886       -2.95371086779514       -0.71236202561208
H            1.25564677184076       -1.38952434411455        1.85938750686743
H            1.78432209928092       -3.04104897759826        1.54094057892423
H            3.13949812448168       -2.19284080761834       -0.40259348571844
H            3.66386555993350       -1.59554518177171        1.17116844584896
H            1.95065908816792       -0.03650497640471       -0.81374040254506
H            2.45793008568201        0.53949913373274        0.77502431929119
H            4.31213828151359       -0.22984068505065       -1.52133320529341
H            4.84234300039674        0.33926096061600        0.06172933132178
H            3.11595817809071        1.94012786587258       -1.88950107208210
H            3.68196259724206        2.50796974184385       -0.31791403225421
H            4.83986749611651        2.18600758513861       -1.60795851945356
47
 energy: -48.469525225747 gnorm: 0.000983496172 xtb: 6.6.1 (8d0f1dd)
C            0.48860903028544        3.03921899998500        1.13497179444093
C           -0.61342362123465        2.66494887212056        0.15226604572845
C           -1.94251871239776        2.41531962482018        0.86122033889764
C           -3.09419070532921        2.08755978936150       -0.09230716894324
C           -2.86990283367326        0.85402244701580       -0.96993666205326
C           -2.63773141634618       -0.41976128222532       -0.16193763866543
C           -2.34169048605015       -1.62147968305953       -1.05515317327468
C           -2.01025486025337       -2.89147949432334       -0.26666411326959
C           -0.84609515921054       -2.74809300069814        0.71836189577684
C            0.43913339783194       -2.24914194349217        0.06275183841100
C            1.57392346803437       -2.07663610230363        1.06962786045733
C            2.85921737766861       -1.54589814382043        0.43117948961934
C            2.73880660801501       -0.10456089655855       -0.06091648643886
C            4.04032593025144        0.40558184751589       -0.67455299585409
C            3.91293250951649        1.84737638885367       -1.15125841405046
H            0.64560692813547        2.23702193607637        1.85353116999738
H            0.22730562965434        3.94146651302046        1.68390779862712
H            1.42299837409419        3.21614506036017        0.60738201260549
H           -0.73992908822659        3.46828925801499       -0.57708407251374
H           -0.30848031648604        1.76749216158125       -0.38754384047655
H           -2.21292233526520        3.31097509292416        1.42697980262920
H           -1.81915631338397        1.60619103630704        1.58324085142131
H           -4.00008896550897        1.93811875657608        0.50072212555417
H           -3.26539787963908        2.94807206047459       -0.74418948413214
H           -3.74471568655072        0.72101030375628       -1.61173583580109
H           -2.01353829980119        1.02563789035311       -1.62502092155043
H           -1.79094983886571       -0.26042533630492        0.50276301291978
H           -3.51573720208893       -0.62865658810046        0.45346469688313
H           -3.20840360227342       -1.82309718112458       -1.69007436347585
H           -1.50925511032720       -1.37917501920608       -1.71876262596992
H           -2.89642418077300       -3.20297917251869        0.29202285961943
H           -1.77432690729860       -3.68565778120533       -0.97946402463388
H           -0.66121357261088       -3.72266114428731        1.17773993533466
H           -1.12943095242107       -2.06515353057033        1.52150842420660
H            0.24508829235101       -1.28873468090077       -0.41156059258127
H            0.74623631944306       -2.95324497229005       -0.71406796251939
H            1.25549807469005       -1.38941113234866        1.85778272427456
H            1.78437796679695       -3.04075255999836        1.53942022213350
H            3.13812646969618       -2.19194977206135       -0.40483658575706
H            3.66403058165265       -1.59640870236554        1.16901060376201
H            1.95196604278895       -0.03451681699045       -0.81359181583093
H            2.45875503934233        0.53906456549675        0.77588629768804
H            4.31327295665116       -0.23143484558846       -1.51918124372123
H            4.84248185391759        0.33783502291716        0.06389830147786
H            3.11697562809253        1.93804121538202       -1.88770996504367
H            3.68291016890380        2.50599670175634       -0.31631820512983
H            4.84118739820212        2.18479123767304       -1.60666791077917
47
 energy: -48.469583005691 gnorm: 0.004438401414 xtb: 6.6.1 (8d0f1dd)
C            0.48452179629041        3.05102648574053        1.13967818391728
C           -0.61103995852018        2.66729116915415        0.14930326351107
C           -1.94228259048656        2.42279781625933        0.85591465711123
C           -3.09550911794355        2.08858176356452       -0.09512905637980
C           -2.87714431384559        0.85049559732221       -0.96929953273409
C           -2.63984733803762       -0.42059973615388       -0.15770229702076
C           -2.35191783924097       -1.62425994283917       -1.05169719797924
C           -2.01037194861874       -2.89409777464262       -0.26550999922344
C           -0.83978956466045       -2.75327186962934        0.71330163822169
C            0.44199987881771       -2.24951726108928        0.05497188610254
C            1.57466376117890       -2.07769744865915        1.06458034902249
C            2.86041912593536       -1.54741880515076        0.42609153433287
C            2.74168302923580       -0.10383542860030       -0.05874497357997
C            4.04676147466983        0.40176710169047       -0.66821573101434
C            3.92043889137327        1.84476729144491       -1.14645028353121
H            0.63596944815873        2.25284107181542        1.86338796423228
H            0.21385640741163        3.95454476429536        1.68142162706766
H            1.42240559285775        3.22836438236102        0.61948099450948
H           -0.73357592344258        3.46493009737739       -0.58602603948207
H           -0.30021860719373        1.76705639944838       -0.38157557078473
H           -2.21396044133905        3.32374299215281        1.41126637157270
H           -1.82015146988774        1.62178064392777        1.58689342271103
H           -3.99889859414746        1.94061315711486        0.50076314963231
H           -3.26786770128011        2.94606529781300       -0.74944163708008
H           -3.75771414604223        0.71566625637210       -1.60150829656089
H           -2.02703405230332        1.01778527296106       -1.63315817371524
H           -1.78875916043887       -0.25988535578106        0.50086338687308
H           -3.51306544513496       -0.62708983090453        0.46418513035859
H           -3.22623381932589       -1.82977497526355       -1.67348041021373
H           -1.52989539881675       -1.38070364180237       -1.72751555672554
H           -2.89193009681009       -3.20664125286601        0.29822789618429
H           -1.77627491949602       -3.68606091485196       -0.98016155552584
H           -0.65048244893548       -3.73056736277662        1.16294199435401
H           -1.11716062429448       -2.07725975806998        1.52401464348976
H            0.24605659019518       -1.28934808212239       -0.41848681636233
H            0.75079202045585       -2.95101311208770       -0.72254243364354
H            1.25538074705739       -1.39025855322522        1.85137164288223
H            1.78346617777450       -3.04122215584772        1.53430570048276
H            3.13431635276390       -2.18953013547265       -0.41381595517925
H            3.66733754794161       -1.60231339926756        1.16012265417622
H            1.95673548886766       -0.02697057661573       -0.81200800043050
H            2.46244153500225        0.53692703295805        0.77977178407388
H            4.32041133793567       -0.23687915867649       -1.51045200776697
H            4.84542973969600        0.33292821302284        0.07277111373343
H            3.12329957239877        1.93216235161334       -1.88144469270092
H            3.68867243315372        2.50076909254088       -0.31051234111037
H            4.84805457107054        2.18217928144568       -1.60164842980804
47
 energy: -48.469608762146 gnorm: 0.003138692890 xtb: 6.6.1 (8d0f1dd)
C            0.48231786269176        3.05495861947388        1.14036015757987
C           -0.61055014347129        2.66790163555004        0.14893117818374
C           -1.94295778781780        2.42536733912182        0.85402234791881
C           -3.09615475293684        2.08914112768482       -0.09610498867059
C           -2.87901432216033        0.84951239231193       -0.96812291840709
C           -2.63980596180000       -0.42082310462180       -0.15584423144006
C           -2.35526375682923       -1.62546849372409       -1.04966542114939
C           -2.01117989782308       -2.89547315333474       -0.26512729089321
C           -0.83874208948931       -2.75539955428439        0.71123521044703
C            0.44220718967797       -2.24996451596337        0.05261828150225
C            1.57500452787144       -2.07832311691340        1.06211124150083
C            2.86096210095911       -1.54855612489669        0.42431572085688
C            2.74379743207295       -0.10409594012941       -0.05807573838126
C            4.04923847891508        0.40183894119239       -0.66630529595610
C            3.92358592691432        1.84438373478692       -1.14463397815074
H            0.63320417017885        2.25885309124384        1.86662528664951
H            0.20958370844542        3.95966203366863        1.67932908341439
H            1.42160588698495        3.23224478028772        0.62242219026929
H           -0.73162806084470        3.46342208553591       -0.58930268221293
H           -0.29874086334372        1.76607526397605       -0.37909835578675
H           -2.21456344762991        3.32799637762494        1.40719759839438
H           -1.82172381871319        1.62616415007420        1.58735785988574
H           -3.99950888454593        1.94281494966905        0.50071050225276
H           -3.26929389333194        2.94563931545928       -0.75195876848477
H           -3.76100911893724        0.71343094130651       -1.59856825932480
H           -2.03042899143821        1.01597024498876       -1.63442665445241
H           -1.78691103834720       -0.25989753878994        0.50065256934794
H           -3.51158480368899       -0.62628242406877        0.46888965817609
H           -3.23209126314862       -1.83087423264873       -1.66840170760291
H           -1.53576908217849       -1.38249274260852       -1.72898881446999
H           -2.89150141506699       -3.20935405906074        0.30029148929980
H           -1.77875981468580       -3.68716890120375       -0.98104127671461
H           -0.64796225552290       -3.73346897366631        1.15929105574776
H           -1.11518977068604       -2.08098543988844        1.52380878691726
H            0.24547026884721       -1.28953330238849       -0.42050095145464
H            0.75161442366686       -2.95062068794618       -0.72580899999688
H            1.25566682002369       -1.39091506154683        1.84919531946492
H            1.78300353300071       -3.04216335153402        1.53222641011204
H            3.13405433691869       -2.18963791096330       -0.41690721311425
H            3.66864640957900       -1.60576914464293        1.15775279560396
H            1.95865338575202       -0.02545931623846       -0.81129308331755
H            2.46444920493015        0.53569735034385        0.78150124678132
H            4.32395870093587       -0.23721836673465       -1.50822676888645
H            4.84743736753775        0.33266176575661        0.07555469203027
H            3.12683606663313        1.93212929386150       -1.88016226985845
H            3.69168181282179        2.50097723021080       -0.30904693145448
H            4.85134361907909        2.18196979366854       -1.59968408215655
47
 energy: -48.469665888932 gnorm: 0.001707063574 xtb: 6.6.1 (8d0f1dd)
C            0.47256164008207        3.07127592980805        1.14208633328406
C           -0.60986835158273        2.66970122054804        0.14748185002218
C           -1.94675559183816        2.43533194512239        0.84710588810590
C           -3.09913086348087        2.09117869279866       -0.09997689317864
C           -2.88544278680699        0.84524962648047       -0.96272050246394
C           -2.63853499195140       -0.42156787710710       -0.14703377756742
C           -2.36849666641319       -1.62981147848339       -1.04089001313317
C           -2.01510720260247       -2.90085500624109       -0.26327880226136
C           -0.83523980738279       -2.76386922724318        0.70330671913000
C            0.44208733879857       -2.25185628726138        0.04263557587055
C            1.57613612108161       -2.08144974156176        1.05107548002051
C            2.86325944795008       -1.55374888618856        0.41629483760104
C            2.75283326035805       -0.10540621503279       -0.05572717288144
C            4.05990240493936        0.40244380541739       -0.65846490142223
C            3.93711964945577        1.84347429677570       -1.13679480967226
H            0.62176335878035        2.28449515339047        1.87944028866206
H            0.19216327717729        3.98142173911942        1.66890768765385
H            1.41679894303637        3.24732407823039        0.63171873910911
H           -0.72578126750949        3.45597303250280       -0.60268797600228
H           -0.29432035858054        1.76095384713403       -0.36782202682750
H           -2.21820305585314        3.34435062829893        1.39156298175161
H           -1.82916739641889        1.64275407325564        1.58884572488976
H           -4.00260983976775        1.95193256324510        0.49986018684356
H           -3.27428538824065        2.94281317050409       -0.76313250328341
H           -3.77223299677328        0.70364934930590       -1.58680040124312
H           -2.04203103380957        1.00900546811123       -1.63711278555324
H           -1.77768566044284       -0.25987304372326        0.49979666234375
H           -3.50416255587529       -0.62266807884523        0.48916685588534
H           -3.25514390229104       -1.83377547749585       -1.64768654669372
H           -1.55814298115421       -1.38978304569857       -1.73290708864243
H           -2.89006981919743       -3.21998383848540        0.30922600145691
H           -1.78988083262256       -3.69075646175828       -0.98489211992105
H           -0.63910125258033       -3.74464996297642        1.14549113887212
H           -1.10849951410962       -2.09488130519553        1.52205384616906
H            0.24186661679334       -1.29025880182087       -0.42807431573880
H            0.75301961908827       -2.94931080620266       -0.73924067489310
H            1.25725332244237       -1.39416881829545        1.83933647063451
H            1.78141935440627       -3.04653829306895        1.52201764956264
H            3.13327151817906       -2.19041206874166       -0.43012248155893
H            3.67268702306954       -1.62100165608111        1.14837686158142
H            1.96734582277866       -0.01961893041521       -0.80885685943596
H            2.47369254676597        0.52963679865723        0.78859197554157
H            4.33911441339502       -0.23709989071130       -1.49961062940198
H            4.85597282279692        0.33238675129958        0.08686645093663
H            3.14268410138390        1.93345269306752       -1.87510635975216
H            3.70465351318490        2.50261468053806       -0.30282725003084
H            4.86627600134151        2.18079265502398       -1.59037531436920
47
 energy: -48.469687279274 gnorm: 0.002346812838 xtb: 6.6.1 (8d0f1dd)
C            0.46680349495251        3.08051128924531        1.14138497523583
C           -0.61154543087453        2.66985247904560        0.14702087298337
C           -1.95026571565253        2.43966028212095        0.84473011334133
C           -3.10155627829450        2.09209641004765       -0.10185133875746
C           -2.88738416895852        0.84287100636645       -0.95925786157647
C           -2.63659565661025       -0.42167911093895       -0.14124511740827
C           -2.37458641648605       -1.63142255740362       -1.03551187517597
C           -2.01802367485988       -2.90367444957048       -0.26182458562008
C           -0.83433808235665       -2.76767036558929        0.69985657328278
C            0.44096916195774       -2.25304894655907        0.03694605761561
C            1.57648893785600       -2.08395176165488        1.04415043533654
C            2.86463165579062       -1.55712365566510        0.41081237829862
C            2.75791285387007       -0.10637541057946       -0.05500849434279
C            4.06621152629004        0.40271931641968       -0.65431926336517
C            3.94547384187786        1.84382610931027       -1.13194510495621
H            0.61545707178916        2.29982138255838        1.88540698879170
H            0.18334912871338        3.99418344732847        1.66052504469101
H            1.41256953119455        3.25455882669894        0.63297496922829
H           -0.72586676213896        3.45013582189355       -0.60971963466040
H           -0.29416405206492        1.75721931861754       -0.36030659688488
H           -2.22162833108758        3.35131298321528        1.38490210104226
H           -1.83456330041109        1.64992845455912        1.58975719872749
H           -4.00568851528293        1.95644670245648        0.49802164529298
H           -3.27610680790485        2.94060166198736       -0.76940304245037
H           -3.77505559923418        0.69757171329398       -1.58133388283525
H           -2.04539169323822        1.00583613031443       -1.63560434865325
H           -1.77111214402154       -0.25971165191966        0.49927187176075
H           -3.49830095291665       -0.62030937015516        0.50110146308254
H           -3.26554351583707       -1.83326689585075       -1.63673453605378
H           -1.56807261387337       -1.39321670882617       -1.73251945730431
H           -2.89010567421730       -3.22472847505658        0.31426914478447
H           -1.79653544856663       -3.69212171634184       -0.98641343003143
H           -0.63600233265351       -3.74915899926870        1.13972231880306
H           -1.10601356079443       -2.10035757117364        1.52050459912089
H            0.23882465603833       -1.29069786855818       -0.43144989079023
H            0.75110514554898       -2.94888615157319       -0.74678176765252
H            1.25859083669605       -1.39701328811872        1.83323222136652
H            1.78083745809189       -3.04977049560685        1.51434437725656
H            3.13323994585629       -2.19106475711704       -0.43819525341249
H            3.67370111753944       -1.62992202105979        1.14293154981496
H            1.97288433189504       -0.01652543544585       -0.80823977767694
H            2.47927180736078        0.52533539378505        0.79207834616704
H            4.34789898338848       -0.23587722956352       -1.49551227492432
H            4.86068876556374        0.33231292278880        0.09287711951840
H            3.15304220321715        1.93563894087757       -1.87231931689486
H            3.71229554570293        2.50381588952615       -0.29869811617278
H            4.87618672714518        2.18018541113959       -1.58352339794278
47
 energy: -48.469714557673 gnorm: 0.001437901000 xtb: 6.6.1 (8d0f1dd)
C            0.46107721184004        3.08952680581144        1.13888476637603
C           -0.61564291759703        2.66901697070122        0.14689257836613
C           -1.95512392540315        2.44236504366808        0.84451525934647
C           -3.10465678252654        2.09250894956795       -0.10317468710235
C           -2.88748159408086        0.84071992221748       -0.95600262758198
C           -2.63347344788987       -0.42136918066905       -0.13521689664730
C           -2.37880831233563       -1.63195197594350       -1.03047431034731
C           -2.02122196639379       -2.90559061833854       -0.25973811246724
C           -0.83428728387316       -2.77003359314694        0.69805382533690
C            0.43900644789661       -2.25419042555271        0.03159192636040
C            1.57675544386181       -2.08735677522145        1.03688435707412
C            2.86589156357781       -1.56063092611700        0.40440048812303
C            2.76233070800364       -0.10746958406813       -0.05522731943316
C            4.07241348848428        0.40249698883728       -0.65059595797044
C            3.95432176641160        1.84479554263161       -1.12655721726547
H            0.60968686528235        2.31562708676265        1.88986277438247
H            0.17614771278545        4.00735547869310        1.64954763885616
H            1.40697076426723        3.25999466115803        0.62968006801964
H           -0.73019273570257        3.44268915261511       -0.61622182205506
H           -0.29648472667160        1.75266768539009       -0.35207537943209
H           -2.22649386420047        3.35566710839043        1.38132569261549
H           -1.84109489953751        1.65449224429492        1.59148932027767
H           -4.01022283768546        1.95936571619081        0.49471771000266
H           -3.27693985560870        2.93820724189634       -0.77451765050441
H           -3.77422446466902        0.69123640983022       -1.57795007001436
H           -2.04530834684063        1.00379953116336       -1.63180277564878
H           -1.76353376885074       -0.25912656704622        0.49880112726249
H           -3.49103792416612       -0.61764506953804        0.51285679542415
H           -3.27283329483646       -1.83080827862712       -1.62756273539910
H           -1.57463415023493       -1.39551424004645       -1.73038933969508
H           -2.89104767451214       -3.22711380713121        0.31911325571704
H           -1.80269194377209       -3.69273149522080       -0.98630480299270
H           -0.63445385047938       -3.75142255510731        1.13681498072360
H           -1.10426013286172       -2.10290466335450        1.51919629778016
H            0.23544549366673       -1.29096839837380       -0.43399443398710
H            0.74648982162149       -2.94866243256083       -0.75404873058242
H            1.26053965330919       -1.40131240363339        1.82721262291312
H            1.78080434710574       -3.05403670993835        1.50499269636894
H            3.13319585226520       -2.19170229300170       -0.44692931601146
H            3.67396297703544       -1.63838703145965        1.13674712881057
H            1.97838241490406       -0.01333599441771       -0.80880294014067
H            2.48426039662269        0.52057930360204        0.79448513542992
H            4.35621081569308       -0.23421092276726       -1.49226925695297
H            4.86486808057263        0.33118487686466        0.09841449081720
H            3.16448941576195        1.93883060004292       -1.86936481669193
H            3.71971870838854        2.50432821059790       -0.29339359363277
H            4.88716875137210        2.17988741035414       -1.57476214382823
47
 energy: -48.469741854808 gnorm: 0.001366573986 xtb: 6.6.1 (8d0f1dd)
C            0.44774365110876        3.11118402312115        1.13173301941909
C           -0.62696996550643        2.66645427769002        0.14695263195707
C           -1.96743252823290        2.44769880462658        0.84551554116203
C           -3.11271095402723        2.09307689509382       -0.10560509683796
C           -2.88715787301689        0.83653962605036       -0.94932793362738
C           -2.62559994244001       -0.42002897829245       -0.12247763267281
C           -2.38726466321210       -1.63278516210573       -1.01952357135985
C           -2.02806855686982       -2.90894207559877       -0.25390751552601
C           -0.83384438826731       -2.77395327642307        0.69522572243526
C            0.43475568217399       -2.25654944352966        0.01978177001903
C            1.57820952039787       -2.09619652288780        1.01994316693239
C            2.86850602237724       -1.56877137844903        0.38821213017464
C            2.77155279801172       -0.11010224427568       -0.05672071004351
C            4.08649688698531        0.40077516814499       -0.64195721197595
C            3.97557162797140        1.84653944335112       -1.11249753645560
H            0.59650152210303        2.35411149022345        1.89981942873218
H            0.16023712196882        4.03974572054590        1.62131410924046
H            1.39338176437018        3.27169773533548        0.61904143715146
H           -0.74365921623734        3.42402742208121       -0.63163678038157
H           -0.30320103825361        1.74137797540819       -0.33230469702250
H           -2.23897310019384        3.36480616332939        1.37481268372113
H           -1.85715427783439        1.66410102369725        1.59723615068169
H           -4.02204654804549        1.96373420587165        0.48666767383021
H           -3.27950610981777        2.93358245027558       -0.78414201343436
H           -3.77132271993064        0.67706751902276       -1.57179764132612
H           -2.04423457416131        1.00060455480957       -1.62360853494239
H           -1.74568254002376       -0.25688094851632        0.49712715117099
H           -3.47365612654492       -0.61104346328165        0.53892215867260
H           -3.28837167030078       -1.82528694055301       -1.60734676327378
H           -1.58835086942485       -1.40034345950082       -1.72650336608647
H           -2.89360761757245       -3.22983216043794        0.33098702736106
H           -1.81576173411557       -3.69433686591991       -0.98353120890448
H           -0.63046167057674       -3.75505104667394        1.13181565112457
H           -1.09887771562318       -2.10689807143374        1.51776327676047
H            0.22885394325785       -1.29108891854999       -0.43952775094688
H            0.73477852629908       -2.94803069989749       -0.77079253900068
H            1.26633418260758       -1.41334112859693        1.81432230233976
H            1.78201328822813       -3.06543525447462        1.48187012709794
H            3.13183535135277       -2.19287317803488       -0.46910842461414
H            3.67570129845125       -1.65750424277714        1.11965207530440
H            1.99057627473841       -0.00529212923371       -0.81162284772624
H            2.49412083118911        0.50962312002476        0.79885703066244
H            4.37469029607354       -0.23148837966146       -1.48497974274016
H            4.87372889498033        0.32545470303736        0.11164568102195
H            3.19227146443133        1.94605704941438       -1.86130800339753
H            3.73652579940597        2.50310250364084       -0.27843229690273
H            4.91351765174577        2.17956109431011       -1.55145412777376
47
 energy: -48.469756502103 gnorm: 0.001000170158 xtb: 6.6.1 (8d0f1dd)
C            0.44728050308346        3.11226031282353        1.12991904065912
C           -0.62881945670225        2.66598576870524        0.14753279813220
C           -1.96864405585379        2.44694505113866        0.84681621397953
C           -3.11369345839066        2.09254426473287       -0.10484267075660
C           -2.88690945612681        0.83750682638320       -0.95027784013863
C           -2.62504680497781       -0.41931739068829       -0.12412289343543
C           -2.38597639396154       -1.63244809789323       -1.02011790657014
C           -2.02743420237042       -2.90762489468877       -0.25261343117413
C           -0.83344612515224       -2.77241912717760        0.69660500485335
C            0.43509961424791       -2.25624987392138        0.02057134397836
C            1.57936241942022       -2.09736413677104        1.01972923573680
C            2.86827387883297       -1.56903435897091        0.38655648318463
C            2.77076122295008       -0.11055135565076       -0.05788074738937
C            4.08632370612682        0.39954460484863       -0.64187608669329
C            3.97653070789804        1.84593288272783       -1.11038724217628
H            0.59633138468026        2.35687838565385        1.89904440169460
H            0.16088916385234        4.04166537034573        1.61773734703304
H            1.39236843611407        3.27101685127361        0.61583543336777
H           -0.74686795306853        3.42248150510181       -0.63156954498768
H           -0.30467526171354        1.74110814838441       -0.33124521373342
H           -2.24030819588811        3.36391773447540        1.37640244045000
H           -1.85826187022362        1.66334491551069        1.59857818433228
H           -4.02319875366669        1.96109681869028        0.48672356230331
H           -3.28085965921412        2.93429910973980       -0.78165080425983
H           -3.77071461000087        0.67802765930710       -1.57336733496019
H           -2.04389563253753        1.00265567836425       -1.62433231222849
H           -1.74578591784337       -0.25599664292203        0.49614422790998
H           -3.47316924979926       -0.61058688205381        0.53696552580460
H           -3.28673602535085       -1.82572456837775       -1.60822884399335
H           -1.58702262706217       -1.40025163070511       -1.72725080134940
H           -2.89368174053960       -3.22689974720762        0.33213913901726
H           -1.81493431288706       -3.69445439265115       -0.98063625969010
H           -0.63021942017396       -3.75342863518712        1.13369658644683
H           -1.09760135706645       -2.10491331083418        1.51912260971977
H            0.23026093445679       -1.29051969882701       -0.43879053047459
H            0.73377091469410       -2.94795326578695       -0.77040699083649
H            1.26823559574377       -1.41579952397679        1.81554533562388
H            1.78379850189661       -3.06727410776274        1.48005497079449
H            3.13041364729798       -2.19261855544238       -0.47150426260875
H            3.67710363846640       -1.65747427461432        1.11622332954891
H            1.99033616890857       -0.00513178803140       -0.81326789095964
H            2.49251411276059        0.50911825112280        0.79750757436506
H            4.37407034662903       -0.23236342093509       -1.48533919468389
H            4.87303873582350        0.32211626254294        0.11206551557284
H            3.19406818318606        1.94630989250192       -1.85981649005361
H            3.73626271408173        2.50067360217999       -0.27529877393189
H            4.91479600942010        2.17983678452307       -1.54758823742344
47
 energy: -48.469790861228 gnorm: 0.001034875989 xtb: 6.6.1 (8d0f1dd)
C            0.43902097083478        3.12646929234870        1.12141828370353
C           -0.63882779787042        2.66358460877218        0.14793991291723
C           -1.97700358666044        2.44726549932746        0.85069069153826
C           -3.12065302725274        2.09077439584966       -0.10246402099778
C           -2.88815447275898        0.83989865512071       -0.95229020411343
C           -2.62137213182387       -0.41607373255395       -0.12662125762175
C           -2.38533150913131       -1.63210280898760       -1.01923080215420
C           -2.02717226980947       -2.90327234699235       -0.24494405730674
C           -0.83070538607242       -2.76784507305617        0.70063464534730
C            0.43613183955466       -2.25602404991370        0.01936579768539
C            1.58603001634518       -2.10626150150617        1.01273241979773
C            2.86913782287987       -1.57476643409564        0.37301896222782
C            2.77143353691233       -0.11433030881581       -0.06306319211632
C            4.09120110073967        0.39399822976296       -0.63771096738166
C            3.98887753782938        1.84398011954170       -1.09495026279050
H            0.58924170816344        2.38480927323028        1.90373507575254
H            0.15493477950244        4.06555530381869        1.59225971702901
H            1.38294316168000        3.27433792633184        0.60163536926261
H           -0.76246002669306        3.40989611364441       -0.64050705872875
H           -0.31135366350517        1.73406405312821       -0.32013692672194
H           -2.24931728001683        3.36619754848262        1.37733418795224
H           -1.86749270593216        1.66638950455774        1.60583390325259
H           -4.03040049072499        1.95210395864071        0.48748233480766
H           -3.29096919483706        2.93559778128212       -0.77494050448222
H           -3.77169936554375        0.67766400407560       -1.57571845777568
H           -2.04652285329356        1.00999531641743       -1.62735976337420
H           -1.74006391235326       -0.25084662159371        0.49081740284595
H           -3.46707067962548       -0.60635792047380        0.53841748254022
H           -3.28835933304758       -1.82815858892527       -1.60364953572755
H           -1.58887429882318       -1.40354701588836       -1.73098790332243
H           -2.89393365959005       -3.21618946041305        0.34295829375028
H           -1.81771188189851       -3.69582293960388       -0.96801794232710
H           -0.62683633469022       -3.74886774244003        1.13826071014197
H           -1.08938757629042       -2.09940354921637        1.52442244822647
H            0.23477168840954       -1.28801521075272       -0.43750607463435
H            0.72738794337823       -2.94721616809902       -0.77530212348051
H            1.28041704563530       -1.43109061629877        1.81644460981587
H            1.79275564385168       -3.08005853352811        1.46428982184480
H            3.12341418638670       -2.19351379038225       -0.49121882737196
H            3.68555690145349       -1.66722297428701        1.09424132041788
H            1.99441138417659       -0.00270853942406       -0.82148224887975
H            2.48969935714927        0.50190751479878        0.79414699580313
H            4.37914539239084       -0.23428264108117       -1.48408017733202
H            4.87412932410815        0.30575892253574        0.11931603804086
H            3.21244026730755        1.95101769459272       -1.84969279027009
H            3.74176191747728        2.49032127206108       -0.25528194561428
H            4.93081791207871        2.18125858000782       -1.52113538017613
47
 energy: -48.469804632040 gnorm: 0.000869512326 xtb: 6.6.1 (8d0f1dd)
C            0.43422200035368        3.13494151069769        1.11568350738395
C           -0.64403410685174        2.66254727993287        0.14781736431163
C           -1.98189153867276        2.44775254865667        0.85150048537916
C           -3.12563544289939        2.09009470452872       -0.10097474223436
C           -2.88977830523685        0.84112250038404       -0.95266773303104
C           -2.61997350159582       -0.41442254256142       -0.12756739280486
C           -2.38498709819725       -1.63206546669495       -1.01791688110205
C           -2.02807950728196       -2.90176609692011       -0.24071911720700
C           -0.83025248708122       -2.76554414487302        0.70289478057862
C            0.43611956591606       -2.25646095555997        0.01893367160576
C            1.59005489017021       -2.11216020454806        1.00841589633974
C            2.87080792090801       -1.57965907993582        0.36520975797087
C            2.77342238233746       -0.11777523562365       -0.06612509835019
C            4.09475720012736        0.39207282205629       -0.63577938375479
C            3.99604669999464        1.84440106457056       -1.08573034923940
H            0.58424984810290        2.40133845564355        1.90543405615300
H            0.15094186122131        4.07852054524497        1.57740574467604
H            1.37809549190432        3.27710051717892        0.59429038532707
H           -0.76978596343875        3.40306421620588       -0.64554431507070
H           -0.31517625187454        1.73079369726352       -0.31435165533632
H           -2.25369760871294        3.36732643660497        1.37690312743537
H           -1.87206593369358        1.66798558649213        1.60750935599343
H           -4.03457349648458        1.94794178627236        0.48935027008437
H           -3.29861167505195        2.93556857909718       -0.77198956142372
H           -3.77288427893941        0.67730271451285       -1.57615502230360
H           -2.04856995743370        1.01405856602326       -1.62733254838059
H           -1.73775043694195       -0.24816405128361        0.48805010957015
H           -3.46424364873242       -0.60458932366302        0.53912612449515
H           -3.28812577603252       -1.82859591111666       -1.60152845585413
H           -1.58861682592698       -1.40574369415864       -1.73003567041783
H           -2.89460180854829       -3.21121144200942        0.34926196508797
H           -1.82105677384811       -3.69685354921689       -0.96168124497969
H           -0.62702925836430       -3.74596336417258        1.14195282751844
H           -1.08695402183339       -2.09524471857227        1.52567745860362
H            0.23650928565562       -1.28694134559695       -0.43540432456078
H            0.72285068542617       -2.94718743836348       -0.77774022614841
H            1.28863914317597       -1.43995350720056        1.81617871911718
H            1.79761655140629       -3.08802454811162        1.45505649761921
H            3.12095221567726       -2.19583699861549       -0.50197269949879
H            3.69008654796354       -1.67506834837237        1.08271332516662
H            1.99823365032314       -0.00384371220882       -0.82597454785132
H            2.48963414591842        0.49554145314920        0.79249288334392
H            4.38349805338240       -0.23245193640325       -1.48469142770875
H            4.87587437125096        0.29879220598942        0.12248529715551
H            3.22368520190041        1.95652983608832       -1.84398250510867
H            3.74547456971426        2.48677878091564       -0.24404569230119
H            4.94059142084418        2.18281880827380       -1.50532901624863
47
 energy: -48.469827344357 gnorm: 0.000771549720 xtb: 6.6.1 (8d0f1dd)
C            0.42194665789596        3.15496682218706        1.10516654054398
C           -0.65305736915567        2.66194382067118        0.14445256216874
C           -1.99069599847273        2.45179008211216        0.85054396656806
C           -3.13558793267642        2.08897604689486       -0.09858769900655
C           -2.89630597735609        0.84189403702313       -0.95230774088045
C           -2.61918798287936       -0.41189552820577       -0.12680682675728
C           -2.38722174743949       -1.63236030799368       -1.01418104787584
C           -2.03066437761310       -2.89922251004709       -0.23193259329138
C           -0.82848069818056       -2.76255060079591        0.70634482498969
C            0.43638613830820       -2.25802206461721        0.01606947061306
C            1.59878225943501       -2.12521957095183        0.99761000016044
C            2.87596587921198       -1.59197573199382        0.34782495510452
C            2.78006213327548       -0.12623816808333       -0.07197064838896
C            4.10451127225470        0.38850777848571       -0.63048312539590
C            4.01228178964404        1.84592888715541       -1.06479123528528
H            0.57069845863844        2.43897947274458        1.91148767492096
H            0.13730852981449        4.10842499563186        1.54579963824456
H            1.36726385467830        3.28619569356122        0.58366114474529
H           -0.78130027461603        3.38920437990565       -0.66094292417480
H           -0.31970938931645        1.72415655263391       -0.30261914107662
H           -2.26172478297725        3.37434852945492        1.37113696706802
H           -1.88054227795274        1.67571882726387        1.61036193745709
H           -4.04139741915568        1.94126270501648        0.49512191978922
H           -3.31644416198831        2.93401252685794       -0.76820160050864
H           -3.78038611581885        0.67450328716064       -1.57339217180420
H           -2.05759299069542        1.01974461827630       -1.62861422446771
H           -1.73388345172841       -0.24259728054748        0.48355279618546
H           -3.45963267878224       -0.60174160619647        0.54487638973338
H           -3.29203967148330       -1.83026604701972       -1.59467698814098
H           -1.59172073996313       -1.41044967377733       -1.72851140043581
H           -2.89536981516345       -3.20305427153017        0.36358865012717
H           -1.82976205286623       -3.69859064076994       -0.94987601834782
H           -0.62585897391233       -3.74210543714693        1.14760431227909
H           -1.08098371888910       -2.08890057321160        1.52767455385971
H            0.23963167206873       -1.28509944486047       -0.43213428185980
H            0.71383035936955       -2.94688232164958       -0.78544946455892
H            1.30665190216796       -1.45845270148414        1.81325990604181
H            1.80691790729307       -3.10527362404178        1.43469718070466
H            3.11709105528171       -2.20245305905878       -0.52590129314119
H            3.70056255307230       -1.69550262530012        1.05811554098805
H            2.00847733593706       -0.00663150157483       -0.83459902610508
H            2.49207192026328        0.47969932906839        0.79052278687148
H            4.39607223100992       -0.22698030354022       -1.48510136819744
H            4.88194958929246        0.28535500871793        0.13031590523768
H            3.24832058837612        1.96894779351830       -1.82998592070055
H            3.75473262072751        2.47994094290508       -0.21878359090001
H            4.96202189106632        2.18683045715188       -1.47083529310097
47
 energy: -48.469842722726 gnorm: 0.000706247930 xtb: 6.6.1 (8d0f1dd)
C            0.41373283905954        3.16849792628699        1.09780032151019
C           -0.65740766342997        2.66286949214830        0.13959833748335
C           -1.99489307566328        2.45532455824070        0.84709159102738
C           -3.14292950657654        2.08863535452070       -0.09669566120065
C           -2.90318552961943        0.84195740602405       -0.95109211879430
C           -2.62154700852212       -0.41081948763482       -0.12557646925161
C           -2.38836087630352       -1.63234263457745       -1.01117758055212
C           -2.03211700236839       -2.89772867247546       -0.22631064530130
C           -0.82738731486804       -2.75974407426895        0.70887621001687
C            0.43696657251655       -2.25924351152970        0.01439864538321
C            1.60540979359553       -2.13487172847058        0.99013480567902
C            2.88104783825002       -1.60208828766608        0.33604670264624
C            2.78606676343060       -0.13378355766295       -0.07612698020385
C            4.11168718519080        0.38631586614304       -0.62738270857592
C            4.02159110749066        1.84768536567251       -1.04919635465168
H            0.55975237787136        2.46281648282234        1.91333525125929
H            0.12643072726041        4.12683733881347        1.52545215614770
H            1.36119901849492        3.29410868184380        0.57876080796682
H           -0.78656896432172        3.38225764511868       -0.67237632283942
H           -0.32089936670219        1.72196438956084       -0.29818666108161
H           -2.26490617778915        3.37985807122705        1.36444243483993
H           -1.88295681546616        1.68242479801471        1.60984913219186
H           -4.04478915792108        1.93769343988087        0.50230750323462
H           -3.33076291017354        2.93256357827647       -0.76589236877215
H           -3.78880412049225        0.67292732115598       -1.56930696772566
H           -2.06677499443944        1.02150427915796       -1.62961265093811
H           -1.73540111012428       -0.23875284973290        0.48272254667437
H           -3.46044272002126       -0.60188208959327        0.54760646490662
H           -3.29246093411792       -1.83156190503542       -1.59208511369723
H           -1.59208981579966       -1.41181124149610       -1.72479938563570
H           -2.89566292548203       -3.19794517968168        0.37262013214971
H           -1.83485468478042       -3.69953199802601       -0.94247636403538
H           -0.62591365804551       -3.73830437749542        1.15264463713711
H           -1.07747639414839       -2.08309485314771        1.52845203667107
H            0.24220470368453       -1.28392564953839       -0.42924302988550
H            0.70734667378456       -2.94680963653386       -0.79048836625714
H            1.32034130998798       -1.47106986338240        1.81050220061193
H            1.81304122302412       -3.11758167130071        1.42123974493608
H            3.11649955062326       -2.20932216528220       -0.54127851524201
H            3.70816163677464       -1.71115217479397        1.04236190598494
H            2.01674089279354       -0.01108934986851       -0.84046168534034
H            2.49497713430623        0.46667945411898        0.78907210639944
H            4.40566978584874       -0.22108815268683       -1.48688469001878
H            4.88733818176364        0.27702774145520        0.13425391265152
H            3.26265479236853        1.97838624281011       -1.81798067774264
H            3.75954761319987        2.47488601010857       -0.19945462239809
H            4.97417300585651        2.19119066848033       -1.44637964736814
47
 energy: -48.469854086483 gnorm: 0.000612164536 xtb: 6.6.1 (8d0f1dd)
C            0.40704742603242        3.17946626119261        1.09133991434519
C           -0.66075748420692        2.66464686988602        0.13399686634471
C           -1.99762447864295        2.45934784509498        0.84352766320242
C           -3.14817679541170        2.08841544899645       -0.09554366865941
C           -2.91014884675360        0.84084813024830       -0.94897959772295
C           -2.62499345099285       -0.41054153773949       -0.12256533788154
C           -2.38939548987001       -1.63176620898764       -1.00791865491004
C           -2.03276332511496       -2.89628671468353       -0.22195987928229
C           -0.82592375726900       -2.75775731382640        0.71053970932133
C            0.43748411886776       -2.26010091355938        0.01197692820800
C            1.61049187427381       -2.14273333977104        0.98310858444720
C            2.88559830398488       -1.61072859293353        0.32661140045319
C            2.79191105337770       -0.14049529830449       -0.07927391151105
C            4.11830918769466        0.38406839191761       -0.62461060039895
C            4.02819615033990        1.84878040215272       -1.03557643801387
H            0.55035867025617        2.48098646883252        1.91357269659202
H            0.11680648493000        4.14112145201258        1.50936365807746
H            1.35648764362708        3.30200706091728        0.57508378752612
H           -0.79033972219261        3.37809753266430       -0.68313342693044
H           -0.32129819187256        1.72146931440103       -0.29655583929746
H           -2.26667553124217        3.38591579402460        1.35780749081833
H           -1.88383795543908        1.68947667724362        1.60909399366138
H           -4.04693095874389        1.93672358569617        0.50778437765259
H           -3.34106875599162        2.93066516660536       -0.76523498778806
H           -3.79725187472836        0.67025086100075       -1.56464207291407
H           -2.07556275998759        1.02034403557364       -1.62969863182316
H           -1.73889512483920       -0.23599415585510        0.48506683759044
H           -3.46295079085749       -0.60329855139493        0.55129539458418
H           -3.29250773775100       -1.83192499616782       -1.59021045661980
H           -1.59216746487768       -1.41050564707284       -1.72029020379062
H           -2.89531183895546       -3.19504522327278        0.37905984588626
H           -1.83745149002400       -3.69927628011459       -0.93720327027124
H           -0.62480223341137       -3.73537497358947        1.15657765102480
H           -1.07383876642665       -2.07859098616435        1.52866415031980
H            0.24432018440884       -1.28284070740673       -0.42811375470640
H            0.70160808492576       -2.94655137139012       -0.79590467339500
H            1.33085260053126       -1.48116779803622        1.80708920222265
H            1.81709748272617       -3.12767086768749        1.40962438880121
H            3.11726494082664       -2.21526735305462       -0.55354985588383
H            3.71420619336061       -1.72443083313316        1.03040470167388
H            2.02414633152321       -0.01446969921943       -0.84466829792969
H            2.49865668386290        0.45542881511399        0.78828964912180
H            4.41430756826788       -0.21638151479010       -1.48819281158903
H            4.89281422398053        0.26988197467351        0.13749609138281
H            3.27199405306194        1.98497941501478       -1.80596871165198
H            3.76271583018063        2.46923785875776       -0.18190479983394
H            4.98198773456225        2.19590851613500       -1.42657110045303
47
 energy: -48.469864610662 gnorm: 0.000678190545 xtb: 6.6.1 (8d0f1dd)
C            0.40262780841241        3.18727536156240        1.08483363043071
C           -0.66309394069871        2.66743712934011        0.12762562185937
C           -1.99881353524990        2.46288055376928        0.83949156351047
C           -3.15237263826373        2.08897615976535       -0.09467020953306
C           -2.91650126835242        0.83958063835359       -0.94582203521112
C           -2.63026846811611       -0.41089588809430       -0.11858368640388
C           -2.38906480789112       -1.63056077931888       -1.00459782865367
C           -2.03203476145824       -2.89500686903673       -0.21909772187394
C           -0.82429667662149       -2.75511844245046        0.71193970207401
C            0.43844534137961       -2.26057872177027        0.00987927206470
C            1.61483594244874       -2.14937045552589        0.97735252136605
C            2.88983922886589       -1.61817674624271        0.31964468124056
C            2.79703538391645       -0.14666188539626       -0.08141709492037
C            4.12351690941283        0.38163513513222       -0.62267474210901
C            4.03102052640658        1.84916491821809       -1.02341187312548
H            0.54414893515926        2.49215765931826        1.90981145804347
H            0.11016686648022        4.15009816291934        1.49799208838336
H            1.35327542265658        3.30888764119035        0.57065415983347
H           -0.79364136649751        3.37781134432901       -0.69179343392058
H           -0.32190891206825        1.72345005023418       -0.29931884601925
H           -2.26727109710415        3.39084330019005        1.35157074465640
H           -1.88252904407977        1.69566939486568        1.60741701690028
H           -4.04867793128275        1.93818365789613        0.51255756162338
H           -3.34818923912830        2.92937604073872       -0.76574826414407
H           -3.80504939319354        0.66818426130381       -1.55917503662915
H           -2.08334606335165        1.01713390981206       -1.62892901188294
H           -1.74588811356875       -0.23396421197997        0.49093250727797
H           -3.46901090786495       -0.60640168810932        0.55354872747760
H           -3.28972380415164       -1.83177901367804       -1.59055123297498
H           -1.58983485774082       -1.40635793316452       -1.71397817355926
H           -2.89421936368768       -3.19362798601257        0.38254071927124
H           -1.83682083490139       -3.69815303225245       -0.93420639753213
H           -0.62329460026868       -3.73178292872945        1.16018905627450
H           -1.07031269768560       -2.07367158650474        1.52879813968430
H            0.24681133290425       -1.28173997260384       -0.42744062586264
H            0.69695425493135       -2.94618391646722       -0.80050951257713
H            1.33922046008327       -1.48964456405087        1.80410656933738
H            1.81993571670806       -3.13614727692464        1.40028460106147
H            3.11947529994664       -2.22092028374550       -0.56224791564444
H            3.71900816007740       -1.73504663073838        1.02219249546668
H            2.03031954507145       -0.01793615965911       -0.84742693580736
H            2.50227953416859        0.44596329647083        0.78788090200980
H            4.42080633747471       -0.21245483712174       -1.49007311494287
H            4.89781343753904        0.26342041322543        0.13899333910072
H            3.27507117200506        1.98916778925776       -1.79319807639345
H            3.76327660379784        2.46247008628463       -0.16533313062609
H            4.98426810338120        2.20128190540095       -1.41092817860109
47
 energy: -48.469873083887 gnorm: 0.000538708170 xtb: 6.6.1 (8d0f1dd)
C            0.39928672408731        3.19428817091561        1.07728661118228
C           -0.66674676581425        2.67023952262050        0.12229105966225
C           -2.00103413467652        2.46658677456251        0.83701839471102
C           -3.15597123816814        2.08978531534401       -0.09424705374415
C           -2.92201425550072        0.83835373229842       -0.94263901760412
C           -2.63486000648696       -0.41100161839664       -0.11408801912424
C           -2.38865267224326       -1.62903019080749       -1.00094785985051
C           -2.03087106258283       -2.89364654828967       -0.21646445306816
C           -0.82215419687689       -2.75320400123468        0.71289743306313
C            0.43955729988279       -2.26083124377609        0.00756643901367
C            1.61888012155318       -2.15581419086430        0.97195674357258
C            2.89342310470233       -1.62470965306218        0.31352226583940
C            2.80138295812253       -0.15206737457642       -0.08285506024623
C            4.12809259668445        0.37902300062192       -0.62051005868805
C            4.03343869044867        1.84905313226110       -1.01169648036790
H            0.54097079440893        2.50196383639614        1.90493333761126
H            0.10606549582225        4.15865097968925        1.48689732837525
H            1.34978795018654        3.31475200283044        0.56241024233407
H           -0.79923850284870        3.37802744996699       -0.69923407134949
H           -0.32470603015346        1.72530825010570       -0.30212496510422
H           -2.26899534646506        3.39562569875243        1.34746827882920
H           -1.88274615442196        1.70132055667262        1.60655158332653
H           -4.05144015966444        1.94097924137801        0.51460928663973
H           -3.35242086747931        2.92844513271006       -0.76720598508437
H           -3.81114408523670        0.66593506594308       -1.55494055777897
H           -2.08934413874873        1.01394391280220       -1.62688334844047
H           -1.75255381031756       -0.23238573643771        0.49806136434902
H           -3.47484515841640       -0.60901104238129        0.55575795593213
H           -3.28704874564334       -1.83101714964952       -1.59028201169364
H           -1.58775764495693       -1.40153195489582       -1.70753024515170
H           -2.89268373159802       -3.19311922119156        0.38535553410151
H           -1.83515988351027       -3.69640327963566       -0.93190389480698
H           -0.62087846563279       -3.72903998445881        1.16290633985089
H           -1.06623628031765       -2.06993998163733        1.52878851657116
H            0.24950191885485       -1.28040357475764       -0.42714064963272
H            0.69292181191170       -2.94556968405201       -0.80526664169538
H            1.34654464629684       -1.49845489390010        1.80182200846889
H            1.82282410463603       -3.14464771108005        1.39085089036141
H            3.12126262522780       -2.22522048939128       -0.57051365418477
H            3.72353787964872       -1.74445026470670        1.01462056976684
H            2.03550470046647       -0.02021546981097       -0.84924169483977
H            2.50567858995249        0.43760707125032        0.78823478967958
H            4.42586435859779       -0.20969672326652       -1.49139495929359
H            4.90225152776428        0.25650955981658        0.14072075162514
H            3.27680716496845        1.99227647700554       -1.78035327401036
H            3.76414294153798        2.45534536102245       -0.14910486374887
H            4.98576333199888        2.20625873729491       -1.39685490535836
47
 energy: -48.469881135842 gnorm: 0.000636691910 xtb: 6.6.1 (8d0f1dd)
C            0.39889136781212        3.19733030225925        1.06907519020905
C           -0.67022187024677        2.67399386989505        0.11744403077236
C           -2.00252297707349        2.46940702496251        0.83549280554081
C           -3.15839507959751        2.09140754087045       -0.09403083073410
C           -2.92597429438369        0.83791941529932       -0.93971442287567
C           -2.64068070772307       -0.41125779076548       -0.11029955048426
C           -2.38700238463356       -1.62703317372886       -0.99827796704241
C           -2.02846633016737       -2.89217223599379       -0.21526014057930
C           -0.81991535335326       -2.75142064408195        0.71388103863559
C            0.44147681964764       -2.26109719867137        0.00688907465766
C            1.62262199732095       -2.16123160630826        0.96924682620400
C            2.89649408557959       -1.62960221192455        0.31054762599023
C            2.80400448618791       -0.15642897766009       -0.08276056506771
C            4.13008686892616        0.37691572345910       -0.61920020113987
C            4.03234284076520        1.84863261195747       -1.00223529735357
H            0.54366098982441        2.50429425955555        1.89524863317488
H            0.10717557142514        4.16089499365885        1.48082479138095
H            1.34752459130487        3.31841501355777        0.55116903440665
H           -0.80534334359817        3.38226381639851       -0.70313690760170
H           -0.32930481337814        1.72955992949990       -0.30872738894113
H           -2.27043763252259        3.39858279071403        1.34574249055186
H           -1.88218091420183        1.70479617338512        1.60534774535463
H           -4.05404120452168        1.94538486834264        0.51526980431611
H           -3.35375085584140        2.92866891526692       -0.76912334119347
H           -3.81533176674157        0.66562413113997       -1.55175222339975
H           -2.09314234892152        1.01118036388953       -1.62444754115896
H           -1.76182121344428       -0.23148241293951        0.50663978765077
H           -3.48362056681844       -0.61202785028347        0.55515440601771
H           -3.28245668387036       -1.83031884357856       -1.59182815809354
H           -1.58382979324422       -1.39554268252495       -1.70110771459493
H           -2.89022010575733       -3.19357932264875        0.38572250242652
H           -1.83129964196941       -3.69378201932367       -0.93167636559522
H           -0.61867801254964       -3.72679113067477        1.16499807432567
H           -1.06283876311411       -2.06688941486310        1.52904169840114
H            0.25320156450024       -1.27927914371010       -0.42551837632637
H            0.69136053203299       -2.94481164098363       -0.80784927092194
H            1.35244097474850       -1.50641874887668        1.80184528248183
H            1.82557141300542       -3.15180574256293        1.38441691149675
H            3.12346139581908       -2.22849703148296       -0.57481297941582
H            3.72741196195657       -1.75057730219300        1.01049190103732
H            2.03820631530558       -0.02294580135069       -0.84886856307024
H            2.50791888252333        0.43143797564132        0.78945884559564
H            4.42707536918004       -0.20746774391189       -1.49323173969485
H            4.90519167108062        0.25092116088578        0.14043092428794
H            3.27314753778863        1.99420482099042       -1.76795301764773
H            3.76361627482904        2.44904612995048       -0.13556878553669
H            4.98258114610974        2.21044583946346       -1.38789407644693
47
 energy: -48.469888011297 gnorm: 0.000745502151 xtb: 6.6.1 (8d0f1dd)
C            0.39595368221362        3.20591474438501        1.05773150795149
C           -0.67683474702458        2.67756140890964        0.11248798391184
C           -2.00731835828253        2.47401612271339        0.83413044928747
C           -3.16357712972944        2.09342306897216       -0.09392698524011
C           -2.93081504751621        0.83776566558753       -0.93632799356254
C           -2.64512726031444       -0.41052421349045       -0.10553038307411
C           -2.38765710252676       -1.62554622529621       -0.99348332810621
C           -2.02712121548890       -2.89110785595851       -0.21219763102880
C           -0.81672645828081       -2.75066287871130        0.71447405880107
C            0.44367644601591       -2.26198118397141        0.00477624057021
C            1.62843719917625       -2.17021333029760        0.96373683087645
C            2.90058683220264       -1.63703982208431        0.30349506792870
C            2.80812023239056       -0.16185881304876       -0.08251507405820
C            4.13448859571668        0.37431000442501       -0.61549457314745
C            4.03649379162563        1.84874808088464       -0.98795048160507
H            0.54532913262728        2.51637390091965        1.88673608080774
H            0.10561528752157        4.17186478919528        1.46664808621460
H            1.34197987209872        3.32487612547492        0.53432335646610
H           -0.81589500013680        3.38273964612138       -0.71061177527769
H           -0.33662248676979        1.73154001220339       -0.31160168208891
H           -2.27527357814807        3.40413441908988        1.34274948972648
H           -1.88555759060391        1.71107518312320        1.60550814850388
H           -4.05987802661204        1.94961235040582        0.51500959357630
H           -3.35777936684213        2.92884593287500       -0.77173003389611
H           -3.82018572839255        0.66405665887615       -1.54804021504133
H           -2.09811690822870        1.00966777698519       -1.62161478612325
H           -1.76819971502205       -0.22955607113388        0.51391191878068
H           -3.48943032424420       -0.61287656360626        0.55771898190433
H           -3.28192704478131       -1.83012804492621       -1.58829041200291
H           -1.58429127855730       -1.39143137755307       -1.69519728316774
H           -2.88776117053199       -3.19356459285489        0.38995787334526
H           -1.83061244479959       -3.69185998580489       -0.92988295850750
H           -0.61521612811411       -3.72611043460185        1.16532595429503
H           -1.05698326066442       -2.06565476086513        1.53008755992703
H            0.25715876565076       -1.27781713455145       -0.42328401568994
H            0.68854356223826       -2.94354449170824       -0.81350593483145
H            1.36220963247640       -1.51978664356978        1.80126440413289
H            1.83093901308220       -3.16374744973706        1.37231465566689
H            3.12411296926113       -2.23198558979053       -0.58563261307490
H            3.73388580669571       -1.76202305558020        1.00017112236607
H            2.04287083265666       -0.02439606792774       -0.84859442454293
H            2.51142766526922        0.42185140569443        0.79250600569130
H            4.43099316312954       -0.20444299132472       -1.49360374661134
H            4.90954334339179        0.24257383364562        0.14337492051128
H            3.27636517967594        1.99916761559235       -1.75208725334143
H            3.76800457482781        2.44235772811955       -0.11638207204731
H            4.98615979166873        2.21425010419565       -1.37185063517594
47
 energy: -48.469893721835 gnorm: 0.000517718660 xtb: 6.6.1 (8d0f1dd)
C            0.39830317208630        3.20455395488045        1.05196779011652
C           -0.67899544505798        2.68064751250444        0.11025111633831
C           -2.00809267981850        2.47590563513740        0.83407650452883
C           -3.16404264951162        2.09495640587245       -0.09421291625275
C           -2.93207563536551        0.83831440403552       -0.93560621356386
C           -2.64816175311329       -0.41027133538121       -0.10433740045633
C           -2.38762235748928       -1.62454514588145       -0.99259479311263
C           -2.02560874786392       -2.89061440146420       -0.21255505485500
C           -0.81519606889917       -2.75188013846665        0.71433687112791
C            0.44557034983255       -2.26244143120659        0.00599529459877
C            1.63055706701305       -2.17308162295553        0.96478567237948
C            2.90197870019530       -1.63827405777989        0.30463687318705
C            2.80815314327527       -0.16285628756698       -0.07977356172442
C            4.13323080251361        0.37450973446711       -0.61451821752562
C            4.03431992119905        1.84906203392073       -0.98476630362885
H            0.55286936742927        2.51158101644278        1.87663096168162
H            0.11035936616951        4.16806403533509        1.46712717387463
H            1.34127194322181        3.32600541045699        0.52378319534249
H           -0.81995035821044        3.38853992613644       -0.70981303173788
H           -0.34134809860620        1.73587417045041       -0.31820505165705
H           -2.27626954045864        3.40522981110610        1.34385662590790
H           -1.88526383989300        1.71213623930404        1.60428614679989
H           -4.06114061981112        1.95295114893732        0.51394748907659
H           -3.35680414476388        2.92975778657738       -0.77324032039889
H           -3.82097662697566        0.66549138335305       -1.54820534922609
H           -2.09859325288177        1.00933382113279       -1.61999211807245
H           -1.77332567683590       -0.22966123110680        0.51823540364978
H           -3.49482217956605       -0.61321581966729        0.55567496712235
H           -3.28098559000284       -1.83043770386071       -1.58818548332150
H           -1.58403184237102       -1.38871663042148       -1.69329531976936
H           -2.88574545406072       -3.19501963570187        0.38922461043958
H           -1.82866077522504       -3.68991197743211       -0.93168544089621
H           -0.61434094509070       -3.72805009290109        1.16384802319961
H           -1.05560369913064       -2.06787948953311        1.53061209768515
H            0.25973427656378       -1.27745892715201       -0.42020969373856
H            0.69059620174535       -2.94255526523996       -0.81320658582596
H            1.36492806153374       -1.52477344325300        1.80387683699232
H            1.83325890393907       -3.16746274259645        1.37080983782331
H            3.12499162831065       -2.23183152956075       -0.58530478705773
H            3.73594507319171       -1.76353700139187        1.00022707651740
H            2.04163238110859       -0.02533529964118       -0.84439572113719
H            2.51244880249092        0.41975480664574        0.79616609231882
H            4.42790142070393       -0.20294354804623       -1.49394859481225
H            4.90989032834515        0.24182183512042        0.14231890222935
H            3.27142947797441        2.00090705186653       -1.74575176777831
H            3.76957325611906        2.44203561931066       -0.11190763953577
H            4.98270233604124        2.21418801521498       -1.37186019685310
47
 energy: -48.469896659884 gnorm: 0.000267680955 xtb: 6.6.1 (8d0f1dd)
C            0.39838703444629        3.20437470687285        1.05145406020809
C           -0.67890899885755        2.68093490519720        0.10921586917394
C           -2.00772099516749        2.47570347984708        0.83352330418487
C           -3.16437356299930        2.09489257079769       -0.09394592740567
C           -2.93188426528673        0.83855979205676       -0.93575059251292
C           -2.64807996007056       -0.41021463757175       -0.10474548662892
C           -2.38794926938861       -1.62473834620934       -0.99275667229580
C           -2.02606565979342       -2.89081289282045       -0.21258337271855
C           -0.81557471150075       -2.75224160615117        0.71442923877192
C            0.44545297400677       -2.26266995009715        0.00637290453485
C            1.63069612421744       -2.17350689650254        0.96504894844327
C            2.90216187775766       -1.63841192588631        0.30473276503095
C            2.80814909769007       -0.16267646057472       -0.07876589917176
C            4.13296322447878        0.37497173555342       -0.61420079062515
C            4.03473483840369        1.84978132695683       -0.98463586542117
H            0.55345520286363        2.51056911520838        1.87551733272073
H            0.11024313045437        4.16762928125094        1.46748370513587
H            1.34115796401535        3.32669684265045        0.52304383916312
H           -0.81996414990918        3.38917575136620       -0.71065731979090
H           -0.34150365030485        1.73612256249295       -0.31946170964440
H           -2.27588353111221        3.40503383773668        1.34334501393917
H           -1.88441236609675        1.71202025841381        1.60382683650444
H           -4.06072498476043        1.95206079710147        0.51507752327144
H           -3.35835088276718        2.92974385866888       -0.77257864740640
H           -3.82091474280277        0.66568541126451       -1.54808365387480
H           -2.09867967821227        1.00996386064364       -1.62042449877652
H           -1.77273763943918       -0.22954150891198        0.51689089177312
H           -3.49418694498093       -0.61276836233390        0.55606141656716
H           -3.28170351166249       -1.83062435344474       -1.58763483133281
H           -1.58472612519610       -1.38942817758689       -1.69403470514941
H           -2.88606691841108       -3.19470867275102        0.38956893797018
H           -1.82980370749063       -3.69028245209044       -0.93168321123791
H           -0.61495222915295       -3.72872577047675        1.16328608921113
H           -1.05603453383588       -2.06871346549511        1.53117104054899
H            0.25935477202349       -1.27746272543656       -0.41905854074434
H            0.69048391724172       -2.94226558997869       -0.81334584793880
H            1.36551948852098       -1.52562325770545        1.80460701041930
H            1.83374196910806       -3.16805718594565        1.37042631165190
H            3.12485240652573       -2.23154129934805       -0.58552158630619
H            3.73615081758790       -1.76420068986757        1.00014359368578
H            2.04113486438369       -0.02495842193696       -0.84292648259119
H            2.51296000827855        0.41936401560396        0.79764582260125
H            4.42735783258302       -0.20230252676840       -1.49388576166002
H            4.90997837058844        0.24238625469909        0.14238282868923
H            3.27192796469904        2.00225611038163       -1.74551949027626
H            3.77087944124905        2.44354616245012       -0.11175789223517
H            4.98344769807594        2.21387153867750       -1.37219249845573
