 
       ==============================================
       |                                            |
       |                 C R E S T                  |
       |                                            |
       |  Conformer-Rotamer Ensemble Sampling Tool  |
       |          based on the GFN methods          |
       |             P.Pracht, S.Grimme             |
       |          Universitaet Bonn, MCTC           |
       ==============================================
       Version 2.12,   Thu 19. Mai 16:32:32 CEST 2022
  Using the xTB program. Compatible with xTB version 6.4.0
 
   Cite work conducted with this code as

   • P.Pracht, F.Bohle, S.Grimme, PCCP, 2020, 22, 7169-7192.
   • S.Grimme, JCTC, 2019, 15, 2847-2862.

   and for works involving QCG as

   • S.Spicher, C.Plett, P.Pracht, A.Hansen, S.Grimme,
     JCTC, 2022, 18 (5), 3174-3189.
 
   with help from:
   C.Bannwarth, F.Bohle, S.Ehlert, S.Grimme,
   C.Plett, P.Pracht, S.Spicher
 
   This program is distributed in the hope that it will be useful,
   but WITHOUT ANY WARRANTY; without even the implied warranty of
   MERCHANTABILITY or FITNESS FOR A PARTICULAR PURPOSE.

 Command line input:
 > crest ./c9.xyz -gfnff -mquick -T 4

  -gfnff : Use of GFN-FF requested.
  -mquick  : very crude quick-mode (no NORMMD, no GC, crude opt.)
  -T 4 (CPUs/Threads selected)
 
 -------------------------
 xTB Geometry Optimization
 -------------------------
 Geometry successfully optimized.
 
------------------------------------------------
Generating MTD length from a flexibility measure
------------------------------------------------
 Calculating WBOs... done.
 Calculating NCI flexibility... done.
     covalent flexibility measure :   0.845
 non-covalent flexibility measure :   0.818
 flexibility measure :   0.799
 t(MTD) / ps    :     8.0
 Σ(t(MTD)) / ps :    48.0 (6 MTDs)
 
-------------------------------------
Starting a trial MTD to test settings
-------------------------------------
 Estimated runtime for one MTD (8.0 ps) on a single thread: 5 sec
 Estimated runtime for a batch of 6 MTDs on 4 threads: 10 sec
 
 list of Vbias parameters applied:
$metadyn    0.00200   1.000
$metadyn    0.00100   1.000
$metadyn    0.00200   0.500
$metadyn    0.00100   0.500
$metadyn    0.00200   0.250
$metadyn    0.00100   0.250
 
*******************************************************************************************
**                        N E W    I T E R A T I O N    C Y C L E                        **
*******************************************************************************************
 
========================================
            MTD Simulations 
========================================
 
     ========================================
     |         Meta-MD (MTD) Sampling       |
     ========================================
 
Starting Meta-MD   1 with the settings:
     MD time /ps        :     8.0
     dt /fs             :     1.5
     dumpstep(trj) /fs  :     100
     dumpstep(Vbias)/ps :     1.0
     Vbias factor k /Eh :  0.0580
     Vbias exp α /bohr⁻²:    1.00
Starting Meta-MD   2 with the settings:
     MD time /ps        :     8.0
     dt /fs             :     1.5
     dumpstep(trj) /fs  :     100
     dumpstep(Vbias)/ps :     1.0
     Vbias factor k /Eh :  0.0290
     Vbias exp α /bohr⁻²:    1.00
Starting Meta-MD   6 with the settings:
     MD time /ps        :     8.0
     dt /fs             :     1.5
     dumpstep(trj) /fs  :     100
     dumpstep(Vbias)/ps :     1.0
     Vbias factor k /Eh :  0.0290
     Vbias exp α /bohr⁻²:    0.25
Starting Meta-MD   3 with the settings:
     MD time /ps        :     8.0
     dt /fs             :     1.5
     dumpstep(trj) /fs  :     100
     dumpstep(Vbias)/ps :     1.0
     Vbias factor k /Eh :  0.0580
     Vbias exp α /bohr⁻²:    0.50
*Meta-MTD 2 finished*
Starting Meta-MD   4 with the settings:
     MD time /ps        :     8.0
     dt /fs             :     1.5
     dumpstep(trj) /fs  :     100
     dumpstep(Vbias)/ps :     1.0
     Vbias factor k /Eh :  0.0290
     Vbias exp α /bohr⁻²:    0.50
*Meta-MTD 3 finished*
Starting Meta-MD   5 with the settings:
     MD time /ps        :     8.0
     dt /fs             :     1.5
     dumpstep(trj) /fs  :     100
     dumpstep(Vbias)/ps :     1.0
     Vbias factor k /Eh :  0.0580
     Vbias exp α /bohr⁻²:    0.25
*Meta-MTD 6 finished*
*Meta-MTD 1 finished*
*Meta-MTD 5 finished*
*Meta-MTD 4 finished*
 
-----------------------
Multilevel Optimization
-----------------------
 
 -------------------------
 1. crude pre-optimization
 -------------------------
 Optimizing all 480 structures from file "crest_rotamers_0.xyz" ...
 1 2 3 4 5 6 7 8 9 10 11 12 13 14 15 16 17 18 19 20 21 22 23 24 25 26 27 28 29 30 31 32 33 34 35 36 37 38 39 40 41 42 43 44 45 46 47 48 49 50 51 52 53 54 55 56 57 58 59 60 61 62 63 64 65 66 67 68 69 70 71 72 73 74 75 76 77 78 79 80 81 82 83 84 85 86 87 88 89 90 91 92 93 94 95 96 97 98 99 100 101 102 103 104 105 106 107 108 109 110 111 112 113 114 115 116 117 118 119 120 121 122 123 124 125 126 127 128 129 130 131 132 133 134 135 136 137 138 139 140 141 142 143 144 145 146 147 148 149 150 151 152 153 154 155 156 157 158 159 160 161 162 163 164 165 166 167 168 169 170 171 172 173 174 175 176 177 178 179 180 181 182 183 184 185 186 187 188 189 190 191 192 193 194 195 196 197 198 199 200 201 202 203 204 205 206 207 208 209 210 211 212 213 214 215 216 217 218 219 220 221 222 223 224 225 226 227 228 229 230 231 232 233 234 235 236 237 238 239 240 241 242 243 244 245 246 247 248 249 250 251 252 253 254 255 256 257 258 259 260 261 262 263 264 265 266 267 268 269 270 271 272 273 274 275 276 277 278 279 280 281 282 283 284 285 286 287 288 289 290 291 292 293 294 295 296 297 298 299 300 301 302 303 304 305 306 307 308 309 310 311 312 313 314 315 316 317 318 319 320 321 322 323 324 325 326 327 328 329 330 331 332 333 334 335 336 337 338 339 340 341 342 343 344 345 346 347 348 349 350 351 352 353 354 355 356 357 358 359 360 361 362 363 364 365 366 367 368 369 370 371 372 373 374 375 376 377 378 379 380 381 382 383 384 385 386 387 388 389 390 391 392 393 394 395 396 397 398 399 400 401 402 403 404 405 406 407 408 409 410 411 412 413 414 415 416 417 418 419 420 421 422 423 424 425 426 427 428 429 430 431 432 433 434 435 436 437 438 439 440 441 442 443 444 445 446 447 448 449 450 451 452 453 454 455 456 457 458 459 460 461 462 463 464 465 466 467 468 469 470 471 472 473 474 475 476 477 478 479 480
 done.
 running RMSDs...
 done.
 E lowest :    -4.17707
 382 structures remain within     5.00 kcal/mol window
 
========================================
           MTD Simulations done         
========================================
 Collecting ensmbles.
 running RMSDs...
 done.
 E lowest :    -4.17707
 153 structures remain within     2.50 kcal/mol window
 
 
 
   ================================================
   |           Final Geometry Optimization        |
   ================================================
 --------------------------------------------
 Ensemble optimization with normal thresholds
 --------------------------------------------
 Optimizing all 153 structures from file "crest_rotamers_1.xyz" ...
 1 2 3 4 5 6 7 8 9 10 11 12 13 14 15 16 17 18 19 20 21 22 23 24 25 26 27 28 29 30 31 32 33 34 35 36 37 38 39 40 41 42 43 44 45 46 47 48 49 50 51 52 53 54 55 56 57 58 59 60 61 62 63 64 65 66 67 68 69 70 71 72 73 74 75 76 77 78 79 80 81 82 83 84 85 86 87 88 89 90 91 92 93 94 95 96 97 98 99 100 101 102 103 104 105 106 107 108 109 110 111 112 113 114 115 116 117 118 119 120 121 122 123 124 125 126 127 128 129 130 131 132 133 134 135 136 137 138 139 140 141 142 143 144 145 146 147 148 149 150 151 152 153
 done.
 running RMSDs...
 done.
 E lowest :    -4.17849
 106 structures remain within     2.50 kcal/mol window
 
 input  file name : crest_rotamers_2.xyz
 output file name : crest_rotamers_3.xyz
 number of atoms                :   29
 number of points on xyz files  :   153
 RMSD threshold                 :   0.1250
 Bconst threshold               :   0.0100
 population threshold           :   0.0500
 conformer energy window  /kcal :   2.5000
 # fragment in coord            :     1
 # bonds in reference structure :    28
 number of reliable points      :   153
 number of removed by energy    :    10
 number of remaining points     :   143
 reference state Etot :  -4.17848840000000
 number of doubles removed by rot/RMSD         :          37
 total number unique points considered further :         106
       Erel/kcal        Etot weight/tot  conformer     set   degen     origin
       1   0.000    -4.17849    0.04691    0.04691       1       1     mtd4
       2   0.376    -4.17789    0.02490    0.02490       2       1     mtd4
       3   0.399    -4.17785    0.02393    0.16593       3       7     mtd4
       4   0.401    -4.17785    0.02387                                mtd4
       5   0.402    -4.17785    0.02382                                mtd4
       6   0.407    -4.17784    0.02363                                mtd4
       7   0.407    -4.17784    0.02362                                mtd1
       8   0.408    -4.17784    0.02358                                mtd4
       9   0.410    -4.17783    0.02348                                mtd5
      10   0.412    -4.17783    0.02342    0.06967       4       3     mtd6
      11   0.419    -4.17782    0.02313                                mtd5
      12   0.420    -4.17782    0.02311                                mtd5
      13   0.659    -4.17744    0.01544    0.04608       5       3     mtd2
      14   0.663    -4.17743    0.01535                                mtd5
      15   0.665    -4.17743    0.01529                                mtd1
      16   0.667    -4.17742    0.01522    0.04603       6       3     mtd1
      17   0.660    -4.17744    0.01541                                mtd5
      18   0.661    -4.17744    0.01540                                mtd3
      19   0.676    -4.17741    0.01500    0.01500       7       1     mtd2
      20   0.773    -4.17726    0.01274    0.03787       8       3     mtd5
      21   0.778    -4.17725    0.01264                                mtd5
      22   0.785    -4.17724    0.01249                                mtd5
      23   0.781    -4.17724    0.01256    0.01256       9       1     mtd4
      24   0.794    -4.17722    0.01230    0.01230      10       1     mtd5
      25   0.805    -4.17721    0.01208    0.01208      11       1     mtd4
      26   0.825    -4.17717    0.01167    0.02325      12       2     mtd6
      27   0.830    -4.17717    0.01158                                mtd4
      28   0.838    -4.17715    0.01142    0.04551      13       4     mtd3
      29   0.839    -4.17715    0.01139                                mtd1
      30   0.840    -4.17715    0.01137                                mtd4
      31   0.843    -4.17715    0.01133                                mtd5
      32   0.847    -4.17714    0.01125    0.02284      14       2     mtd4
      33   0.829    -4.17717    0.01159                                mtd4
      34   0.851    -4.17713    0.01116    0.01116      15       1     mtd4
      35   0.844    -4.17714    0.01130    0.01130      16       1     mtd5
      36   0.867    -4.17711    0.01086    0.01086      17       1     mtd6
      37   0.869    -4.17710    0.01083    0.02147      18       2     mtd6
      38   0.879    -4.17709    0.01065                                mtd2
      39   0.901    -4.17705    0.01027    0.03054      19       3     mtd5
      40   0.904    -4.17705    0.01022                                mtd6
      41   0.914    -4.17703    0.01004                                mtd2
      42   0.929    -4.17701    0.00979    0.00979      20       1     mtd4
      43   0.931    -4.17700    0.00975    0.00975      21       1     mtd4
      44   0.994    -4.17690    0.00878    0.00878      22       1     mtd4
      45   1.020    -4.17686    0.00840    0.01664      23       2     mtd5
      46   1.032    -4.17684    0.00824                                mtd5
      47   1.030    -4.17685    0.00826    0.00826      24       1     mtd5
      48   1.094    -4.17674    0.00741    0.00741      25       1     mtd3
      49   1.097    -4.17674    0.00737    0.00737      26       1     mtd2
      50   1.114    -4.17671    0.00716    0.00716      27       1     mtd1
      51   1.132    -4.17668    0.00695    0.01390      28       2     mtd5
      52   1.133    -4.17668    0.00695                                mtd3
      53   1.133    -4.17668    0.00694    0.00694      29       1     mtd4
      54   1.140    -4.17667    0.00686    0.01361      30       2     mtd3
      55   1.150    -4.17666    0.00675                                mtd2
      56   1.151    -4.17665    0.00673    0.00673      31       1     mtd4
      57   1.152    -4.17665    0.00673    0.00673      32       1     mtd5
      58   1.167    -4.17663    0.00655    0.00655      33       1     mtd2
      59   1.181    -4.17661    0.00640    0.00640      34       1     mtd4
      60   1.183    -4.17660    0.00638    0.00638      35       1     mtd6
      61   1.190    -4.17659    0.00631    0.01254      36       2     mtd3
      62   1.197    -4.17658    0.00623                                mtd3
      63   1.203    -4.17657    0.00617    0.03046      37       5     mtd6
      64   1.204    -4.17657    0.00616                                mtd5
      65   1.216    -4.17655    0.00603                                mtd6
      66   1.206    -4.17657    0.00614                                mtd6
      67   1.223    -4.17654    0.00596                                mtd2
      68   1.208    -4.17656    0.00611    0.01202      38       2     mtd2
      69   1.229    -4.17653    0.00591                                mtd3
      70   1.235    -4.17652    0.00584    0.00584      39       1     mtd1
      71   1.216    -4.17655    0.00604    0.00604      40       1     mtd2
      72   1.277    -4.17645    0.00544    0.00544      41       1     mtd5
      73   1.299    -4.17642    0.00524    0.00524      42       1     mtd4
      74   1.308    -4.17640    0.00516    0.00516      43       1     mtd4
      75   1.318    -4.17639    0.00508    0.02015      44       4     mtd3
      76   1.326    -4.17638    0.00502                                mtd1
      77   1.330    -4.17637    0.00498                                mtd1
      78   1.319    -4.17639    0.00508                                mtd1
      79   1.332    -4.17636    0.00496    0.00496      45       1     mtd5
      80   1.321    -4.17638    0.00505    0.00505      46       1     mtd4
      81   1.336    -4.17636    0.00493    0.00493      47       1     mtd5
      82   1.323    -4.17638    0.00503    0.00503      48       1     mtd6
      83   1.358    -4.17632    0.00475    0.00942      49       2     mtd4
      84   1.367    -4.17631    0.00468                                mtd4
      85   1.406    -4.17625    0.00438    0.00438      50       1     mtd2
      86   1.430    -4.17621    0.00421    0.00421      51       1     mtd6
      87   1.450    -4.17618    0.00406    0.00406      52       1     mtd2
      88   1.460    -4.17616    0.00400    0.00400      53       1     mtd2
      89   1.491    -4.17611    0.00380    0.00380      54       1     mtd3
      90   1.524    -4.17606    0.00359    0.00359      55       1     mtd3
      91   1.531    -4.17605    0.00355    0.00355      56       1     mtd6
      92   1.579    -4.17597    0.00327    0.00327      57       1     mtd6
      93   1.582    -4.17597    0.00326    0.00972      58       3     mtd2
      94   1.584    -4.17596    0.00325                                mtd2
      95   1.589    -4.17596    0.00322                                mtd2
      96   1.619    -4.17591    0.00306    0.00306      59       1     mtd3
      97   1.623    -4.17590    0.00304    0.00304      60       1     mtd5
      98   1.685    -4.17580    0.00274    0.00274      61       1     mtd4
      99   1.795    -4.17563    0.00227    0.00455      62       2     mtd6
     100   1.795    -4.17563    0.00227                                mtd2
     101   2.255    -4.17489    0.00105    0.00105      63       1     mtd5
     102   2.279    -4.17486    0.00101    0.00101      64       1     mtd3
     103   2.404    -4.17466    0.00081    0.00081      65       1     mtd2
     104   2.415    -4.17464    0.00080    0.00080      66       1     mtd1
     105   2.481    -4.17453    0.00071    0.00143      67       2     mtd3
     106   2.483    -4.17453    0.00071                                mtd3
T /K                                  :   298.15
E lowest                              :    -4.17849
ensemble average energy (kcal)        :    0.804
ensemble entropy (J/mol K, cal/mol K) :   36.718    8.776
ensemble free energy (kcal/mol)       :   -2.617
population of lowest in %             :    4.691
 number of unique conformers for further calc           67
 list of relative energies saved as "crest.energies"
 
 -----------------
 Wall Time Summary
 -----------------
             test MD wall time :         0h : 0m : 0s
                 MTD wall time :         0h : 0m : 2s
      multilevel OPT wall time :         0h : 0m :18s
--------------------
Overall wall time  : 0h : 0m :26s
 
 CREST terminated normally.
