 
       ==============================================
       |                                            |
       |                 C R E S T                  |
       |                                            |
       |  Conformer-Rotamer Ensemble Sampling Tool  |
       |          based on the GFN methods          |
       |             P.Pracht, S.Grimme             |
       |          Universitaet Bonn, MCTC           |
       ==============================================
       Version 2.12,   Thu 19. Mai 16:32:32 CEST 2022
  Using the xTB program. Compatible with xTB version 6.4.0
 
   Cite work conducted with this code as

   • P.Pracht, F.Bohle, S.Grimme, PCCP, 2020, 22, 7169-7192.
   • S.Grimme, JCTC, 2019, 15, 2847-2862.

   and for works involving QCG as

   • S.Spicher, C.Plett, P.Pracht, A.Hansen, S.Grimme,
     JCTC, 2022, 18 (5), 3174-3189.
 
   with help from:
   C.Bannwarth, F.Bohle, S.Ehlert, S.Grimme,
   C.Plett, P.Pracht, S.Spicher
 
   This program is distributed in the hope that it will be useful,
   but WITHOUT ANY WARRANTY; without even the implied warranty of
   MERCHANTABILITY or FITNESS FOR A PARTICULAR PURPOSE.

 Command line input:
 > crest ./c14.xyz -gfnff -mquick -T 4

  -gfnff : Use of GFN-FF requested.
  -mquick  : very crude quick-mode (no NORMMD, no GC, crude opt.)
  -T 4 (CPUs/Threads selected)
 
 -------------------------
 xTB Geometry Optimization
 -------------------------
 Geometry successfully optimized.
 
------------------------------------------------
Generating MTD length from a flexibility measure
------------------------------------------------
 Calculating WBOs... done.
 Calculating NCI flexibility... done.
     covalent flexibility measure :   0.898
 non-covalent flexibility measure :   0.799
 flexibility measure :   0.827
 t(MTD) / ps    :    29.5
 Σ(t(MTD)) / ps :   177.0 (6 MTDs)
 
-------------------------------------
Starting a trial MTD to test settings
-------------------------------------
 Estimated runtime for one MTD (29.5 ps) on a single thread: 1 min 2 sec
 Estimated runtime for a batch of 6 MTDs on 4 threads: 2 min 3 sec
 
 list of Vbias parameters applied:
$metadyn    0.00200   1.000
$metadyn    0.00100   1.000
$metadyn    0.00200   0.500
$metadyn    0.00100   0.500
$metadyn    0.00200   0.250
$metadyn    0.00100   0.250
 
*******************************************************************************************
**                        N E W    I T E R A T I O N    C Y C L E                        **
*******************************************************************************************
 
========================================
            MTD Simulations 
========================================
 
     ========================================
     |         Meta-MD (MTD) Sampling       |
     ========================================
 
Starting Meta-MD   6 with the settings:
     MD time /ps        :    29.5
     dt /fs             :     1.5
     dumpstep(trj) /fs  :     100
     dumpstep(Vbias)/ps :     1.0
     Vbias factor k /Eh :  0.0440
     Vbias exp α /bohr⁻²:    0.25
Starting Meta-MD   1 with the settings:
     MD time /ps        :    29.5
     dt /fs             :     1.5
     dumpstep(trj) /fs  :     100
     dumpstep(Vbias)/ps :     1.0
     Vbias factor k /Eh :  0.0880
     Vbias exp α /bohr⁻²:    1.00
Starting Meta-MD   2 with the settings:
     MD time /ps        :    29.5
     dt /fs             :     1.5
     dumpstep(trj) /fs  :     100
     dumpstep(Vbias)/ps :     1.0
     Vbias factor k /Eh :  0.0440
     Vbias exp α /bohr⁻²:    1.00
Starting Meta-MD   3 with the settings:
     MD time /ps        :    29.5
     dt /fs             :     1.5
     dumpstep(trj) /fs  :     100
     dumpstep(Vbias)/ps :     1.0
     Vbias factor k /Eh :  0.0880
     Vbias exp α /bohr⁻²:    0.50
*Meta-MTD 6 finished*
Starting Meta-MD   5 with the settings:
     MD time /ps        :    29.5
     dt /fs             :     1.5
     dumpstep(trj) /fs  :     100
     dumpstep(Vbias)/ps :     1.0
     Vbias factor k /Eh :  0.0880
     Vbias exp α /bohr⁻²:    0.25
*Meta-MTD 3 finished*
Starting Meta-MD   4 with the settings:
     MD time /ps        :    29.5
     dt /fs             :     1.5
     dumpstep(trj) /fs  :     100
     dumpstep(Vbias)/ps :     1.0
     Vbias factor k /Eh :  0.0440
     Vbias exp α /bohr⁻²:    0.50
*Meta-MTD 2 finished*
*Meta-MTD 1 finished*
*Meta-MTD 5 finished*
*Meta-MTD 4 finished*
 
-----------------------
Multilevel Optimization
-----------------------
 
 -------------------------
 1. crude pre-optimization
 -------------------------
 Optimizing all 1782 structures from file "crest_rotamers_0.xyz" ...
 1 2 3 4 5 6 7 8 9 10 11 12 13 14 15 16 17 18 19 20 21 22 23 24 25 26 27 28 29 30 31 32 33 34 35 36 37 38 39 40 41 42 43 44 45 46 47 48 49 50 51 52 53 54 55 56 57 58 59 60 61 62 63 64 65 66 67 68 69 70 71 72 73 74 75 76 77 78 79 80 81 82 83 84 85 86 87 88 89 90 91 92 93 94 95 96 97 98 99 100 101 102 103 104 105 106 107 108 109 110 111 112 113 114 115 116 117 118 119 120 121 122 123 124 125 126 127 128 129 130 131 132 133 134 135 136 137 138 139 140 141 142 143 144 145 146 147 148 149 150 151 152 153 154 155 156 157 158 159 160 161 162 163 164 165 166 167 168 169 170 171 172 173 174 175 176 177 178 179 180 181 182 183 184 185 186 187 188 189 190 191 192 193 194 195 196 197 198 199 200 201 202 203 204 205 206 207 208 209 210 211 212 213 214 215 216 217 218 219 220 221 222 223 224 225 226 227 228 229 230 231 232 233 234 235 236 237 238 239 240 241 242 243 244 245 246 247 248 249 250 251 252 253 254 255 256 257 258 259 260 261 262 263 264 265 266 267 268 269 270 271 272 273 274 275 276 277 278 279 280 281 282 283 284 285 286 287 288 289 290 291 292 293 294 295 296 297 298 299 300 301 302 303 304 305 306 307 308 309 310 311 312 313 314 315 316 317 318 319 320 321 322 323 324 325 326 327 328 329 330 331 332 333 334 335 336 337 338 339 340 341 342 343 344 345 346 347 348 349 350 351 352 353 354 355 356 357 358 359 360 361 362 363 364 365 366 367 368 369 370 371 372 373 374 375 376 377 378 379 380 381 382 383 384 385 386 387 388 389 390 391 392 393 394 395 396 397 398 399 400 401 402 403 404 405 406 407 408 409 410 411 412 413 414 415 416 417 418 419 420 421 422 423 424 425 426 427 428 429 430 431 432 433 434 435 436 437 438 439 440 441 442 443 444 445 446 447 448 449 450 451 452 453 454 455 456 457 458 459 460 461 462 463 464 465 466 467 468 469 470 471 472 473 474 475 476 477 478 479 480 481 482 483 484 485 486 487 488 489 490 491 492 493 494 495 496 497 498 499 500 501 502 503 504 505 506 507 508 509 510 511 512 513 514 515 516 517 518 519 520 521 522 523 524 525 526 527 528 529 530 531 532 533 534 535 536 537 538 539 540 541 542 543 544 545 546 547 548 549 550 551 552 553 554 555 556 557 558 559 560 561 562 563 564 565 566 567 568 569 570 571 572 573 574 575 576 577 578 579 580 581 582 583 584 585 586 587 588 589 590 591 592 593 594 595 596 597 598 599 600 601 602 603 604 605 606 607 608 609 610 611 612 613 614 615 616 617 618 619 620 621 622 623 624 625 626 627 628 629 630 631 632 633 634 635 636 637 638 639 640 641 642 643 644 645 646 647 648 649 650 651 652 653 654 655 656 657 658 659 660 661 662 663 664 665 666 667 668 669 670 671 672 673 674 675 676 677 678 679 680 681 682 683 684 685 686 687 688 689 690 691 692 693 694 695 696 697 698 699 700 701 702 703 704 705 706 707 708 709 710 711 712 713 714 715 716 717 718 719 720 721 722 723 724 725 726 727 728 729 730 731 732 733 734 735 736 737 738 739 740 741 742 743 744 745 746 747 748 749 750 751 752 753 754 755 756 757 758 759 760 761 762 763 764 765 766 767 768 769 770 771 772 773 774 775 776 777 778 779 780 781 782 783 784 785 786 787 788 789 790 791 792 793 794 795 796 797 798 799 800 801 802 803 804 805 806 807 808 809 810 811 812 813 814 815 816 817 818 819 820 821 822 823 824 825 826 827 828 829 830 831 832 833 834 835 836 837 838 839 840 841 842 843 844 845 846 847 848 849 850 851 852 853 854 855 856 857 858 859 860 861 862 863 864 865 866 867 868 869 870 871 872 873 874 875 876 877 878 879 880 881 882 883 884 885 886 887 888 889 890 891 892 893 894 895 896 897 898 899 900 901 902 903 904 905 906 907 908 909 910 911 912 913 914 915 916 917 918 919 920 921 922 923 924 925 926 927 928 929 930 931 932 933 934 935 936 937 938 939 940 941 942 943 944 945 946 947 948 949 950 951 952 953 954 955 956 957 958 959 960 961 962 963 964 965 966 967 968 969 970 971 972 973 974 975 976 977 978 979 980 981 982 983 984 985 986 987 988 989 990 991 992 993 994 995 996 997 998 999 1000 1001 1002 1003 1004 1005 1006 1007 1008 1009 1010 1011 1012 1013 1014 1015 1016 1017 1018 1019 1020 1021 1022 1023 1024 1025 1026 1027 1028 1029 1030 1031 1032 1033 1034 1035 1036 1037 1038 1039 1040 1041 1042 1043 1044 1045 1046 1047 1048 1049 1050 1051 1052 1053 1054 1055 1056 1057 1058 1059 1060 1061 1062 1063 1064 1065 1066 1067 1068 1069 1070 1071 1072 1073 1074 1075 1076 1077 1078 1079 1080 1081 1082 1083 1084 1085 1086 1087 1088 1089 1090 1091 1092 1093 1094 1095 1096 1097 1098 1099 1100 1101 1102 1103 1104 1105 1106 1107 1108 1109 1110 1111 1112 1113 1114 1115 1116 1117 1118 1119 1120 1121 1122 1123 1124 1125 1126 1127 1128 1129 1130 1131 1132 1133 1134 1135 1136 1137 1138 1139 1140 1141 1142 1143 1144 1145 1146 1147 1148 1149 1150 1151 1152 1153 1154 1155 1156 1157 1158 1159 1160 1161 1162 1163 1164 1165 1166 1167 1168 1169 1170 1171 1172 1173 1174 1175 1176 1177 1178 1179 1180 1181 1182 1183 1184 1185 1186 1187 1188 1189 1190 1191 1192 1193 1194 1195 1196 1197 1198 1199 1200 1201 1202 1203 1204 1205 1206 1207 1208 1209 1210 1211 1212 1213 1214 1215 1216 1217 1218 1219 1220 1221 1222 1223 1224 1225 1226 1227 1228 1229 1230 1231 1232 1233 1234 1235 1236 1237 1238 1239 1240 1241 1242 1243 1244 1245 1246 1247 1248 1249 1250 1251 1252 1253 1254 1255 1256 1257 1258 1259 1260 1261 1262 1263 1264 1265 1266 1267 1268 1269 1270 1271 1272 1273 1274 1275 1276 1277 1278 1279 1280 1281 1282 1283 1284 1285 1286 1287 1288 1289 1290 1291 1292 1293 1294 1295 1296 1297 1298 1299 1300 1301 1302 1303 1304 1305 1306 1307 1308 1309 1310 1311 1312 1313 1314 1315 1316 1317 1318 1319 1320 1321 1322 1323 1324 1325 1326 1327 1328 1329 1330 1331 1332 1333 1334 1335 1336 1337 1338 1339 1340 1341 1342 1343 1344 1345 1346 1347 1348 1349 1350 1351 1352 1353 1354 1355 1356 1357 1358 1359 1360 1361 1362 1363 1364 1365 1366 1367 1368 1369 1370 1371 1372 1373 1374 1375 1376 1377 1378 1379 1380 1381 1382 1383 1384 1385 1386 1387 1388 1389 1390 1391 1392 1393 1394 1395 1396 1397 1398 1399 1400 1401 1402 1403 1404 1405 1406 1407 1408 1409 1410 1411 1412 1413 1414 1415 1416 1417 1418 1419 1420 1421 1422 1423 1424 1425 1426 1427 1428 1429 1430 1431 1432 1433 1434 1435 1436 1437 1438 1439 1440 1441 1442 1443 1444 1445 1446 1447 1448 1449 1450 1451 1452 1453 1454 1455 1456 1457 1458 1459 1460 1461 1462 1463 1464 1465 1466 1467 1468 1469 1470 1471 1472 1473 1474 1475 1476 1477 1478 1479 1480 1481 1482 1483 1484 1485 1486 1487 1488 1489 1490 1491 1492 1493 1494 1495 1496 1497 1498 1499 1500 1501 1502 1503 1504 1505 1506 1507 1508 1509 1510 1511 1512 1513 1514 1515 1516 1517 1518 1519 1520 1521 1522 1523 1524 1525 1526 1527 1528 1529 1530 1531 1532 1533 1534 1535 1536 1537 1538 1539 1540 1541 1542 1543 1544 1545 1546 1547 1548 1549 1550 1551 1552 1553 1554 1555 1556 1557 1558 1559 1560 1561 1562 1563 1564 1565 1566 1567 1568 1569 1570 1571 1572 1573 1574 1575 1576 1577 1578 1579 1580 1581 1582 1583 1584 1585 1586 1587 1588 1589 1590 1591 1592 1593 1594 1595 1596 1597 1598 1599 1600 1601 1602 1603 1604 1605 1606 1607 1608 1609 1610 1611 1612 1613 1614 1615 1616 1617 1618 1619 1620 1621 1622 1623 1624 1625 1626 1627 1628 1629 1630 1631 1632 1633 1634 1635 1636 1637 1638 1639 1640 1641 1642 1643 1644 1645 1646 1647 1648 1649 1650 1651 1652 1653 1654 1655 1656 1657 1658 1659 1660 1661 1662 1663 1664 1665 1666 1667 1668 1669 1670 1671 1672 1673 1674 1675 1676 1677 1678 1679 1680 1681 1682 1683 1684 1685 1686 1687 1688 1689 1690 1691 1692 1693 1694 1695 1696 1697 1698 1699 1700 1701 1702 1703 1704 1705 1706 1707 1708 1709 1710 1711 1712 1713 1714 1715 1716 1717 1718 1719 1720 1721 1722 1723 1724 1725 1726 1727 1728 1729 1730 1731 1732 1733 1734 1735 1736 1737 1738 1739 1740 1741 1742 1743 1744 1745 1746 1747 1748 1749 1750 1751 1752 1753 1754 1755 1756 1757 1758 1759 1760 1761 1762 1763 1764 1765 1766 1767 1768 1769 1770 1771 1772 1773 1774 1775 1776 1777 1778 1779 1780 1781 1782
 done.
 running RMSDs...
 done.
 E lowest :    -6.39506
 806 structures remain within     5.00 kcal/mol window
 
========================================
           MTD Simulations done         
========================================
 Collecting ensmbles.
 running RMSDs...
 done.
 E lowest :    -6.39506
 139 structures remain within     2.50 kcal/mol window
 
 
 
   ================================================
   |           Final Geometry Optimization        |
   ================================================
 --------------------------------------------
 Ensemble optimization with normal thresholds
 --------------------------------------------
 Optimizing all 139 structures from file "crest_rotamers_1.xyz" ...
 1 2 3 4 5 6 7 8 9 10 11 12 13 14 15 16 17 18 19 20 21 22 23 24 25 26 27 28 29 30 31 32 33 34 35 36 37 38 39 40 41 42 43 44 45 46 47 48 49 50 51 52 53 54 55 56 57 58 59 60 61 62 63 64 65 66 67 68 69 70 71 72 73 74 75 76 77 78 79 80 81 82 83 84 85 86 87 88 89 90 91 92 93 94 95 96 97 98 99 100 101 102 103 104 105 106 107 108 109 110 111 112 113 114 115 116 117 118 119 120 121 122 123 124 125 126 127 128 129 130 131 132 133 134 135 136 137 138 139
 done.
 running RMSDs...
 done.
 E lowest :    -6.39717
 109 structures remain within     2.50 kcal/mol window
 
 input  file name : crest_rotamers_2.xyz
 output file name : crest_rotamers_3.xyz
 number of atoms                :   44
 number of points on xyz files  :   139
 RMSD threshold                 :   0.1250
 Bconst threshold               :   0.0100
 population threshold           :   0.0500
 conformer energy window  /kcal :   2.5000
 # fragment in coord            :     1
 # bonds in reference structure :    43
 number of reliable points      :   139
 number of removed by energy    :    10
 number of remaining points     :   129
 reference state Etot :  -6.39717491000000
 number of doubles removed by rot/RMSD         :          20
 total number unique points considered further :         109
       Erel/kcal        Etot weight/tot  conformer     set   degen     origin
       1   0.000    -6.39717    0.05018    0.05018       1       1     mtd3
       2   0.005    -6.39717    0.04979    0.04979       2       1     mtd3
       3   0.069    -6.39706    0.04466    0.04466       3       1     mtd6
       4   0.199    -6.39686    0.03590    0.03590       4       1     mtd3
       5   0.249    -6.39678    0.03297    0.03297       5       1     mtd3
       6   0.270    -6.39675    0.03185    0.03185       6       1     mtd3
       7   0.273    -6.39674    0.03166    0.03166       7       1     mtd3
       8   0.440    -6.39647    0.02388    0.02388       8       1     mtd1
       9   0.454    -6.39645    0.02333    0.02333       9       1     mtd5
      10   0.466    -6.39643    0.02288    0.02288      10       1     mtd3
      11   0.513    -6.39636    0.02111    0.02111      11       1     mtd2
      12   0.516    -6.39635    0.02102    0.04149      12       2     mtd3
      13   0.532    -6.39633    0.02047                                mtd1
      14   0.538    -6.39632    0.02025    0.02025      13       1     mtd3
      15   0.543    -6.39631    0.02009    0.02009      14       1     mtd3
      16   0.525    -6.39634    0.02072    0.02072      15       1     mtd1
      17   0.589    -6.39624    0.01859    0.01859      16       1     mtd3
      18   0.608    -6.39621    0.01799    0.01799      17       1     mtd3
      19   0.719    -6.39603    0.01491    0.01491      18       1     mtd3
      20   0.767    -6.39595    0.01376    0.01376      19       1     mtd3
      21   0.774    -6.39594    0.01360    0.01360      20       1     mtd3
      22   0.782    -6.39593    0.01342    0.01342      21       1     mtd4
      23   0.800    -6.39590    0.01302    0.01302      22       1     mtd3
      24   0.824    -6.39586    0.01251    0.01251      23       1     mtd4
      25   0.829    -6.39585    0.01239    0.01239      24       1     mtd2
      26   0.830    -6.39585    0.01238    0.01238      25       1     mtd2
      27   0.843    -6.39583    0.01211    0.01211      26       1     mtd2
      28   0.905    -6.39573    0.01091    0.01091      27       1     mtd3
      29   0.957    -6.39565    0.00999    0.01989      28       2     mtd1
      30   0.962    -6.39564    0.00991                                mtd1
      31   0.961    -6.39564    0.00992    0.00992      29       1     mtd2
      32   0.998    -6.39558    0.00932    0.00932      30       1     mtd4
      33   1.008    -6.39557    0.00917    0.00917      31       1     mtd2
      34   1.029    -6.39553    0.00885    0.00885      32       1     mtd4
      35   1.038    -6.39552    0.00871    0.00871      33       1     mtd6
      36   1.044    -6.39551    0.00863    0.00863      34       1     mtd2
      37   1.130    -6.39537    0.00746    0.00746      35       1     mtd1
      38   1.146    -6.39535    0.00727    0.00727      36       1     mtd5
      39   1.159    -6.39533    0.00711    0.00711      37       1     mtd5
      40   1.164    -6.39532    0.00704    0.00704      38       1     mtd4
      41   1.168    -6.39531    0.00700    0.00700      39       1     mtd5
      42   1.178    -6.39530    0.00689    0.00689      40       1     mtd5
      43   1.179    -6.39530    0.00687    0.00687      41       1     mtd6
      44   1.192    -6.39528    0.00672    0.00672      42       1     mtd6
      45   1.195    -6.39527    0.00669    0.00669      43       1     mtd1
      46   1.241    -6.39520    0.00619    0.00619      44       1     mtd3
      47   1.245    -6.39519    0.00615    0.00615      45       1     mtd1
      48   1.254    -6.39518    0.00606    0.00606      46       1     mtd4
      49   1.280    -6.39513    0.00579    0.00579      47       1     mtd1
      50   1.302    -6.39510    0.00559    0.00559      48       1     mtd6
      51   1.305    -6.39509    0.00555    0.00555      49       1     mtd6
      52   1.314    -6.39508    0.00547    0.00547      50       1     mtd6
      53   1.326    -6.39506    0.00536    0.00536      51       1     mtd6
      54   1.341    -6.39504    0.00523    0.00523      52       1     mtd4
      55   1.362    -6.39500    0.00504    0.00504      53       1     mtd5
      56   1.367    -6.39500    0.00501    0.00501      54       1     mtd2
      57   1.376    -6.39498    0.00493    0.00493      55       1     mtd3
      58   1.396    -6.39495    0.00477    0.00477      56       1     mtd1
      59   1.408    -6.39493    0.00467    0.00467      57       1     mtd1
      60   1.413    -6.39492    0.00463    0.00463      58       1     mtd4
      61   1.420    -6.39491    0.00457    0.00457      59       1     mtd4
      62   1.426    -6.39490    0.00453    0.00453      60       1     mtd2
      63   1.430    -6.39490    0.00450    0.00450      61       1     mtd6
      64   1.430    -6.39490    0.00450    0.00450      62       1     mtd6
      65   1.439    -6.39488    0.00444    0.00444      63       1     mtd5
      66   1.452    -6.39486    0.00434    0.00434      64       1     mtd3
      67   1.459    -6.39485    0.00429    0.00429      65       1     mtd1
      68   1.477    -6.39482    0.00416    0.00416      66       1     mtd5
      69   1.477    -6.39482    0.00416    0.00416      67       1     mtd1
      70   1.480    -6.39482    0.00414    0.00414      68       1     mtd4
      71   1.482    -6.39481    0.00412    0.00412      69       1     mtd6
      72   1.484    -6.39481    0.00411    0.00411      70       1     mtd1
      73   1.497    -6.39479    0.00402    0.00402      71       1     mtd2
      74   1.518    -6.39476    0.00388    0.00388      72       1     mtd4
      75   1.523    -6.39475    0.00385    0.00385      73       1     mtd4
      76   1.541    -6.39472    0.00373    0.00373      74       1     mtd5
      77   1.551    -6.39470    0.00367    0.00367      75       1     mtd5
      78   1.558    -6.39469    0.00363    0.00363      76       1     mtd4
      79   1.573    -6.39467    0.00354    0.00354      77       1     mtd5
      80   1.578    -6.39466    0.00351    0.00351      78       1     mtd6
      81   1.586    -6.39465    0.00346    0.00346      79       1     mtd5
      82   1.587    -6.39465    0.00346    0.00346      80       1     mtd2
      83   1.598    -6.39463    0.00339    0.00339      81       1     mtd1
      84   1.619    -6.39460    0.00327    0.00327      82       1     mtd6
      85   1.655    -6.39454    0.00308    0.00308      83       1     mtd5
      86   1.656    -6.39454    0.00307    0.00307      84       1     mtd4
      87   1.670    -6.39451    0.00300    0.00300      85       1     mtd5
      88   1.675    -6.39451    0.00298    0.00298      86       1     mtd4
      89   1.694    -6.39448    0.00288    0.00288      87       1     mtd3
      90   1.765    -6.39436    0.00256    0.00256      88       1     mtd4
      91   1.773    -6.39435    0.00252    0.00252      89       1     mtd4
      92   1.776    -6.39435    0.00251    0.00251      90       1     mtd2
      93   1.788    -6.39433    0.00246    0.00246      91       1     mtd3
      94   1.810    -6.39429    0.00237    0.00237      92       1     mtd4
      95   1.823    -6.39427    0.00232    0.00232      93       1     mtd3
      96   1.824    -6.39427    0.00231    0.00231      94       1     mtd3
      97   1.902    -6.39414    0.00203    0.00203      95       1     mtd6
      98   1.926    -6.39411    0.00195    0.00195      96       1     mtd4
      99   1.930    -6.39410    0.00194    0.00194      97       1     mtd5
     100   1.938    -6.39409    0.00191    0.00191      98       1     mtd3
     101   2.067    -6.39388    0.00154    0.00154      99       1     mtd5
     102   2.069    -6.39388    0.00153    0.00153     100       1     mtd4
     103   2.134    -6.39377    0.00137    0.00137     101       1     mtd2
     104   2.153    -6.39374    0.00133    0.00133     102       1     mtd3
     105   2.244    -6.39360    0.00114    0.00114     103       1     mtd5
     106   2.278    -6.39354    0.00108    0.00108     104       1     mtd4
     107   2.403    -6.39334    0.00087    0.00087     105       1     mtd1
     108   2.408    -6.39334    0.00086    0.00086     106       1     mtd4
     109   2.474    -6.39323    0.00077    0.00077     107       1     mtd1
T /K                                  :   298.15
E lowest                              :    -6.39717
ensemble average energy (kcal)        :    0.750
ensemble entropy (J/mol K, cal/mol K) :   35.391    8.459
ensemble free energy (kcal/mol)       :   -2.522
population of lowest in %             :    5.018
 number of unique conformers for further calc          107
 list of relative energies saved as "crest.energies"
 
 -----------------
 Wall Time Summary
 -----------------
             test MD wall time :         0h : 0m : 0s
                 MTD wall time :         0h : 0m :18s
      multilevel OPT wall time :         0h : 1m :35s
--------------------
Overall wall time  : 0h : 2m : 1s
 
 CREST terminated normally.
