56
 energy: -57.959073615720 gnorm: 0.037797937573 xtb: 6.6.1 (8d0f1dd)
C            4.35571500000000       -0.01079800000000       -0.04955900000000
C            4.13469200000000       -1.15134000000000       -1.02970600000000
C            3.89363100000000       -2.49987500000000       -0.34371600000000
C            2.64480800000000       -2.54204800000000        0.54233000000000
C            1.34561700000000       -2.28232500000000       -0.22039500000000
C            0.09799900000000       -2.47318400000000        0.64186200000000
C           -1.19585400000000       -2.21146000000000       -0.12763900000000
C           -2.45147100000000       -2.41843500000000        0.72021500000000
C           -3.75490100000000       -2.18796800000000       -0.05228000000000
C           -3.90097400000000       -0.77124100000000       -0.61524300000000
C           -3.99346200000000        0.30804700000000        0.46443800000000
C           -3.99882900000000        1.73274300000000       -0.09745200000000
C           -2.68382400000000        2.14054600000000       -0.77127000000000
C           -1.48898800000000        2.15739300000000        0.18350700000000
C           -0.19409400000000        2.62034600000000       -0.48401700000000
C            0.97351400000000        2.72488700000000        0.49708600000000
C            2.26643200000000        3.21157000000000       -0.15866600000000
C            3.39424800000000        3.41058500000000        0.84248000000000
H            3.47147700000000        0.16289600000000        0.56638700000000
H            5.18418400000000       -0.22656300000000        0.62838200000000
H            4.58692000000000        0.92753000000000       -0.55972300000000
H            5.00154400000000       -1.23104700000000       -1.70179800000000
H            3.29011000000000       -0.91780200000000       -1.69143300000000
H            3.81833500000000       -3.29101300000000       -1.10181700000000
H            4.77815700000000       -2.75802900000000        0.25388400000000
H            2.73914000000000       -1.81792500000000        1.36061300000000
H            2.57604400000000       -3.51904800000000        1.03952700000000
H            1.29286800000000       -2.94636600000000       -1.09221900000000
H            1.34984400000000       -1.26672700000000       -0.63459400000000
H            0.14845100000000       -1.81303600000000        1.51695500000000
H            0.08418900000000       -3.49066200000000        1.05223800000000
H           -1.17392900000000       -1.19022700000000       -0.52586600000000
H           -1.23796700000000       -2.86097800000000       -1.01097700000000
H           -2.41130600000000       -1.75972500000000        1.59571300000000
H           -2.43839200000000       -3.43500400000000        1.13582900000000
H           -4.61515800000000       -2.40699600000000        0.59390400000000
H           -3.81531800000000       -2.91779500000000       -0.87072100000000
H           -3.05922300000000       -0.55808100000000       -1.28261600000000
H           -4.78811000000000       -0.70868300000000       -1.25989400000000
H           -4.89513900000000        0.13358000000000        1.06694600000000
H           -3.16313900000000        0.20071300000000        1.17030900000000
H           -4.82989000000000        1.83292100000000       -0.80801300000000
H           -4.21955600000000        2.44686600000000        0.70719400000000
H           -2.46793000000000        1.47326400000000       -1.61385800000000
H           -2.79102000000000        3.13552300000000       -1.22406900000000
H           -1.33471500000000        1.16197300000000        0.61650600000000
H           -1.71447100000000        2.80778900000000        1.03803100000000
H           -0.35642200000000        3.59305600000000       -0.96515600000000
H            0.06712200000000        1.93746400000000       -1.30228000000000
H            1.14337600000000        1.75266200000000        0.97676500000000
H            0.70210000000000        3.40217300000000        1.31659500000000
H            2.07013200000000        4.15053400000000       -0.69401600000000
H            2.56755000000000        2.49982900000000       -0.93925700000000
H            4.32191900000000        3.72795200000000        0.35990300000000
H            3.13461700000000        4.16913800000000        1.58398400000000
H            3.60631700000000        2.49037900000000        1.39010400000000
56
 energy: -57.962348467466 gnorm: 0.016663802382 xtb: 6.6.1 (8d0f1dd)
C            4.35692954783730       -0.01449666432515       -0.04750254849202
C            4.13052506411540       -1.15227052477764       -1.02986636045452
C            3.88552297800683       -2.49677035087604       -0.34237943598014
C            2.63787916392681       -2.53887731203189        0.54263582193324
C            1.34068739712317       -2.28266375594623       -0.22307040040975
C            0.09828067829429       -2.47726352289116        0.64447701245346
C           -1.19070329953794       -2.21163573169645       -0.13058366443491
C           -2.44409171207692       -2.41466947949421        0.71984233759004
C           -3.74697854743719       -2.18238664537518       -0.05035074045084
C           -3.89730486056163       -0.76930004321768       -0.61578702092175
C           -3.98923034493244        0.30681299045169        0.46480904164358
C           -3.99007295957782        1.72842285235909       -0.09906812808244
C           -2.67578801832958        2.13800285908302       -0.76977154125109
C           -1.48450851189123        2.15909630214217        0.18792554047881
C           -0.19419086926877        2.62375361829762       -0.48532157715805
C            0.96971895113988        2.72585796585697        0.49938713698008
C            2.25908453942856        3.21197920811646       -0.16104910361482
C            3.38392458771507        3.41027573639793        0.84414436529478
H            3.46902633662083        0.16001859551353        0.55740587112522
H            5.18608134036057       -0.23866545485257        0.62375391639117
H            4.58947825721332        0.91159015777997       -0.57176906488274
H            5.00738442471239       -1.24404558954301       -1.68139557390186
H            3.28477183325973       -0.91390438675792       -1.68210347809917
H            3.80337372926606       -3.27603956560946       -1.10815781826881
H            4.76216941045185       -2.74567217710038        0.26625603662035
H            2.73428867910442       -1.81067573049510        1.35332897577426
H            2.57930938231392       -3.52440146104406        1.01823281808485
H            1.29019262702575       -2.95799516921211       -1.08404096464708
H            1.34241797083034       -1.26213353815534       -0.61783744097717
H            0.14849352140337       -1.80483876913193        1.50809124502655
H            0.08445899451944       -3.49865179652658        1.03971669844236
H           -1.16509995362096       -1.18621383561015       -0.50988115111576
H           -1.23503701295674       -2.87297527319033       -1.00266029652814
H           -2.40518695065674       -1.75195998268498        1.58931948984336
H           -2.44378785069796       -3.43728002752747        1.11361318755570
H           -4.59626572804736       -2.39583191876550        0.60823507701639
H           -3.80082616772507       -2.90116390900881       -0.87558171804159
H           -3.05355180436466       -0.56029929181104       -1.27614996635578
H           -4.79650027747677       -0.72246761325133       -1.24057903966454
H           -4.90331987202749        0.14636091632382        1.04765020045003
H           -3.15652223154091        0.20365993654517        1.16291912220253
H           -4.80837704640050        1.82467063974094       -0.82136699474874
H           -4.20332740537512        2.43252738912561        0.71288039897483
H           -2.46067742524456        1.46621759334006       -1.60579125988536
H           -2.79788835891401        3.13727821336557       -1.20268240883305
H           -1.32444862793395        1.15987474114804        0.60269793266103
H           -1.71318880027740        2.82067994470559        1.03050700541524
H           -0.35909371703673        3.60088671815842       -0.95200917378154
H            0.06834285403646        1.92950860232322       -1.29114180146941
H            1.14433643656653        1.74845172809703        0.96222703042603
H            0.69815980168194        3.41372754203003        1.30729434947560
H            2.06443441490745        4.15706080846127       -0.67999357451089
H            2.56760734719320        2.49088513161395       -0.92575881355493
H            4.30203877607314        3.72576861205842        0.34912210158657
H            3.11954102091009        4.17246302732191        1.57696420328830
H            3.59447828787231        2.48769569055218        1.38365114378254
56
 energy: -57.962916047655 gnorm: 0.002606984763 xtb: 6.6.1 (8d0f1dd)
C            4.35915843421430       -0.01549289099434       -0.04754049581110
C            4.12941880522930       -1.15434154559593       -1.03076750363899
C            3.87919860353089       -2.49672536505797       -0.34242997047903
C            2.63234431825845       -2.53942652800745        0.54300804137248
C            1.33722098742125       -2.28276701736285       -0.22456910009007
C            0.09840097913310       -2.48127914635080        0.64657312854847
C           -1.18704483510329       -2.21162411186251       -0.13241933030419
C           -2.43808839596331       -2.41462595686415        0.72012625892841
C           -3.74116041749352       -2.18031822288422       -0.04864374106562
C           -3.89606810847088       -0.76867914639852       -0.61569326956004
C           -3.98736227032213        0.30653754875073        0.46454470865932
C           -3.98368073837761        1.72728888635578       -0.10052182399022
C           -2.66924860694860        2.13858706869058       -0.76909836147985
C           -1.48130561863241        2.15980132345187        0.19157226414032
C           -0.19490561919300        2.62700769687028       -0.48632601473989
C            0.96649813325782        2.72751353234039        0.50076823450054
C            2.25301273658143        3.21360578003251       -0.16316560554927
C            3.37693563568516        3.41304134569790        0.84553178937126
H            3.47003894703432        0.16098167248332        0.55156679010215
H            5.18594552018393       -0.24748871170131        0.62108977166116
H            4.59695483659256        0.90287298050779       -0.57932717268115
H            5.01078853851244       -1.25506697744428       -1.67010416700109
H            3.28549397184687       -0.91162679389480       -1.67885748925067
H            3.79233838847080       -3.27016930377564       -1.11030544780653
H            4.74978762138141       -2.74090002448884        0.27268301451936
H            2.72798329905700       -1.81027785422752        1.34965449212933
H            2.57796375547883       -3.52843021844305        1.00666509012042
H            1.28756356475709       -2.96194788598960       -1.07974115570843
H            1.33518235628044       -1.26101282931400       -0.60961946443499
H            0.14851776057980       -1.80529979114675        1.50476777812872
H            0.08452277440473       -3.50360090003026        1.03324046220435
H           -1.15670008333631       -1.18534859647045       -0.50232539213691
H           -1.23207381488211       -2.87720200435198       -0.99843659630514
H           -2.39712519306411       -1.75164733629611        1.58650023841741
H           -2.44419006377966       -3.43970928268817        1.10106285385974
H           -4.58232303440888       -2.39049175194217        0.61774435232003
H           -3.79166417195127       -2.89314043574319       -0.87628940375538
H           -3.05458883579752       -0.56085140802516       -1.27510259678368
H           -4.80216133050861       -0.73204835665301       -1.22719364914387
H           -4.90828862018321        0.15529055538761        1.03470697660881
H           -3.15626335096008        0.20408129335040        1.16062609722486
H           -4.79255996085637        1.82136677808263       -0.83038952000014
H           -4.19341918881421        2.42599058418274        0.71400757008690
H           -2.45159312773887        1.46632196980430       -1.60117874994073
H           -2.79865408687654        3.13937100970916       -1.19061421662101
H           -1.31604287147590        1.16073839567912        0.59851517236792
H           -1.71113816296625        2.82621028602332        1.02715375475828
H           -0.36088786567077        3.60521966892527       -0.94524329485126
H            0.06799413121956        1.92904170473002       -1.28592068889191
H            1.14282711966072        1.74883000531893        0.95512133413056
H            0.69512981331299        3.41889233681342        1.30274392539859
H            2.05835820052527        4.15962611788152       -0.67457505501144
H            2.56448437790762        2.48822880693847       -0.91866710993379
H            4.28983620894502        3.72761610611343        0.34407003597391
H            3.10730312712281        4.17581442824273        1.57318742409610
H            3.58430542718951        2.48964051164078        1.38127182733703
56
 energy: -57.962960681317 gnorm: 0.001314705973 xtb: 6.6.1 (8d0f1dd)
C            4.36156355182821       -0.01642475069798       -0.04837125924869
C            4.13011446358974       -1.15621560571028       -1.03143546438096
C            3.87788781346871       -2.49802810756826       -0.34226079663929
C            2.63068758125844       -2.54036205988386        0.54295868547761
C            1.33624464154101       -2.28327192548640       -0.22496871662621
C            0.09837686698200       -2.48347190042010        0.64687807757491
C           -1.18609671532768       -2.21206243362416       -0.13286972849134
C           -2.43622471436544       -2.41540808464836        0.72030986345184
C           -3.74013163213764       -2.18061666356111       -0.04721504434782
C           -3.89691658728275       -0.76916679159779       -0.61532578574854
C           -3.98789322866381        0.30681740695789        0.46419200053559
C           -3.98236250981784        1.72755430720265       -0.10196808809947
C           -2.66697579187758        2.13923139770031       -0.76872733453452
C           -1.48033254524579        2.16061542380851        0.19300197475922
C           -0.19515042321326        2.62887714450593       -0.48610609425364
C            0.96576760525335        2.72902591414871        0.50122091096910
C            2.25123626201516        3.21539194564160       -0.16389593535006
C            3.37477064750675        3.41632993660966        0.84594523447945
H            3.47190723870321        0.16307773910624        0.54874334331342
H            5.18624313991478       -0.25088492419083        0.62162016164367
H            4.60325311044612        0.90002518199204       -0.58135135559889
H            5.01218172054513       -1.25958476475223       -1.66846163690876
H            3.28777850709422       -0.91180155237016       -1.68047102442130
H            3.78944322049852       -3.27100610473307       -1.10988720605280
H            4.74743805377873       -2.74269663282005        0.27331679169300
H            2.72551733331741       -1.81225673969757        1.35019961824500
H            2.57561047221617       -3.52973306056872        1.00460237394561
H            1.28631960995506       -2.96143323249564       -1.08038608579742
H            1.33276628731883       -1.26137432187610       -0.60843983895502
H            0.14852461298965       -1.80906259343362        1.50576525003805
H            0.08439349587786       -3.50610307931147        1.03146605454728
H           -1.15410211173253       -1.18573852115997       -0.50135452984902
H           -1.23092400158725       -2.87669372971855       -0.99905868355308
H           -2.39351023714005       -1.75399349045092        1.58739181302645
H           -2.44223940182125       -3.44088033833256        1.09870885607523
H           -4.57969434331840       -2.39048006566200        0.62047404030654
H           -3.79037206504692       -2.89319700991590       -0.87452946997305
H           -3.05757282724278       -0.56082801107277       -1.27702234996469
H           -4.80455196640707       -0.73524733584367       -1.22373619235167
H           -4.91018258204022        0.15814405576102        1.03179994609033
H           -3.15848123493954        0.20354193044567        1.16188501769622
H           -4.78927599472781        1.82144443762927       -0.83330107082608
H           -4.19209101777343        2.42617799132289        0.71206682248356
H           -2.44725742397592        1.46837539145329       -1.60098191866297
H           -2.79630141022576        3.14028159826060       -1.18829319852072
H           -1.31353718570117        1.16209528024989        0.59957857549656
H           -1.71016795450484        2.82678879743032        1.02819295740165
H           -0.36186514952280        3.60701448417743       -0.94388559619788
H            0.06756407594629        1.93170602997656       -1.28586295614956
H            1.14181121658863        1.75044912120699        0.95486970893288
H            0.69411739168687        3.41999392361834        1.30290909771259
H            2.05567550378711        4.16054374950787       -0.67555259093691
H            2.56301710112976        2.48942864232487       -0.91799281960258
H            4.28733259936270        3.73110387143672        0.34466832464882
H            3.10271862183066        4.17890863417797        1.57249518370462
H            3.58091830920847        2.49305749495083        1.38188908779374
56
 energy: -57.963020503667 gnorm: 0.003525172936 xtb: 6.6.1 (8d0f1dd)
C            4.37053644982603       -0.02110780054314       -0.05170538137450
C            4.13453488999144       -1.16356623303118       -1.03302716909706
C            3.87523735540133       -2.50355418886676       -0.34187056695392
C            2.62705326518176       -2.54409024598655        0.54240361212759
C            1.33435359471416       -2.28467091713679       -0.22597047810335
C            0.09818897004165       -2.49076193863471        0.64602922123510
C           -1.18443488530133       -2.21312580696237       -0.13375200140113
C           -2.43206569012221       -2.41825004957453        0.72099548320957
C           -3.73858032173049       -2.18220109317104       -0.04211776787006
C           -3.90123879759319       -0.77162489547159       -0.61354354134024
C           -3.99108487739433        0.30800534219300        0.46271749726447
C           -3.97957501199443        1.72834591765083       -0.10704836136756
C           -2.66129968144951        2.14102932928810       -0.76771661504695
C           -1.47826261583746        2.16301385199868        0.19701555810053
C           -0.19626106363011        2.63544430686270       -0.48410526099632
C            0.96438618844127        2.73508859483059        0.50235258943181
C            2.24729043963857        3.22255174638070       -0.16513522793278
C            3.36884914268875        3.42924650404647        0.84722296476722
H            3.47869555195839        0.17015105927900        0.53855547060169
H            5.18773037948910       -0.26251440390480        0.62466363801939
H            4.62608393903544        0.89015186248759       -0.58714729294380
H            5.01805750328460       -1.27392900956199       -1.66576041664224
H            3.29662407869558       -0.91486517408940       -1.68591947719206
H            3.78282810625472       -3.27644574115672       -1.10863057198073
H            4.74310015485908       -2.75118016455153        0.27379480501243
H            2.72008204165208       -1.81910956466682        1.35236718837711
H            2.56874808386609       -3.53437073410400        1.00048601850473
H            1.28374935641809       -2.95872794693164       -1.08403275276427
H            1.32742494972084       -1.26179661929917       -0.60567973135515
H            0.14854408333962       -1.82300894683472        1.50950345708929
H            0.08374072046257       -3.51534720836603        1.02419109323145
H           -1.14862861600273       -1.18609736106221       -0.49891297252598
H           -1.22908270260705       -2.87381419053576       -1.00237004964378
H           -2.38432530575167       -1.76175757652123        1.59129382542607
H           -2.43646235560381       -3.44510186666463        1.09400607444999
H           -4.57494465615164       -2.39146267862430        0.62859731947233
H           -3.78971140617322       -2.89582172361014       -0.86783520400039
H           -3.06820264311934       -0.56168611411856       -1.28295430920808
H           -4.81299531102182       -0.74467985703444       -1.21487211293210
H           -4.91685034177850        0.16618842020526        1.02507888207011
H           -3.16655446866610        0.20221941663590        1.16598625630512
H           -4.78208485167125        1.82152499771958       -0.84226039110590
H           -4.19139619462285        2.42846568810335        0.70451599226928
H           -2.43527471499082        1.47417054573963       -1.60121954628049
H           -2.78909203957893        3.14301690261486       -1.18405100350235
H           -1.30758343524811        1.16571285451032        0.60406532998472
H           -1.70852687594544        2.82795903285680        1.03247256362267
H           -0.36571475635466        3.61381572829718       -0.93935569108532
H            0.06615316801919        1.94163999917708       -1.28622765185192
H            1.13994921093166        1.75668490244758        0.95540958139610
H            0.69203960023296        3.42444339183658        1.30466765156626
H            2.04840117482090        4.16476596998291       -0.67990706502771
H            2.56047172151602        2.49512359581079       -0.91643926318808
H            4.28174867869955        3.74531334225043        0.34856480014238
H            3.08976237014750        4.19164528732749        1.57087400017837
H            3.57283845101203        2.50692946048339        1.38517400085845
56
 energy: -57.963046553564 gnorm: 0.002291892188 xtb: 6.6.1 (8d0f1dd)
C            4.37356771124639       -0.02376080977436       -0.05277585421122
C            4.13673974955718       -1.16641088692535       -1.03317599781230
C            3.87556240551343       -2.50589170375395       -0.34193323112573
C            2.62722877202031       -2.54530608672783        0.54190053208890
C            1.33462967584067       -2.28488319450418       -0.22632440638200
C            0.09808108003853       -2.49260659657029        0.64464784862923
C           -1.18489021532077       -2.21304754191198       -0.13378575285111
C           -2.43220378938417       -2.41877653958956        0.72127407628123
C           -3.73927377134568       -2.18268277732083       -0.04053618240738
C           -3.90304013147131       -0.77264306381036       -0.61277479639105
C           -3.99248843555394        0.30830443825820        0.46227925549432
C           -3.97977592776445        1.72812664414223       -0.10854223485702
C           -2.66095189444867        2.14084998104100       -0.76763398629294
C           -1.47839827929641        2.16355895066799        0.19765143319778
C           -0.19668987895777        2.63748426595602       -0.48289559642465
C            0.96449974774430        2.73744625787369        0.50273813398157
C            2.24721355287449        3.22541220829119       -0.16471813244896
C            3.36777722887869        3.43411217766712        0.84774172145472
H            3.48086328785590        0.17147189183127        0.53498228587148
H            5.18828476864843       -0.26654128830124        0.62622301452544
H            4.63343445473972        0.88626358422632       -0.58840019285780
H            5.02046143139819       -1.27804208335089       -1.66583813903594
H            3.29943593666298       -0.91729523131013       -1.68693386408713
H            3.78272310375235       -3.27896321985795       -1.10875803937471
H            4.74337119469967       -2.75475642074198        0.27370029955808
H            2.72074717156889       -1.82059778352965        1.35230142002977
H            2.56803940354668       -3.53572529415667        1.00021481948910
H            1.28441167086741       -2.95763005787450       -1.08574887822233
H            1.32785045215353       -1.26131708328119       -0.60479372384318
H            0.14859829087100       -1.82725773817654        1.51026076756020
H            0.08341090242553       -3.51835589026187        1.02037667906976
H           -1.14910787242562       -1.18538608947047       -0.49777525785905
H           -1.23034392961456       -2.87245854875817       -1.00365541936495
H           -2.38399225578857       -1.76301206034390        1.59232435247406
H           -2.43610810989260       -3.44605029770588        1.09398180969731
H           -4.57535341047834       -2.39178955407105        0.63095320637674
H           -3.79161853161503       -2.89706967432840       -0.86580686191504
H           -3.07090214208221       -0.56275207570399       -1.28348252998405
H           -4.81549803408082       -0.74672987347807       -1.21348645077214
H           -4.91875706893729        0.16770087242903        1.02456078270809
H           -3.16849642924150        0.20237076711811        1.16632847879537
H           -4.78165996568429        1.82085561256561       -0.84482453678128
H           -4.19320987147509        2.42910097341416        0.70216060918278
H           -2.43392801799571        1.47411559775244       -1.60120150439627
H           -2.78848081834795        3.14294909885549       -1.18454981116172
H           -1.30726422929140        1.16614805282312        0.60481812435688
H           -1.70955649373299        2.82811033346684        1.03350838072635
H           -0.36722542359252        3.61626961559501       -0.93743649875726
H            0.06598173662277        1.94469928227930       -1.28613477199782
H            1.14064263707050        1.75894328746894        0.95592058523605
H            0.69232757910754        3.42664146775109        1.30556705885560
H            2.04754091524194        4.16697675010652       -0.68091658897437
H            2.56146484893677        2.49761478909509       -0.91558139425520
H            4.28101001079255        3.75088298654033        0.34995699140674
H            3.08759014073880        4.19686330081805        1.57077273015241
H            3.57269506640455        2.51244427755712        1.38671223764463
56
 energy: -57.963120938029 gnorm: 0.002715813299 xtb: 6.6.1 (8d0f1dd)
C            4.38900888269079       -0.03826558792814       -0.05782120130757
C            4.14813822781270       -1.18174565480967       -1.03429504469609
C            3.87731849867345       -2.51874854813260       -0.34262370346023
C            2.62808672439636       -2.55162115795964        0.53923066087602
C            1.33610801151474       -2.28558061569188       -0.22890596510624
C            0.09750865190830       -2.50204666284730        0.63718164572442
C           -1.18745174180649       -2.21187341134969       -0.13432753117364
C           -2.43310227678501       -2.42072756339401        0.72299866175889
C           -3.74322165871783       -2.18491989188902       -0.03253128595905
C           -3.91169588633155       -0.77757934866872       -0.60903294891574
C           -3.99899988335399        0.30930015112400        0.46056331433661
C           -3.98124897577661        1.72639327181112       -0.11587996917259
C           -2.65963044849039        2.13900441248141       -0.76786968294737
C           -1.47949133107820        2.16615252061076        0.20065395016803
C           -0.19907600867915        2.64825305835785       -0.47683316419954
C            0.96458178741663        2.74981314297739        0.50545473037951
C            2.24648292832684        3.24060826270779       -0.16210198301104
C            3.36260805651283        3.45988597763266        0.85083656972993
H            3.49162916926689        0.17652659124887        0.51669418771047
H            5.19078411536544       -0.28892895653738        0.63444272543191
H            4.67124599004484        0.86515428972859       -0.59455700627931
H            5.03287111285270       -1.29987086975129       -1.66594452156146
H            3.31360206717586       -0.93036581919508       -1.69145634922456
H            3.78246916656596       -3.29219064201643       -1.10979632487959
H            4.74387852888479       -2.77339874827189        0.27385891464160
H            2.72513122224035       -1.82722527212609        1.35026390704758
H            2.56455898673730       -3.54218598993136        0.99883779886722
H            1.28850186204514       -2.95152651381220       -1.09480888266603
H            1.33077663896133       -1.25844580574179       -0.59976621792481
H            0.14908106072228       -1.84883637263774        1.51302929347861
H            0.08162833250742       -3.53360012348739        0.99948741493787
H           -1.15184019391148       -1.18091729820898       -0.49096948506328
H           -1.23812295425179       -2.86459537181163       -1.01003955041959
H           -2.38325669795424       -1.76745137812022        1.59656869390576
H           -2.43503665320115       -3.44958209479972        1.09427715718824
H           -4.57696309429711       -2.39266725414379        0.64371793543044
H           -3.80188707108324       -2.90266257510190       -0.85550764985521
H           -3.08307441086839       -0.56864873982121       -1.28478134106782
H           -4.82724192641191       -0.75625021749098       -1.20668816201708
H           -4.92714065714689        0.17430643563758        1.02269559889554
H           -3.17662047499500        0.20340121827740        1.16689935794178
H           -4.77922664208117        1.81621180232375       -0.85803842442455
H           -4.20272973215786        2.43116768216932        0.69044283185966
H           -2.42817685865858        1.47129286305192       -1.60021743619149
H           -2.78675169946702        3.14076758917863       -1.18831693181962
H           -1.30569245342508        1.16831273457797        0.60747650895620
H           -1.71613405521053        2.82866263141105        1.03768354297003
H           -0.37498832834755        3.62895896902020       -0.92713456912006
H            0.06546588521045        1.96045448312968       -1.28479956458213
H            1.14420297796539        1.77108996412705        0.95861170081159
H            0.69345696107023        3.43845075976767        1.31011993890117
H            2.04318981254737        4.17889441487266       -0.68467458020871
H            2.56664990432345        2.51085456367245       -0.90979226662129
H            4.27643453005687        3.78042782621035        0.35563050205296
H            3.07725356024083        4.22438753607800        1.57066966074713
H            3.57311846045065        2.54170333349163        1.39462153912652
56
 energy: -57.963143172632 gnorm: 0.002814099337 xtb: 6.6.1 (8d0f1dd)
C            4.39573751182764       -0.04556544237741       -0.05964184050943
C            4.15304101215083       -1.18927914982487       -1.03521312329328
C            3.87808499769649       -2.52526053868741       -0.34321832119696
C            2.62820439983151       -2.55440870480445        0.53788001025366
C            1.33666850376756       -2.28565415500398       -0.23069640590522
C            0.09720097555342       -2.50604689959702        0.63354171564193
C           -1.18870327834960       -2.21073845230661       -0.13485898788455
C           -2.43345115739066       -2.42090168120156        0.72400035432756
C           -3.74516294042233       -2.18584026819296       -0.02910487412085
C           -3.91477746335175       -0.77953444799695       -0.60753156173697
C           -4.00097586835783        0.30930502549922        0.46022573616140
C           -3.98218037514425        1.72523534591518       -0.11882785201584
C           -2.65927078508904        2.13736562637655       -0.76858908184636
C           -1.48026549989447        2.16723135970384        0.20166280116390
C           -0.20025827882391        2.65324443365443       -0.47431246734370
C            0.96401202190807        2.75560493230949        0.50742619406606
C            2.24556575290039        3.24783155129529       -0.16043960382875
C            3.36056586563677        3.47199755365552        0.85250183341263
H            3.49654080473303        0.17703791130157        0.50890672804612
H            5.19152429615487       -0.30005891145719        0.63812252042246
H            4.68760531818492        0.85477483374954       -0.59640878245196
H            5.03818077419516       -1.31018747722839       -1.66588121473364
H            3.31967667140681       -0.93661044759045       -1.69336462118747
H            3.78223025498378       -3.29865665674764       -1.11033956474389
H            4.74342266210826       -2.78205417564594        0.27424374691252
H            2.72729612560629       -1.82944806035048        1.34814967760946
H            2.56244942962721       -3.54449794036714        0.99825690741045
H            1.29040225388623       -2.94829792777703       -1.09920310190899
H            1.33214100538284       -1.25700742228366       -0.59737239727833
H            0.14947133346128       -1.85821391271870        1.51334006054692
H            0.08073392070611       -3.53982862801662        0.98943272821366
H           -1.15271832203270       -1.17836741790191       -0.48735248784783
H           -1.24224854374097       -2.86012961918096       -1.01288261746368
H           -2.38321393407528       -1.76778251751637        1.59768190484613
H           -2.43448370079713       -3.44991125015830        1.09493602899355
H           -4.57731373779621       -2.39240166604153        0.64963729353640
H           -3.80641980317947       -2.90486181579496       -0.85083766448734
H           -3.08694600838422       -0.57158233163266       -1.28446641912167
H           -4.83110337638147       -0.75940720913122       -1.20410431346931
H           -4.92914591639559        0.17604471907929        1.02277194902660
H           -3.17841951714308        0.20403421830788        1.16637452487538
H           -4.77816124163969        1.81319264965929       -0.86348659800349
H           -4.20662694373619        2.43146482284208        0.68544418399388
H           -2.42621304258619        1.46798404397801       -1.59917606826384
H           -2.78657060783997        3.13820320440989       -1.19126216722405
H           -1.30473413754871        1.16945440156257        0.60791339085809
H           -1.71990148179957        2.82870950917842        1.03866068472923
H           -0.37833881630310        3.63453101211184       -0.92251135349685
H            0.06555674261431        1.96754839470623       -1.28366388734212
H            1.14519739721811        1.77698657481152        0.96018633789625
H            0.69306974179230        3.44400452085987        1.31235638027230
H            2.04076323481938        4.18461058159300       -0.68518506439057
H            2.56835187720030        2.51722362558749       -0.90620492338492
H            4.27366852543452        3.79439584368804        0.35693825002276
H            3.07318582908317        4.23707045437383        1.57098367320346
H            3.57402553833182        2.55542597732449        1.39799875003910
56
 energy: -57.963173488981 gnorm: 0.001338340354 xtb: 6.6.1 (8d0f1dd)
C            4.40571487985169       -0.05810181753557       -0.06175328582048
C            4.16030382329188       -1.20191766338058       -1.03709030738356
C            3.87888306761730       -2.53636362847951       -0.34450102703103
C            2.62768806121080       -2.55866520003772        0.53545623238071
C            1.33720055346871       -2.28534941981484       -0.23437089392009
C            0.09667034671059       -2.51186952979391        0.62757985805311
C           -1.19058974267920       -2.20800943905882       -0.13604309648053
C           -2.43358276675603       -2.42014533412501        0.72581749114231
C           -3.74802697018333       -2.18715941734011       -0.02395409873156
C           -3.91808176727598       -0.78224594883422       -0.60544775098820
C           -4.00229285662816        0.30872422103583        0.46026945659745
C           -3.98364924499408        1.72294469874874       -0.12292422243243
C           -2.65882125723222        2.13366656755039       -0.77063817794446
C           -1.48181313425438        2.16883715526010        0.20264686578116
C           -0.20228904599349        2.66123665886696       -0.47068706987057
C            0.96205978032400        2.76505215767368        0.51155878020454
C            2.24297296070463        3.25968899248583       -0.15702076676740
C            3.35754965378554        3.49146508920740        0.85532611047313
H            3.50393045893328        0.17519219680329        0.49776626754112
H            5.19224050530669       -0.31914315647074        0.64377471199359
H            4.71188580488210        0.83753185217795       -0.59798577283223
H            5.04604098473861       -1.32693368160796       -1.66573517514284
H            3.32882912858033       -0.94676328424286       -1.69639381630230
H            3.78116022535507       -3.30971570020289       -1.11112004488376
H            4.74171735266288       -2.79609226171325        0.27496018456331
H            2.73032528881995       -1.83210729594402        1.34354212258526
H            2.55777052555081       -3.54738125820378        0.99746070329283
H            1.29294108046841       -2.94251216095599       -1.10673455355794
H            1.33383486729530       -1.25444049628469       -0.59388543478958
H            0.15036828473332       -1.87228996070722        1.51289341905586
H            0.07919442039532       -3.54872881247095        0.97324072291628
H           -1.15321308108937       -1.17348281832289       -0.48125126686888
H           -1.24909521511271       -2.85167666901565       -1.01755477123169
H           -2.38300415925021       -1.76611582607562        1.59854778633038
H           -2.43276306940882       -3.44874405847504        1.09689972053321
H           -4.57734406591282       -2.39113453088412        0.65880058637689
H           -3.81282958882973       -2.90817536573376       -0.84335738921549
H           -3.09052801135490       -0.57651777526575       -1.28312975651918
H           -4.83488222323320       -0.76269458276713       -1.20090552651622
H           -4.92935470333629        0.17692069493251        1.02450179748852
H           -3.17823114714796        0.20523045030439        1.16466862544322
H           -4.77672945584433        1.80730876584313       -0.87083271995243
H           -4.21155676790991        2.43138580523570        0.67805426204475
H           -2.42358626770944        1.46009479835558       -1.59698757827089
H           -2.78652221382220        3.13210154995528       -1.19800777468315
H           -1.30270649952786        1.17157863814178        0.60799180494848
H           -1.72674355347313        2.82863860805069        1.03902280814134
H           -0.38339014238471        3.64306057524632       -0.91574436718126
H            0.06623616108156        1.97860582668050       -1.28135914123509
H            1.14542228710794        1.78681046704638        0.96354199658200
H            0.69061566424623        3.45301293051725        1.31630772716956
H            2.03570056844401        4.19409725296738       -0.68443067979206
H            2.56942948150274        2.52783351712722       -0.89953944509058
H            4.26827627183417        3.81707844271671        0.35740639162136
H            3.06742948230198        4.25702911389478        1.57203236266682
H            3.57620498013860        2.57732806691892        1.40275411550874
56
 energy: -57.963189547398 gnorm: 0.001237953984 xtb: 6.6.1 (8d0f1dd)
C            4.41260884290524       -0.06944560946762       -0.06247336285447
C            4.16525815727337       -1.21285798991215       -1.03892800148087
C            3.87847871392193       -2.54605168561491       -0.34589247346335
C            2.62608468072694       -2.56186032869317        0.53302227384058
C            1.33697135665865       -2.28456133712636       -0.23814903381244
C            0.09623183867048       -2.51577532399482        0.62271896199896
C           -1.19168751718102       -2.20460939191630       -0.13719237196009
C           -2.43272101857076       -2.41834106880482        0.72749889378514
C           -3.74936203664995       -2.18807064947630       -0.02007400135826
C           -3.91838855801001       -0.78407442679419       -0.60406778045636
C           -4.00055771760594        0.30769191873577        0.46082424623021
C           -3.98411535876059        1.72067547924263       -0.12558597025105
C           -2.65817193456181        2.12945802267869       -0.77339842285902
C           -1.48326391106937        2.17018311699203        0.20258114599933
C           -0.20412592258252        2.66773722949973       -0.46825810478906
C            0.95895895720367        2.77317861908175        0.51596514250186
C            2.23904966634641        3.26978553026102       -0.15330488508476
C            3.35480573245271        3.50705369465559        0.85758097674555
H            3.50899819141897        0.17042455487313        0.49072438575850
H            5.19232064535461       -0.33628424217993        0.64802844015460
H            4.72886049813924        0.82301367052501       -0.59752316435838
H            5.05163347211159       -1.34091503552521       -1.66543444134471
H            3.33564783818924       -0.95502298843001       -1.69921709102303
H            3.77859075942464       -3.31959981490939       -1.11163478224769
H            4.73900356092962       -2.80803072557698        0.27528116832830
H            2.73144760417452       -1.83375708346023        1.33898663494288
H            2.55176725689653       -3.54905238061568        0.99667077747902
H            1.29370731785579       -2.93708233874384       -1.11353262183740
H            1.33401254895353       -1.25196271902883       -0.59178239291457
H            0.15148870792350       -1.88261332451767        1.51201231349123
H            0.07779424532747       -3.55476584886044        0.96036632957520
H           -1.15206137513630       -1.16840579873959       -0.47609879039683
H           -1.25419734449996       -2.84309717160516       -1.02166484247115
H           -2.38185980775938       -1.76266994756822        1.59866641360549
H           -2.42945332660721       -3.44612130946244        1.09952258764885
H           -4.57649502198969       -2.38931063431520        0.66556489916206
H           -3.81612953226812       -2.91092738432579       -0.83720315813420
H           -3.09030687866592       -0.58074933584208       -1.28166120208294
H           -4.83500801525183       -0.76358637773367       -1.19925257298927
H           -4.92550165018043        0.17559746895954        1.02787677754801
H           -3.17399904347015        0.20633062886168        1.16242794757937
H           -4.77585834652948        1.80163743700078       -0.87474130890362
H           -4.21298902243651        2.43100814135024        0.67289028474768
H           -2.42124929623555        1.45104503968029       -1.59496944551513
H           -2.78596643005555        3.12507789745001       -1.20612946624598
H           -1.30025447143289        1.17393673796761        0.60793325053760
H           -1.73297162830690        2.82883850563274        1.03792975435971
H           -0.38723757360558        3.64957261057125       -0.91150755308214
H            0.06752955901127        1.98719896991636       -1.27917667680118
H            1.14345620019223        1.79541383883149        0.96763735854832
H            0.68574183311942        3.46069808181830        1.32003108014302
H            2.02939880469531        4.20243409999766       -0.68209794254156
H            2.56742214946191        2.53713571913503       -0.89360811099774
H            4.26243730296961        3.83569375566474        0.35624750599698
H            3.06302383417654        4.27230614377511        1.57366939496017
H            3.57817246293846        2.59445336008292        1.40533802658868
56
 energy: -57.963197774683 gnorm: 0.001027965297 xtb: 6.6.1 (8d0f1dd)
C            4.41226299732577       -0.07193076698777       -0.06178500434299
C            4.16502482127190       -1.21473135271944       -1.03919949525265
C            3.87723471127674       -2.54772576850613       -0.34638533102545
C            2.62486758939155       -2.56224534914348        0.53225686086386
C            1.33636022118746       -2.28403500743488       -0.23900292499664
C            0.09624891911599       -2.51553181418129        0.62224010718068
C           -1.19127245938931       -2.20314015498020       -0.13718688683343
C           -2.43160137796160       -2.41733253611927        0.72787968087300
C           -3.74822357477757       -2.18808707880741       -0.01971176076478
C           -3.91640662955315       -0.78419295047506       -0.60405866908719
C           -3.99778412213200        0.30726621563043        0.46108346899749
C           -3.98302203626918        1.72013207148676       -0.12553244268785
C           -2.65758189317372        2.12811774358317       -0.77464162992486
C           -1.48348041610504        2.17064003796430        0.20180198068528
C           -0.20451986973262        2.66860373278401       -0.46838365936018
C            0.95724537011607        2.77490841952507        0.51709724630664
C            2.23691027334255        3.27167142988238       -0.15217651621548
C            3.35370286933362        3.50850655090532        0.85767925590371
H            3.50860371479658        0.16710957424376        0.49178858126098
H            5.19199768714673       -0.33961924333396        0.64826708661922
H            4.72824100096559        0.82104857919499       -0.59601411035613
H            5.05177495927342       -1.34297927505511       -1.66510302176571
H            3.33609614496343       -0.95606896462374       -1.70004292123915
H            3.77635565377789       -3.32142998984281       -1.11188124900989
H            4.73757479877503       -2.81036823558818        0.27469322990036
H            2.73024201444081       -1.83428612048350        1.33836588800119
H            2.54911831281876       -3.54927436050573        0.99608494971567
H            1.29241652624705       -2.93593503533566       -1.11484257973819
H            1.33299839435719       -1.25127327623805       -0.59220995805199
H            0.15205593732810       -1.88307725034010        1.51203079915121
H            0.07749990560438       -3.55471743959841        0.95925905214270
H           -1.15065727373310       -1.16668573556080       -0.47522048983224
H           -1.25399083156030       -2.84056814275205       -1.02241158779819
H           -2.38058863873409       -1.76126825597136        1.59876702934605
H           -2.42707943992112       -3.44493081884253        1.10050519022335
H           -4.57556615516794       -2.38879124520740        0.66568506367149
H           -3.81442469009377       -2.91145208375452       -0.83640721651163
H           -3.08808289293754       -0.58149325458367       -1.28164110012248
H           -4.83289587781746       -0.76278277633971       -1.19949310572470
H           -4.92163562615032        0.17420202776583        1.02978391445524
H           -3.17004158537474        0.20650891645329        1.16143586379725
H           -4.77593172192229        1.80064239225490       -0.87340934801016
H           -4.21041787521090        2.43084734070896        0.67302044971084
H           -2.42023254510312        1.44827514799793       -1.59485792400016
H           -2.78508272530799        3.12290534422242       -1.20936493640551
H           -1.29938845727390        1.17503481163689        0.60833419576831
H           -1.73414462645738        2.82965513156431        1.03661673348563
H           -0.38765606203047        3.65011808796683       -0.91241585246902
H            0.06835718313676        1.98789034673672       -1.27879159296723
H            1.14138274307759        1.79734115956497        0.96945459316894
H            0.68257206656024        3.46245502276064        1.32071375337280
H            2.02658768040605        4.20444350356347       -0.68053474610157
H            2.56438788128213        2.53923868950295       -0.89312416578666
H            4.26038645534449        3.83805216556274        0.35546033467238
H            3.06217673840659        4.27288364388434        1.57478850442286
H            3.57799583282009        2.59543419596496        1.40417341268501
56
 energy: -57.963204177694 gnorm: 0.000298494670 xtb: 6.6.1 (8d0f1dd)
C            4.41164989273946       -0.07585100481064       -0.06078608100336
C            4.16493359480731       -1.21758622983928       -1.03935152826243
C            3.87564829878212       -2.55055391745027       -0.34738676951234
C            2.62360882148528       -2.56360054822757        0.53108944064515
C            1.33577282213739       -2.28346820783360       -0.23988933136526
C            0.09642193857576       -2.51514920132676        0.62171444801881
C           -1.19073085672501       -2.20085635048655       -0.13670115768858
C           -2.43023612982281       -2.41625284987722        0.72862843091908
C           -3.74659968375492       -2.18831076459232       -0.01901834563961
C           -3.91408908543475       -0.78474926073962       -0.60392643575843
C           -3.99397318319781        0.30672479584902        0.46118864938456
C           -3.98128546241194        1.71929224964671       -0.12574097963518
C           -2.65682794163081        2.12634348691892       -0.77659894349821
C           -1.48386458536815        2.17186891345754        0.20059156913150
C           -0.20507368703161        2.67015664597947       -0.46861543321951
C            0.95491252370421        2.77834850923300        0.51829639614440
C            2.23413595440047        3.27531506505813       -0.15077313386314
C            3.35187832365737        3.51057756467811        0.85791828425498
H            3.50786216294260        0.16181139028315        0.49359033411086
H            5.19182631898724       -0.34418769073922        0.64872794310326
H            4.72673147343336        0.81835546361582       -0.59381349355737
H            5.05234925198748       -1.34595585117824       -1.66444175774859
H            3.33696920195501       -0.95803159266318       -1.70115874139300
H            3.77325555653459       -3.32396163435677       -1.11314076522424
H            4.73596119723457       -2.81481759666271        0.27318609595776
H            2.72934693676992       -1.83635604302392        1.33794833882714
H            2.54595481483245       -3.55080639510555        0.99462173984927
H            1.29076877831025       -2.93451732109638       -1.11653241019789
H            1.33253698586075       -1.25031068139398       -0.59247326410054
H            0.15316623377793       -1.88388377333094        1.51254559810440
H            0.07711438367950       -3.55486960818685        0.95770653788126
H           -1.14945520123162       -1.16378928757286       -0.47324588386484
H           -1.25380453006076       -2.83671856379963       -1.02326688879572
H           -2.37930798359214       -1.76021610643039        1.59965299890480
H           -2.42402594809887       -3.44389512589541        1.10161510326729
H           -4.57447520379115       -2.38874944651265        0.66591370113121
H           -3.81206058837335       -2.91228452222161       -0.83537921157413
H           -3.08582799404401       -0.58291900340349       -1.28192790407192
H           -4.83073751370263       -0.76245956669082       -1.19926247613850
H           -4.91629316050379        0.17269920169512        1.03236983360680
H           -3.16446146787829        0.20669858794565        1.15961407525402
H           -4.77613213054811        1.79960540529948       -0.87171537950529
H           -4.20669531801726        2.43043295229230        0.67317804757742
H           -2.41865644711727        1.44448797657635       -1.59500523261702
H           -2.78423462115484        3.12003373593988       -1.21426543716081
H           -1.29871873287628        1.17720455192021        0.60928349601070
H           -1.73613668099610        2.83191036834877        1.03434107104405
H           -0.38843667650003        3.65109813723164       -0.91418415119256
H            0.06962003683137        1.98888191807886       -1.27813202548079
H            1.13896101532600        1.80127477048646        0.97213620872881
H            0.67837177274916        3.46636505136259        1.32106736176669
H            2.02318174308366        4.20868587904047       -0.67812663642398
H            2.56028059147260        2.54353882908178       -0.89322118614384
H            4.25768949613346        3.84192835104559        0.35534918704602
H            3.06072532190772        4.27313211317647        1.57721781269089
H            3.57747536976532        2.59631423120706        1.40202528127598
56
 energy: -57.963207131167 gnorm: 0.000415798790 xtb: 6.6.1 (8d0f1dd)
C            4.41113319600602       -0.07792603067251       -0.06011277996904
C            4.16504822787226       -1.21905601930741       -1.03934156134091
C            3.87516753951504       -2.55232697243611       -0.34824867798364
C            2.62347655279182       -2.56518334937146        0.53049244112725
C            1.33576653081553       -2.28351335978691       -0.23996287605423
C            0.09664261118148       -2.51488494805119        0.62179172497205
C           -1.19048472097086       -2.19969172121930       -0.13595569630513
C           -2.42981852872398       -2.41620044852612        0.72919295004672
C           -3.74596932522858       -2.18868778380933       -0.01866908553210
C           -3.91352429449956       -0.78529403966471       -0.60384743935136
C           -3.99235426824794        0.30640349065023        0.46110245981628
C           -3.98048885593339        1.71885656782210       -0.12597577487826
C           -2.65656874889192        2.12574147150184       -0.77767306270052
C           -1.48406390617116        2.17312468524501        0.19984447475030
C           -0.20527074187913        2.67126682096580       -0.46908662107936
C            0.95389757181220        2.78093153216268        0.51844938970152
C            2.23309831371784        3.27801599229592       -0.15034745497179
C            3.35105121917774        3.51147864912430        0.85826612846995
H            3.50749504070018        0.15847426186863        0.49503179921437
H            5.19197880384892       -0.34587964670408        0.64875814492752
H            4.72491838134163        0.81711093505875       -0.59245547043187
H            5.05282321727770       -1.34720377392565       -1.66401416762402
H            3.33749285541783       -0.95919925450750       -1.70158391704619
H            3.77188658461307       -3.32508548986724       -1.11458469349671
H            4.73557713549801       -2.81774214173456        0.27173961321443
H            2.72976429168450       -1.83877949000184        1.33807225582602
H            2.54504761856022       -3.55273550674721        0.99326099540855
H            1.28999669603320       -2.93400284928623       -1.11703587568164
H            1.33311715940809       -1.25015227396654       -0.59205795543855
H            0.15396143600388       -1.88423334509936        1.51306010550669
H            0.07689787551699       -3.55479328008149        0.95726856806699
H           -1.14924172839513       -1.16225821602007       -0.47144425687287
H           -1.25361360083592       -2.83454283761099       -1.02328762349599
H           -2.37925507308530       -1.76059657891006        1.60060833211497
H           -2.42291023343125       -3.44404768268033        1.10177144709459
H           -4.57412563624827       -2.38930423248334        0.66591706235574
H           -3.81094694469271       -2.91281360498127       -0.83498604536856
H           -3.08564242462856       -0.58387078815605       -1.28246821164791
H           -4.83056974734387       -0.76291197323980       -1.19861172810714
H           -4.91391546906674        0.17226256497302        1.03351777712281
H           -3.16192349733134        0.20661671584781        1.15847794526161
H           -4.77625542580730        1.79920852620714       -0.87102000378977
H           -4.20499526123150        2.43008484505782        0.67318585336221
H           -2.41783168705795        1.44292222341715       -1.59512758940865
H           -2.78425758359119        3.11878269624817       -1.21682363622426
H           -1.29862692525943        1.17908214464558        0.61001173994878
H           -1.73719338616711        2.83405618677398        1.03268034125117
H           -0.38883656839176        3.65169509608392       -0.91581849930364
H            0.07027829978644        1.98931391165467       -1.27779819237984
H            1.13818574911201        1.80432799243840        0.97333051233494
H            0.67648133010090        3.46948999978099        1.32051866557888
H            2.02226778133717        4.21206168615922       -0.67666206435268
H            2.55853197263983        2.54691391038559       -0.89386402585261
H            4.25670013383761        3.84406120132887        0.35622874078286
H            3.05995046222016        4.27246841906662        1.57928768033095
H            3.57701999528352        2.59614311208456        1.40043483810109
