 
       ==============================================
       |                                            |
       |                 C R E S T                  |
       |                                            |
       |  Conformer-Rotamer Ensemble Sampling Tool  |
       |          based on the GFN methods          |
       |             P.Pracht, S.Grimme             |
       |          Universitaet Bonn, MCTC           |
       ==============================================
       Version 2.12,   Thu 19. Mai 16:32:32 CEST 2022
  Using the xTB program. Compatible with xTB version 6.4.0
 
   Cite work conducted with this code as

   • P.Pracht, F.Bohle, S.Grimme, PCCP, 2020, 22, 7169-7192.
   • S.Grimme, JCTC, 2019, 15, 2847-2862.

   and for works involving QCG as

   • S.Spicher, C.Plett, P.Pracht, A.Hansen, S.Grimme,
     JCTC, 2022, 18 (5), 3174-3189.
 
   with help from:
   C.Bannwarth, F.Bohle, S.Ehlert, S.Grimme,
   C.Plett, P.Pracht, S.Spicher
 
   This program is distributed in the hope that it will be useful,
   but WITHOUT ANY WARRANTY; without even the implied warranty of
   MERCHANTABILITY or FITNESS FOR A PARTICULAR PURPOSE.

 Command line input:
 > crest ./c7.xyz -gfnff -mquick -T 4

  -gfnff : Use of GFN-FF requested.
  -mquick  : very crude quick-mode (no NORMMD, no GC, crude opt.)
  -T 4 (CPUs/Threads selected)
 
 -------------------------
 xTB Geometry Optimization
 -------------------------
 Geometry successfully optimized.
 
------------------------------------------------
Generating MTD length from a flexibility measure
------------------------------------------------
 Calculating WBOs... done.
 Calculating NCI flexibility... done.
     covalent flexibility measure :   0.797
 non-covalent flexibility measure :   0.830
 flexibility measure :   0.769
 t(MTD) / ps    :     5.0
 Σ(t(MTD)) / ps :    30.0 (6 MTDs)
 
-------------------------------------
Starting a trial MTD to test settings
-------------------------------------
 Estimated runtime for one MTD (5.0 ps) on a single thread: 10 sec
 Estimated runtime for a batch of 6 MTDs on 4 threads: 20 sec
 
 list of Vbias parameters applied:
$metadyn    0.00200   1.000
$metadyn    0.00100   1.000
$metadyn    0.00200   0.500
$metadyn    0.00100   0.500
$metadyn    0.00200   0.250
$metadyn    0.00100   0.250
 
*******************************************************************************************
**                        N E W    I T E R A T I O N    C Y C L E                        **
*******************************************************************************************
 
========================================
            MTD Simulations 
========================================
 
     ========================================
     |         Meta-MD (MTD) Sampling       |
     ========================================
 
Starting Meta-MD   1 with the settings:
     MD time /ps        :     5.0
     dt /fs             :     1.5
     dumpstep(trj) /fs  :     100
     dumpstep(Vbias)/ps :     1.0
     Vbias factor k /Eh :  0.0460
     Vbias exp α /bohr⁻²:    1.00
Starting Meta-MD   2 with the settings:
     MD time /ps        :     5.0
     dt /fs             :     1.5
     dumpstep(trj) /fs  :     100
     dumpstep(Vbias)/ps :     1.0
     Vbias factor k /Eh :  0.0230
     Vbias exp α /bohr⁻²:    1.00
Starting Meta-MD   6 with the settings:
     MD time /ps        :     5.0
     dt /fs             :     1.5
     dumpstep(trj) /fs  :     100
     dumpstep(Vbias)/ps :     1.0
     Vbias factor k /Eh :  0.0230
     Vbias exp α /bohr⁻²:    0.25
Starting Meta-MD   3 with the settings:
     MD time /ps        :     5.0
     dt /fs             :     1.5
     dumpstep(trj) /fs  :     100
     dumpstep(Vbias)/ps :     1.0
     Vbias factor k /Eh :  0.0460
     Vbias exp α /bohr⁻²:    0.50
*Meta-MTD 6 finished*
Starting Meta-MD   5 with the settings:
     MD time /ps        :     5.0
     dt /fs             :     1.5
     dumpstep(trj) /fs  :     100
     dumpstep(Vbias)/ps :     1.0
     Vbias factor k /Eh :  0.0460
     Vbias exp α /bohr⁻²:    0.25
*Meta-MTD 3 finished*
Starting Meta-MD   4 with the settings:
     MD time /ps        :     5.0
     dt /fs             :     1.5
     dumpstep(trj) /fs  :     100
     dumpstep(Vbias)/ps :     1.0
     Vbias factor k /Eh :  0.0230
     Vbias exp α /bohr⁻²:    0.50
*Meta-MTD 1 finished*
*Meta-MTD 2 finished*
*Meta-MTD 5 finished*
*Meta-MTD 4 finished*
 
-----------------------
Multilevel Optimization
-----------------------
 
 -------------------------
 1. crude pre-optimization
 -------------------------
 Optimizing all 300 structures from file "crest_rotamers_0.xyz" ...
 1 2 3 4 5 6 7 8 9 10 11 12 13 14 15 16 17 18 19 20 21 22 23 24 25 26 27 28 29 30 31 32 33 34 35 36 37 38 39 40 41 42 43 44 45 46 47 48 49 50 51 52 53 54 55 56 57 58 59 60 61 62 63 64 65 66 67 68 69 70 71 72 73 74 75 76 77 78 79 80 81 82 83 84 85 86 87 88 89 90 91 92 93 94 95 96 97 98 99 100 101 102 103 104 105 106 107 108 109 110 111 112 113 114 115 116 117 118 119 120 121 122 123 124 125 126 127 128 129 130 131 132 133 134 135 136 137 138 139 140 141 142 143 144 145 146 147 148 149 150 151 152 153 154 155 156 157 158 159 160 161 162 163 164 165 166 167 168 169 170 171 172 173 174 175 176 177 178 179 180 181 182 183 184 185 186 187 188 189 190 191 192 193 194 195 196 197 198 199 200 201 202 203 204 205 206 207 208 209 210 211 212 213 214 215 216 217 218 219 220 221 222 223 224 225 226 227 228 229 230 231 232 233 234 235 236 237 238 239 240 241 242 243 244 245 246 247 248 249 250 251 252 253 254 255 256 257 258 259 260 261 262 263 264 265 266 267 268 269 270 271 272 273 274 275 276 277 278 279 280 281 282 283 284 285 286 287 288 289 290 291 292 293 294 295 296 297 298 299 300
 done.
 running RMSDs...
 done.
 E lowest :    -3.28982
 268 structures remain within     5.00 kcal/mol window
 
========================================
           MTD Simulations done         
========================================
 Collecting ensmbles.
 running RMSDs...
 done.
 E lowest :    -3.28982
 146 structures remain within     2.50 kcal/mol window
 
 
 
   ================================================
   |           Final Geometry Optimization        |
   ================================================
 --------------------------------------------
 Ensemble optimization with normal thresholds
 --------------------------------------------
 Optimizing all 146 structures from file "crest_rotamers_1.xyz" ...
 1 2 3 4 5 6 7 8 9 10 11 12 13 14 15 16 17 18 19 20 21 22 23 24 25 26 27 28 29 30 31 32 33 34 35 36 37 38 39 40 41 42 43 44 45 46 47 48 49 50 51 52 53 54 55 56 57 58 59 60 61 62 63 64 65 66 67 68 69 70 71 72 73 74 75 76 77 78 79 80 81 82 83 84 85 86 87 88 89 90 91 92 93 94 95 96 97 98 99 100 101 102 103 104 105 106 107 108 109 110 111 112 113 114 115 116 117 118 119 120 121 122 123 124 125 126 127 128 129 130 131 132 133 134 135 136 137 138 139 140 141 142 143 144 145 146
 done.
 running RMSDs...
 done.
 E lowest :    -3.29019
 93 structures remain within     2.50 kcal/mol window
 
 input  file name : crest_rotamers_2.xyz
 output file name : crest_rotamers_3.xyz
 number of atoms                :   23
 number of points on xyz files  :   146
 RMSD threshold                 :   0.1250
 Bconst threshold               :   0.0100
 population threshold           :   0.0500
 conformer energy window  /kcal :   2.5000
 # fragment in coord            :     1
 # bonds in reference structure :    22
 number of reliable points      :   146
 reference state Etot :  -3.29018548000000
 number of doubles removed by rot/RMSD         :          53
 total number unique points considered further :          93
       Erel/kcal        Etot weight/tot  conformer     set   degen     origin
       1   0.000    -3.29019    0.02123    0.21077       1      10     mtd1
       2   0.001    -3.29018    0.02120                                mtd4
       3   0.001    -3.29018    0.02119                                mtd4
       4   0.002    -3.29018    0.02115                                mtd5
       5   0.002    -3.29018    0.02115                                mtd4
       6   0.002    -3.29018    0.02115                                mtd5
       7   0.003    -3.29018    0.02112                                mtd6
       8   0.008    -3.29017    0.02094                                mtd3
       9   0.009    -3.29017    0.02092                                mtd1
      10   0.015    -3.29016    0.02071                                mtd4
      11   0.016    -3.29016    0.02066    0.16460       2       8     mtd2
      12   0.017    -3.29016    0.02063                                mtd1
      13   0.017    -3.29016    0.02062                                mtd6
      14   0.018    -3.29016    0.02061                                mtd2
      15   0.018    -3.29016    0.02059                                mtd5
      16   0.019    -3.29016    0.02057                                mtd1
      17   0.019    -3.29016    0.02057                                mtd1
      18   0.025    -3.29015    0.02035                                mtd1
      19   0.317    -3.28968    0.01244    0.08676       3       7     mtd6
      20   0.318    -3.28968    0.01243                                mtd5
      21   0.318    -3.28968    0.01242                                mtd3
      22   0.319    -3.28968    0.01240                                mtd6
      23   0.320    -3.28968    0.01239                                mtd1
      24   0.322    -3.28967    0.01233                                mtd5
      25   0.320    -3.28968    0.01237                                mtd3
      26   0.320    -3.28967    0.01237    0.02461       4       2     mtd6
      27   0.327    -3.28967    0.01224                                mtd1
      28   0.327    -3.28966    0.01222    0.06109       5       5     mtd5
      29   0.328    -3.28966    0.01221                                mtd2
      30   0.328    -3.28966    0.01220                                mtd2
      31   0.329    -3.28966    0.01218                                mtd2
      32   0.325    -3.28967    0.01227                                mtd2
      33   0.335    -3.28965    0.01207    0.01207       6       1     mtd6
      34   0.349    -3.28963    0.01179    0.01179       7       1     mtd2
      35   0.408    -3.28954    0.01067    0.06368       8       6     mtd1
      36   0.408    -3.28953    0.01066                                mtd1
      37   0.409    -3.28953    0.01065                                mtd1
      38   0.410    -3.28953    0.01064                                mtd3
      39   0.414    -3.28953    0.01056                                mtd6
      40   0.418    -3.28952    0.01050                                mtd1
      41   0.423    -3.28951    0.01041    0.06235       9       6     mtd3
      42   0.423    -3.28951    0.01040                                mtd5
      43   0.423    -3.28951    0.01040                                mtd4
      44   0.425    -3.28951    0.01036                                mtd4
      45   0.424    -3.28951    0.01039                                mtd6
      46   0.424    -3.28951    0.01039                                mtd1
      47   0.426    -3.28951    0.01035    0.06206      10       6     mtd4
      48   0.426    -3.28951    0.01035                                mtd5
      49   0.424    -3.28951    0.01039                                mtd4
      50   0.427    -3.28951    0.01034                                mtd4
      51   0.427    -3.28950    0.01033                                mtd4
      52   0.428    -3.28950    0.01031                                mtd4
      53   0.428    -3.28950    0.01031    0.05119      11       5     mtd5
      54   0.432    -3.28950    0.01025                                mtd1
      55   0.427    -3.28950    0.01033                                mtd4
      56   0.439    -3.28949    0.01013                                mtd6
      57   0.436    -3.28949    0.01018                                mtd3
      58   0.436    -3.28949    0.01017    0.01017      12       1     mtd4
      59   0.541    -3.28932    0.00853    0.03390      13       4     mtd3
      60   0.542    -3.28932    0.00851                                mtd5
      61   0.544    -3.28932    0.00849                                mtd5
      62   0.552    -3.28931    0.00837                                mtd5
      63   0.649    -3.28915    0.00711    0.02119      14       3     mtd6
      64   0.653    -3.28914    0.00706                                mtd2
      65   0.656    -3.28914    0.00702                                mtd3
      66   0.656    -3.28914    0.00702    0.02109      15       3     mtd3
      67   0.654    -3.28914    0.00704                                mtd3
      68   0.656    -3.28914    0.00702                                mtd1
      69   0.659    -3.28914    0.00699    0.00699      16       1     mtd5
      70   0.660    -3.28913    0.00697    0.00697      17       1     mtd3
      71   0.661    -3.28913    0.00696    0.02778      18       4     mtd2
      72   0.661    -3.28913    0.00696                                mtd2
      73   0.664    -3.28913    0.00693                                mtd4
      74   0.664    -3.28913    0.00692                                mtd6
      75   0.667    -3.28912    0.00690    0.00690      19       1     mtd4
      76   0.846    -3.28884    0.00510    0.04047      20       8     mtd5
      77   0.846    -3.28884    0.00509                                mtd6
      78   0.849    -3.28883    0.00507                                mtd4
      79   0.849    -3.28883    0.00507                                mtd4
      80   0.849    -3.28883    0.00507                                mtd3
      81   0.851    -3.28883    0.00506                                mtd5
      82   0.857    -3.28882    0.00500                                mtd4
      83   0.857    -3.28882    0.00500                                mtd5
      84   0.993    -3.28860    0.00398    0.00791      21       2     mtd6
      85   0.999    -3.28859    0.00394                                mtd5
      86   1.874    -3.28720    0.00090    0.00090      22       1     mtd1
      87   1.880    -3.28719    0.00089    0.00266      23       3     mtd1
      88   1.883    -3.28718    0.00089                                mtd1
      89   1.885    -3.28718    0.00088                                mtd2
      90   2.127    -3.28680    0.00059    0.00059      24       1     mtd5
      91   2.193    -3.28669    0.00053    0.00053      25       1     mtd6
      92   2.217    -3.28665    0.00050    0.00050      26       1     mtd2
      93   2.276    -3.28656    0.00046    0.00046      27       1     mtd4
T /K                                  :   298.15
E lowest                              :    -3.29019
ensemble average energy (kcal)        :    0.305
ensemble entropy (J/mol K, cal/mol K) :   36.311    8.679
ensemble free energy (kcal/mol)       :   -2.588
population of lowest in %             :   21.077
 number of unique conformers for further calc           27
 list of relative energies saved as "crest.energies"
 
 -----------------
 Wall Time Summary
 -----------------
             test MD wall time :         0h : 0m : 1s
                 MTD wall time :         0h : 0m : 6s
      multilevel OPT wall time :         0h : 0m :10s
--------------------
Overall wall time  : 0h : 0m :23s
 
 CREST terminated normally.
