 
       ==============================================
       |                                            |
       |                 C R E S T                  |
       |                                            |
       |  Conformer-Rotamer Ensemble Sampling Tool  |
       |          based on the GFN methods          |
       |             P.Pracht, S.Grimme             |
       |          Universitaet Bonn, MCTC           |
       ==============================================
       Version 2.12,   Thu 19. Mai 16:32:32 CEST 2022
  Using the xTB program. Compatible with xTB version 6.4.0
 
   Cite work conducted with this code as

   • P.Pracht, F.Bohle, S.Grimme, PCCP, 2020, 22, 7169-7192.
   • S.Grimme, JCTC, 2019, 15, 2847-2862.

   and for works involving QCG as

   • S.Spicher, C.Plett, P.Pracht, A.Hansen, S.Grimme,
     JCTC, 2022, 18 (5), 3174-3189.
 
   with help from:
   C.Bannwarth, F.Bohle, S.Ehlert, S.Grimme,
   C.Plett, P.Pracht, S.Spicher
 
   This program is distributed in the hope that it will be useful,
   but WITHOUT ANY WARRANTY; without even the implied warranty of
   MERCHANTABILITY or FITNESS FOR A PARTICULAR PURPOSE.

 Command line input:
 > crest ./c13.xyz -gfnff -mquick -T 4

  -gfnff : Use of GFN-FF requested.
  -mquick  : very crude quick-mode (no NORMMD, no GC, crude opt.)
  -T 4 (CPUs/Threads selected)
 
 -------------------------
 xTB Geometry Optimization
 -------------------------
 Geometry successfully optimized.
 
------------------------------------------------
Generating MTD length from a flexibility measure
------------------------------------------------
 Calculating WBOs... done.
 Calculating NCI flexibility... done.
     covalent flexibility measure :   0.891
 non-covalent flexibility measure :   0.808
 flexibility measure :   0.827
 t(MTD) / ps    :    23.0
 Σ(t(MTD)) / ps :   138.0 (6 MTDs)
 
-------------------------------------
Starting a trial MTD to test settings
-------------------------------------
 Estimated runtime for one MTD (23.0 ps) on a single thread: 1 min 19 sec
 Estimated runtime for a batch of 6 MTDs on 4 threads: 2 min 38 sec
 
 list of Vbias parameters applied:
$metadyn    0.00200   1.000
$metadyn    0.00100   1.000
$metadyn    0.00200   0.500
$metadyn    0.00100   0.500
$metadyn    0.00200   0.250
$metadyn    0.00100   0.250
 
*******************************************************************************************
**                        N E W    I T E R A T I O N    C Y C L E                        **
*******************************************************************************************
 
========================================
            MTD Simulations 
========================================
 
     ========================================
     |         Meta-MD (MTD) Sampling       |
     ========================================
 
Starting Meta-MD   1 with the settings:
     MD time /ps        :    23.0
     dt /fs             :     1.5
     dumpstep(trj) /fs  :     100
     dumpstep(Vbias)/ps :     1.0
     Vbias factor k /Eh :  0.0820
     Vbias exp α /bohr⁻²:    1.00
Starting Meta-MD   2 with the settings:
     MD time /ps        :    23.0
     dt /fs             :     1.5
     dumpstep(trj) /fs  :     100
     dumpstep(Vbias)/ps :     1.0
     Vbias factor k /Eh :  0.0410
     Vbias exp α /bohr⁻²:    1.00
Starting Meta-MD   3 with the settings:
     MD time /ps        :    23.0
     dt /fs             :     1.5
     dumpstep(trj) /fs  :     100
     dumpstep(Vbias)/ps :     1.0
     Vbias factor k /Eh :  0.0820
     Vbias exp α /bohr⁻²:    0.50
Starting Meta-MD   6 with the settings:
     MD time /ps        :    23.0
     dt /fs             :     1.5
     dumpstep(trj) /fs  :     100
     dumpstep(Vbias)/ps :     1.0
     Vbias factor k /Eh :  0.0410
     Vbias exp α /bohr⁻²:    0.25
*Meta-MTD 6 finished*
Starting Meta-MD   5 with the settings:
     MD time /ps        :    23.0
     dt /fs             :     1.5
     dumpstep(trj) /fs  :     100
     dumpstep(Vbias)/ps :     1.0
     Vbias factor k /Eh :  0.0820
     Vbias exp α /bohr⁻²:    0.25
*Meta-MTD 2 finished*
Starting Meta-MD   4 with the settings:
     MD time /ps        :    23.0
     dt /fs             :     1.5
     dumpstep(trj) /fs  :     100
     dumpstep(Vbias)/ps :     1.0
     Vbias factor k /Eh :  0.0410
     Vbias exp α /bohr⁻²:    0.50
*Meta-MTD 3 finished*
*Meta-MTD 1 finished*
*Meta-MTD 5 finished*
*Meta-MTD 4 finished*
 
-----------------------
Multilevel Optimization
-----------------------
 
 -------------------------
 1. crude pre-optimization
 -------------------------
 Optimizing all 1392 structures from file "crest_rotamers_0.xyz" ...
 1 2 3 4 5 6 7 8 9 10 11 12 13 14 15 16 17 18 19 20 21 22 23 24 25 26 27 28 29 30 31 32 33 34 35 36 37 38 39 40 41 42 43 44 45 46 47 48 49 50 51 52 53 54 55 56 57 58 59 60 61 62 63 64 65 66 67 68 69 70 71 72 73 74 75 76 77 78 79 80 81 82 83 84 85 86 87 88 89 90 91 92 93 94 95 96 97 98 99 100 101 102 103 104 105 106 107 108 109 110 111 112 113 114 115 116 117 118 119 120 121 122 123 124 125 126 127 128 129 130 131 132 133 134 135 136 137 138 139 140 141 142 143 144 145 146 147 148 149 150 151 152 153 154 155 156 157 158 159 160 161 162 163 164 165 166 167 168 169 170 171 172 173 174 175 176 177 178 179 180 181 182 183 184 185 186 187 188 189 190 191 192 193 194 195 196 197 198 199 200 201 202 203 204 205 206 207 208 209 210 211 212 213 214 215 216 217 218 219 220 221 222 223 224 225 226 227 228 229 230 231 232 233 234 235 236 237 238 239 240 241 242 243 244 245 246 247 248 249 250 251 252 253 254 255 256 257 258 259 260 261 262 263 264 265 266 267 268 269 270 271 272 273 274 275 276 277 278 279 280 281 282 283 284 285 286 287 288 289 290 291 292 293 294 295 296 297 298 299 300 301 302 303 304 305 306 307 308 309 310 311 312 313 314 315 316 317 318 319 320 321 322 323 324 325 326 327 328 329 330 331 332 333 334 335 336 337 338 339 340 341 342 343 344 345 346 347 348 349 350 351 352 353 354 355 356 357 358 359 360 361 362 363 364 365 366 367 368 369 370 371 372 373 374 375 376 377 378 379 380 381 382 383 384 385 386 387 388 389 390 391 392 393 394 395 396 397 398 399 400 401 402 403 404 405 406 407 408 409 410 411 412 413 414 415 416 417 418 419 420 421 422 423 424 425 426 427 428 429 430 431 432 433 434 435 436 437 438 439 440 441 442 443 444 445 446 447 448 449 450 451 452 453 454 455 456 457 458 459 460 461 462 463 464 465 466 467 468 469 470 471 472 473 474 475 476 477 478 479 480 481 482 483 484 485 486 487 488 489 490 491 492 493 494 495 496 497 498 499 500 501 502 503 504 505 506 507 508 509 510 511 512 513 514 515 516 517 518 519 520 521 522 523 524 525 526 527 528 529 530 531 532 533 534 535 536 537 538 539 540 541 542 543 544 545 546 547 548 549 550 551 552 553 554 555 556 557 558 559 560 561 562 563 564 565 566 567 568 569 570 571 572 573 574 575 576 577 578 579 580 581 582 583 584 585 586 587 588 589 590 591 592 593 594 595 596 597 598 599 600 601 602 603 604 605 606 607 608 609 610 611 612 613 614 615 616 617 618 619 620 621 622 623 624 625 626 627 628 629 630 631 632 633 634 635 636 637 638 639 640 641 642 643 644 645 646 647 648 649 650 651 652 653 654 655 656 657 658 659 660 661 662 663 664 665 666 667 668 669 670 671 672 673 674 675 676 677 678 679 680 681 682 683 684 685 686 687 688 689 690 691 692 693 694 695 696 697 698 699 700 701 702 703 704 705 706 707 708 709 710 711 712 713 714 715 716 717 718 719 720 721 722 723 724 725 726 727 728 729 730 731 732 733 734 735 736 737 738 739 740 741 742 743 744 745 746 747 748 749 750 751 752 753 754 755 756 757 758 759 760 761 762 763 764 765 766 767 768 769 770 771 772 773 774 775 776 777 778 779 780 781 782 783 784 785 786 787 788 789 790 791 792 793 794 795 796 797 798 799 800 801 802 803 804 805 806 807 808 809 810 811 812 813 814 815 816 817 818 819 820 821 822 823 824 825 826 827 828 829 830 831 832 833 834 835 836 837 838 839 840 841 842 843 844 845 846 847 848 849 850 851 852 853 854 855 856 857 858 859 860 861 862 863 864 865 866 867 868 869 870 871 872 873 874 875 876 877 878 879 880 881 882 883 884 885 886 887 888 889 890 891 892 893 894 895 896 897 898 899 900 901 902 903 904 905 906 907 908 909 910 911 912 913 914 915 916 917 918 919 920 921 922 923 924 925 926 927 928 929 930 931 932 933 934 935 936 937 938 939 940 941 942 943 944 945 946 947 948 949 950 951 952 953 954 955 956 957 958 959 960 961 962 963 964 965 966 967 968 969 970 971 972 973 974 975 976 977 978 979 980 981 982 983 984 985 986 987 988 989 990 991 992 993 994 995 996 997 998 999 1000 1001 1002 1003 1004 1005 1006 1007 1008 1009 1010 1011 1012 1013 1014 1015 1016 1017 1018 1019 1020 1021 1022 1023 1024 1025 1026 1027 1028 1029 1030 1031 1032 1033 1034 1035 1036 1037 1038 1039 1040 1041 1042 1043 1044 1045 1046 1047 1048 1049 1050 1051 1052 1053 1054 1055 1056 1057 1058 1059 1060 1061 1062 1063 1064 1065 1066 1067 1068 1069 1070 1071 1072 1073 1074 1075 1076 1077 1078 1079 1080 1081 1082 1083 1084 1085 1086 1087 1088 1089 1090 1091 1092 1093 1094 1095 1096 1097 1098 1099 1100 1101 1102 1103 1104 1105 1106 1107 1108 1109 1110 1111 1112 1113 1114 1115 1116 1117 1118 1119 1120 1121 1122 1123 1124 1125 1126 1127 1128 1129 1130 1131 1132 1133 1134 1135 1136 1137 1138 1139 1140 1141 1142 1143 1144 1145 1146 1147 1148 1149 1150 1151 1152 1153 1154 1155 1156 1157 1158 1159 1160 1161 1162 1163 1164 1165 1166 1167 1168 1169 1170 1171 1172 1173 1174 1175 1176 1177 1178 1179 1180 1181 1182 1183 1184 1185 1186 1187 1188 1189 1190 1191 1192 1193 1194 1195 1196 1197 1198 1199 1200 1201 1202 1203 1204 1205 1206 1207 1208 1209 1210 1211 1212 1213 1214 1215 1216 1217 1218 1219 1220 1221 1222 1223 1224 1225 1226 1227 1228 1229 1230 1231 1232 1233 1234 1235 1236 1237 1238 1239 1240 1241 1242 1243 1244 1245 1246 1247 1248 1249 1250 1251 1252 1253 1254 1255 1256 1257 1258 1259 1260 1261 1262 1263 1264 1265 1266 1267 1268 1269 1270 1271 1272 1273 1274 1275 1276 1277 1278 1279 1280 1281 1282 1283 1284 1285 1286 1287 1288 1289 1290 1291 1292 1293 1294 1295 1296 1297 1298 1299 1300 1301 1302 1303 1304 1305 1306 1307 1308 1309 1310 1311 1312 1313 1314 1315 1316 1317 1318 1319 1320 1321 1322 1323 1324 1325 1326 1327 1328 1329 1330 1331 1332 1333 1334 1335 1336 1337 1338 1339 1340 1341 1342 1343 1344 1345 1346 1347 1348 1349 1350 1351 1352 1353 1354 1355 1356 1357 1358 1359 1360 1361 1362 1363 1364 1365 1366 1367 1368 1369 1370 1371 1372 1373 1374 1375 1376 1377 1378 1379 1380 1381 1382 1383 1384 1385 1386 1387 1388 1389 1390 1391 1392
 done.
 running RMSDs...
 done.
 E lowest :    -5.95131
 751 structures remain within     5.00 kcal/mol window
 
========================================
           MTD Simulations done         
========================================
 Collecting ensmbles.
 running RMSDs...
 done.
 E lowest :    -5.95131
 162 structures remain within     2.50 kcal/mol window
 
 
 
   ================================================
   |           Final Geometry Optimization        |
   ================================================
 --------------------------------------------
 Ensemble optimization with normal thresholds
 --------------------------------------------
 Optimizing all 162 structures from file "crest_rotamers_1.xyz" ...
 1 2 3 4 5 6 7 8 9 10 11 12 13 14 15 16 17 18 19 20 21 22 23 24 25 26 27 28 29 30 31 32 33 34 35 36 37 38 39 40 41 42 43 44 45 46 47 48 49 50 51 52 53 54 55 56 57 58 59 60 61 62 63 64 65 66 67 68 69 70 71 72 73 74 75 76 77 78 79 80 81 82 83 84 85 86 87 88 89 90 91 92 93 94 95 96 97 98 99 100 101 102 103 104 105 106 107 108 109 110 111 112 113 114 115 116 117 118 119 120 121 122 123 124 125 126 127 128 129 130 131 132 133 134 135 136 137 138 139 140 141 142 143 144 145 146 147 148 149 150 151 152 153 154 155 156 157 158 159 160 161 162
 done.
 running RMSDs...
 done.
 E lowest :    -5.95269
 136 structures remain within     2.50 kcal/mol window
 
 input  file name : crest_rotamers_2.xyz
 output file name : crest_rotamers_3.xyz
 number of atoms                :   41
 number of points on xyz files  :   162
 RMSD threshold                 :   0.1250
 Bconst threshold               :   0.0100
 population threshold           :   0.0500
 conformer energy window  /kcal :   2.5000
 # fragment in coord            :     1
 # bonds in reference structure :    40
 number of reliable points      :   162
 number of removed by energy    :     2
 number of remaining points     :   160
 reference state Etot :  -5.95268874000000
 number of doubles removed by rot/RMSD         :          24
 total number unique points considered further :         136
       Erel/kcal        Etot weight/tot  conformer     set   degen     origin
       1   0.000    -5.95269    0.02998    0.02998       1       1     mtd5
       2   0.004    -5.95268    0.02977    0.02977       2       1     mtd3
       3   0.197    -5.95238    0.02151    0.02151       3       1     mtd2
       4   0.209    -5.95236    0.02109    0.02109       4       1     mtd2
       5   0.209    -5.95236    0.02106    0.02106       5       1     mtd4
       6   0.248    -5.95229    0.01972    0.01972       6       1     mtd3
       7   0.265    -5.95227    0.01917    0.01917       7       1     mtd5
       8   0.271    -5.95226    0.01898    0.03697       8       2     mtd3
       9   0.303    -5.95221    0.01799                                mtd3
      10   0.274    -5.95225    0.01889    0.01889       9       1     mtd4
      11   0.310    -5.95220    0.01778    0.01778      10       1     mtd4
      12   0.330    -5.95216    0.01718    0.01718      11       1     mtd3
      13   0.338    -5.95215    0.01696    0.01696      12       1     mtd4
      14   0.392    -5.95206    0.01547    0.01547      13       1     mtd4
      15   0.429    -5.95201    0.01455    0.01455      14       1     mtd2
      16   0.435    -5.95200    0.01439    0.01439      15       1     mtd4
      17   0.437    -5.95199    0.01434    0.01434      16       1     mtd1
      18   0.439    -5.95199    0.01430    0.01430      17       1     mtd3
      19   0.462    -5.95195    0.01375    0.01375      18       1     mtd2
      20   0.478    -5.95193    0.01339    0.02632      19       2     mtd4
      21   0.499    -5.95189    0.01293                                mtd2
      22   0.499    -5.95189    0.01293    0.01293      20       1     mtd3
      23   0.505    -5.95188    0.01280    0.01280      21       1     mtd5
      24   0.507    -5.95188    0.01276    0.01276      22       1     mtd6
      25   0.509    -5.95188    0.01271    0.01271      23       1     mtd3
      26   0.487    -5.95191    0.01318    0.01318      24       1     mtd4
      27   0.535    -5.95184    0.01217    0.01217      25       1     mtd5
      28   0.538    -5.95183    0.01210    0.01210      26       1     mtd3
      29   0.554    -5.95181    0.01177    0.02349      27       2     mtd4
      30   0.557    -5.95180    0.01171                                mtd4
      31   0.556    -5.95180    0.01174    0.01174      28       1     mtd6
      32   0.579    -5.95177    0.01129    0.01129      29       1     mtd6
      33   0.582    -5.95176    0.01123    0.01123      30       1     mtd3
      34   0.598    -5.95174    0.01093    0.01093      31       1     mtd3
      35   0.600    -5.95173    0.01091    0.01091      32       1     mtd3
      36   0.606    -5.95172    0.01079    0.01079      33       1     mtd2
      37   0.630    -5.95169    0.01037    0.01037      34       1     mtd6
      38   0.639    -5.95167    0.01021    0.01021      35       1     mtd2
      39   0.647    -5.95166    0.01006    0.01006      36       1     mtd3
      40   0.650    -5.95165    0.01003    0.01003      37       1     mtd2
      41   0.658    -5.95164    0.00989    0.00989      38       1     mtd3
      42   0.679    -5.95161    0.00954    0.00954      39       1     mtd6
      43   0.691    -5.95159    0.00936    0.00936      40       1     mtd4
      44   0.698    -5.95158    0.00925    0.00925      41       1     mtd2
      45   0.706    -5.95156    0.00912    0.00912      42       1     mtd6
      46   0.731    -5.95152    0.00874    0.00874      43       1     mtd2
      47   0.744    -5.95150    0.00854    0.00854      44       1     mtd5
      48   0.753    -5.95149    0.00843    0.00843      45       1     mtd6
      49   0.760    -5.95148    0.00832    0.00832      46       1     mtd6
      50   0.768    -5.95147    0.00822    0.00822      47       1     mtd4
      51   0.784    -5.95144    0.00799    0.00799      48       1     mtd6
      52   0.845    -5.95134    0.00721    0.00721      49       1     mtd5
      53   0.861    -5.95132    0.00702    0.00702      50       1     mtd4
      54   0.861    -5.95132    0.00702    0.00702      51       1     mtd3
      55   0.863    -5.95131    0.00699    0.00699      52       1     mtd1
      56   0.868    -5.95131    0.00694    0.00694      53       1     mtd4
      57   0.869    -5.95130    0.00693    0.00693      54       1     mtd3
      58   0.871    -5.95130    0.00690    0.00690      55       1     mtd6
      59   0.871    -5.95130    0.00690    0.00690      56       1     mtd2
      60   0.876    -5.95129    0.00684    0.00684      57       1     mtd2
      61   0.884    -5.95128    0.00675    0.00675      58       1     mtd4
      62   0.913    -5.95123    0.00643    0.00643      59       1     mtd6
      63   0.927    -5.95121    0.00628    0.00628      60       1     mtd4
      64   0.930    -5.95121    0.00624    0.00624      61       1     mtd1
      65   0.939    -5.95119    0.00616    0.00616      62       1     mtd2
      66   0.941    -5.95119    0.00613    0.00613      63       1     mtd2
      67   0.979    -5.95113    0.00575    0.00575      64       1     mtd3
      68   0.985    -5.95112    0.00570    0.00570      65       1     mtd3
      69   0.990    -5.95111    0.00565    0.00565      66       1     mtd1
      70   0.991    -5.95111    0.00564    0.00564      67       1     mtd3
      71   0.995    -5.95110    0.00560    0.00560      68       1     mtd1
      72   1.006    -5.95109    0.00550    0.00550      69       1     mtd1
      73   1.006    -5.95109    0.00550    0.00550      70       1     mtd5
      74   1.019    -5.95106    0.00537    0.00537      71       1     mtd2
      75   1.046    -5.95102    0.00514    0.00514      72       1     mtd1
      76   1.050    -5.95101    0.00510    0.00510      73       1     mtd2
      77   1.053    -5.95101    0.00508    0.01015      74       2     mtd1
      78   1.054    -5.95101    0.00507                                mtd5
      79   1.054    -5.95101    0.00507    0.00507      75       1     mtd1
      80   1.057    -5.95100    0.00504    0.00504      76       1     mtd1
      81   1.082    -5.95096    0.00484    0.00484      77       1     mtd6
      82   1.109    -5.95092    0.00462    0.00462      78       1     mtd1
      83   1.133    -5.95088    0.00444    0.00444      79       1     mtd2
      84   1.145    -5.95086    0.00435    0.00435      80       1     mtd2
      85   1.145    -5.95086    0.00435    0.00435      81       1     mtd1
      86   1.147    -5.95086    0.00433    0.00433      82       1     mtd1
      87   1.159    -5.95084    0.00424    0.00424      83       1     mtd5
      88   1.164    -5.95083    0.00421    0.00421      84       1     mtd1
      89   1.193    -5.95079    0.00401    0.00401      85       1     mtd5
      90   1.224    -5.95074    0.00381    0.00381      86       1     mtd2
      91   1.234    -5.95072    0.00374    0.00374      87       1     mtd1
      92   1.285    -5.95064    0.00344    0.00344      88       1     mtd2
      93   1.289    -5.95064    0.00341    0.00679      89       2     mtd4
      94   1.294    -5.95063    0.00338                                mtd4
      95   1.289    -5.95063    0.00341    0.00341      90       1     mtd4
      96   1.305    -5.95061    0.00332    0.00332      91       1     mtd2
      97   1.309    -5.95060    0.00330    0.00330      92       1     mtd2
      98   1.340    -5.95055    0.00313    0.00313      93       1     mtd5
      99   1.382    -5.95049    0.00291    0.00291      94       1     mtd2
     100   1.392    -5.95047    0.00286    0.00286      95       1     mtd2
     101   1.469    -5.95035    0.00252    0.00252      96       1     mtd2
     102   1.517    -5.95027    0.00232    0.00232      97       1     mtd2
     103   1.531    -5.95025    0.00227    0.00227      98       1     mtd1
     104   1.533    -5.95025    0.00226    0.00226      99       1     mtd5
     105   1.605    -5.95013    0.00200    0.00200     100       1     mtd1
     106   1.623    -5.95010    0.00194    0.00194     101       1     mtd6
     107   1.692    -5.94999    0.00173    0.00173     102       1     mtd5
     108   1.696    -5.94999    0.00172    0.00172     103       1     mtd2
     109   1.701    -5.94998    0.00170    0.00170     104       1     mtd3
     110   1.712    -5.94996    0.00167    0.00167     105       1     mtd5
     111   1.721    -5.94995    0.00165    0.00165     106       1     mtd1
     112   1.775    -5.94986    0.00150    0.00150     107       1     mtd5
     113   1.800    -5.94982    0.00144    0.00144     108       1     mtd4
     114   1.805    -5.94981    0.00143    0.00143     109       1     mtd1
     115   1.818    -5.94979    0.00140    0.00140     110       1     mtd6
     116   1.848    -5.94974    0.00133    0.00263     111       2     mtd4
     117   1.861    -5.94972    0.00130                                mtd4
     118   1.857    -5.94973    0.00131    0.00131     112       1     mtd4
     119   1.865    -5.94972    0.00129    0.00129     113       1     mtd4
     120   1.867    -5.94971    0.00129    0.00129     114       1     mtd4
     121   1.884    -5.94969    0.00125    0.00125     115       1     mtd4
     122   1.885    -5.94968    0.00125    0.00125     116       1     mtd1
     123   1.897    -5.94967    0.00122    0.00122     117       1     mtd4
     124   1.963    -5.94956    0.00109    0.00109     118       1     mtd3
     125   2.039    -5.94944    0.00096    0.00096     119       1     mtd5
     126   2.040    -5.94944    0.00096    0.00096     120       1     mtd4
     127   2.046    -5.94943    0.00095    0.00095     121       1     mtd1
     128   2.091    -5.94936    0.00088    0.00088     122       1     mtd5
     129   2.171    -5.94923    0.00077    0.00077     123       1     mtd1
     130   2.243    -5.94911    0.00068    0.00068     124       1     mtd5
     131   2.251    -5.94910    0.00067    0.00067     125       1     mtd5
     132   2.260    -5.94909    0.00066    0.00066     126       1     mtd5
     133   2.272    -5.94907    0.00065    0.00065     127       1     mtd5
     134   2.329    -5.94898    0.00059    0.00059     128       1     mtd3
     135   2.386    -5.94889    0.00054    0.00054     129       1     mtd6
     136   2.427    -5.94882    0.00050    0.00050     130       1     mtd6
T /K                                  :   298.15
E lowest                              :    -5.95269
ensemble average energy (kcal)        :    0.645
ensemble entropy (J/mol K, cal/mol K) :   38.198    9.130
ensemble free energy (kcal/mol)       :   -2.722
population of lowest in %             :    2.998
 number of unique conformers for further calc          130
 list of relative energies saved as "crest.energies"
 
 -----------------
 Wall Time Summary
 -----------------
             test MD wall time :         0h : 0m : 1s
                 MTD wall time :         0h : 2m :20s
      multilevel OPT wall time :         0h : 1m : 2s
--------------------
Overall wall time  : 0h : 3m :32s
 
 CREST terminated normally.
