38
 energy: -38.973585350671 gnorm: 0.031641393715 xtb: 6.6.1 (8d0f1dd)
C            2.80032600000000        2.71021300000000       -0.71454300000000
C            2.76359800000000        1.62514400000000        0.35011400000000
C            2.34413700000000        0.26506600000000       -0.20907800000000
C            2.25169500000000       -0.81947400000000        0.86450400000000
C            1.80597300000000       -2.18258400000000        0.32541900000000
C            0.41433500000000       -2.17811200000000       -0.31560800000000
C           -0.70063200000000       -1.77521700000000        0.64969500000000
C           -2.09474400000000       -1.78874200000000        0.01638200000000
C           -2.26873400000000       -0.79924500000000       -1.14159500000000
C           -1.95725400000000        0.65673600000000       -0.78152800000000
C           -2.84807200000000        1.22446800000000        0.32376300000000
C           -2.52990600000000        2.67754700000000        0.64005700000000
H            1.82012800000000        2.84207800000000       -1.17804300000000
H            3.50122000000000        2.45704100000000       -1.51276400000000
H            3.10261500000000        3.67747900000000       -0.30580600000000
H            3.74544000000000        1.53283200000000        0.83407900000000
H            2.07551000000000        1.91235200000000        1.15701000000000
H            3.04593900000000       -0.04771500000000       -0.99224500000000
H            1.38007800000000        0.37024700000000       -0.71914900000000
H            3.22617200000000       -0.91326800000000        1.36239400000000
H            1.56686300000000       -0.49004800000000        1.65496400000000
H            2.54694800000000       -2.53713600000000       -0.40326400000000
H            1.82226400000000       -2.92299300000000        1.13615900000000
H            0.18790000000000       -3.17024300000000       -0.72866800000000
H            0.41223500000000       -1.50831200000000       -1.18277200000000
H           -0.67669900000000       -2.44310400000000        1.52124000000000
H           -0.49631800000000       -0.77834200000000        1.05608300000000
H           -2.85063500000000       -1.58204400000000        0.78515900000000
H           -2.31861800000000       -2.80606300000000       -0.33139400000000
H           -3.29664700000000       -0.85908500000000       -1.52374200000000
H           -1.63766300000000       -1.11253300000000       -1.98341500000000
H           -0.90726000000000        0.75101100000000       -0.48183200000000
H           -2.04890200000000        1.29003700000000       -1.67427100000000
H           -2.74404500000000        0.61499300000000        1.23094000000000
H           -3.90155500000000        1.12080200000000        0.03053400000000
H           -2.65929300000000        3.31153700000000       -0.23957600000000
H           -1.49472200000000        2.79211800000000        0.96854000000000
H           -3.17122400000000        3.07682600000000        1.42948300000000
38
 energy: -38.975821172007 gnorm: 0.013721908250 xtb: 6.6.1 (8d0f1dd)
C            2.79971038141503        2.70228370395473       -0.71461031539761
C            2.76503274130339        1.62041844469688        0.35395124773426
C            2.34377411703788        0.26630399870159       -0.21348996846746
C            2.24879909327587       -0.81308482829782        0.86330517566833
C            1.80159243574524       -2.17445443774062        0.32564591576085
C            0.41334111785314       -2.17347542832190       -0.31723340021139
C           -0.69862004579468       -1.77262928012448        0.65033332815727
C           -2.08924834987019       -1.78831660563029        0.01511434279406
C           -2.26792623111579       -0.79498532547806       -1.13653879565927
C           -1.95587761108876        0.65892864740458       -0.77765879244159
C           -2.85081118023909        1.22159913075712        0.32486229543821
C           -2.52726213557155        2.67503718536962        0.63364256617282
H            1.81721387992656        2.83094490090117       -1.16922262373973
H            3.50392748812869        2.44487834405793       -1.50554548219406
H            3.10242880004491        3.66043882309691       -0.29320476437858
H            3.75199791825011        1.52955682843690        0.82065597561817
H            2.06653275508557        1.91225579736350        1.14646885301714
H            3.05712627190098       -0.04699253353451       -0.98320652852802
H            1.37498465415614        0.38097513791168       -0.70731817773939
H            3.22862356850947       -0.92483264320801        1.34127398732057
H            1.56057847572463       -0.48450638129352        1.64769092799771
H            2.53283758484104       -2.52145196438577       -0.41283341766738
H            1.81355249829054       -2.90103106329570        1.14580893695153
H            0.19984224114316       -3.17485368102719       -0.70808694127733
H            0.41640240635715       -1.49991661824231       -1.17710429331355
H           -0.68844717484099       -2.45745766883077        1.50589147149792
H           -0.50033118336479       -0.77517333530579        1.04806530483509
H           -2.83451098514871       -1.57681565339846        0.78842244339247
H           -2.30462845392845       -2.79760337882729       -0.35342704574639
H           -3.30069005663223       -0.85872529728978       -1.49741075223763
H           -1.63074848780698       -1.09795313216296       -1.97346895022299
H           -0.90960676525482        0.74874697166899       -0.47233621768315
H           -2.06983454335017        1.27674439590941       -1.67586535312536
H           -2.73014423630554        0.62604005812539        1.23487217757150
H           -3.89972581562042        1.13176028093323        0.02135430621969
H           -2.66243469970547        3.30123402711191       -0.24819069241689
H           -1.49385656921482        2.78027038274500        0.96443249215341
H           -3.17314090413602        3.06010919724869        1.42218676414680
38
 energy: -38.976164044768 gnorm: 0.002500085767 xtb: 6.6.1 (8d0f1dd)
C            2.80100182848646        2.70017755282703       -0.71435141763124
C            2.76716568701463        1.61813500982202        0.35678925070092
C            2.34384550198466        0.26758579109838       -0.21499942541667
C            2.24964823670468       -0.80978734862272        0.86271611271761
C            1.80040115119992       -2.17061767268839        0.32633138103357
C            0.41287900581443       -2.17261265225771       -0.31714416785615
C           -0.69833104369244       -1.77426640208409        0.65086117554290
C           -2.08735533140627       -1.78991663010353        0.01333744874659
C           -2.26896873185260       -0.79339506499031       -1.13485217733154
C           -1.95829683445701        0.66036679137763       -0.77665972899173
C           -2.85258303026337        1.22074413429456        0.32618461334636
C           -2.52679593743948        2.67669454924707        0.63048003108257
H            1.81756594702979        2.82424376865013       -1.16421060068259
H            3.50512103649350        2.43809125705082       -1.50147997727734
H            3.10394487157725        3.65387862357299       -0.28750646027552
H            3.75501976202050        1.52701910302822        0.81509002822140
H            2.06539577121139        1.91082284873197        1.14253405513235
H            3.06088313852476       -0.04548733455234       -0.97817190252787
H            1.37456883775357        0.38846794008376       -0.70178774369736
H            3.23150041239402       -0.92985194182982        1.32934930941987
H            1.56228796706208       -0.47983170274728        1.64408649112908
H            2.52667416098553       -2.51332025099449       -0.41586716630591
H            1.80986238574974       -2.88847745796900        1.15124985867462
H            0.20682763218602       -3.17776043684169       -0.69599591958454
H            0.41695859530390       -1.49891526935438       -1.17364297631287
H           -0.69426559493348       -2.46780473062911        1.49668287939853
H           -0.50362460369598       -0.77827269900947        1.04660264076556
H           -2.82776924452842       -1.58001868477201        0.78840605028173
H           -2.29529424688744       -2.79364572496118       -0.36803802671805
H           -3.30416682881064       -0.85759537766405       -1.48175429111838
H           -1.63137439935962       -1.08972371600793       -1.97078543776217
H           -0.91482985768581        0.75018136854417       -0.46975787455925
H           -2.08338141526903        1.27059443623869       -1.67600991970267
H           -2.72483382614908        0.63309806027789        1.23702466247034
H           -3.89800469385927        1.13657443457616        0.01886918762092
H           -2.66367394955537        3.29599260475815       -0.25386818357084
H           -1.49386848093348        2.77602637976993        0.95923638173963
H           -3.17368087871804        3.05687344412997        1.41827783929812
38
 energy: -38.976192427990 gnorm: 0.000901406361 xtb: 6.6.1 (8d0f1dd)
C            2.80255505151064        2.70064621563078       -0.71383142166934
C            2.76902357393510        1.61808652334008        0.35799606165667
C            2.34467683452182        0.26839723604966       -0.21530436929396
C            2.25099894340495       -0.80880663484299        0.86261315349408
C            1.80088212932544       -2.17007020594970        0.32717660585760
C            0.41308091925275       -2.17354774843422       -0.31667302802329
C           -0.69868675050845       -1.77646987200696        0.65116505515742
C           -2.08735978920978       -1.79192887487586        0.01179610323519
C           -2.27107374079534       -0.79300043356830       -1.13444912348384
C           -1.96040933185044        0.66116910052516       -0.77642438805037
C           -2.85410637063983        1.22119867841771        0.32705949498119
C           -2.52717784103965        2.67844677272860        0.62910299199413
H            1.81887355536778        2.82341063660537       -1.16285694565293
H            3.50612149990645        2.43721880745016       -1.50064047185705
H            3.10561847175024        3.65399524274749       -0.28708888183510
H            3.75681749292064        1.52631860126187        0.81516439465786
H            2.06772889849208        1.91059475216256        1.14359359161222
H            3.06094961930299       -0.04450277073145       -0.97866731380700
H            1.37546935697157        0.39054978120310       -0.70110126373377
H            3.23338960115200       -0.92970420026595        1.32668691444930
H            1.56546102705421       -0.47806389014380        1.64481519518214
H            2.52676920735415       -2.51264644108258       -0.41480284957432
H            1.81003000633382       -2.88642410633413        1.15276606342865
H            0.20889338214375       -3.17917750477103       -0.69379863830472
H            0.41626535117088       -1.50065408388031       -1.17344454972645
H           -0.69567299724295       -2.47192050815211        1.49482408386787
H           -0.50482007794599       -0.78138998035881        1.04894267015135
H           -2.82836876639137       -1.58535090014912        0.78665682935743
H           -2.29254514389409       -2.79437349690587       -0.37309623826263
H           -3.30687604056138       -0.85699192172781       -1.47814468376306
H           -1.63530148655990       -1.08789370175059       -1.97176261839028
H           -0.91688532539041        0.75215770936405       -0.47105728549122
H           -2.08793282368796        1.27038812259766       -1.67556457547391
H           -2.72494499922750        0.63516169791019        1.23822865393509
H           -3.89940757570192        1.13722341050652        0.02088995769917
H           -2.66449426856180        3.29544489375088       -0.25646888978682
H           -1.49390925624579        2.77700617182581        0.95623553840412
H           -3.17317933641675        3.05976992185396        1.41669017705859
38
 energy: -38.976230996244 gnorm: 0.003468502103 xtb: 6.6.1 (8d0f1dd)
C            2.80911877834729        2.70292692341887       -0.71158382877435
C            2.77636613223068        1.61878857549111        0.36087600071060
C            2.34757365720713        0.27140670086261       -0.21540321031146
C            2.25607525728544       -0.80623265927819        0.86232659262540
C            1.80292588191887       -2.16864419290139        0.33025763341355
C            0.41443026323740       -2.17682542273250       -0.31476759794121
C           -0.70066482661680       -1.78437444677196        0.65130070163371
C           -2.08807395037510       -1.79918677798760        0.00627461727037
C           -2.27910373461332       -0.79237446175918       -1.13327467208127
C           -1.96904219079082        0.66281285667066       -0.77527171707057
C           -2.85888905070695        1.22383124623543        0.33086866063850
C           -2.52928444765545        2.68454514080036        0.62397093478130
H            1.82459519364575        2.82340673145401       -1.15849637768836
H            3.51089272036143        2.43663164368926       -1.49856431235442
H            3.11296435852143        3.65607205401061       -0.28617907861883
H            3.76447241272085        1.52426554079925        0.81549627100389
H            2.07771897359951        1.91089893257181        1.14815724133022
H            3.06061830020543       -0.04099295403949       -0.98130871788626
H            1.37797638137447        0.39676724908060       -0.69873967070575
H            3.24054404136001       -0.92854879038427        1.32007406207350
H            1.57645808308532       -0.47311082294356        1.64834561557951
H            2.52888923724350       -2.51276809191605       -0.41005702258364
H            1.81139991523360       -2.88170909598298        1.15781860928904
H            0.21574822019263       -3.18398482610273       -0.68886420425053
H            0.41432849027638       -1.50652299731346       -1.17337180124707
H           -0.70094890011417       -2.48549822418151        1.48954463387059
H           -0.50891434464339       -0.79223997752197        1.05730912761633
H           -2.83280998702055       -1.60581708609559        0.78064092698130
H           -2.28423926841163       -2.79856169446972       -0.38964142288301
H           -3.31736343225586       -0.85554611786967       -1.46784640447701
H           -1.65045959086742       -1.08296602072271       -1.97705172825173
H           -0.92435019606585        0.75754571860662       -0.47589750600636
H           -2.10303024988601        1.27028429163482       -1.67399547585029
H           -2.72568997134647        0.64191189076478        1.24355260543086
H           -3.90515720689621        1.13920863636142        0.03012824135062
H           -2.66867147822900        3.29440851394570       -0.26591520589791
H           -1.49446934744526        2.78237984413588        0.94537909834056
H           -3.17148112410687        3.07207917044072        1.41113438094018
38
 energy: -38.976241664268 gnorm: 0.002011952629 xtb: 6.6.1 (8d0f1dd)
C            2.81068837474074        2.70323707542791       -0.71111909851388
C            2.77779097910178        1.61912006481498        0.36055697748892
C            2.34786531785528        0.27182672735700       -0.21497416687845
C            2.25651428893396       -0.80614613234709        0.86240491507632
C            1.80298591837346       -2.16831885130341        0.33063291193984
C            0.41483059898342       -2.17680394817577       -0.31464608651817
C           -0.70116714961658       -1.78513607212983        0.65076431525620
C           -2.08821296866384       -1.80016179787985        0.00547397349476
C           -2.28065440835717       -0.79260233296974       -1.13291098226471
C           -1.97052142070183        0.66230258277676       -0.77484635169109
C           -2.85922212459023        1.22435138164153        0.33169737225552
C           -2.52987666398168        2.68486705432873        0.62287254929974
H            1.82612848238363        2.82499617820474       -1.15797590459492
H            3.51230865520699        2.43769285171373       -1.49870643345664
H            3.11504753581916        3.65640242094428       -0.28562837484833
H            3.76633532847462        1.52386042666668        0.81483451750926
H            2.07996767633277        1.91165492242097        1.14883308279577
H            3.06031744084589       -0.04078511784975       -0.98176800499288
H            1.37772966674429        0.39734178811288       -0.69773491333213
H            3.24126515778289       -0.92851123992689        1.32037648719305
H            1.57705581935258       -0.47313472627260        1.64889422497568
H            2.52926775158571       -2.51350269636161       -0.40932903093185
H            1.81144484877460       -2.88153672871853        1.15849851454542
H            0.21664984298401       -3.18414435161696       -0.68953903764331
H            0.41465822921330       -1.50632555322964       -1.17335260203139
H           -0.70181701030405       -2.48664153546847        1.48908758630370
H           -0.50954362149079       -0.79314361181219        1.05757175279207
H           -2.83350131909397       -1.60871157640155        0.78007558842528
H           -2.28368891246826       -2.79960151693614       -0.39133067215688
H           -3.31934411871220       -0.85605579002496       -1.46707014312283
H           -1.65284603458851       -1.08263616932009       -1.97780731949204
H           -0.92542936466751        0.75683805715876       -0.47613459546609
H           -2.10467564271290        1.27004808367188       -1.67374574843014
H           -2.72525483628491        0.64279763679783        1.24483370765209
H           -3.90612816565901        1.13911181600926        0.03222937481288
H           -2.67023959457694        3.29413594970808       -0.26744852129683
H           -1.49481175238871        2.78391772250476        0.94354285927188
H           -3.17146380462999        3.07366400848435        1.41011327657418
38
 energy: -38.976254369097 gnorm: 0.000905329719 xtb: 6.6.1 (8d0f1dd)
C            2.81572224364975        2.70412909618877       -0.70976046873887
C            2.78234606277851        1.61970624877496        0.35994229743582
C            2.34844925459407        0.27305307944737       -0.21395587076615
C            2.25729947020324       -0.80554643904686        0.86274803217309
C            1.80293343061931       -2.16719885878993        0.33157859066473
C            0.41577389823877       -2.17624945818246       -0.31477188869707
C           -0.70244731684610       -1.78695244424973        0.64916002604311
C           -2.08878236479735       -1.80305736994744        0.00348107482785
C           -2.28503388619782       -0.79354327266610       -1.13195486432486
C           -1.97461052875343        0.66062588853870       -0.77357669780507
C           -2.86025769888096        1.22516683938792        0.33420491318059
C           -2.53185952683172        2.68573081927321        0.61949832835493
H            1.83107115538015        2.82949120977816       -1.15615368185740
H            3.51661164730786        2.44024652051839       -1.49897031463688
H            3.12190644601205        3.65680351610269       -0.28342765196056
H            3.77203513840845        1.52200940751821        0.81257075618849
H            2.08706335628405        1.91365902873900        1.15068153091402
H            3.05890152059976       -0.04053266426540       -0.98291663581675
H            1.37692381556051        0.39969204516662       -0.69454227130492
H            3.24251298136715       -0.92837844803752        1.32110028372060
H            1.57807718265739       -0.47275656933944        1.65003362949973
H            2.52988838026108       -2.51481148677606       -0.40742141330151
H            1.81095606637823       -2.88035225011255        1.16032559526765
H            0.21913532757404       -3.18378469674156       -0.69174331870609
H            0.41561554609610       -1.50482809913888       -1.17312530959952
H           -0.70367192331129       -2.48946868085491        1.48732614742407
H           -0.51160277292364       -0.79524661400318        1.05761391969999
H           -2.83492953021082       -1.61644276952018        0.77900463604906
H           -2.28211916844772       -2.80242322697702       -0.39596382534661
H           -3.32488132610693       -0.85773532821858       -1.46420415029651
H           -1.65944858701287       -1.08173404664856       -1.97971143883105
H           -0.92867458283282        0.75432940451072       -0.47649558645752
H           -2.10937076118275        1.26891135702083       -1.67268762503496
H           -2.72338968919136        0.64532090001322        1.24859001574178
H           -3.90859395676416        1.13793588157288        0.03834716999200
H           -2.67533413110007        3.29272727519431       -0.27226377412396
H           -1.49605099157821        2.78822592799203        0.93757033852601
H           -3.17171118100049        3.07754527777839        1.40709550190274
38
 energy: -38.976260206573 gnorm: 0.001441176066 xtb: 6.6.1 (8d0f1dd)
C            2.82015887720918        2.70487444348959       -0.70872034646183
C            2.78619389445599        1.61972831660228        0.35985406087813
C            2.34855442796527        0.27399731226266       -0.21343108775576
C            2.25712230870162       -0.80474754684876        0.86311916061623
C            1.80254891027729       -2.16625091671370        0.33195925622456
C            0.41606241793265       -2.17515681026437       -0.31554833815512
C           -0.70310534633375       -1.78771399164283        0.64808578146985
C           -2.08938175188313       -1.80514578974295        0.00258701573337
C           -2.28810095999018       -0.79463639040910       -1.13136985648216
C           -1.97709195515762        0.65916308658088       -0.77272912988749
C           -2.86098239139860        1.22477499374191        0.33599547270948
C           -2.53378979091049        2.68611737116904        0.61693430528272
H            1.83539449208048        2.83272717552542       -1.15433425637647
H            3.52009128120054        2.44142876051954       -1.49902417209356
H            3.12813329949735        3.65666923232642       -0.28140170662315
H            3.77658203817956        1.51972239339783        0.81067179237762
H            2.09302199145481        1.91483656709423        1.15213661426546
H            3.05709391055968       -0.04079888652292       -0.98373885324387
H            1.37625151794766        0.40237426912556       -0.69208107322181
H            3.24225104871120       -0.92794240851991        1.32177313123107
H            1.57772919943561       -0.47199687333747        1.65035228119234
H            2.52999018038723       -2.51477407864717       -0.40627855331047
H            1.80975432056481       -2.87913771837970        1.16110287444303
H            0.22033781455029       -3.18235257891245       -0.69413931434236
H            0.41621790019710       -1.50249352975691       -1.17297940915412
H           -0.70380026233832       -2.49061855536494        1.48601094256860
H           -0.51330655459017       -0.79597000289698        1.05696403755024
H           -2.83549709961622       -1.62088989654828        0.77878549375559
H           -2.28135102005697       -2.80435607855835       -0.39812881901262
H           -3.32856488426897       -0.85914718823102       -1.46194942043936
H           -1.66389223704067       -1.08176250353219       -1.98059624364673
H           -0.93079329088242        0.75209432008005       -0.47658411382816
H           -2.11232035824095        1.26775003127587       -1.67165616565142
H           -2.72129122887173        0.64684632895862        1.25127667341477
H           -3.90999918176082        1.13561377034268        0.04281731173357
H           -2.68000859441763        3.29090157744912       -0.27598897959816
H           -1.49739596832563        2.79112966331435        0.93252628658924
H           -3.17236395522407        3.07940913157398        1.40495334724876
38
 energy: -38.976278370032 gnorm: 0.001271769149 xtb: 6.6.1 (8d0f1dd)
C            2.83564003294629        2.70721536813632       -0.70524091919346
C            2.79934804682287        1.61910117418045        0.36038623857836
C            2.34825629423232        0.27726885905298       -0.21211768464196
C            2.25491533541876       -0.80160103197074        0.86429802355669
C            1.80063323229476       -2.16295769667840        0.33215133726535
C            0.41596443055881       -2.17018723989589       -0.31919408235858
C           -0.70473717019959       -1.78869057890239        0.64508971887083
C           -2.09182319764226       -1.81117349672906        0.00149104906755
C           -2.29683856817995       -0.79898664001356       -1.12978496201923
C           -1.98362142943572        0.65410710344591       -0.77058655245315
C           -2.86286785836899        1.22149782440310        0.34115879899132
C           -2.54102769440451        2.68654192529331        0.60895400142672
H            1.85029466592619        2.84262116844914       -1.14741692435938
H            3.53166704028938        2.44328589844801       -1.49884687145637
H            3.15029246858158        3.65555190243646       -0.27488780204495
H            3.79170843841191        1.51071713112806        0.80475921545799
H            2.11321287677566        1.91795057304390        1.15728047030083
H            3.05003125034532       -0.04226637444982       -0.98647390932027
H            1.37400735495622        0.41301091777060       -0.68455617673976
H            3.23912140798208       -0.92562227308267        1.32434383940039
H            1.57427204755634       -0.46881003503990        1.65034419041833
H            2.52986795077749       -2.51258690284174       -0.40364179617280
H            1.80445202126028       -2.87524594519960        1.16173451423705
H            0.22220291136977       -3.17546022116041       -0.70340183178131
H            0.41747997724024       -1.49269437099399       -1.17274465295283
H           -0.70168551859224       -2.49219631762285        1.48229950378746
H           -0.51882660597508       -0.79642628975373        1.05425989942999
H           -2.83698087786445       -1.63160933896394        0.77959137394951
H           -2.28016866274393       -2.81014145384307       -0.40121554947234
H           -3.33882774954138       -0.86369474502699       -1.45516479530578
H           -1.67650805127816       -1.08412699064428       -1.98243861800611
H           -0.93645768639152        0.74482246476145       -0.47724607728204
H           -2.12047267838291        1.26353229912857       -1.66852859085455
H           -2.71322897773285        0.65043251939161        1.25919051576532
H           -3.91348697202243        1.12503618395770        0.05638237715720
H           -2.69699685694278        3.28373593158250       -0.28754335476367
H           -1.50273820297338        2.79952164815643        0.91579439037801
H           -3.17562002507417        3.08279405004657        1.39874769313964
38
 energy: -38.976294826266 gnorm: 0.000782291745 xtb: 6.6.1 (8d0f1dd)
C            2.85424828604374        2.70936413648840       -0.70097456654114
C            2.81491676705625        1.61808075300174        0.36184714293726
C            2.34773007610942        0.28159321821035       -0.21060166336946
C            2.25127452745867       -0.79769965802033        0.86523905430514
C            1.79779413267856       -2.15869704815658        0.33102878140108
C            0.41464563076908       -2.16327373131015       -0.32371693190734
C           -0.70643005199007       -1.78856499464954        0.64274061480076
C           -2.09487999389477       -1.81674811375234        0.00217229862655
C           -2.30535761504499       -0.80446676019616       -1.12811161757549
C           -1.98972867180813        0.64832589771253       -0.76939968315628
C           -2.86430371132466        1.21627311510795        0.34578870437257
C           -2.55035379551347        2.68581690432632        0.60041749368822
H            1.86796149788978        2.85305052023109       -1.13830062393989
H            3.54495332595144        2.44296975169531       -1.49831449780615
H            3.17747860723653        3.65377255731713       -0.26851704602384
H            3.80925431556554        1.49942821076973        0.79890639301887
H            2.13693007754886        1.92100551675875        1.16400438073625
H            3.04160211234417       -0.04353180344469       -0.98961298461614
H            1.37183739175748        0.42719356972565       -0.67662175955808
H            3.23427222011956       -0.92232644457792        1.32732829893233
H            1.56887265885913       -0.46490771266071        1.64962651204123
H            2.52905754775908       -2.50815271305990       -0.40257653280638
H            1.79802616476639       -2.87131521657211        1.16011041148457
H            0.22205203142285       -3.16605964217477       -0.71453768324928
H            0.41732483916809       -1.48011017606729       -1.17267159862941
H           -0.69785643817160       -2.49280151753129        1.47916471046109
H           -0.52475270734191       -0.79574769668266        1.05233933267666
H           -2.83878666768255       -1.63987103020750        0.78193709662330
H           -2.28022850917766       -2.81610013113142       -0.40052568132893
H           -3.34877014299927       -0.86869272926189       -1.44846441638213
H           -1.68887912270631       -1.08936992024587       -1.98349125335095
H           -0.94149552355929        0.73784893795505       -0.47988669477080
H           -2.12935416556888        1.25825071913972       -1.66641887699006
H           -2.70312115335554        0.65284059630204        1.26655520064920
H           -3.91643349684708        1.11057991873456        0.07030986760525
H           -2.71831125045958        3.27486871325916       -0.29929190291282
H           -1.51008964500059        2.80791582783576        0.89697465378332
H           -3.18064654805827        3.08352517513191        1.39277106677093
38
 energy: -38.976312154943 gnorm: 0.000707947025 xtb: 6.6.1 (8d0f1dd)
C            2.87561933858340        2.71093232199530       -0.69590503133404
C            2.83269154448147        1.61691564103599        0.36445007155546
C            2.34750114256584        0.28713656562852       -0.20863038760038
C            2.24695392408497       -0.79324341587518        0.86574888122703
C            1.79430578704540       -2.15328213887136        0.32829029893905
C            0.41198368576646       -2.15476586957367       -0.32820367530563
C           -0.70852182330228       -1.78758887221774        0.64163872072168
C           -2.09851251365860       -1.82131102175014        0.00478874613913
C           -2.31325566803804       -0.81082858105307       -1.12637344368707
C           -1.99583236524008        0.64225961720968       -0.77002054944470
C           -2.86542678720742        1.20957799782042        0.34924158950599
C           -2.56168858292486        2.68375353018252        0.59167653656181
H            1.88807613001021        2.86379757539938       -1.12702607726332
H            3.55941068840826        2.44000491461555       -1.49756576970320
H            3.20952187528804        3.65119354550268       -0.26284656932318
H            3.82887222305574        1.48657289083429        0.79365559972313
H            2.16371432961759        1.92422667283595        1.17231503443511
H            3.03280453857222       -0.04367619912231       -0.99272737106048
H            1.37035587648936        0.44454923173537       -0.66819036614807
H            3.22865434445708       -0.91886379036715        1.33008522428637
H            1.56272320275649       -0.46068233639085        1.64850978736801
H            2.52698736091948       -2.50127857546778       -0.40435942975235
H            1.79193100882620       -2.86740538101103        1.15584104282517
H            0.21996461696404       -3.15481911821047       -0.72595403673249
H            0.41476146654781       -1.46558480617252       -1.17218598426207
H           -0.69368265077983       -2.49330916318409        1.47666719638081
H           -0.53084581265703       -0.79464935505261        1.05260407598223
H           -2.84103566448036       -1.64511569836180        0.78591126518601
H           -2.28169744458829       -2.82166415022568       -0.39608587317302
H           -3.35795948763593       -0.87449380476767       -1.44207529398415
H           -1.70036589887518       -1.09722565075169       -1.98368303482388
H           -0.94623027607835        0.73236832830036       -0.48592474515364
H           -2.14024744082454        1.25175606790166       -1.66648220577211
H           -2.69146568955569        0.65374902795180        1.27219934278946
H           -3.91887282048015        1.09323291166183        0.08363342072692
H           -2.74365622826962        3.26502702055398       -0.31023469018695
H           -1.51955946571825        2.81608714460207        0.87681951803829
H           -3.18752346412565        3.08091392265949        1.38762418231910
38
 energy: -38.976334495621 gnorm: 0.001030927398 xtb: 6.6.1 (8d0f1dd)
C            2.90419076046943        2.71226679463515       -0.68900411855269
C            2.85625645309819        1.61569905567427        0.36877672480537
C            2.34824333891543        0.29503116076662       -0.20544791740776
C            2.24215287070698       -0.78768288333122        0.86594548057424
C            1.78971293002140       -2.14561592746181        0.32326083803316
C            0.40726382565269       -2.14332413487554       -0.33277288681995
C           -0.71168812085041       -1.78592419516288        0.64236248642068
C           -2.10335780310084       -1.82540934359943        0.00980268926125
C           -2.32235072309917       -0.81927677890325       -1.12445581629085
C           -2.00397621689663        0.63499781541361       -0.77344435399919
C           -2.86700642064110        1.20047810398912        0.35163603797803
C           -2.57743886523089        2.67987245280503        0.58124580691190
H            1.91485964432779        2.87765903754476       -1.11122372835723
H            3.57771195786049        2.43380425835490       -1.49676135906004
H            3.25346026928539        3.64734322568304       -0.25702367003694
H            3.85443127509235        1.47022008142176        0.78828131462427
H            2.19882945199102        1.92868086232213        1.18383554750531
H            3.02281912923474       -0.04210954462175       -0.99614018921477
H            1.36990228280115        0.46787278979494       -0.65710048713104
H            3.22237309986416       -0.91546591934820        1.33274516338047
H            1.55609982578852       -0.45581402747957        1.64729997252066
H            2.52271340389767       -2.49029324366907       -0.41049018459638
H            1.78656508353638       -2.86319914086533        1.14765100951630
H            0.21558794538417       -3.14010332759329       -0.73873011887983
H            0.40848878498428       -1.44684112046487       -1.17069791005339
H           -0.68956511554107       -2.49455571026125        1.47479605263263
H           -0.53823747703234       -0.79345586173167        1.05635485497612
H           -2.84431527234214       -1.64785336554268        0.79203954084458
H           -2.28518159918022       -2.82761223174265       -0.38689864693591
H           -3.36830501838045       -0.88314342830693       -1.43556695871229
H           -1.71296053844933       -1.10916085057849       -1.98295547745762
H           -0.95230541659977        0.72822380621266       -0.49795495655893
H           -2.15698219238604        1.24263292245252       -1.66975309053200
H           -2.67661046499902        0.65302980348021        1.27629369752614
H           -3.92191226642671        1.07044656936284        0.09850441668405
H           -2.77821727423903        3.25299838419365       -0.32179613342052
H           -1.53322907425606        2.82567321845607        0.85168204756554
H           -3.19756947326109        3.07417769297666        1.38293032225668
38
 energy: -38.976357273813 gnorm: 0.000973452467 xtb: 6.6.1 (8d0f1dd)
C            2.93445431191059        2.71310469250865       -0.68171552090694
C            2.88091298217229        1.61482159164272        0.37389222452763
C            2.35055245321930        0.30360530060391       -0.20136764474936
C            2.23903944962881       -0.78249579713173        0.86590104867358
C            1.78558127837425       -2.13728252364371        0.31669924519470
C            0.40148875020615       -2.13151225669666       -0.33550835090689
C           -0.71565454125742       -1.78381919734191        0.64504387082320
C           -2.10881682738158       -1.82786994688349        0.01638963777595
C           -2.33068122668589       -0.82826069286671       -1.12300933192304
C           -2.01384563386870        0.62820648054137       -0.77977674067464
C           -2.86955512393230        1.19131068226775        0.35193538524161
C           -2.59468898670653        2.67489354364397        0.57156930322021
H            1.94342488856755        2.89282256311445       -1.09400873310356
H            3.59600913058394        2.42587852832700       -1.49631988568550
H            3.30122362577433        3.64261458974558       -0.25224600541806
H            3.88052897988280        1.45429455048109        0.78426043007750
H            2.23489429481530        1.93362068248149        1.19572353573207
H            3.01466664429757       -0.03857255783865       -0.99875798481939
H            1.37129053718564        0.49147505385886       -0.64508565302723
H            3.21812189402300       -0.91402667651542        1.33418712515020
H            1.55209539561439       -0.45183786352130        1.64696142604142
H            2.51689946084640       -2.47716629946915       -0.42104289815119
H            1.78466964169486       -2.85999964626977        1.13663022927764
H            0.20988147550633       -3.12527224701374       -0.74886971137071
H            0.39934914745800       -1.42825948528239       -1.16770203748189
H           -0.68752474954584       -2.49633230870701        1.47400321544973
H           -0.54541762687007       -0.79251174708295        1.06334934491317
H           -2.84843290332386       -1.64685505763515        0.79918576981879
H           -2.29038713963384       -2.83248128403782       -0.37450577658078
H           -3.37740971037955       -0.89412993765404       -1.43100973654879
H           -1.72338691006787       -1.12261794465413       -1.98146505666632
H           -0.95989606997583        0.72687386161781       -0.51465862936429
H           -2.17806229299020        1.23253323446950       -1.67642821597259
H           -2.66281453874118        0.65073211609033        1.27699418988348
H           -3.92563811998436        1.04815246585047        0.11131408301537
H           -2.81498984140904        3.24188345473254       -0.33064683766096
H           -1.54879879980124        2.83424434419892        0.82701478186614
H           -3.20863029920632        3.06450273406942        1.38029590432980
38
 energy: -38.976373324645 gnorm: 0.000580721354 xtb: 6.6.1 (8d0f1dd)
C            2.95867026554097        2.71378979397478       -0.67593277961854
C            2.90011312570882        1.61449404006295        0.37799224225095
C            2.35400360456443        0.31008830092734       -0.19765732726518
C            2.23928863168930       -0.77933122579901        0.86582587236412
C            1.78304401099810       -2.13087247615550        0.31132322907282
C            0.39680847803323       -2.12287068403860       -0.33612845506344
C           -0.71894586168647       -1.78219299806423        0.64847287331337
C           -2.11284194682356       -1.82889769666478        0.02156046912386
C           -2.33770311018830       -0.83523997756013       -1.12234316369994
C           -2.02412844315623        0.62352961603678       -0.78622873832296
C           -2.87373312554631        1.18496857671439        0.35093956284896
C           -2.60859285719036        2.67083477826020        0.56451568015158
H            1.96670971626622        2.90638564190457       -1.08016851549199
H            3.61003387808499        2.41981952871885       -1.49634462071072
H            3.34025422797766        3.63832414273715       -0.24852140228129
H            3.90043956985033        1.44306870751362        0.78218594049654
H            2.26224395964284        1.93794796881633        1.20437988438236
H            3.01044963137841       -0.03484479124604       -1.00030252039555
H            1.37380642084542        0.50801542131985       -0.63486877887045
H            3.21803522468532       -0.91515924014082        1.33385350441538
H            1.55297821602238       -0.44993069413516        1.64801509489595
H            2.51137237214880       -2.46636333059779       -0.43158355813085
H            1.78640747137306       -2.85854937389258        1.12705677448735
H            0.20542373671970       -3.11482487583661       -0.75415579881041
H            0.39130624224673       -1.41513297555509       -1.16454307379352
H           -0.68781092595834       -2.49791919606554        1.47461686221175
H           -0.55067657037513       -0.79191517647520        1.07032573344848
H           -2.85169627717080       -1.64468396914409        0.80442393054447
H           -2.29482437096888       -2.83553742164482       -0.36418326710990
H           -3.38457003547584       -0.90509037130006       -1.42948407826891
H           -1.73042094476354       -1.13260035775361       -1.97982154457861
H           -0.96839375259960        0.72789712511683       -0.53006527393763
H           -2.19861920153270        1.22426661124403       -1.68341891949220
H           -2.65488770773001        0.64848282933635        1.27559159341965
H           -3.93076195591361        1.03316713706951        0.11992425960798
H           -2.84381631889259        3.23463006640709       -0.33591431366165
H           -1.56154669115313        2.83995998344465        0.80844230762078
H           -3.21696568665146        3.05655356246448        1.37944631484745
38
 energy: -38.976383106217 gnorm: 0.000478973655 xtb: 6.6.1 (8d0f1dd)
C            2.97403523823242        2.71441996789327       -0.67224817667486
C            2.91165331655434        1.61430833004304        0.38034540891068
C            2.35732473189161        0.31342121224247       -0.19524662137477
C            2.24180316394618       -0.77838910019065        0.86574758905805
C            1.78273953132379       -2.12753497608990        0.30784889050870
C            0.39455133956858       -2.11808198600735       -0.33532829476780
C           -0.72093311132087       -1.78038029847797        0.65050727355269
C           -2.11549903731485       -1.82916501237435        0.02486979402953
C           -2.34221021051824       -0.83972486700989       -1.12210748822685
C           -2.03338636003097        0.62104029225706       -0.79081653689351
C           -2.87888914202321        1.18201330852481        0.34970832169344
C           -2.61768509922564        2.66858707847659        0.56051741605689
H            1.98196291168381        2.91657003142039       -1.07142050320959
H            3.61874662240670        2.41669698088974       -1.49648200975726
H            3.36563214408361        3.63499974318768       -0.24537982845457
H            3.91200797499010        1.43702381687991        0.78189684088426
H            2.27775524184080        1.94060612437580        1.20862155611066
H            3.00954228315234       -0.03227798212270       -1.00102560969708
H            1.37622523274772        0.51589488675201       -0.62816411134048
H            3.22093625940142       -0.91795142821290        1.33202929861648
H            1.55721705009705       -0.44983456832047        1.64990125807264
H            2.50815202375558       -2.46043553412681       -0.43924954601125
H            1.78949542720645       -2.85843612405092        1.12081856562255
H            0.20308201999730       -3.10922041783277       -0.75535659178380
H            0.38691293886470       -1.40838105340815       -1.16200675598248
H           -0.68879598138342       -2.49744062125588        1.47540700172039
H           -0.55348213116944       -0.79056416364503        1.07388221816124
H           -2.85384974822794       -1.64307115754628        0.80789465541253
H           -2.29731984837693       -2.83717323792246       -0.35767466599723
H           -3.38881702201581       -0.91421104240519       -1.42950557144992
H           -1.73382551727741       -1.13773950410928       -1.97871802701455
H           -0.97681233465995        0.72972574012096       -0.54019256001830
H           -2.21474289507078        1.21903463593196       -1.68841410629423
H           -2.65386851382220        0.64716673914502        1.27371878175413
H           -3.93649565894468        1.02679764866874        0.12413590613328
H           -2.86108065411783        3.23142883926573       -0.33822635189975
H           -1.56983754104934        2.84200589454058        0.79738982205891
H           -3.22179164519518        3.05253880449331        1.37954875849133
38
 energy: -38.976390587057 gnorm: 0.000625972609 xtb: 6.6.1 (8d0f1dd)
C            2.98858386917979        2.71532064497723       -0.66850628000722
C            2.92203853556037        1.61379591810078        0.38232194107142
C            2.36060329594749        0.31574610016424       -0.19347779561754
C            2.24519667607711       -0.77815507900922        0.86552351051715
C            1.78253934864202       -2.12519860606729        0.30542752599004
C            0.39325799934346       -2.11391119011185       -0.33550182307190
C           -0.72162589750627       -1.77809471640265        0.65183890345013
C           -2.11676701355309       -1.82986884213668        0.02718876752644
C           -2.34790241826586       -0.84368489120481       -1.12159774813352
C           -2.04354896345952        0.61879182308518       -0.79391010974262
C           -2.88591752898623        1.17968491520682        0.34912762531798
C           -2.62629195196201        2.66706156292144        0.55624564541337
H            1.99656868151411        2.92700365141296       -1.06314553841250
H            3.62745598551974        2.41461030898270       -1.49631537067900
H            3.38964799086708        3.63167568773978       -0.24092539131528
H            3.92248036772892        1.43113244451536        0.78182874074020
H            2.29131382951408        1.94267481469649        1.21214857300912
H            3.00881970253074       -0.03079166559329       -1.00228548429710
H            1.37824480098072        0.52192663716015       -0.62210186689710
H            3.22495751635138       -0.92097771596086        1.32958433935933
H            1.56271103435457       -0.45029706076934        1.65182526480279
H            2.50563189010881       -2.45660708699262       -0.44459542655350
H            1.79146502040315       -2.85844577200860        1.11634673646562
H            0.20154831049570       -3.10444461603182       -0.75708557235923
H            0.38488699324279       -1.40255954806376       -1.16088803325846
H           -0.68808821335249       -2.49498620407046        1.47690247553325
H           -0.55560503246114       -0.78772726176872        1.07462690705670
H           -2.85438928868393       -1.64329405960821        0.81075833407409
H           -2.29781954419685       -2.83904625767754       -0.35269234102450
H           -3.39421804082384       -0.92339797990947       -1.42919633361371
H           -1.73817049641877       -1.14107657941796       -1.97750472013482
H           -0.98626123748299        0.73147710373429       -0.54784174070108
H           -2.23088221659053        1.21428402177435       -1.69194316810065
H           -2.65568848305191        0.64669112312365        1.27316177392461
H           -3.94439667043553        1.02213389776458        0.12838920588222
H           -2.87671621422562        3.22862760151845       -0.34166581852083
H           -1.57720014362263        2.84341431711219        0.78644782351980
H           -3.22600949328301        3.05077955881462        1.37871246878641
38
 energy: -38.976398127297 gnorm: 0.000984239285 xtb: 6.6.1 (8d0f1dd)
C            2.99497266410924        2.71522613563307       -0.66629689921452
C            2.92444124986059        1.61269827967151        0.38324541604645
C            2.36427488724203        0.31482911985019       -0.19315948036422
C            2.25106075216629       -0.78070772404050        0.86454154084596
C            1.78454161774402       -2.12615236472851        0.30356857257797
C            0.39396082115164       -2.11262774488975       -0.33472826983627
C           -0.71988235429929       -1.77315156007791        0.65243038221971
C           -2.11595870471776       -1.82822616055377        0.02964389900762
C           -2.35013061552778       -0.84551218584086       -1.12128293057609
C           -2.05288885380056        0.61901408292153       -0.79623485698476
C           -2.89522186089739        1.18020037235889        0.34659038475332
C           -2.63159489450638        2.66618266085979        0.55590129017353
H            2.00417445355866        2.93343118261464       -1.05910755721478
H            3.63097384644647        2.41351173751623       -1.49558444371409
H            3.40144115579361        3.62809812119115       -0.23740664762320
H            3.92344224500956        1.42963366108895        0.78516574899386
H            2.29203981712368        1.94163192600782        1.21134612144620
H            3.01217654603806       -0.02970368338695       -1.00265702702007
H            1.38142802416598        0.51956508250927       -0.62038044439828
H            3.23222852312598       -0.92628181741752        1.32464285149428
H            1.57192475335264       -0.45344298444257        1.65400762253961
H            2.50510761246213       -2.45756176438953       -0.44884983981831
H            1.79464904098133       -2.86049984328384        1.11343009587051
H            0.20009044142558       -3.10335465577531       -0.75461449589680
H            0.38611045718510       -1.40252766195287       -1.16108062233416
H           -0.68559038571608       -2.48666075308376        1.48028316356919
H           -0.55374129158984       -0.78101585357069        1.07086187471800
H           -2.85256097732017       -1.64041768426985        0.81384347589717
H           -2.29640954812782       -2.83860881483499       -0.34729878109995
H           -3.39535506997857       -0.93164077120924       -1.43092030602203
H           -1.73705858025554       -1.14111667459928       -1.97545040192573
H           -0.99596850338049        0.73607335697189       -0.55134813144995
H           -2.24343843535753        1.21203852984459       -1.69497327031374
H           -2.66732564795157        0.64577548616878        1.26974235138912
H           -3.95356671277372        1.02619105522064        0.12510457237662
H           -2.88133437768988        3.22994080405147       -0.34008633303845
H           -1.58209530095037        2.83868986465547        0.78448735895458
H           -3.22846379410200        3.05074624321199        1.37985001597178
38
 energy: -38.976407505127 gnorm: 0.000618679829 xtb: 6.6.1 (8d0f1dd)
C            3.00354546975606        2.71542099084347       -0.66297620489651
C            2.92966709188395        1.61111137674629        0.38469300323002
C            2.36609377646061        0.31477508133794       -0.19331650565176
C            2.25402175886896       -0.78187166032674        0.86349364590855
C            1.78557698340440       -2.12649662559231        0.30203497518032
C            0.39505877185256       -2.11000896460087       -0.33634891972150
C           -0.71795803126913       -1.76831093139760        0.65103952358397
C           -2.11545545891982       -1.82868742686430        0.03177449714460
C           -2.35395112594698       -0.84796458606045       -1.11993850955791
C           -2.06113588798167        0.61788828345174       -0.79673136375378
C           -2.90307106919371        1.17936725917629        0.34640924274614
C           -2.63763691816009        2.66591574048114        0.55307311735175
H            2.01296556095278        2.93985273457171       -1.05365447810236
H            3.63684911056929        2.41205256419020       -1.49404800136124
H            3.41581510793201        3.62522567489048       -0.23226416767647
H            3.92850403605059        1.42484086471606        0.78668465243664
H            2.29771880802929        1.94101415610642        1.21310910244749
H            3.01193572898627       -0.03000678129267       -1.00466011546663
H            1.38219555026779        0.52137578014810       -0.61812190848793
H            3.23599513535597       -0.92880971558952        1.32138137380706
H            1.57681700558390       -0.45485123012380        1.65472107851899
H            2.50589956012315       -2.45938068062845       -0.44991496241438
H            1.79355786562218       -2.86076104255947        1.11194646815110
H            0.19915943341454       -3.10026540575912       -0.75652927195487
H            0.38865955889357       -1.39965201617277       -1.16259818927014
H           -0.68047756654228       -2.47827119185116        1.48187139829911
H           -0.55284297065741       -0.77408255704589        1.06499490714994
H           -2.85094856927105       -1.64199886433150        0.81732259784938
H           -2.29354112398865       -2.84011322736758       -0.34355615385914
H           -3.39916192138602       -0.93801398742318       -1.42841510231187
H           -1.74064370519421       -1.14199042915758       -1.97456188138761
H           -1.00418417389833        0.73775600800711       -0.55301208018972
H           -2.25383812775062        1.20940516773851       -1.69607908759906
H           -2.67439588838126        0.64587805825646        1.27043739891584
H           -3.96201211821100        1.02537723179194        0.12580949048991
H           -2.88976589136652        3.22876690803879       -0.34352866443649
H           -1.58673283684411        2.83777673065624        0.77832146914109
H           -3.23182992904520        3.05200371299621        1.37836362574758
38
 energy: -38.976417986755 gnorm: 0.000499780010 xtb: 6.6.1 (8d0f1dd)
C            3.00903506613892        2.71434581294539       -0.65954022078143
C            2.93162499039000        1.60857328939863        0.38649565987938
C            2.36797294030131        0.31343823964389       -0.19425365211951
C            2.25750808556532       -0.78451562979869        0.86132657647450
C            1.78669915272743       -2.12836928206359        0.30007454542404
C            0.39665055944341       -2.10787119804212       -0.33916191904652
C           -0.71336069957947       -1.76076735153249        0.64988610830571
C           -2.11238050950490       -1.82716108137663        0.03507731805812
C           -2.35673091944268       -0.84945848466645       -1.11809212107976
C           -2.06796019665215        0.61778586371087       -0.79716503770621
C           -2.91204803908699        1.17928271005669        0.34431899905279
C           -2.64353019352162        2.66542619949056        0.55204194618058
H            2.01904358478994        2.94252345062813       -1.04936790418312
H            3.64102019536871        2.40947133152251       -1.49114063572325
H            3.42472660223416        3.62195267071224       -0.22763749931675
H            3.92940002663328        1.42061113472924        0.79043817089628
H            2.29807989971069        1.93771043968260        1.21404345929732
H            3.01329716651118       -0.03002877328155       -1.00655975047148
H            1.38384371166599        0.52090455450255       -0.61828308334022
H            3.24044834519206       -0.93195294477313        1.31685574931601
H            1.58216296810882       -0.45791136579520        1.65418331253975
H            2.50712310593163       -2.46349430625536       -0.45069949246338
H            1.79161825963047       -2.86207196434795        1.11048813650982
H            0.19676694593140       -3.09798955963489       -0.75776071985204
H            0.39269610582640       -1.39855264658046       -1.16643066612192
H           -0.67149716176170       -2.46457056410822        1.48586522554153
H           -0.54861851839324       -0.76314187150274        1.05584046803665
H           -2.84620978262420       -1.64075797255742        0.82212123569930
H           -2.28851792788861       -2.83997016264811       -0.33720577446901
H           -3.40190082088780       -0.94333317649117       -1.42525818135982
H           -1.74302193568993       -1.14284640109000       -1.97250223732439
H           -1.01136887105567        0.74148488794298       -0.55317150321605
H           -2.26194585279938        1.20723796439617       -1.69769362126417
H           -2.68658713755829        0.64507470664606        1.26879808437781
H           -3.97084801085865        1.02744848223639        0.12116388400959
H           -2.89396790928690        3.22914478405030       -0.34451528331922
H           -1.59203446039846        2.83395341270948        0.77727766631173
H           -3.23673576511071        3.05266180154163        1.37736875724743
38
 energy: -38.976425333559 gnorm: 0.000438421515 xtb: 6.6.1 (8d0f1dd)
C            3.01565742076967        2.71274566160037       -0.65564331104181
C            2.93547486838634        1.60597947616510        0.38907514946242
C            2.37003529287678        0.31308604343732       -0.19458560703067
C            2.26005946200091       -0.78654866877453        0.85913968008426
C            1.78778988908647       -2.12936151454577        0.29690902605768
C            0.39766515951200       -2.10512276509790       -0.34167608965744
C           -0.70937001472826       -1.75330571388089        0.64893219055039
C           -2.11012671713855       -1.82551110513187        0.03938385631524
C           -2.35942060927951       -0.85129335762332       -1.11575473951865
C           -2.07393771942459        0.61751919421317       -0.79885508841690
C           -2.91951962399833        1.17881125826404        0.34153899925583
C           -2.65053558171635        2.66469966256182        0.55063843051242
H            2.02600459826999        2.94383856250025       -1.04459670494998
H            3.64612642910021        2.40617116197399       -1.48769690411268
H            3.43435987364400        3.61879664238665       -0.22356389565694
H            3.93237819909741        1.41536037180876        0.79374258319966
H            2.30166478075176        1.93460502264513        1.21661529832253
H            3.01417469458858       -0.02905356875868       -1.00841310966993
H            1.38587161320061        0.52289455658898       -0.61736272423896
H            3.24365958793089       -0.93483439377291        1.31299683919670
H            1.58598530034273       -0.46067373758829        1.65337279265928
H            2.50805059460009       -2.46605701041866       -0.45334371118637
H            1.79023405236588       -2.86309315597902        1.10727396224760
H            0.19373604948592       -3.09490774085862       -0.75901472842011
H            0.39501738918193       -1.39667309201909       -1.16964503660844
H           -0.66296210660654       -2.45190713401559        1.48898371216039
H           -0.54443293458330       -0.75309997995426        1.04830483174078
H           -2.84228345925229       -1.63897942644346        0.82793678980058
H           -2.28428172831608       -2.83982548158674       -0.32968424296858
H           -3.40513495277401       -0.94797500921502       -1.41995227075124
H           -1.74707287129823       -1.14556675380680       -1.97078431978200
H           -1.01757198581285        0.74481412173696       -0.55555761064461
H           -2.26962628601582        1.20447884724022       -1.70068296553864
H           -2.69603945064474        0.64408623461452        1.26617974488352
H           -3.97793182607935        1.02741236798735        0.11634114322271
H           -2.90028159765391        3.22899032821689       -0.34567917316223
H           -1.59907209220325        2.83224771858042        0.77640673641053
H           -3.24389069766645        3.05151937694962        1.37594646727379
38
 energy: -38.976430864126 gnorm: 0.000386165079 xtb: 6.6.1 (8d0f1dd)
C            3.02310878826432        2.71152281756839       -0.65188737044609
C            2.94109141699196        1.60395319392248        0.39166708312679
C            2.37224348428466        0.31358653499991       -0.19395315523021
C            2.26242240214738       -0.78804262461181        0.85753816564833
C            1.78852761566952       -2.12948554852153        0.29368662049489
C            0.39799968572520       -2.10244880232746       -0.34365453532875
C           -0.70654268273999       -1.74785130490434        0.64873565793761
C           -2.10861483227852       -1.82419888736650        0.04320695177942
C           -2.36293604996486       -0.85328934276649       -1.11369553361865
C           -2.07934464936956        0.61677240972707       -0.80105855828676
C           -2.92519074447090        1.17832168442013        0.33895427088890
C           -2.65793959680945        2.66438679242017        0.54851347331007
H            2.03363983646975        2.94478514950070       -1.03991663873792
H            3.65205536653360        2.40380385521298       -1.48457145219308
H            3.44405592195969        3.61646099400546       -0.21987310669955
H            3.93764694629497        1.41024305163521        0.79556209128255
H            2.30850687777628        1.93262781800493        1.22009943475255
H            3.01450800055463       -0.02764149143104       -1.00964363191135
H            1.38792059277125        0.52629786251260       -0.61479514116408
H            3.24636181842083       -0.93762687275372        1.31030314154543
H            1.58925383227488       -0.46308661601775        1.65291359053458
H            2.50806774970465       -2.46629387262346       -0.45721639015355
H            1.79031574108556       -2.86414953903969        1.10321190971148
H            0.19124199713651       -3.09201428909425       -0.76013053461807
H            0.39563125039615       -1.39441477513462       -1.17201104009238
H           -0.65678116141044       -2.44308544654884        1.49134641209468
H           -0.54152460182185       -0.74594458182867        1.04371263000926
H           -2.83931706316963       -1.63781218481970        0.83314961093275
H           -2.28125761094026       -2.83969383456400       -0.32323329523254
H           -3.40954918492215       -0.95212165254687       -1.41410344666997
H           -1.75288319930268       -1.14894219273775       -1.96988855237033
H           -1.02295887354679        0.74701794182377       -0.55949017446327
H           -2.27735752881010        1.20110746798627       -1.70406805751597
H           -2.70182390467822        0.64363396787708        1.26359424107209
H           -3.98332287871419        1.02602473856083        0.11323158518769
H           -2.90785852277570        3.22866114480639       -0.34763022320892
H           -1.60687897501431        2.83302060253263        0.77486404241500
H           -3.25206426372245        3.05018283212162        1.37375592521752
38
 energy: -38.976433055433 gnorm: 0.000194782618 xtb: 6.6.1 (8d0f1dd)
C            3.02336494304561        2.71143934007201       -0.65182818243995
C            2.94182638409960        1.60388363735475        0.39165122639202
C            2.37284358080644        0.31346157754570       -0.19346540804588
C            2.26298398983746       -0.78839437869234        0.85779850794636
C            1.78889406866261       -2.12944951756944        0.29325268277848
C            0.39804632424246       -2.10258338908021       -0.34336083436944
C           -0.70658671441094       -1.74793985439717        0.64887818838768
C           -2.10868177822683       -1.82403314185608        0.04329027917188
C           -2.36342776750304       -0.85319639617708       -1.11340421436549
C           -2.07958010496050        0.61687458710239       -0.80140410737463
C           -2.92538763161819        1.17871795543283        0.33856961430122
C           -2.65881819287737        2.66464155281529        0.54820876719616
H            2.03390981577230        2.94407398063648       -1.04040785534149
H            3.65304476221199        2.40471153831669       -1.48436779658391
H            3.44326405131706        3.61680774416645       -0.21945499661757
H            3.93854921230805        1.41027996942555        0.79494167411707
H            2.30980089549905        1.93266277820111        1.22039044057086
H            3.01481456254330       -0.02762217909550       -1.00937306199623
H            1.38836969567701        0.52601367856877       -0.61374259819704
H            3.24686612671592       -0.93845868203319        1.31050085012423
H            1.58981509399978       -0.46377061055878        1.65335346984253
H            2.50790404261836       -2.46558370664433       -0.45844229338009
H            1.79157516102406       -2.86477370652724        1.10224848537413
H            0.19139802490639       -3.09224399145912       -0.75970215064138
H            0.39535783453456       -1.39464694701967       -1.17182481290210
H           -0.65726859703285       -2.44335924611446        1.49132013993455
H           -0.54135037112400       -0.74614929528392        1.04403327314265
H           -2.83914303471215       -1.63748198855909        0.83341825237051
H           -2.28165328032989       -2.83955550314187       -0.32302463640030
H           -3.41010685820106       -0.95222271556792       -1.41333197337985
H           -1.75387553138216       -1.14903717430425       -1.96990126947283
H           -1.02321805767503        0.74672769114829       -0.55989660531358
H           -2.27753767778929        1.20094611921884       -1.70449588922811
H           -2.70175278572695        0.64412722888172        1.26312853251594
H           -3.98344841818924        1.02612179336775        0.11300342253913
H           -2.90807929049674        3.22900379700883       -0.34807355547326
H           -1.60813975534906        2.83412928468728        0.77586846836721
H           -3.25411972221698        3.05014517013108        1.37287196645066
