44
 energy: -45.302352072779 gnorm: 0.034049380944 xtb: 6.6.1 (8d0f1dd)
C            1.96100400000000        3.43995100000000        0.49403400000000
C            2.86143200000000        2.30950500000000        0.02040200000000
C            2.13003100000000        0.96913000000000       -0.05940200000000
C            3.02583700000000       -0.17859300000000       -0.53281100000000
C            2.26975700000000       -1.50001700000000       -0.70416800000000
C            1.82304900000000       -2.12353300000000        0.62008200000000
C            0.90635600000000       -3.34047700000000        0.45113000000000
C           -0.38019000000000       -3.04652200000000       -0.32981000000000
C           -1.19002200000000       -1.88500400000000        0.24691700000000
C           -2.42173700000000       -1.53450100000000       -0.58714200000000
C           -3.17435100000000       -0.30591700000000       -0.06751400000000
C           -2.35001900000000        0.98246000000000       -0.13112200000000
C           -3.13933700000000        2.22441100000000        0.28407700000000
C           -2.29776000000000        3.49063800000000        0.24496400000000
H            1.55746300000000        3.23401200000000        1.48769800000000
H            2.49123200000000        4.39409600000000        0.54616700000000
H            1.10981800000000        3.57406900000000       -0.17674400000000
H            3.72893100000000        2.21063000000000        0.68702400000000
H            3.28625100000000        2.55083800000000       -0.96355400000000
H            1.69950200000000        0.73253100000000        0.92093500000000
H            1.26767900000000        1.06301400000000       -0.73181900000000
H            3.85611300000000       -0.31557800000000        0.17110200000000
H            3.49814800000000        0.10883200000000       -1.48183500000000
H            2.88322500000000       -2.22639500000000       -1.25368700000000
H            1.39782700000000       -1.32193400000000       -1.34413600000000
H            1.31362000000000       -1.36886100000000        1.22933000000000
H            2.71022200000000       -2.39526200000000        1.20777400000000
H            0.64159500000000       -3.73830300000000        1.43993000000000
H            1.46342700000000       -4.14654700000000       -0.04435500000000
H           -1.01148700000000       -3.94397400000000       -0.37363900000000
H           -0.13598600000000       -2.82866200000000       -1.37668200000000
H           -0.54823100000000       -1.00110200000000        0.32197500000000
H           -1.48683000000000       -2.11101300000000        1.27867700000000
H           -2.11633900000000       -1.35867100000000       -1.62639200000000
H           -3.09090000000000       -2.40417300000000       -0.62811600000000
H           -3.49816300000000       -0.48185900000000        0.96592000000000
H           -4.10171000000000       -0.16583500000000       -0.63878600000000
H           -1.46198100000000        0.89327700000000        0.50625800000000
H           -1.95814100000000        1.11884300000000       -1.14714100000000
H           -4.01761000000000        2.33186900000000       -0.36687900000000
H           -3.55005500000000        2.07367900000000        1.29171500000000
H           -1.44407700000000        3.41813700000000        0.92207400000000
H           -1.89911200000000        3.66931600000000       -0.75585000000000
H           -2.87104200000000        4.37523200000000        0.53319700000000
44
 energy: -45.305013307690 gnorm: 0.014968720359 xtb: 6.6.1 (8d0f1dd)
C            1.95984111860519        3.43142961761049        0.49178885381476
C            2.86469252198189        2.30385047693106        0.01829419517708
C            2.12627595012822        0.96895763522097       -0.05820001088178
C            3.02466788130845       -0.17721215445161       -0.52471551880260
C            2.26597466340405       -1.49354833282206       -0.70287194145664
C            1.82125949651094       -2.11835814404937        0.61960789206562
C            0.90324277187843       -3.33108608653505        0.44638971024570
C           -0.38312920873422       -3.03974158788461       -0.33262957073283
C           -1.18896840691438       -1.88028759388635        0.24984964854719
C           -2.41696192996790       -1.53041918043529       -0.58737272520910
C           -3.16785604802515       -0.30435599546513       -0.06298219303705
C           -2.34572703021219        0.98321842505499       -0.13247083287005
C           -3.14316036647278        2.21813323606803        0.28282329761082
C           -2.29717375392999        3.48202865986414        0.24295241074722
H            1.56493520778385        3.22139905554277        1.48590592900831
H            2.50118225272058        4.37588968350366        0.53930461329453
H            1.11506658460228        3.56199139563941       -0.18444682928525
H            3.71861840914040        2.20730989710042        0.69792318681378
H            3.27214342251426        2.54995576153263       -0.96850564439156
H            1.71381343823757        0.73749812736959        0.92855292293282
H            1.27730645791147        1.06602277737141       -0.74418506945515
H            3.84497300691865       -0.31631481845687        0.18728479562280
H            3.47995088740443        0.10325468566484       -1.48107952421009
H            2.89514869813598       -2.21237827210034       -1.23928138764218
H            1.39402656087731       -1.30492416734606       -1.33452498834533
H            1.30840094659995       -1.36941952476676        1.22686404074017
H            2.70828301250354       -2.41708425402658        1.18966214560031
H            0.64023392872402       -3.71433513143462        1.43863323024495
H            1.45335752598665       -4.12981533836172       -0.06323329534677
H           -1.00425030528567       -3.94221796953415       -0.35039537211079
H           -0.13561726277549       -2.81823175270087       -1.37527981054735
H           -0.54717647499268       -0.99990478259116        0.30483771577618
H           -1.49533621286364       -2.12143956886345        1.27332053187193
H           -2.10678722482287       -1.34563601845471       -1.62175692092674
H           -3.09507445224803       -2.39069406215631       -0.61088176005882
H           -3.47966693094111       -0.48158698306534        0.97181630799054
H           -4.08360493516505       -0.16982403246766       -0.64943754798757
H           -1.47086554073631        0.89846352531658        0.51870182863566
H           -1.97243024115604        1.11997200333602       -1.15329839306687
H           -4.00882118163616        2.33273374639058       -0.37883385184718
H           -3.53582053554426        2.07197766075024        1.29517192774904
H           -1.44950384970179        3.40437845759359        0.92380040182758
H           -1.90709470743347        3.65674984254094       -0.75976947255879
H           -2.88092914431891        4.35533808145367        0.53246507445348
44
 energy: -45.305428520670 gnorm: 0.002596780098 xtb: 6.6.1 (8d0f1dd)
C            1.95986502692866        3.42824443180084        0.49043991515262
C            2.86759538512976        2.30055749698365        0.01676217680645
C            2.12490277244231        0.96893689841637       -0.05597946486455
C            3.02503416297798       -0.17559851136714       -0.52006981111162
C            2.26527343863167       -1.49019435564999       -0.70171924667862
C            1.82272061397626       -2.11719665807250        0.61946029812950
C            0.90143792731436       -3.32657982220734        0.44282456537077
C           -0.38669725989470       -3.03652012950689       -0.33338966596096
C           -1.18810733580057       -1.87623165178359        0.25132271524008
C           -2.41535993653327       -1.52860263453221       -0.58694420720681
C           -3.16523415249648       -0.30285634004595       -0.06105695457511
C           -2.34326898057506        0.98369456949028       -0.13326159873832
C           -3.14675555943096        2.21377826149153        0.28152793855943
C           -2.29866973914292        3.47856248331629        0.24139360250258
H            1.56897297021646        3.21374060164110        1.48343014809286
H            2.50604415777615        4.36798681897200        0.53534788089215
H            1.11836698584044        3.55365635409868       -0.18808064577195
H            3.71416568368609        2.20434576288112        0.70125033124024
H            3.26701804361564        2.54737012233819       -0.97016589022870
H            1.71878098010022        0.74267337736032        0.93214864273749
H            1.28393644372522        1.06718747846325       -0.74807089317206
H            3.83754462593915       -0.31575411280869        0.19721900806359
H            3.47456877594497        0.10212116272723       -1.47739555827401
H            2.90065077901213       -2.20375916516583       -1.23294507085767
H            1.39430464072157       -1.29440264892789       -1.32836673589505
H            1.31246652269788       -1.37202688156102        1.22907004357699
H            2.70952169563833       -2.43251978509879        1.17682354801038
H            0.63916503190675       -3.70244431683717        1.43559353567884
H            1.44661995834863       -4.12040889140602       -0.07496998231057
H           -1.00240156956786       -3.94027700180005       -0.33678492685883
H           -0.14112072756065       -2.81384063956368       -1.37380277388925
H           -0.54688616870267       -0.99839664883917        0.29786606455401
H           -1.49880960689232       -2.12433698957032        1.26934970172832
H           -2.10260264256721       -1.33886564138489       -1.61746504845853
H           -3.09741347167660       -2.38302218487502       -0.60326689598276
H           -3.46801155636825       -0.48050573285005        0.97405021623121
H           -4.07584436605423       -0.17134799067925       -0.65202970281980
H           -1.47415308236985        0.90465532966447        0.52222895402701
H           -1.98000928874880        1.12052445871418       -1.15534258725768
H           -4.00555428807737        2.33047903450965       -0.38421887464543
H           -3.53094729585410        2.06848111307551        1.29434437649677
H           -1.45391988365163        3.39547600961050        0.92251309461148
H           -1.91248042070259        3.64889863563894       -0.76183449171061
H           -2.88727028990255        4.34605533333938        0.53199226956611
44
 energy: -45.305456614781 gnorm: 0.000914924060 xtb: 6.6.1 (8d0f1dd)
C            1.96051625370785        3.42834956954114        0.48997962835865
C            2.86904548855267        2.30016675307194        0.01657423593287
C            2.12499960031204        0.96925765885944       -0.05524641437338
C            3.02607634327715       -0.17520440517069       -0.51759253574376
C            2.26592177139521       -1.48970721013073       -0.70177689283640
C            1.82483143321032       -2.11878602294050        0.61887848870397
C            0.90118801671308       -3.32676828262119        0.44134654404359
C           -0.38816424411207       -3.03581185091994       -0.33318014581747
C           -1.18825863804216       -1.87499096359197        0.25222821745040
C           -2.41532805923828       -1.52801055567266       -0.58676940982274
C           -3.16503205950272       -0.30225014800069       -0.06002426473238
C           -2.34338201904909        0.98426424087231       -0.13432155281298
C           -3.14887252987485        2.21295169740587        0.28062999026312
C           -2.30062973074376        3.47853782108062        0.24070110944849
H            1.57000728714425        3.21271229419191        1.48259521168186
H            2.50632922779425        4.36797690309077        0.53443963657408
H            1.11929377895036        3.55181695829055       -0.18882793152868
H            3.71505460197802        2.20389368762979        0.70102875323818
H            3.26791165793421        2.54613164008415       -0.97026683438730
H            1.71833733272044        0.74455368632402        0.93256064669632
H            1.28498193615008        1.06717723805394       -0.74788266939979
H            3.83666160757881       -0.31570755741672        0.20125845108267
H            3.47697934648205        0.10316757369642       -1.47358887370067
H            2.90102167817081       -2.20192580190534       -1.23412746110743
H            1.39484087709568       -1.29215100828133       -1.32722139980468
H            1.31802826739885       -1.37440553453508        1.23195907765332
H            2.71186195216591       -2.43839607191280        1.17235738703002
H            0.63922238887053       -3.70266530025379        1.43372409631486
H            1.44498324622800       -4.11975099187463       -0.07819649059043
H           -1.00385642568232       -3.93893894059073       -0.33352241990658
H           -0.14521025654178       -2.81423338095179       -1.37415817253051
H           -0.54681455247573       -0.99765390933577        0.29788816321939
H           -1.49886788244550       -2.12258080370736        1.26991871347920
H           -2.10241974192080       -1.33790223441810       -1.61680986563703
H           -3.09721097970002       -2.38192590364205       -0.60271794992867
H           -3.46554900620591       -0.47965486217590        0.97539167870830
H           -4.07590971509783       -0.17087642897038       -0.64972584990784
H           -1.47418748638267        0.90723146271418        0.52064107489995
H           -1.98120769112114        1.12078769256508       -1.15640429768495
H           -4.00697331324166        2.32893076876008       -0.38534707873629
H           -3.53262435625306        2.06692216206664        1.29302111157648
H           -1.45593471780600        3.39386842618947        0.92128475362767
H           -1.91497767722727        3.64783689347286       -0.76263452585712
H           -2.88924401116589        4.34550004105892        0.53173406686366
44
 energy: -45.305498016419 gnorm: 0.003620455207 xtb: 6.6.1 (8d0f1dd)
C            1.96326021256150        3.42935968870261        0.48837307836227
C            2.87334147867260        2.29988072429183        0.01654937489099
C            2.12662247345355        0.97023295568112       -0.05232198723823
C            3.02975864923578       -0.17481850128370       -0.50909558937488
C            2.26856077243708       -1.48866361775821       -0.70215327744330
C            1.83267745990817       -2.12659765018435        0.61606562595130
C            0.90086118825035       -3.32931859935106        0.43594999072995
C           -0.39251762252533       -3.03433220517194       -0.33176855704998
C           -1.18775419621159       -1.87079793210660        0.25483122449504
C           -2.41523910303461       -1.52579557745927       -0.58495695970906
C           -3.16492671919735       -0.30043617757955       -0.05650020443231
C           -2.34559423264646        0.98677065517703       -0.13785578296036
C           -3.15627983455879        2.21199483396420        0.27688024603852
C           -2.30886187145457        3.47972459093706        0.23792411943006
H            1.57339066361975        3.21202469382572        1.48046468662721
H            2.50689289666606        4.36972415594582        0.53136886787588
H            1.12231564885526        3.54766419346501       -0.19115952015550
H            3.71891317358806        2.20369199649632        0.70061391673537
H            3.27212415262254        2.54292261610055       -0.97038657149714
H            1.71604673926599        0.74993249999655        0.93438585727499
H            1.28894880313229        1.06679180982511       -0.74713312594477
H            3.83385259415862       -0.31732324874636        0.21598122138144
H            3.48876535286560        0.10619037500196       -1.45987266477483
H            2.90167754750168       -2.19660930178756       -1.24114431071149
H            1.39625018051603       -1.28576035551353       -1.32368798436594
H            1.33803908850131       -1.38428496712574        1.24175651214359
H            2.72149276470604       -2.45915946494152        1.15752047307110
H            0.64073372281953       -3.70757726070236        1.42724206909389
H            1.43996724011648       -4.12086958531973       -0.08911855813188
H           -1.01009613461856       -3.93523877042874       -0.32418721429746
H           -0.15807689271240       -2.81657851243355       -1.37529196589635
H           -0.54496459747766       -0.99454866249039        0.29916508787382
H           -1.49784777420744       -2.11558127254248        1.27267780801338
H           -2.10249937290010       -1.33496816342397       -1.61437964549456
H           -3.09572549909046       -2.37989173548324       -0.60109519031667
H           -3.45808295233651       -0.47666529094502        0.98068591070076
H           -4.07902893311587       -0.17003526710021       -0.64021967405580
H           -1.47413606000926        0.91572161479763        0.51409790402655
H           -1.98654511671553        1.12173467935601       -1.16071288835448
H           -4.01359502359061        2.32511830064809       -0.38954139293323
H           -3.54019429010926        2.06326928823686        1.28817066976773
H           -1.46367282644914        3.39146061827637        0.91687734465834
H           -1.92463088985612        3.64746529088233       -0.76581793640282
H           -2.89678386063663        4.34591353827091        0.53061701239883
44
 energy: -45.305516532585 gnorm: 0.002517603253 xtb: 6.6.1 (8d0f1dd)
C            1.96420257406410        3.42965582124978        0.48785766759386
C            2.87412963097747        2.30008112568238        0.01708716341905
C            2.12770505700101        0.97023852162960       -0.05146844701834
C            3.03081109418712       -0.17554723736373       -0.50640859985503
C            2.26923913017145       -1.48861174445166       -0.70232527956177
C            1.83490317251805       -2.13002238597906        0.61473706201685
C            0.90110542238873       -3.33097046693350        0.43411940202461
C           -0.39303324909223       -3.03417833130297       -0.33127191575184
C           -1.18673025471980       -1.86968823342916        0.25541540261121
C           -2.41474513648503       -1.52477807628718       -0.58365858896083
C           -3.16497372657065       -0.30017612470899       -0.05500882377035
C           -2.34740040505817        0.98790445746457       -0.13887413260504
C           -3.15853644167354        2.21286303522842        0.27550513890326
C           -2.31212342159207        3.48079676798933        0.23672896701246
H            1.57427805210930        3.21350986189748        1.48029172749168
H            2.50746181745060        4.37040021295366        0.53015024753852
H            1.12311204805552        3.54766653827868       -0.19171786621606
H            3.71995148769586        2.20436707512357        0.70127992858087
H            3.27337456554210        2.54254910696081       -0.97006031581425
H            1.71570915145960        0.75061493592297        0.93505961567313
H            1.29055587888875        1.06643811146682       -0.74731405964333
H            3.83287726886029       -0.31933932402371        0.22094132767364
H            3.49330460733368        0.10584805059614       -1.45562544639928
H            2.90167319108567       -2.19525556817978       -1.24431135830126
H            1.39610119693176       -1.28436889380452       -1.32250201516672
H            1.34314539115680       -1.38838864279814        1.24368381133614
H            2.72458048073830       -2.46540754435972        1.15341270100801
H            0.64229551586852       -3.71072793639976        1.42540707360284
H            1.43856877750078       -4.12276960602396       -0.09271107919432
H           -1.01190386357296       -3.93450059006426       -0.32257328003134
H           -0.16005105400750       -2.81729089006808       -1.37545483754337
H           -0.54322961544239       -0.99367354894129        0.29931561504596
H           -1.49647770060780       -2.11360605955890        1.27384754749689
H           -2.10262701063760       -1.33389355499700       -1.61345027699149
H           -3.09462838056283       -2.37967808952352       -0.59981655351182
H           -3.45619947450244       -0.47585112600844        0.98300318321225
H           -4.08072783102059       -0.17117861267880       -0.63690906664569
H           -1.47470752221369        0.91813801987420        0.51191451332115
H           -1.98959187200778        1.12208646252673       -1.16250735223490
H           -4.01607222897501        2.32530813156979       -0.39112879539319
H           -3.54296724089470        2.06383273997065        1.28679737912846
H           -1.46654883804401        3.39297923205451        0.91541864078930
H           -1.92824345788053        3.64951421545768       -0.76709282989181
H           -2.90012778642411        4.34684716398837        0.53001480502190
44
 energy: -45.305557334735 gnorm: 0.001479905249 xtb: 6.6.1 (8d0f1dd)
C            1.96806103222765        3.43049321939478        0.48573640848867
C            2.87733499688086        2.30014041774428        0.01970088317305
C            2.13207109594561        0.96948172185651       -0.04775843133549
C            3.03520902691865       -0.17923270954206       -0.49530231189423
C            2.27160221999078       -1.48878807124697       -0.70308968892324
C            1.84357222692623       -2.14416940782351        0.60938889170205
C            0.90256705460647       -3.33834944176020        0.42614398740093
C           -0.39431024541992       -3.03339143358995       -0.33003556346627
C           -1.18109878323466       -1.86492901638469        0.25790421479774
C           -2.41196992540808       -1.52053711655457       -0.57733164270090
C           -3.16493212359883       -0.29911969434565       -0.04797455274628
C           -2.35523097563068        0.99305096449395       -0.14289036731288
C           -3.16845219984247        2.21700166984596        0.26978477226684
C           -2.32645548342181        3.48618672479995        0.23127241277389
H            1.57775447518634        3.22019079717001        1.47965323928924
H            2.51096825792078        4.37214570100006        0.52444286712917
H            1.12652463686054        3.54762351621860       -0.19402545123775
H            3.72332386582268        2.20661407319142        0.70508988829806
H            3.27854025936578        2.54050751970344       -0.96795577250197
H            1.71459643869369        0.75237758566363        0.93781298460404
H            1.29775722163777        1.06442099783002       -0.74818237417624
H            3.82841291775928       -0.32874635020100        0.24151735793203
H            3.51165190701103        0.10306128455832       -1.43816606793244
H            2.90114467769021       -2.18997818517934       -1.25705408378779
H            1.39509470633380       -1.27843810151209       -1.31717034162776
H            1.36177106636805       -1.40581966664507        1.25046860365796
H            2.73656874122040       -2.49022266013712        1.13719081741867
H            0.64928124473038       -3.72405581088378        1.41731504668234
H            1.43296560389578       -4.13088741312451       -0.10833703016869
H           -1.01845386637356       -3.93104150912885       -0.31782762841618
H           -0.16592998896411       -2.81893177250639       -1.37617378295878
H           -0.53472516347272       -0.99015714961105        0.29893271269849
H           -1.48861797612766       -2.10594114933436        1.27850171353678
H           -2.10296424774779       -1.32903356589391       -1.60852941992864
H           -3.08935148963679       -2.37847226790187       -0.59290506852723
H           -3.44788530746453       -0.47233244379998        0.99334430811994
H           -4.08706419646504       -0.17759194064680       -0.62293796768127
H           -1.47750731676538        0.92899855573500        0.50275861860943
H           -2.00389655924416        1.12374037218521       -1.16991724107367
H           -4.02662188759897        2.32682561337877       -0.39766014333837
H           -3.55435505690243        2.06761436054775        1.28119757879094
H           -1.47921297951882        3.40126553728541        0.90881095608380
H           -1.94428767758268        3.65925888092074       -0.77284389472320
H           -2.91601122357157        4.35090436422989        0.52689856300513
44
 energy: -45.305570460940 gnorm: 0.001716559726 xtb: 6.6.1 (8d0f1dd)
C            1.96981098454416        3.43043158728825        0.48485546988661
C            2.87885516194368        2.29901104262562        0.02153096436386
C            2.13380627394607        0.96814014569005       -0.04605814684924
C            3.03727468264525       -0.18159467639486       -0.49061664475773
C            2.27237790343305       -1.48952982066696       -0.70331868082193
C            1.84664580149905       -2.15024382544402        0.60721633321473
C            0.90372573552067       -3.34231889081532        0.42228882352635
C           -0.39367843719601       -3.03268168794251       -0.33076075617779
C           -1.17702919446286       -1.86270866601846        0.25899883062303
C           -2.40995376127342       -1.51871209625827       -0.57349238279630
C           -3.16452437743589       -0.29852226235085       -0.04366564437870
C           -2.35899322679515        0.99589436983831       -0.14446782960635
C           -3.17358156475462        2.21932340328827        0.26746268689979
C           -2.33412166684151        3.48997579570120        0.22813675435937
H            1.57912214246477        3.22334137388892        1.47935386968062
H            2.51357247926733        4.37182671077320        0.52136237261381
H            1.12832351837582        3.54713247129206       -0.19515546564836
H            3.72396060266379        2.20636927572687        0.70818548155824
H            3.28129192711884        2.53847743390031       -0.96589648164093
H            1.71426581260949        0.75173177848421        0.93880150627328
H            1.30118283660616        1.06271901158256       -0.74853327313401
H            3.82638694321702       -0.33370032522305        0.24995729354073
H            3.51898391603337        0.10071481606447       -1.43070113051159
H            2.90021142879024       -2.18859503384740       -1.26182552167969
H            1.39462170526071       -1.27600252569805       -1.31441187363931
H            1.36693949021697       -1.41392241956428        1.25193801689778
H            2.74055047789156       -2.49901607205407        1.13145724695018
H            0.65227864828496       -3.73071503908500        1.41294124404845
H            1.43133153049249       -4.13444668285038       -0.11569696139551
H           -1.02022388901783       -3.92871101960553       -0.31869224064767
H           -0.16590863495969       -2.81775478256315       -1.37693224695282
H           -0.52965396904667       -0.98856581393513        0.29749163726766
H           -1.48204098446209       -2.10294716104719        1.28054982530565
H           -2.10307152523295       -1.32677228210321       -1.60528694858615
H           -3.08612669570634       -2.37771503413647       -0.58788304160378
H           -3.44353324937722       -0.47027107825072        0.99897331686626
H           -4.08896164333014       -0.18159781731362       -0.61591576379298
H           -1.47900195635662        0.93508006562474        0.49839125320226
H           -2.01170029276059        1.12476963823410       -1.17308316576443
H           -4.03191466159297        2.32771932818590       -0.40010356747997
H           -3.55935053491878        2.07057332716422        1.27907516504188
H           -1.48604035062609        3.40744626793060        0.90502068557508
H           -1.95309889819541        3.66478156528060       -0.77618066284809
H           -2.92557148848254        4.35332260460406        0.52448765301762
44
 energy: -45.305591011891 gnorm: 0.000644624643 xtb: 6.6.1 (8d0f1dd)
C            1.97237257016708        3.42927559538601        0.48383031694836
C            2.88134969660605        2.29529003187109        0.02508559785615
C            2.13566252254480        0.96469149553475       -0.04360200266471
C            3.04018988523177       -0.18564844685157       -0.48523507398873
C            2.27315215942905       -1.49169944272099       -0.70320295964878
C            1.84935009564256       -2.15697866441790        0.60552533402352
C            0.90594867243808       -3.34791267000781        0.41655045203790
C           -0.39105615132355       -3.03076025518376       -0.33426954689513
C           -1.16947732199449       -1.85935440202118        0.25998527638634
C           -2.40661391405116       -1.51651526758904       -0.56692438324628
C           -3.16309925976935       -0.29720518070003       -0.03614428051218
C           -2.36363919124499        1.00051956686376       -0.14607130380775
C           -3.18146063756058        2.22256537368413        0.26500114277582
C           -2.34667527504706        3.49693013043298        0.22268635592130
H            1.58065743955205        3.22664244887838        1.47873356764978
H            2.51809894828836        4.36960673783860        0.51688317634234
H            1.13161454638671        3.54469278232717       -0.19720579179767
H            3.72368705766115        2.20311832881058        0.71474178931984
H            3.28670547765831        2.53326921135068       -0.96121846449641
H            1.71355334149011        0.74853258632855        0.93988256784177
H            1.30564200678015        1.05926384302671       -0.74866041788884
H            3.82448881353903       -0.34055419408825        0.25919437472288
H            3.52678360443989        0.09667555803444       -1.42219811159462
H            2.89832631898424       -2.18898125866201       -1.26599676697009
H            1.39453970949692       -1.27342614858116       -1.31086376653455
H            1.36885385891222       -1.42366907049466        1.25254996331274
H            2.74367257353318       -2.50674261053581        1.12748760632301
H            0.65496347298600       -3.74022121694044        1.40548808316485
H            1.43120033558836       -4.13818714373442       -0.12587457749465
H           -1.02103493286100       -3.92403113479228       -0.32523118484371
H           -0.16224233951719       -2.81271493860206       -1.37938177487350
H           -0.52152439148709       -0.98571463726467        0.29343710766159
H           -1.46837932565878       -2.09916906748702        1.28308737436186
H           -2.10391721691084       -1.32418665652230       -1.59965412703741
H           -3.08116523315346       -2.37648500202805       -0.57809988685887
H           -3.43599890708381       -0.46659074675600        1.00822536843636
H           -4.09028089894897       -0.18732806754089       -0.60463193869048
H           -1.48025316382850        0.94549324000676        0.49219621307326
H           -2.02318813397609        1.12682610878432       -1.17692741362586
H           -4.04042200770588        2.32773948254757       -0.40187173605788
H           -3.56539367731779        2.07526693756663        1.27725113284197
H           -1.49727302108273        3.41921866751711        0.89837241540207
H           -1.96804582548451        3.67275236217078       -0.78226141692558
H           -2.94223328134815        4.35744273456134        0.51912971004988
44
 energy: -45.305603777924 gnorm: 0.000743349909 xtb: 6.6.1 (8d0f1dd)
C            1.97475582534848        3.42744098335604        0.48306434477773
C            2.88403935818041        2.29157853583329        0.02859170882997
C            2.13735768805805        0.96169346974074       -0.04156074152671
C            3.04281955655013       -0.18868892283934       -0.48146027276795
C            2.27460563623868       -1.49363461135715       -0.70251998665203
C            1.85120057230008       -2.16159638622947        0.60490259223786
C            0.90727578013088       -3.35150415708392        0.41174467684248
C           -0.38891503640622       -3.02827080856441       -0.33812426477359
C           -1.16361646479420       -1.85605896157372        0.25983418204771
C           -2.40470420981896       -1.51467883853194       -0.56170525329953
C           -3.16126651176864       -0.29570968394397       -0.02948655620504
C           -2.36661407201329        1.00442018557451       -0.14720123028668
C           -3.18792501046452        2.22444669717183        0.26356304252879
C           -2.35813096133824        3.50239354277004        0.21750417583752
H            1.58176269291790        3.22761138535852        1.47794082515661
H            2.52113800121446        4.36732974573919        0.51394330020244
H            1.13505728235075        3.54102587751676       -0.19951053584313
H            3.72377884294689        2.19908623492419        0.72119487390227
H            3.29285128726498        2.52795789302163       -0.95656213580566
H            1.71281299371584        0.74546805991848        0.94079627677268
H            1.30911987658416        1.05657689380827       -0.74857887223285
H            3.82444962766449       -0.34501611591905        0.26536745152178
H            3.53235406461136        0.09424783719112       -1.41664028993147
H            2.89805191579917       -2.19040679325421       -1.26769914857075
H            1.39586124227729       -1.27222374027933       -1.30870344645684
H            1.37021626795959       -1.42997398986824        1.25367268437379
H            2.74558159833282       -2.51252653389039        1.12608614323060
H            0.65544848422494       -3.74759889440947        1.39886206043001
H            1.43183873795327       -4.13975991001126       -0.13409598063060
H           -1.02185774324426       -3.91936827797289       -0.33181694245466
H           -0.15951444159772       -2.80765315475297       -1.38254527410934
H           -0.51565001937845       -0.98227742661284        0.28908165061313
H           -1.45675408490873       -2.09530653968381        1.28464501176797
H           -2.10629561899348       -1.32287129961134       -1.59569195665422
H           -3.07821826836772       -2.37535727129850       -0.56924684824684
H           -3.42810940575952       -0.46320283313968        1.01671754018793
H           -4.09158676347362       -0.19020291901886       -0.59349908705371
H           -1.48008148487169        0.95477068216482        0.48711278166647
H           -2.03152718677787        1.12883116322178       -1.17996091602304
H           -4.04835861439992        2.32540038373921       -0.40191386848126
H           -3.56937851721115        2.07764032455123        1.27671184756226
H           -1.50743806142559        3.42919988028542        0.89195563875875
H           -1.98200795201396        3.67779179846042       -0.78838106696093
H           -2.95698790359673        4.36071349549928        0.51340986571798
44
 energy: -45.305621366601 gnorm: 0.001072827208 xtb: 6.6.1 (8d0f1dd)
C            1.97827685220091        3.42355250633542        0.48234531151244
C            2.88869119151578        2.28574935988680        0.03449988655102
C            2.14057343018278        0.95710965602597       -0.03879200297486
C            3.04695039315092       -0.19292410613650       -0.47738143282881
C            2.27824090371893       -1.49688482577092       -0.70083873674167
C            1.85286147439106       -2.16639128239744        0.60489194349938
C            0.90845188129703       -3.35467784340673        0.40488553458935
C           -0.38584115647282       -3.02372705360809       -0.34484110112443
C           -1.15602855046357       -1.85089517594722        0.25780765839637
C           -2.40354067373194       -1.51216212773906       -0.55479046001749
C           -3.15808189697021       -0.29327981955197       -0.01946433143035
C           -2.36983891329183        1.00966893149516       -0.14804041762458
C           -3.19660235996340        2.22610377971552        0.26271635527701
C           -2.37541727491825        3.50960796465764        0.20910035380761
H            1.58241225901418        3.22684715043669        1.47660347033537
H            2.52468158699245        4.36330165932654        0.51133770421382
H            1.14078726031756        3.53419430565199       -0.20333768844027
H            3.72402514656620        2.19228509466889        0.73218152633384
H            3.30375745995028        2.52004984559535       -0.94848035073316
H            1.71269932719426        0.74006356326073        0.94190511832675
H            1.31454941847360        1.05316048348933       -0.74824424620207
H            3.82702677997306       -0.34966762424604        0.27078599804398
H            3.53811599446492        0.09086183903431       -1.41134091162562
H            2.90068872876444       -2.19392602836402       -1.26662810788287
H            1.40032595524042       -1.27306911125194       -1.30713868820621
H            1.37051479685518       -1.43624445582557        1.25433717279060
H            2.74605492332383       -2.51854213515130        1.12729057662178
H            0.65403484467526       -3.75611693387226        1.38904199614284
H            1.43313820099046       -4.14002648862929       -0.14478214454484
H           -1.02261451068747       -3.91207114813717       -0.34285941883126
H           -0.15506471025302       -2.79947741228944       -1.38813957466767
H           -0.50879326054179       -0.97631052958225        0.28072024238108
H           -1.44040482493500       -2.08923757106782        1.28527148245514
H           -2.11280700823969       -1.32213025190117       -1.59125060960424
H           -3.07613002822369       -2.37350638617218       -0.55554270416574
H           -3.41498087322853       -0.45826923864394        1.02961326776035
H           -4.09370167488831       -0.19223587494584       -0.57537182502840
H           -1.47884522855510        0.96775866701348        0.48058069646063
H           -2.04218445175326        1.13160387261986       -1.18343448157916
H           -4.06055835132232        2.31934246104660       -0.39927900588151
H           -3.57262496971180        2.07980236138619        1.27790691379266
H           -1.52239207259416        3.44452678792996        0.88134492268367
H           -2.00365646041345        3.68304531077563       -0.79865931764147
H           -2.97931055809380        4.36487482428615        0.50326742580084
44
 energy: -45.305639144646 gnorm: 0.000928499637 xtb: 6.6.1 (8d0f1dd)
C            1.98218727253872        3.41869071866892        0.48200752526055
C            2.89481995896626        2.27980699012295        0.04179124017753
C            2.14551536686953        0.95229339010966       -0.03583626442711
C            3.05284593566449       -0.19709770708215       -0.47372966054200
C            2.28448274028446       -1.50060827512939       -0.69894618394132
C            1.85464521535834       -2.17092244082608        0.60489369682630
C            0.90872257526710       -3.35661066447708        0.39748458192520
C           -0.38344092272946       -3.01820832167981       -0.35253247268911
C           -1.14937084477909       -1.84478691057118        0.25416661843237
C           -2.40431268515529       -1.50945881033423       -0.54812083917086
C           -3.15518104412752       -0.29075013261913       -0.00802572434880
C           -2.37327086665658        1.01475720391270       -0.14851051526310
C           -3.20558756201879        2.22714647806815        0.26278940103899
C           -2.39480565808631        3.51668892636414        0.19881618243253
H            1.58199855087530        3.22454664771204        1.47502809967319
H            2.52764572996595        4.35892848694980        0.51047170992818
H            1.14774134121225        3.52626735429468       -0.20790377981017
H            3.72514000952180        2.18559280955603        0.74541975843271
H            3.31739846662150        2.51243318703453       -0.93845582144963
H            1.71395343158328        0.73406821822066        0.94307861432460
H            1.32178076526645        1.05011637195130       -0.74788484257226
H            3.83233650323721       -0.35368428128971        0.27532492440997
H            3.54485339925810        0.08759934800205       -1.40717505933182
H            2.90784349888979       -2.19813680737576       -1.26333345805936
H            1.40837621250591       -1.27605860280052       -1.30767293543985
H            1.37162270874291       -1.44128677677404        1.25465399212722
H            2.74570004581214       -2.52605259745306        1.12937605220906
H            0.65141088732238       -3.76330048715834        1.37875754044760
H            1.43335406695423       -4.13954207114756       -0.15577573166953
H           -1.02389140425134       -3.90398588720969       -0.35392509745372
H           -0.15173436821137       -2.79131841659610       -1.39510526612250
H           -0.50321469300309       -0.96906378703076        0.26988251096909
H           -1.42451057960524       -2.08137990146745        1.28464952309081
H           -2.12329928592071       -1.32187540194600       -1.58779334038060
H           -3.07600086574379       -2.37153585616189       -0.54052530313349
H           -3.39972383897516       -0.45353372882673        1.04449628878976
H           -4.09756222185023       -0.19317910099642       -0.55334095044188
H           -1.47750000334461        0.98092626914528        0.47398479699972
H           -2.05337903710783        1.13405740649142       -1.18673358676344
H           -4.07461762085981        2.31084277078228       -0.39399334598116
H           -3.57420447157728        2.08158790586240        1.28087697577189
H           -1.53861986829609        3.46176929838029        0.86798013971725
H           -2.02856873489827        3.68714401921811       -0.81147709280077
H           -3.00413910552005        4.36885016610578        0.49066509880780
44
 energy: -45.305658984503 gnorm: 0.000705792875 xtb: 6.6.1 (8d0f1dd)
C            1.98614827383277        3.41293131089182        0.48261935296340
C            2.90241356607101        2.27416699324638        0.05065797886447
C            2.15296815224143        0.94723297006822       -0.03296155832486
C            3.06098779851324       -0.20130941692563       -0.47087253741526
C            2.29448310645298       -1.50534381429366       -0.69733999525292
C            1.85645737589425       -2.17464856863700        0.60427135140942
C            0.90792628164471       -3.35677168998767        0.38964525730457
C           -0.38207415782019       -3.01211515037706       -0.36101876092975
C           -1.14411948286460       -1.83789800477837        0.24840164911336
C           -2.40768579768087       -1.50687751053957       -0.54179826646043
C           -3.15328392614627       -0.28834692081892        0.00476461300435
C           -2.37755703288722        1.01929831699391       -0.14777083612450
C           -3.21469992533968        2.22785080200516        0.26443454591221
C           -2.41570081958657        3.52356888234459        0.18626260326027
H            1.57956976013091        3.22017359773492        1.47336007048809
H            2.52988927522418        4.35411480803458        0.51278637520716
H            1.15609316979870        3.51778624882285       -0.21307778088356
H            3.72675816050279        2.17951204542802        0.76135398813726
H            3.33374834490191        2.50604495302423       -0.92605698004605
H            1.71781686292675        0.72677078929347        0.94391133123049
H            1.33158476398502        1.04734668264721       -0.74756714590098
H            3.84128644641849       -0.35690459767914        0.27768434929760
H            3.55235138313024        0.08430817541435       -1.40450817952321
H            2.92135713350087       -2.20383446032696       -1.25685809775529
H            1.42179774199823       -1.28240942849451       -1.31171947147430
H            1.37259601458676       -1.44422436816136        1.25243959608065
H            2.74360452541961       -2.53325753493705        1.13303002960151
H            0.64707212416919       -3.76750347346309        1.36830201146886
H            1.43228952801956       -4.13830307386520       -0.16586039256477
H           -1.02567386834117       -3.89569311298363       -0.36494166006401
H           -0.14929031655835       -2.78352500294307       -1.40299406254815
H           -0.49951074604328       -0.96073956463228        0.25573136601517
H           -1.40944850545216       -2.07190674880846        1.28213748296400
H           -2.13856890314618       -1.32198696221787       -1.58517597521749
H           -3.07829338895989       -2.36977374839011       -0.52436273643937
H           -3.38336335828090       -0.44942261798592        1.06085209687932
H           -4.10338199169116       -0.19314119448615       -0.52764719687726
H           -1.47692042323176        0.99300856711926        0.46808784221148
H           -2.06581661929240        1.13555937498610       -1.18887557542483
H           -4.09061688913069        2.30043843924418       -0.38475685944279
H           -3.57295021379526        2.08420090809020        1.28664249075697
H           -1.55524051823227        3.48128326799640        0.85097232004405
H           -2.05676730607220        3.68946978686197       -0.82746403573672
H           -3.03079659881028        4.37260704548496        0.47507740219166
44
 energy: -45.305677941365 gnorm: 0.000879809136 xtb: 6.6.1 (8d0f1dd)
C            1.98985994506581        3.40725309321191        0.48397244885991
C            2.91071613159256        2.26948122238174        0.05992196191094
C            2.16216686059822        0.94231037625751       -0.03017891187218
C            3.07150596159217       -0.20519517596307       -0.46797657428158
C            2.30706780463942       -1.51003618334813       -0.69698398766779
C            1.85894781304695       -2.17836291511971        0.60195412513433
C            0.90647620447351       -3.35624539231791        0.38182258732437
C           -0.38209244572033       -3.00615368820472       -0.36886138639293
C           -1.14052518806364       -1.83078106158751        0.24245218051286
C           -2.41264664092088       -1.50423301244565       -0.53581426228710
C           -3.15385793719527       -0.28671603671473        0.01804276602314
C           -2.38378027660281        1.02293182775529       -0.14651908618640
C           -3.22398365815099        2.22877033046316        0.26700320120002
C           -2.43595071433180        3.52970123654905        0.17244903855842
H            1.57561056421788        3.21477427098514        1.47168915334063
H            2.53176951212488        4.34948454306355        0.51795836121059
H            1.16503392185766        3.51075085967819       -0.21824105374696
H            3.72918329198244        2.17541644056292        0.77759636533152
H            3.35036692186686        2.50192144570187       -0.91305248898462
H            1.72328168091182        0.71962803690023        0.94462719282244
H            1.34345891067102        1.04454274154525       -0.74773113242655
H            3.85157949332148       -0.36055349801384        0.28124978901020
H            3.56358546649915        0.08139717067584       -1.40122329248350
H            2.93946332031516       -2.20873677779137       -1.25036943225881
H            1.43891220234067       -1.28963837866236       -1.31898274434481
H            1.37540739843642       -1.44622546323521        1.24845920533686
H            2.74162226503031       -2.54224829028938        1.13483869618934
H            0.64325557358907       -3.76916395518335        1.35904201249147
H            1.42891926193207       -4.13805096011045       -0.17539329374976
H           -1.02833971506099       -3.88792317809608       -0.37284631933235
H           -0.14946984164596       -2.77763716087248       -1.41097014069409
H           -0.49714636556499       -0.95252706626216        0.24065891734190
H           -1.39648500543936       -2.06115904549180        1.27952243080554
H           -2.15577008685737       -1.32114008457316       -1.58265947654187
H           -3.08147884241289       -2.36837985297909       -0.50910938503990
H           -3.36924544549776       -0.44685620147143        1.07745888650608
H           -4.11151847718816       -0.19417088980289       -0.50147053098359
H           -1.47836632994542        1.00315154149724        0.46274169300857
H           -2.08027122272827        1.13603421514197       -1.19054443823686
H           -4.10729164516584        2.29086326132229       -0.37339826605659
H           -3.57075166094110        2.08874845839502        1.29382296756134
H           -1.57039333525480        3.50016022425372        0.83132261262519
H           -2.08553208419146        3.69039395853866       -0.84519214524930
H           -3.05585458722515        4.37615601365598        0.45870975571166
44
 energy: -45.305695149014 gnorm: 0.000944395439 xtb: 6.6.1 (8d0f1dd)
C            1.99245579379035        3.40241253723473        0.48638623274668
C            2.91792765753471        2.26646576143135        0.06789038296715
C            2.17162073216964        0.93826081529494       -0.02854833239851
C            3.08224138691348       -0.20839422940853       -0.46585216644610
C            2.32046251339537       -1.51448065048979       -0.69836294330416
C            1.86149838028837       -2.18040490278317        0.59813981354032
C            0.90475897392397       -3.35432691724908        0.37550324888726
C           -0.38339741982433       -3.00149048215691       -0.37462369206762
C           -1.13896423645458       -1.82461212019336        0.23710358964420
C           -2.41839108563337       -1.50246628510855       -0.53095315873356
C           -3.15698053568468       -0.28626105582829        0.02907669683334
C           -2.39152480316188        1.02489960954661       -0.14390589246864
C           -3.23188779369134        2.23014972845644        0.27075033655518
C           -2.45127578305146        3.53391186442127        0.15960234066351
H            1.57011770106327        3.20815929242080        1.47040059284091
H            2.53312491838263        4.34526953899500        0.52647109256665
H            1.17326865744316        3.50658575209259       -0.22235587449340
H            3.73140541941268        2.17329623414300        0.79129493596287
H            3.36407771721598        2.50066625571213       -0.90167409892067
H            1.72987044285362        0.71301391643642        0.94429264561885
H            1.35527223919703        1.04175854339017       -0.74853465746432
H            3.86147955757219       -0.36394203891972        0.28419849230378
H            3.57564266706153        0.07928163363493       -1.39804400800798
H            2.95914236466141       -2.21339709923309       -1.24432381194606
H            1.45754310846120       -1.29710761831054       -1.32889110527719
H            1.37765946560732       -1.44574875731861        1.24125628116314
H            2.73931979178272       -2.54795060638090        1.13614699427734
H            0.64004263693990       -3.76674330720306        1.35257185350524
H            1.42474319993677       -4.13791915382399       -0.18150532598854
H           -1.03111068173683       -3.88223997253602       -0.37767621109181
H           -0.15110702361517       -2.77371573269327       -1.41696013195476
H           -0.49665319769906       -0.94563767421983        0.22716952474360
H           -1.38707458436701       -2.05153344338292        1.27681721714179
H           -2.17160222459611       -1.31959241739355       -1.58011127210821
H           -3.08480994630497       -2.36824762031048       -0.49747412896597
H           -3.36124744425517       -0.44613818222722        1.09043599162709
H           -4.11992657429086       -0.19617008596518       -0.48054089903925
H           -1.48232571536554        1.00869079071579        0.45958140626717
H           -2.09488145125925        1.13512353604732       -1.19011829986175
H           -4.12213344477745        2.28429709352492       -0.36063162810009
H           -3.56719617139930        2.09538118948164        1.30210099508548
H           -1.58028111545272        3.51475456382255        0.81160520046722
H           -2.10987683246874        3.68870234457402       -0.86208277043847
H           -3.07358826051717        4.37917635175955        0.44417254366801
44
 energy: -45.305708424311 gnorm: 0.000822585365 xtb: 6.6.1 (8d0f1dd)
C            1.99505305601879        3.39789386389301        0.48873144043845
C            2.92440313502152        2.26328064179891        0.07459006426255
C            2.18008953223979        0.93409313222944       -0.02710327320862
C            3.09306699065942       -0.21170101053520       -0.46237422781518
C            2.33248755285659       -1.51793110694763       -0.70060861272875
C            1.86464578664800       -2.18313608013005        0.59320202058011
C            0.90397765526788       -3.35367825803595        0.36913843421790
C           -0.38426150122936       -2.99668388854457       -0.37924086801976
C           -1.13667146017389       -1.81842296674217        0.23409542517197
C           -2.42245528393642       -1.50012420551942       -0.52526313680113
C           -3.16170450113095       -0.28628495550205        0.03967800190850
C           -2.40096099533740        1.02687990215798       -0.14204658062872
C           -3.24083243375773        2.23219910340689        0.27399017259361
C           -2.46514773635696        3.53769075484255        0.14710728707759
H            1.56512467329989        3.20151374823057        1.46906460745196
H            2.53532844382397        4.34075679083627        0.53531202374955
H            1.18128897505448        3.50405389391868       -0.22596643265808
H            3.73369836826938        2.17099443095311        0.80278694957486
H            3.37572460277281        2.49943360735652       -0.89210388121224
H            1.73467486299360        0.70732822235692        0.94373006263483
H            1.36675008937477        1.03808660443638       -0.75041840077807
H            3.86837266123940       -0.36905898712112        0.29144225323224
H            3.59134730100444        0.07727699646799       -1.39160329699882
H            2.97592806275838       -2.21622105334625       -1.24158319475957
H            1.47425731180689       -1.30151106521690       -1.33780209807382
H            1.38131400886316       -1.44646224916121        1.23429587216323
H            2.73877588888169       -2.55449037161059        1.13450470873448
H            0.63909699783103       -3.76557880679961        1.34651194781766
H            1.42042771302291       -4.13909712252023       -0.18878755252089
H           -1.03386228389385       -3.87608476027408       -0.38087756358958
H           -0.15327624490918       -2.76950281108941       -1.42203735505535
H           -0.49484944960226       -0.93918499322756        0.21605365716508
H           -1.37699931678134       -2.04198266887147        1.27648642318924
H           -2.18403652336498       -1.31656344077369       -1.57623712041664
H           -3.08571930892173       -2.36815201839869       -0.48670807945195
H           -3.35671680998406       -0.44581085013988        1.10295751441358
H           -4.12900679836280       -0.20082488124911       -0.46262864559056
H           -1.48764715759131        1.01434200141164        0.45561460848403
H           -2.11175784178908        1.13467786471944       -1.19071369968916
H           -4.13719922042213        2.28041337994459       -0.34914734377155
H           -3.56582484772363        2.10331045573377        1.30938022517240
H           -1.58831847994711        3.52620997520992        0.79148564226674
H           -2.13318034730990        3.68704752240185       -0.87854653857324
H           -3.08796612718238        4.38274265945052        0.43143656004083
44
 energy: -45.305719071190 gnorm: 0.000660983186 xtb: 6.6.1 (8d0f1dd)
C            1.99620384217827        3.39472475796551        0.49136647739081
C            2.92769933363570        2.26157295199243        0.07752728765742
C            2.18522041178494        0.93163366672203       -0.02788369801612
C            3.10020958911665       -0.21363042542134       -0.46059638970434
C            2.34041489464645       -1.51974382046054       -0.70343554496343
C            1.86643650126441       -2.18253713437291        0.58928946644381
C            0.90362302058382       -3.35145390189202        0.36618284721143
C           -0.38506471300363       -2.99335039093939       -0.38088567234999
C           -1.13608318697876       -1.81446812175723        0.23332282308856
C           -2.42513414387387       -1.49942753973464       -0.52165940803976
C           -3.16688807947886       -0.28734485932602        0.04462966652121
C           -2.40928515496622        1.02692111136173       -0.13972741648421
C           -3.24617295454969        2.23389922902366        0.27768496062746
C           -2.47009445912062        3.53798674970185        0.13924667508274
H            1.56061819032530        3.19403687079278        1.46822114629294
H            2.53692198112704        4.33693123183550        0.54532105167019
H            1.18672269288723        3.50461377762589       -0.22748145008868
H            3.73508549271075        2.16925194947032        0.80756233226574
H            3.38081753183744        2.50002243728219       -0.88754012099474
H            1.73736332518967        0.70394384740829        0.94144627630729
H            1.37406613744028        1.03514027285474       -0.75350361057781
H            3.87151545393418       -0.37252479955342        0.29676067642210
H            3.60303405878562        0.07636867168951       -1.38682625115592
H            2.98683083025162       -2.21818732542661       -1.24037366618430
H            1.48577168299885       -1.30331981911747       -1.34530809701192
H            1.38208407844179       -1.44388548877681        1.22716932837865
H            2.73811024943861       -2.55429994255453        1.13405819430561
H            0.63908530096548       -3.76162171565075        1.34434209335700
H            1.41791798287815       -4.13844789160975       -0.19128068098698
H           -1.03504725368548       -3.87235500227485       -0.38198523811859
H           -0.15470820271851       -2.76587876795577       -1.42369378584456
H           -0.49505693921620       -0.93500128140484        0.21092271194131
H           -1.37204025767597       -2.03647429045272        1.27675697338317
H           -2.18998156660344       -1.31433718461417       -1.57280578827939
H           -3.08548314464238       -2.36947298240698       -0.48193059712227
H           -3.36012832987960       -0.44667199938864        1.10777096719896
H           -4.13460116761356       -0.20511480254949       -0.45636136519997
H           -1.49406551061551        1.01451789939426        0.45438007516107
H           -2.12408897147096        1.13362628234495       -1.18927043705276
H           -4.14655641618822        2.28048035973014       -0.33921611980139
H           -3.56369078129508        2.11031194276229        1.31574770959349
H           -1.58837983181343        3.52812399399727        0.77645800567326
H           -2.14608118976746        3.68228489434022       -0.88954041470485
H           -3.08968132726445        4.38489358934546        0.42493600670742
44
 energy: -45.305726189006 gnorm: 0.000646885048 xtb: 6.6.1 (8d0f1dd)
C            1.99894972461239        3.39041977222330        0.49345527742403
C            2.93241295879972        2.25785823084792        0.08166202058155
C            2.19051138505486        0.92804374081259       -0.02797125014381
C            3.10775119485438       -0.21703723153875       -0.45642336246102
C            2.34780676280437       -1.52203276700225       -0.70485417670980
C            1.86904928464522       -2.18457759969840        0.58615989501027
C            0.90419232634893       -3.35130969733881        0.36071488083304
C           -0.38423234292881       -2.98795319992487       -0.38441813381800
C           -1.13222695746113       -1.80850307326058        0.23290832474621
C           -2.42638732372310       -1.49737882566117       -0.51556964757346
C           -3.17064486927754       -0.28732557198970        0.05252493341764
C           -2.41795655702083        1.02909124881565       -0.13898763877142
C           -3.25477714828928        2.23570596760115        0.28015840160222
C           -2.48093553682455        3.54049001296458        0.12910054330074
H            1.55732029705004        3.18687246473856        1.46706520064330
H            2.54011414243830        4.33193034771863        0.55354638498135
H            1.19391362687339        3.50299875546076       -0.23006694427367
H            3.73686849224508        2.16453732374477        0.81495514067209
H            3.38936728686923        2.49734171747028       -0.88144314425107
H            1.73796089950777        0.69981313144316        0.93907796832834
H            1.38279060886934        1.03142301223119       -0.75746364153987
H            3.87373723615809       -0.37771833857795        0.30584061732518
H            3.61696437108312        0.07391898237637       -1.37878075056203
H            2.99507457253518       -2.22071016949738       -1.24026626151327
H            1.49574474084583       -1.30371310457661       -1.34943779624911
H            1.38417695564700       -1.44513412469138        1.22267036882533
H            2.73877410767776       -2.55747746192385        1.13328123199160
H            0.63928794280780       -3.76323637390070        1.33803487392632
H            1.41648629570962       -4.13800001008672       -0.19895102392610
H           -1.03652778318615       -3.86523620434279       -0.38724579914795
H           -0.15412791699005       -2.75838984301014       -1.42679711785185
H           -0.49205377866505       -0.92837426328604        0.20462279977865
H           -1.36105816412917       -2.02906375828465        1.27843143659002
H           -2.19673987428602       -1.31218030833576       -1.56818438569163
H           -3.08367556406993       -2.36974737363349       -0.47202994532494
H           -3.35830834688110       -0.44532947901498        1.11738876768576
H           -4.14136236359939       -0.21053718005988       -0.44455791920965
H           -1.49855181282947        1.02054578624859        0.44934013986808
H           -2.14002224311939        1.13442334166809       -1.19086051133460
H           -4.16049885825265        2.27812133531188       -0.32983980253917
H           -3.56350201782877        2.11625571424112        1.32152430254152
H           -1.59307216383101        3.53410617562838        0.75842648555147
H           -2.16653727560977        3.68048137852816       -0.90340770035571
H           -3.09861731463388        4.38832451956182        0.41646495762310
44
 energy: -45.305731772270 gnorm: 0.000542534528 xtb: 6.6.1 (8d0f1dd)
C            1.99958816768891        3.38899688516682        0.49475094229080
C            2.93255767050424        2.25699733402290        0.08051951451903
C            2.19025853245121        0.92778214316393       -0.03041362382332
C            3.10859489602192       -0.21734953962986       -0.45613137131042
C            2.34775250061247       -1.52138817603537       -0.70486487441953
C            1.86845858686840       -2.18261430432466        0.58648615682970
C            0.90476029300471       -3.35000220049539        0.36095412793196
C           -0.38309703220372       -2.98533742615132       -0.38427683685344
C           -1.13212236239273       -1.80734214823298        0.23455346874679
C           -2.42608638318646       -1.49748817327025       -0.51422231822626
C           -3.17265606362968       -0.28795957825801        0.05189638242714
C           -2.42058938947004        1.02842092317559       -0.13918170447072
C           -3.25557287485241        2.23550393641565        0.28198315121872
C           -2.47962660683273        3.53834259678179        0.12766210861461
H            1.55635253679015        3.18177518087314        1.46670471425910
H            2.54118746634339        4.32981617910707        0.55934465037345
H            1.19589983842117        3.50460963162197       -0.22957532856274
H            3.73735342669438        2.16198126811163        0.81308660296618
H            3.38902374958082        2.49769685519733       -0.88239397319120
H            1.73520268594371        0.70014232933048        0.93560011498694
H            1.38429379685618        1.03095561118252       -0.76186343874525
H            3.87199321115678       -0.37811384485271        0.30857153643403
H            3.62061534752979        0.07313262995577       -1.37696594031917
H            2.99373371039727       -2.22122329523746       -1.24027990299537
H            1.49588575361727       -1.30193487610776       -1.34918953184099
H            1.38261052012125       -1.44260946723128        1.22170417580668
H            2.73820890167032       -2.55399060672442        1.13475366579103
H            0.63964553184504       -3.76278917966543        1.33778827064915
H            1.41758668804726       -4.13569523964868       -0.19954894023302
H           -1.03538197566277       -3.86250683029688       -0.38902256288674
H           -0.15251798649565       -2.75379928802530       -1.42612820330327
H           -0.49312714420705       -0.92651927538453        0.20652662192196
H           -1.36020093553588       -2.02859115209998        1.27986951113270
H           -2.19561232656034       -1.31285472231892       -1.56664986302470
H           -3.08211014050982       -2.37063712170482       -0.47081346672633
H           -3.36302347509563       -0.44535637252085        1.11623038105987
H           -4.14195455367983       -0.21222575363704       -0.44763250200324
H           -1.50079956003631        1.01936465451710        0.44803146785037
H           -2.14365176879216        1.13454158851353       -1.19104284800572
H           -4.16259311911984        2.27910797660933       -0.32543810691311
H           -3.56174922234058        2.11725167026691        1.32392563414836
H           -1.58903154947595        3.52855562351837        0.75254452308273
H           -2.16962780231754        3.67686785428198       -0.90607244770599
H           -3.09299253976917        4.38822270004020        0.41801806251890
44
 energy: -45.305735630070 gnorm: 0.000352943014 xtb: 6.6.1 (8d0f1dd)
C            2.00120484422855        3.38723100664416        0.49588178902538
C            2.93453969918018        2.25572477246724        0.08149200271897
C            2.19158811407909        0.92722979659192       -0.03220928891181
C            3.11044181712750       -0.21848977410946       -0.45483275880907
C            2.34919391636033       -1.52198312054816       -0.70381952984100
C            1.86882181140784       -2.18261263376199        0.58751295588064
C            0.90482068963876       -3.34910001381083        0.35928374132786
C           -0.38231501391219       -2.98236347598912       -0.38598328521748
C           -1.13090416126271       -1.80502499672768        0.23460762774209
C           -2.42683467419201       -1.49760033034669       -0.51192320260357
C           -3.17304567009405       -0.28792350594953        0.05381496925909
C           -2.42282692424160        1.02899635148356       -0.13984989092190
C           -3.25774448116007        2.23529373835918        0.28328957378840
C           -2.48327608348731        3.53843709999724        0.12414415670512
H            1.55558498675994        3.17769712427789        1.46632662665625
H            2.54280609576439        4.32779693055243        0.56394678599081
H            1.19925974430846        3.50447958258748       -0.23021940378777
H            3.73837144055656        2.15914245903037        0.81501526274922
H            3.39254584661569        2.49719629769188       -0.88054131606908
H            1.73316908422271        0.69975439441919        0.93229006916485
H            1.38793289126029        1.03095138082908       -0.76619462347569
H            3.87227497502574       -0.37865595644727        0.31161217029070
H            3.62440296801195        0.07114568724181       -1.37488117816405
H            2.99466355751947       -2.22269154177533       -1.23898790114396
H            1.49760201541625       -1.30182845872966       -1.34846779757153
H            1.38238364111424       -1.44255569728970        1.22231337701011
H            2.73794920658273       -2.55442608504670        1.13678475828362
H            0.63889843273788       -3.76431276610286        1.33483401683532
H            1.41795020668111       -4.13348353350377       -0.20278826581285
H           -1.03533235394123       -3.85903649045615       -0.39325547296462
H           -0.15081868038968       -2.74858616372155       -1.42712714501986
H           -0.49309553536145       -0.92321007025433        0.20562052500138
H           -1.35687438694489       -2.02667384917202        1.28034023392697
H           -2.19842433040543       -1.31423619717313       -1.56510165714779
H           -3.08205333867923       -2.37128715478572       -0.46603633551882
H           -3.36178071294053       -0.44416518171471        1.11867369238579
H           -4.14332940056194       -0.21324509363807       -0.44416471229059
H           -1.50127404292674        1.02126057907537        0.44469570004310
H           -2.14886578116194        1.13499722982089       -1.19258925721171
H           -4.16747231742177        2.27688477949526       -0.32051157896854
H           -3.55943210675176        2.11737511455613        1.32674430076258
H           -1.58928255607466        3.52903876083180        0.74441533300220
H           -2.17885116050796        3.67612760812766       -0.91147975444504
H           -3.09513327218012        4.38846839697399        0.41712268734595
