53
 energy: -54.793828303176 gnorm: 0.036923883246 xtb: 6.6.1 (8d0f1dd)
C            3.05675400000000       -2.42350500000000        0.41865000000000
C            2.26306000000000       -3.36330300000000       -0.47590600000000
C            0.92177400000000       -2.77988600000000       -0.93341000000000
C           -0.09144500000000       -2.61313100000000        0.19997700000000
C           -1.43837800000000       -2.07506200000000       -0.28335900000000
C           -2.46061900000000       -1.91913900000000        0.84406400000000
C           -3.81371200000000       -1.36990200000000        0.37644600000000
C           -3.74068300000000        0.04087700000000       -0.21627300000000
C           -3.34991400000000        1.11273800000000        0.80383500000000
C           -3.06555200000000        2.48222400000000        0.17876600000000
C           -1.88592700000000        2.48513800000000       -0.80037000000000
C           -0.57329500000000        2.00857600000000       -0.17677000000000
C            0.58691400000000        1.97584100000000       -1.17181800000000
C            1.86265400000000        1.35814900000000       -0.59149400000000
C            2.50535200000000        2.20026900000000        0.51118900000000
C            3.74969000000000        1.55270900000000        1.12855700000000
C            4.90351300000000        1.40338200000000        0.14867100000000
H            4.01400400000000       -2.85593100000000        0.72059300000000
H            3.27192700000000       -1.48301000000000       -0.09190100000000
H            2.51079300000000       -2.17890000000000        1.33162800000000
H            2.08288200000000       -4.31366800000000        0.04462700000000
H            2.86883800000000       -3.63047900000000       -1.35386500000000
H            0.48106500000000       -3.41746900000000       -1.71154700000000
H            1.08940000000000       -1.81146500000000       -1.42080800000000
H            0.31262400000000       -1.94459400000000        0.96965000000000
H           -0.23932700000000       -3.57508200000000        0.70647000000000
H           -1.27913000000000       -1.11401500000000       -0.78543000000000
H           -1.84467600000000       -2.73613600000000       -1.05901000000000
H           -2.60137700000000       -2.89219900000000        1.33356800000000
H           -2.04306300000000       -1.27370100000000        1.62545800000000
H           -4.23842200000000       -2.06082000000000       -0.36396800000000
H           -4.52572100000000       -1.36892800000000        1.21222500000000
H           -3.03010100000000        0.04355800000000       -1.04922100000000
H           -4.70196800000000        0.31417600000000       -0.67195200000000
H           -2.46976800000000        0.78505400000000        1.36706600000000
H           -4.14328100000000        1.19610300000000        1.55887100000000
H           -2.86974700000000        3.21473600000000        0.97323000000000
H           -3.97081000000000        2.84115500000000       -0.32835100000000
H           -2.12096500000000        1.85964700000000       -1.66968800000000
H           -1.74255900000000        3.49218300000000       -1.21442600000000
H           -0.32294600000000        2.64645100000000        0.67913100000000
H           -0.70327300000000        1.00539700000000        0.24477700000000
H            0.79504000000000        2.99123200000000       -1.53103100000000
H            0.27367200000000        1.41443500000000       -2.06241700000000
H            1.63430400000000        0.36045400000000       -0.19766400000000
H            2.59248100000000        1.19119800000000       -1.39385900000000
H            2.76531400000000        3.18781500000000        0.11000700000000
H            1.76428600000000        2.39642900000000        1.29643500000000
H            3.47864600000000        0.57123100000000        1.54047700000000
H            4.07989000000000        2.14218600000000        1.99607500000000
H            5.18784200000000        2.36826500000000       -0.27646600000000
H            5.79188700000000        0.98003900000000        0.62420800000000
H            4.64262300000000        0.74928500000000       -0.68522200000000
53
 energy: -54.797091670115 gnorm: 0.016087020191 xtb: 6.6.1 (8d0f1dd)
C            3.05273925948263       -2.42189965170002        0.41772425475834
C            2.25517620792356       -3.36359257006468       -0.47174990641747
C            0.91826652618340       -2.77582955321213       -0.92901508709658
C           -0.09425956508024       -2.61518970804775        0.20477621077693
C           -1.43596946266472       -2.07725014552632       -0.28889188182848
C           -2.45346192732419       -1.91746097218172        0.84100274479259
C           -3.80502583847847       -1.36663273060488        0.37657099498372
C           -3.73660600278080        0.04141529798354       -0.21734751474846
C           -3.34735371715187        1.10998018593534        0.80382177937612
C           -3.06042491900928        2.47506403827926        0.17538322553267
C           -1.88102975892120        2.47972024473759       -0.80172667005030
C           -0.57155267980325        2.00819543572681       -0.17132808548108
C            0.58668843040052        1.98310605023260       -1.16663915587647
C            1.85765958763531        1.35859823885769       -0.58832747733710
C            2.50672257802875        2.20342070688182        0.50695109457047
C            3.74518343932707        1.55003097386501        1.12358610836825
C            4.90091561443141        1.40506709452418        0.14524390262534
H            4.00375571680561       -2.86905754097522        0.70653336365633
H            3.26627194381810       -1.48821380297456       -0.10152886780445
H            2.50773583939498       -2.18648018050750        1.33061843366138
H            2.07308222414122       -4.30513968335398        0.05793263999742
H            2.85627623057255       -3.61090009886326       -1.35439413396914
H            0.48634252901711       -3.42887062614871       -1.69547825847752
H            1.09268510864848       -1.80508515022689       -1.40533540415932
H            0.30602582921397       -1.93376614178431        0.96179493426704
H           -0.24566235108990       -3.58241687220428        0.69599709123540
H           -1.26728516630740       -1.11250271809306       -0.77490978079740
H           -1.84346546349774       -2.74979913575436       -1.05137070684895
H           -2.61299540420665       -2.89326543759399        1.31339616224064
H           -2.03691295952730       -1.26756211957145        1.61619157050520
H           -4.22246597711976       -2.04805858831380       -0.37292369069799
H           -4.50184593715260       -1.36383295338295        1.22214395912103
H           -3.02292204694607        0.04008066297225       -1.04288358672359
H           -4.70874621537547        0.30192240713046       -0.65079063079280
H           -2.46610155641413        0.78624602903810        1.36078114767854
H           -4.15350763682837        1.21117520386056        1.53927336112044
H           -2.85926797090075        3.19541541834868        0.97619977607489
H           -3.95770497607466        2.82673640756756       -0.34573496936308
H           -2.11584656172964        1.85064873490572       -1.66565431198208
H           -1.74534687186669        3.49496921972997       -1.19109460533639
H           -0.32598652607002        2.66042563441497        0.67187759252375
H           -0.70020714318778        0.99978732206787        0.23022217823943
H            0.79941530889560        2.99898346314910       -1.51559593113464
H            0.27922976542152        1.40603008504307       -2.04654932549801
H            1.62110674552291        0.36781226737101       -0.18653754362758
H            2.57767125993023        1.21112271809199       -1.39943108219971
H            2.77632843730429        3.18330893710749        0.09869868359095
H            1.77588098234200        2.38049787713585        1.30170734724948
H            3.47571411092971        0.56595441499746        1.52235991793584
H            4.07521121510151        2.15392904780756        1.97671568979083
H            5.18003586132156        2.37316245605485       -0.27043705291537
H            5.77723270610149        0.98424024321709        0.63783558795359
H            4.63917117761354        0.74636656405040       -0.68123909146263
53
 energy: -54.797627820041 gnorm: 0.002746079271 xtb: 6.6.1 (8d0f1dd)
C            3.05217311005572       -2.42220784818926        0.41870068707749
C            2.25054626491155       -3.36446417165565       -0.46978984929139
C            0.91490883746095       -2.77565172451525       -0.92627084364011
C           -0.09610196718971       -2.61693010129810        0.20828878259573
C           -1.43442577628777       -2.07909532149632       -0.29268770954841
C           -2.44879185794702       -1.91896945077381        0.83887011959992
C           -3.79992744330307       -1.36647161875551        0.37680552465179
C           -3.73630147214814        0.04121797345591       -0.21732804790202
C           -3.34890907455184        1.10926874834245        0.80341151305573
C           -3.05805621711488        2.47196674293434        0.17238389732338
C           -1.87696844583739        2.47859637892507       -0.80222458861460
C           -0.57026955315137        2.00897080609591       -0.16702554816043
C            0.58590992355544        1.98831449500977       -1.16386316527178
C            1.85617397775011        1.36111027052968       -0.58811647787755
C            2.50649067717052        2.20552277570184        0.50586985445722
C            3.74353695769503        1.54970002626970        1.12051643078505
C            4.90237707242810        1.40551430914671        0.14278739778047
H            4.00023067503107       -2.87749641299727        0.69778117311623
H            3.26259516485193       -1.49294689260093       -0.10598697176249
H            2.50942678420124       -2.19028937531481        1.33181047412289
H            2.06621100859862       -4.29974554033121        0.06467374967084
H            2.84682795270226       -3.60318914145259       -1.35454867242201
H            0.48597328452505       -3.43316543940921       -1.68731636588904
H            1.09239627562832       -1.80378709241144       -1.39436380610971
H            0.29955051763000       -1.93054766375820        0.96016349938948
H           -0.24922833556114       -3.58558305199900        0.69123289020957
H           -1.25945951042173       -1.11495250097595       -0.77270375620768
H           -1.84169283602329       -2.75681128873791       -1.04754260082742
H           -2.61732243723425       -2.89542204746368        1.30157130279584
H           -2.03001329710076       -1.26887733508000        1.60978477302980
H           -4.21365723963768       -2.04277884448447       -0.37614153601069
H           -4.48606103054819       -1.36287261742522        1.22829441898718
H           -3.02353343930446        0.03956278511765       -1.04022717438751
H           -4.71396301247804        0.29311710272224       -0.63741223763730
H           -2.47022774416141        0.78761522468565        1.36065470060015
H           -4.16251967773186        1.22165573482572        1.52563804762596
H           -2.85430048495306        3.18600001800120        0.97516121247409
H           -3.94933311889854        2.81885857132406       -0.35756214943665
H           -2.10837573299853        1.84897803949797       -1.66392426706552
H           -1.74490426010403        3.49708351140285       -1.17792979449647
H           -0.32984304365384        2.66664663666724        0.67037286713987
H           -0.69603097843302        0.99845770387730        0.22365729366360
H            0.80124264455316        3.00404078566625       -1.50461982452606
H            0.28062161724954        1.40682813111126       -2.03913850545283
H            1.61375675037012        0.37609670283445       -0.18141729815810
H            2.56903973690872        1.22050058968523       -1.40360004963358
H            2.78245303451146        3.17901890167722        0.09258778144459
H            1.78201178453747        2.37676151598020        1.30446435155688
H            3.47347071700567        0.56512487146980        1.51018897514411
H            4.07239484321519        2.15852052112404        1.96698909659267
H            5.17663967055574        2.37502515815338       -0.26812098031744
H            5.77196328835241        0.98781332667130        0.64587371775364
H            4.64186541531962        0.74497412221942       -0.68024731199736
53
 energy: -54.797669217977 gnorm: 0.001162642833 xtb: 6.6.1 (8d0f1dd)
C            3.05313539160190       -2.42370087767587        0.41859412718789
C            2.24960097612334       -3.36632771495732       -0.46917849349514
C            0.91434337875490       -2.77596042680689       -0.92509162675983
C           -0.09670685746591       -2.61849131909237        0.20932440358085
C           -1.43423868181402       -2.08072019447940       -0.29400335970175
C           -2.44764822294622       -1.92014141051778        0.83800141223762
C           -3.79937905754716       -1.36721107866915        0.37770231544387
C           -3.73801837574222        0.04076812596043       -0.21707291921231
C           -3.35167907566766        1.10990666380361        0.80299505395459
C           -3.05865373176759        2.47204343754392        0.17066244018210
C           -1.87568301439740        2.47902566326547       -0.80206508497166
C           -0.56978450109214        2.00976839909255       -0.16517512073229
C            0.58590690758531        1.99161526377389       -1.16270081136301
C            1.85625363857645        1.36247552020016       -0.58826990070322
C            2.50770147144299        2.20736860119416        0.50454473931439
C            3.74389459936201        1.54963487421911        1.11968743393401
C            4.90424894793530        1.40620030624251        0.14234025592265
H            4.00111811075843       -2.88013146372439        0.69487586279794
H            3.26223974361841       -1.49472158378130       -0.10658951919830
H            2.51221634973602       -2.19218472590810        1.33265079103695
H            2.06448117742152       -4.30046583818066        0.06620397104390
H            2.84478535877480       -3.60504464428885       -1.35401008375977
H            0.48471771832413       -3.43252261777183       -1.68593070454296
H            1.09169274233496       -1.80381012136080       -1.39179078920134
H            0.29721614057358       -1.93210675437395        0.96152475730590
H           -0.25033522739164       -3.58692007892311        0.69162669556624
H           -1.25814740077586       -1.11744108219545       -0.77453256547667
H           -1.84091632068794       -2.75887459969827       -1.04812570193043
H           -2.61655188534398       -2.89673361255778        1.29906602197896
H           -2.02716236008846       -1.27141593389329        1.60870093490434
H           -4.21301156440396       -2.04337586009332       -0.37481298843616
H           -4.48337596910465       -1.36379284173569        1.23028394253957
H           -3.02668680908756        0.04026532440571       -1.04097808338064
H           -4.71678757835817        0.28996429428176       -0.63480348769982
H           -2.47518964172311        0.78838451406768        1.36342884312655
H           -4.16728839102301        1.22527563783637        1.52170359866083
H           -2.85542047146911        3.18596619016124        0.97308542490812
H           -3.94840736137850        2.81813394370129       -0.36137577220944
H           -2.10466449733892        1.85040557691424       -1.66473595599774
H           -1.74336706283659        3.49777414619449       -1.17551956436570
H           -0.33100072493023        2.66693605128610        0.67251757458221
H           -0.69457391355349        0.99896060159793        0.22412584015417
H            0.80128076865433        3.00777483379835       -1.50100193883386
H            0.27989194617197        1.41196107941820       -2.03839335899198
H            1.61264280614428        0.37838326079898       -0.18105100985085
H            2.56776976536471        1.22157396100948       -1.40417916739373
H            2.78465742982748        3.17997164534142        0.09071220651364
H            1.78402414296345        2.37931354755512        1.30314770611223
H            3.47308882156202        0.56483281026964        1.50719889677435
H            4.07263818100915        2.15751882049145        1.96624649968805
H            5.17738100630091        2.37572757343884       -0.26868437460759
H            5.77287287768953        0.99006132436727        0.64775790122868
H            4.64544829932358        0.74470978845414       -0.68021226786442
53
 energy: -54.797730854121 gnorm: 0.004027575549 xtb: 6.6.1 (8d0f1dd)
C            3.05759467716353       -2.43109513995377        0.41743002504273
C            2.24747978454042       -3.37366179477760       -0.46728875388827
C            0.91352027620190       -2.77855584038987       -0.92120294848013
C           -0.09862476705501       -2.62410265001594        0.21180963933748
C           -1.43424514124007       -2.08655851807416       -0.29751944679020
C           -2.44514584751520       -1.92397920211541        0.83549606384483
C           -3.79875044710779       -1.36986690305575        0.38123030608783
C           -3.74543693866894        0.03874665534170       -0.21603561191216
C           -3.36324105732303        1.11291827789557        0.80089356140339
C           -3.06245050478904        2.47283398628302        0.16426244140204
C           -1.87254785415211        2.48092231117814       -0.80084011482185
C           -0.56882915447462        2.01288801518759       -0.15894449090736
C            0.58628353121504        2.00360582313159       -1.15772840962552
C            1.85749597612653        1.36879511892518       -0.58941907092751
C            2.51353209682896        2.21378671368650        0.50021936549632
C            3.74699782411194        1.55033799783723        1.11646876325908
C            4.91198976794767        1.40898340504838        0.14165243388789
H            4.00677973194952       -2.88918285032028        0.68506587123073
H            3.26207234663720       -1.50184356728446       -0.10843343913611
H            2.52326817264301       -2.20071690443688        1.33547037655127
H            2.05942577646892       -4.30491915648499        0.07097158492846
H            2.83982728693299       -3.61577146038717       -1.35209264182381
H            0.48134527421770       -3.43032123347543       -1.68402297179814
H            1.09123532075149       -1.80497327783643       -1.38356923720089
H            0.29041924665003       -1.93882898675654        0.96690366366215
H           -0.25397958819117       -3.59234196329161        0.69280815867633
H           -1.25585140781205       -1.12595144418795       -0.78172807127977
H           -1.83918015356308       -2.76646593368675       -1.05018437683531
H           -2.61384985424803       -2.90116934649647        1.29380409692287
H           -2.01913947861386       -1.27915314318705        1.60602857800212
H           -4.21407605505886       -2.04710627734530       -0.36855532062427
H           -4.47738420220517       -1.36676259280715        1.23709263083016
H           -3.03866774135034        0.04231419521151       -1.04395407317355
H           -4.72768945610915        0.27939934201650       -0.62860188044664
H           -2.49427473693281        0.79154420916937        1.37338028150662
H           -4.18551582525161        1.23725387039500        1.50938105635916
H           -2.86333631921138        3.18849338849921        0.96535848429055
H           -3.94790847164451        2.81694446925278       -0.37470733970895
H           -2.09330504957330        1.85546374830822       -1.66759996812850
H           -1.73850788140513        3.50053006127430       -1.16938429184263
H           -0.33477122124329        2.66722735372709        0.68165585183470
H           -0.69088936938932        1.00078769597386        0.22699398657820
H            0.80149072707932        3.02239024061627       -1.48678609518536
H            0.27761699730855        1.43300823065784       -2.03768407923229
H            1.61053640881505        0.38679738508106       -0.18069772781591
H            2.56544238456128        1.22437862173117       -1.40688076011350
H            2.79441386068030        3.18384958351845        0.08422746615851
H            1.79119576074613        2.39141494945936        1.29823220522033
H            3.47266394001870        0.56440735730908        1.49707018810049
H            4.07515356243604        2.15282641156989        1.96623536479066
H            5.18150744490511        2.37848124710968       -0.27107382365267
H            5.77947409021611        0.99871580015180        0.65298083356317
H            4.65940625697541        0.74388872081962       -0.67976333361675
53
 energy: -54.797752973792 gnorm: 0.002524642976 xtb: 6.6.1 (8d0f1dd)
C            3.05870239509620       -2.43378663763998        0.41668649244095
C            2.24745693251803       -3.37576817163169       -0.46686531580778
C            0.91411813981556       -2.77966055361991       -0.92082452866665
C           -0.09885599828592       -2.62530898306565        0.21149746916944
C           -1.43460430700613       -2.08763838306954       -0.29741744055279
C           -2.44549942334306       -1.92403668926196        0.83553287138282
C           -3.79922474815828       -1.37009137777543        0.38195695864020
C           -3.74714968332849        0.03813396759033       -0.21601821253178
C           -3.36606289777711        1.11363238283057        0.80003181022270
C           -3.06408243315410        2.47288240569476        0.16291339232045
C           -1.87290472269112        2.48114164098385       -0.80025674419254
C           -0.56921275042276        2.01345108523196       -0.15795107133629
C            0.58662733406402        2.00634718701875       -1.15601738104244
C            1.85792252601054        1.37086399703025       -0.58938828142221
C            2.51592523006980        2.21526017195092        0.49953424941519
C            3.74851172809657        1.55069546050694        1.11572652358914
C            4.91378744959521        1.40992510192347        0.14184732962144
H            4.00869620903044       -2.89129536652891        0.68301608772978
H            3.26243780607931       -1.50402677392129       -0.10889705515392
H            2.52580058194715       -2.20375367364291        1.33576751698011
H            2.05878628737042       -4.30687065269644        0.07193711831411
H            2.83946062824377       -3.61972294211131       -1.35178720946144
H            0.48204180357312       -3.43040117215715       -1.68499797284717
H            1.09287624545518       -1.80565960727765       -1.38246646967488
H            0.29029811846936       -1.94054350583872        0.96736178151771
H           -0.25452373210200       -3.59394029920407        0.69226130890333
H           -1.25664004552610       -1.12719335955643       -0.78264051652212
H           -1.83985001659541       -2.76818301943151       -1.04977822511022
H           -2.61406732073546       -2.90110737885796        1.29498511729465
H           -2.01922248761792       -1.27876529860884        1.60582677216970
H           -4.21580344598032       -2.04802728917434       -0.36690599552470
H           -4.47757787343256       -1.36668173937466        1.23841062271862
H           -3.04048136906915        0.04201742120794       -1.04417580092783
H           -4.72980639574463        0.27760845642831       -0.62907999774590
H           -2.49807412028744        0.79247930651364        1.37428639659891
H           -4.18937383326737        1.23882824248811        1.50754546415066
H           -2.86713347627670        3.18958209477793        0.96398812265547
H           -3.94900217697609        2.81674925610674       -0.37768317883054
H           -2.09269352496940        1.85567310978365       -1.66749700055423
H           -1.73872160725253        3.50096600430786       -1.16914624658657
H           -0.33574647067200        2.66711887990681        0.68372479380612
H           -0.69111115940345        1.00082305147415        0.22733169002190
H            0.80159785305188        3.02622060565586       -1.48261368682543
H            0.27817708321986        1.43821350958299       -2.03795268357625
H            1.61108715689291        0.38863486059168       -0.18052500503073
H            2.56528452835795        1.22559145665524       -1.40765727992358
H            2.79806533671497        3.18489332062712        0.08276370532161
H            1.79359458270317        2.39491478529902        1.29746764683523
H            3.47332512464379        0.56435992284841        1.49528437442843
H            4.07629587939463        2.15177494139109        1.96700179559157
H            5.18282562685030        2.37939756016986       -0.27161615741032
H            5.78196827520362        1.00089652098319        0.65327071189117
H            4.66232515760773        0.74399316688497       -0.67937366647312
53
 energy: -54.797791678526 gnorm: 0.001642796116 xtb: 6.6.1 (8d0f1dd)
C            3.06238520551661       -2.44398193073755        0.41406365926999
C            2.24675095974482       -3.38395811811445       -0.46538740823120
C            0.91570589286214       -2.78382433387036       -0.91995532842386
C           -0.09983482930620       -2.62973399807494        0.21042017301792
C           -1.43603429493993       -2.09133846375004       -0.29694401352938
C           -2.44645076015047       -1.92347599596694        0.83627566114036
C           -3.80079232668462       -1.37065519456661        0.38438181698362
C           -3.75244800962966        0.03592889864353       -0.21669294073644
C           -3.37554484144243        1.11558454150328        0.79681524098477
C           -3.07036654958449        2.47270451352260        0.15797004288202
C           -1.87459700277027        2.48140109618349       -0.79852942682409
C           -0.57112946022426        2.01531006173559       -0.15410021941969
C            0.58757517648339        2.01681637176066       -1.14937522423806
C            1.85932824172228        1.37884736628514       -0.58864727025003
C            2.52459309485161        2.22117906542258        0.49762064051203
C            3.75412484400339        1.55211531292335        1.11326800940861
C            4.92033292098778        1.41346656696083        0.14217560466924
H            4.01497614963770       -2.90011553093629        0.67521711879148
H            3.26341986975243       -1.51275681413932       -0.11084585461212
H            2.53471411534797       -2.21521980223414        1.33678854691310
H            2.05551544122383       -4.31397829036758        0.07559154771057
H            2.83709782866893       -3.63410072536258       -1.35072271829503
H            0.48435247327516       -3.43109580854720       -1.68842960524880
H            1.09886761092670       -1.80858572998808       -1.37858641113225
H            0.29030720133731       -1.94675309930072        0.96824410944362
H           -0.25641844400263       -3.59967781045662        0.68974545005923
H           -1.25928129834193       -1.13158647584454       -0.78518921275689
H           -1.84314096159377       -2.77396315664356       -1.04743400781010
H           -2.61481815624042       -2.89935766291627        1.30032367751221
H           -2.01956248967751       -1.27545505877152        1.60460357447086
H           -4.22122528686042       -2.05092710163663       -0.36120764121756
H           -4.47769504058537       -1.36575637830967        1.24298115631110
H           -3.04521117605746        0.04033833004105       -1.04463186852106
H           -4.73601977874809        0.27143765398927       -0.63181145053506
H           -2.51030372090688        0.79567088473986        1.37620640838370
H           -4.20233197914567        1.24319876364142        1.50084623942711
H           -2.88113651460897        3.19259302584749        0.95902321788986
H           -3.95298139871487        2.81509356647742       -0.38892731729351
H           -2.09111561747469        1.85521549363796       -1.66667311247742
H           -1.74040608736509        3.50169240124347       -1.16853593355398
H           -0.34058032406172        2.66642156665516        0.69128802327292
H           -0.69209445626790        1.00058988660375        0.22751061858982
H            0.80164130101081        3.04050898563877       -1.46649728135405
H            0.28093232062070        1.45714568892342       -2.03813786197381
H            1.61318126971941        0.39607294215887       -0.17911364770219
H            2.56385560558758        1.23142094394162       -1.41012873565744
H            2.81199561095139        3.18853714715956        0.07767473577942
H            1.80317420946793        2.40809192777532        1.29557155737491
H            3.47617258538741        0.56441233583317        1.48878100800806
H            4.08071029165832        2.14851246625803        1.96921253255431
H            5.18729596412458        2.38301218889232       -0.27338841974495
H            5.79071478639475        1.00864693219233        0.65405639283250
H            4.67236983412074        0.74493755394431       -0.67833885265437
53
 energy: -54.797804797555 gnorm: 0.001825394437 xtb: 6.6.1 (8d0f1dd)
C            3.06377624638434       -2.45005131415511        0.41265922528567
C            2.24552476156142       -3.38916523141005       -0.46491463612794
C            0.91570959810009       -2.78631588976361       -0.92006731466387
C           -0.10053271388308       -2.63223697218553        0.20996757314418
C           -1.43688298430297       -2.09296238694429       -0.29641131994361
C           -2.44647022694611       -1.92221678221422        0.83745168440571
C           -3.80146556846305       -1.37087869067978        0.38541074962342
C           -3.75393797370128        0.03463957087932       -0.21788217488221
C           -3.37953399320235        1.11587898365492        0.79488723291990
C           -3.07410981073526        2.47236742679896        0.15528891942485
C           -1.87596096551610        2.48101818191130       -0.79818465489707
C           -0.57281022953261        2.01602007024081       -0.15192872949341
C            0.58770519967026        2.02305580258753       -1.14536138491238
C            1.85999102558951        1.38380225880695       -0.58734373261989
C            2.52914076575224        2.22524427411817        0.49735812241847
C            3.75727144118520        1.55320135365553        1.11246445362069
C            4.92375476336414        1.41562605191108        0.14182499616675
H            4.01720038870114       -2.90632604220797        0.67081019192432
H            3.26358001548746       -1.51842330365344       -0.11212723695163
H            2.53894260485363       -2.22180390899685        1.33713293405670
H            2.05242513803392       -4.31807488699739        0.07739917026892
H            2.83475387574240       -3.64212934349035       -1.35028994137258
H            0.48456677478654       -3.43188809489935       -1.69002431235201
H            1.10143018233335       -1.81076377263034       -1.37699104518774
H            0.29060489145036       -1.95012615621306        0.96806270746432
H           -0.25746609803994       -3.60258970915131        0.68832581384183
H           -1.26013530880334       -1.13385843732250       -0.78592303916404
H           -1.84573432360232       -2.77627743174075       -1.04530482194704
H           -2.61445034034033       -2.89663701881180        1.30472075629956
H           -2.01943258334052       -1.27146913526126        1.60341025115880
H           -4.22276624160591       -2.05256967332310       -0.35842858426823
H           -4.47752739405786       -1.36459055008444        1.24478215980208
H           -3.04532063675436        0.03859427117420       -1.04458480418062
H           -4.73710482954416        0.26866644898987       -0.63487306639367
H           -2.51480447225211        0.79725042993764        1.37563775458030
H           -4.20750380263529        1.24344208483264        1.49755890181360
H           -2.88853434013436        3.19357938362582        0.95604327853997
H           -3.95542044116913        2.81311707511893       -0.39489017089686
H           -2.09084730906564        1.85372892411679       -1.66597217824701
H           -1.74204552444574        3.50108228264234       -1.16898308756202
H           -0.34489112480018        2.66534438630504        0.69557158678964
H           -0.69272897202176        0.99998791810841        0.22650472084139
H            0.80107332687007        3.04855728376939       -1.45706542567133
H            0.28279390109277        1.46756612808544       -2.03732288658295
H            1.61433667799255        0.40098245324062       -0.17747782148855
H            2.56248720760715        1.23607443880185       -1.41058678890505
H            2.81971897460813        3.19088222188472        0.07564767529366
H            1.80899465351098        2.41584899127862        1.29556092949739
H            3.47813734877749        0.56493382246205        1.48571545077172
H            4.08378471226128        2.14740343510630        1.97001504797870
H            5.18957715220158        2.38533941321868       -0.27418032073344
H            5.79485738963169        1.01231677281157        0.65378746045424
H            4.67684919134605        0.74640959206105       -0.67845526894162
53
 energy: -54.797824073625 gnorm: 0.000578483106 xtb: 6.6.1 (8d0f1dd)
C            3.06439281196061       -2.45942542251045        0.41059166088139
C            2.24224847017912       -3.39745468030757       -0.46515744055405
C            0.91400015359141       -2.79040780738788       -0.92086727639398
C           -0.10174108767940       -2.63584736540450        0.20989280959583
C           -1.43796967750692       -2.09463556493431       -0.29512103268361
C           -2.44541140860616       -1.91906739951677        0.84025173896653
C           -3.80165954268816       -1.37118264726209        0.38643302277536
C           -3.75334505979663        0.03263725580556       -0.22069576716094
C           -3.38265500458458        1.11509190858482        0.79198673423670
C           -3.07940944371070        2.47153706483203        0.15146065356999
C           -1.87831414727123        2.47975479955524       -0.79884692636962
C           -0.57595694169603        2.01657256485909       -0.14904313334821
C            0.58738920622199        2.03250762832433       -1.13938665565457
C            1.86077460814428        1.39177902437481       -0.58410003129869
C            2.53464243773145        2.23229284282891        0.49852330782104
C            3.76158289595400        1.55577411434885        1.11217806904668
C            4.92787029659348        1.41905497492930        0.14045420890973
H            4.01800623210987       -2.91726997516637        0.66476187020670
H            3.26317485569468       -1.52776823238792       -0.11431279188583
H            2.54310948980658       -2.23141329306615        1.33698356869366
H            2.04592516986127       -4.32429569816267        0.07902304913352
H            2.82991793439294       -3.65360347205886       -1.35025768732528
H            0.48207848732780       -3.43387255376152       -1.69157652815090
H            1.10286883697143       -1.81488180786847       -1.37579772888123
H            0.29117005426049       -1.95470809201218        0.96754042353490
H           -0.25921936061839       -3.60624459431336        0.68716213527776
H           -1.25986930539473       -1.13690448647639       -0.78626708172320
H           -1.85013309923261       -2.77821118081954       -1.04142293528830
H           -2.61184843333177       -2.89052434680170        1.31322008930684
H           -2.01819257026903       -1.26291700118996        1.60116787806288
H           -4.22197423916133       -2.05540319965625       -0.35514851030654
H           -4.47720184656303       -1.36221616617992        1.24583031914453
H           -3.04129382354452        0.03479013088067       -1.04427444590720
H           -4.73466018421489        0.26574424220546       -0.64177460110600
H           -2.51714692418229        0.79922654766220        1.37282652954934
H           -4.21128065021677        1.24042776859399        1.49386025467943
H           -2.89768923166677        3.19427351602056        0.95123713733710
H           -3.95934760938328        2.80885655695100       -0.40242054478962
H           -2.09096178073797        1.85024734637875       -1.66535313661920
H           -1.74473665813351        3.49894165926992       -1.17105976349753
H           -0.35341488368484        2.66253476943615        0.70208249232431
H           -0.69362799313020        0.99834638477681        0.22343574768319
H            0.79938942188264        3.06023298808668       -1.44347983043851
H            0.28562748550160        1.48220442822944       -2.03517674486486
H            1.61562656091526        0.40919113620041       -0.17391995371157
H            2.56030485109878        1.24436409430541       -1.40945722818822
H            2.82947831339556        3.19537922124312        0.07474947295961
H            1.81699072316626        2.42733955363247        1.29746680955728
H            3.48110171116592        0.56704223906257        1.48249666122645
H            4.08938332929115        2.14725999144130        1.97072429173359
H            5.19270152261473        2.38917631952225       -0.27492061545472
H            5.79921368921649        1.01594712935621        0.65191394198989
H            4.68066135795596        0.75033378554655       -0.67999148660181
53
 energy: -54.797832480659 gnorm: 0.000639328139 xtb: 6.6.1 (8d0f1dd)
C            3.06382013025072       -2.46564063786787        0.40901584315836
C            2.23951996174933       -3.40283290119079       -0.46603741864925
C            0.91211226094342       -2.79350908955623       -0.92105855081194
C           -0.10246145205165       -2.63824753945383        0.21052620798628
C           -1.43821370075197       -2.09564467876701       -0.29393659482053
C           -2.44406254383436       -1.91702141601194        0.84218693484512
C           -3.80085013259053       -1.37159355488968        0.38700607534981
C           -3.75158386623774        0.03121348626256       -0.22237249019157
C           -3.38320842674449        1.11446783259461        0.79015676156450
C           -3.08186060134384        2.47097682714364        0.14891634710520
C           -1.87938892873757        2.47912798264746       -0.79982697189030
C           -0.57772714363241        2.01682679166453       -0.14784055861082
C            0.58738488665410        2.03850041603826       -1.13597643298776
C            1.86118550789298        1.39712047052487       -0.58169910743213
C            2.53704374996726        2.23711486848232        0.50001932356435
C            3.76371197255420        1.55837417023380        1.11227410824738
C            4.92929688086467        1.42149504214053        0.13928416170431
H            4.01717334538224       -2.92478447865699        0.66147922404436
H            3.26263859146243       -1.53404772465973       -0.11593330951897
H            2.54405953494623       -2.23743926602709        1.33618986981383
H            2.04144016260726       -4.32873150660751        0.07891428410103
H            2.82638082087117       -3.66050753062737       -1.35109078880490
H            0.47851740435480       -3.43587869927486       -1.69169482730515
H            1.10194053696312       -1.81802540099397       -1.37554067235351
H            0.29133444402815       -1.95745348998421        0.96795586760016
H           -0.26063630547246       -3.60843333218359        0.68784564162012
H           -1.25861683314523       -1.13895359348331       -0.78652812956077
H           -1.85228497616547       -2.77930879197138       -1.03901068194352
H           -2.60893485396492       -2.88681395591256        1.31886900100490
H           -2.01641692275981       -1.25767619812359        1.59996041359182
H           -4.21977915902118       -2.05760238272624       -0.35357557657688
H           -4.47695943763342       -1.36110464141511        1.24577528947441
H           -3.03737392992914        0.03210737791167       -1.04407052136911
H           -4.73167639756124        0.26403068325653       -0.64633401725727
H           -2.51706186562562        0.80052857238072        1.37113112837787
H           -4.21217644190412        1.23815654709244        1.49191286558269
H           -2.90184701664487        3.19482925434023        0.94794614161927
H           -3.96161256760852        2.80607649277474       -0.40639518592265
H           -2.09046508077046        1.84873379427076       -1.66601183338513
H           -1.74559028304904        3.49795667143439       -1.17269624367684
H           -0.35890266883779        2.66030478541787        0.70608215674425
H           -0.69389159513622        0.99708171967211        0.22085301110122
H            0.79835599040826        3.06765872323395       -1.43570905086918
H            0.28745744550454        1.49123724892153       -2.03418399358718
H            1.61585872857179        0.41466998789772       -0.17142777922665
H            2.55964886628890        1.24948675706414       -1.40778175451209
H            2.83329475170128        3.19945557224587        0.07572266276343
H            1.82056784086348        2.43376902462995        1.29960131513907
H            3.48234626276103        0.56949892068539        1.48133946293233
H            4.09313411937301        2.14834676783105        1.97114428864867
H            5.19470612076699        2.39183120945315       -0.27510098555046
H            5.80043727649293        1.01694119658828        0.64984939843530
H            4.68078553692974        0.75393861554980       -0.68169930930546
53
 energy: -54.797840173147 gnorm: 0.000587204328 xtb: 6.6.1 (8d0f1dd)
C            3.06245389301236       -2.47277385546983        0.40699033786725
C            2.23635880245063       -3.40892545894901       -0.46769584258080
C            0.90956248691158       -2.79774073413680       -0.92095576739073
C           -0.10299010412671       -2.64113972559560        0.21191089354099
C           -1.43799140466149       -2.09706393365247       -0.29216381718169
C           -2.44218189154466       -1.91516773166045        0.84449313433746
C           -3.79907171407049       -1.37205276691482        0.38766831585509
C           -3.74875718330763        0.02973789915293       -0.22384822687024
C           -3.38267609473011        1.11400297282357        0.78826742315828
C           -3.08342444281512        2.47044461880718        0.14604630709466
C           -1.87999443293751        2.47899032430418       -0.80134547992261
C           -0.57912986979103        2.01720996012119       -0.14748780119570
C            0.58785163063182        2.04492281929992       -1.13302947937319
C            1.86153589898623        1.40305802691420       -0.57906353375002
C            2.53831871684389        2.24242689910946        0.50242333078675
C            3.76519242698899        1.56223028442223        1.11267514204281
C            4.92937027781805        1.42448173452536        0.13791011178940
H            4.01525224781527       -2.93328423035406        0.65868610135552
H            3.26191287810474       -1.54131584086792       -0.11795186424742
H            2.54345022946206       -2.24408845149010        1.33443718662622
H            2.03720729580689       -4.33444044010261        0.07743472926156
H            2.82222822058375       -3.66735271852862       -1.35311632432638
H            0.47339265717505       -3.43929131588045       -1.69091755169867
H            1.09965071089961       -1.82239606581366       -1.37570981760996
H            0.29187941336504       -1.96047829514393        0.96892406176450
H           -0.26209504087907       -3.61088186279012        0.68986080736524
H           -1.25657988694188       -1.14154130648314       -0.78643587303875
H           -1.85386896728023       -2.78084481180773       -1.03616854856233
H           -2.60547409965661       -2.88342356778469        1.32485594688312
H           -2.01393811479246       -1.25285584458663        1.59927227455553
H           -4.21622754751544       -2.05969053895058       -0.35237768779622
H           -4.47641491679650       -1.36042875175852        1.24536732090223
H           -3.03243532884736        0.02937496003797       -1.04370728205341
H           -4.72768820591801        0.26222550450969       -0.65068075762857
H           -2.51603102546590        0.80214935855511        1.36965870463872
H           -4.21204828689951        1.23631365041727        1.48984253642151
H           -2.90482385257897        3.19543191684977        0.94433030963621
H           -3.96335903552751        2.80345522582241       -0.41014851250675
H           -2.08949095109549        1.84844419632171       -1.66778475091337
H           -1.74579725214811        3.49778282259512       -1.17420480146454
H           -0.36403852100978        2.65779963447508        0.70957389842897
H           -0.69384956619537        0.99579283937481        0.21706463260836
H            0.79770974922943        3.07556585626802       -1.42834237370435
H            0.29010737546552        1.50083584071081       -2.03389356708414
H            1.61573952633082        0.42070952454548       -0.16880261999840
H            2.55975073613270        1.25502097477638       -1.40523384908416
H            2.83458532195497        3.20490737721380        0.07844887903629
H            1.82266335467480        2.43909325574549        1.30280429910443
H            3.48310348295382        0.57341042765912        1.48126172685325
H            4.09674878681184        2.15109977488429        1.97143996815156
H            5.19666307407400        2.39498290672835       -0.27481594616701
H            5.79999591193306        1.01671298020171        0.64675507305869
H            4.67826263111600        0.75917068154912       -0.68409637697519
53
 energy: -54.797846066338 gnorm: 0.000419363296 xtb: 6.6.1 (8d0f1dd)
C            3.06116131558856       -2.47913667415500        0.40509913655551
C            2.23420252853852       -3.41445976264490       -0.46961298215560
C            0.90747123049485       -2.80226777104982       -0.92070472560113
C           -0.10306100512746       -2.64411483069068        0.21349157602487
C           -1.43744760761034       -2.09884413698609       -0.29023251420404
C           -2.44063518202978       -1.91430433832560        0.84656278897304
C           -3.79725208892500       -1.37235742974935        0.38838813746202
C           -3.74625070678656        0.02878126838015       -0.22452834670484
C           -3.38190696574393        1.11424015303857        0.78688398119481
C           -3.08389106347506        2.47046029984918        0.14368120984268
C           -1.87997146660795        2.47975700620088       -0.80287929877639
C           -0.57971634114026        2.01778273780242       -0.14813189140515
C            0.58873610387112        2.05018452254837       -1.13159345639003
C            1.86185636934946        1.40790956041561       -0.57724472679781
C            2.53825702429222        2.24667487657136        0.50489744427760
C            3.76570728231209        1.56617610270537        1.11341299113962
C            4.92824858178914        1.42738567216252        0.13688301368402
H            4.01343776212288       -2.94056620754703        0.65698221737937
H            3.26148857735001       -1.54779093427378       -0.11979039864259
H            2.54209366181440       -2.24994400080677        1.33240567892961
H            2.03507147860242       -4.34030456635963        0.07504072064924
H            2.81912030988266       -3.67256742266879       -1.35578507668197
H            0.46887847749736       -3.44354567361251       -1.68964160106533
H            1.09738188527251       -1.82716893187453       -1.37625740721573
H            0.29298952192527       -1.96331673472794        0.96981788745457
H           -0.26291422113107       -3.61330946897899        0.69243279872946
H           -1.25475031955278       -1.14425426422851       -0.78595521495584
H           -1.85456984700029       -2.78288589805581       -1.03339257195799
H           -2.60332878795126       -2.88151843475140        1.32935420581026
H           -2.01177137312428       -1.25028980323263        1.59950629491983
H           -4.21318783890264       -2.06094534577218       -0.35153615647264
H           -4.47574963347972       -1.36012346920792        1.24518686535802
H           -3.02868973322160        0.02770307320833       -1.04332756853240
H           -4.72456418887471        0.26068479038805       -0.65312113980899
H           -2.51525541946767        0.80388349572645        1.36911459033883
H           -4.21183347773803        1.23619742536175        1.48791888822625
H           -2.90635864783080        3.19630489495022        0.94149351257304
H           -3.96407428346480        2.80204830446959       -0.41303997547333
H           -2.08836001708855        1.84986907390942       -1.67010778797203
H           -1.74544199479115        3.49887128582235       -1.17491365651753
H           -0.36703544234905        2.65590256218862        0.71142444853592
H           -0.69358190704824        0.99504170146249        0.21308063626462
H            0.79790204604102        3.08208376235948       -1.42319786253420
H            0.29294372051342        1.50882052636654       -2.03480666459176
H            1.61557429782953        0.42546592471920       -0.16736870883427
H            2.56066708571741        1.25976102288720       -1.40291406853755
H            2.83335795754144        3.21008730066643        0.08205118790561
H            1.82274850168386        2.44177439580432        1.30590189855193
H            3.48338246045926        0.57752245091038        1.48240907277932
H            4.09907161912120        2.15479047687417        1.97169440029737
H            5.19795780750315        2.39800945120987       -0.27404180663755
H            5.79827405800254        1.01582829186354        0.64373832486044
H            4.67418789534663        0.76462068887705       -0.68630330025117
53
 energy: -54.797851698931 gnorm: 0.000379827760 xtb: 6.6.1 (8d0f1dd)
C            3.06021284211171       -2.48663657891672        0.40298860757767
C            2.23266826433774       -3.42106166354307       -0.47194123652261
C            0.90554573683642       -2.80831565879389       -0.92050404582453
C           -0.10273399699795       -2.64797934427035        0.21530133028354
C           -1.43676693010146       -2.10165027359980       -0.28785320745124
C           -2.43921181676720       -1.91414687872751        0.84898235232000
C           -3.79525388332473       -1.37227365725253        0.38952896995053
C           -3.74401138159091        0.02827273364056       -0.22481036673382
C           -3.38133058442999        1.11524579045931        0.78560225916612
C           -3.08411662944973        2.47106158353216        0.14113714783375
C           -1.87971075283655        2.48153064160801       -0.80462364267703
C           -0.57995123141567        2.01883255103865       -0.14961557572587
C            0.59006980038328        2.05591510528843       -1.13092970873641
C            1.86241525518306        1.41309408587167       -0.57599894405164
C            2.53734845350215        2.25086438124856        0.50783131735261
C            3.76577185385742        1.57085744780746        1.11459225055264
C            4.92642356477736        1.43098617413764        0.13616297464418
H            4.01200313967203       -2.94877282117944        0.65546353360401
H            3.26149214657520       -1.55534079021011       -0.12171367044950
H            2.54074655492123       -2.25703504574845        1.32997999984763
H            2.03437768394316       -4.34777637096639        0.07165332216780
H            2.81649569986006       -3.67796300575591       -1.35924360046856
H            0.46459362688308       -3.44973500183725       -1.68806276188958
H            1.09528799563980       -1.83365628487967       -1.37723464149045
H            0.29503007877011       -1.96686437618890        0.97049529518500
H           -0.26321550935996       -3.61650670993985        0.69549306394562
H           -1.25309498105983       -1.14795953874339       -0.78503882020807
H           -1.85516464504061       -2.78614943604360       -1.02996948796464
H           -2.60238162784388       -2.88039284003009        1.33370741371918
H           -2.00966996639440       -1.24896185614493        1.60055959505607
H           -4.21055856954952       -2.06147932733557       -0.35025835188708
H           -4.47470553170375       -1.35945849692237        1.24562161003525
H           -3.02557692401370        0.02672233985683       -1.04287255704930
H           -4.72205776521810        0.25912964349141       -0.65463760749842
H           -2.51508794694990        0.80627742402875        1.36922485371083
H           -4.21212273184315        1.23764508841176        1.48555087797665
H           -2.90780030660638        3.19771990587980        0.93855242719392
H           -3.96441709957045        2.80143503476366       -0.41621918512494
H           -2.08729135423931        1.85296722768154       -1.67305900903486
H           -1.74492273903450        3.50126978237121       -1.17502989191212
H           -0.36905841783036        2.65426011099025        0.71242679599552
H           -0.69328797014360        0.99473467149160        0.20800175355532
H            0.79879011589314        3.08910776350581       -1.41838484353336
H            0.29651253056790        1.51768194420453       -2.03677707586166
H            1.61573903022636        0.43023263747966       -0.16722768084653
H            2.56238172299117        1.26558867227359       -1.40084489243461
H            2.83061693652372        3.21576393663331        0.08691996290094
H            1.82150124234841        2.44311430065047        1.30932337050060
H            3.48371536096144        0.58245775453160        1.48465119599609
H            4.10077981025108        2.15984052601494        1.97203137985906
H            5.19890586870883        2.40180076305170       -0.27254323449101
H            5.79580419435038        1.01494120009317        0.64050920043909
H            4.66884178323925        0.77137173499181       -0.68847382150178
53
 energy: -54.797855407544 gnorm: 0.000360302733 xtb: 6.6.1 (8d0f1dd)
C            3.06012225026990       -2.49228907256067        0.40163287371921
C            2.23246819462301       -3.42616860691947       -0.47360203822682
C            0.90472977256024       -2.81341185337253       -0.92050885908402
C           -0.10222516608644       -2.65130928402805        0.21636332892762
C           -1.43631468422538       -2.10426650500993       -0.28609842757451
C           -2.43855459355403       -1.91453369248867        0.85066116200827
C           -3.79412854898405       -1.37179231271901        0.39060978763409
C           -3.74278550355462        0.02843649800339       -0.22458025842596
C           -3.38121184473924        1.11669970516677        0.78490557821352
C           -3.08412620616494        2.47220586338229        0.13963343384043
C           -1.87949930760772        2.48358135117603       -0.80585417449485
C           -0.57993552448542        2.01989493838653       -0.15120872044851
C            0.59104739427116        2.05979499422018       -1.13130724072624
C            1.86291045101453        1.41655623603578       -0.57595679576421
C            2.53613864154931        2.25320024277280        0.50987436371639
C            3.76539885611081        1.57411825471103        1.11584019070605
C            4.92483470240099        1.43396556535724        0.13618865853334
H            4.01172156633159       -2.95474671272637        0.65443646208690
H            3.26198095330781       -1.56092205960582       -0.12279168261899
H            2.54042950459855       -2.26264525050857        1.32850510179233
H            2.03529621474777       -4.35378950918164        0.06895268719954
H            2.81554281312759       -3.68169165178526       -1.36186743443624
H            0.46259209337165       -3.45545927145317       -1.68684181032326
H            1.09439175246407       -1.83930173806465       -1.37848388052189
H            0.29707048931062       -1.96975757491802        0.97033696916834
H           -0.26289139634869       -3.61925627462951        0.69769469660152
H           -1.25243153607338       -1.15117469674144       -0.78437929094436
H           -1.85563455749588       -2.78930111494662       -1.02721403126446
H           -2.60310529098718       -2.88014669783361        1.33622622509575
H           -2.00838665742099       -1.24916536473650        1.60176277151180
H           -4.20985512217871       -2.06115610233498       -0.34885400109882
H           -4.47369048259729       -1.35827803073198        1.24667576372705
H           -3.02416860353824        0.02680430628761       -1.04250178636563
H           -4.72089159218321        0.25835191154432       -0.65477698728237
H           -2.51547156117110        0.80846363157059        1.36964497196978
H           -4.21267607395301        1.23976275807789        1.48391363319238
H           -2.90878685737435        3.19936053319415        0.93686442907967
H           -3.96440594092643        2.80184868443100       -0.41825717739081
H           -2.08697724551902        1.85626371702966       -1.67525505549507
H           -1.74468352228873        3.50389100250603       -1.17475129751638
H           -0.36961418109602        2.65350550421588        0.71232710114071
H           -0.69324305377887        0.99497003415636        0.20405024757517
H            0.79969092212815        3.09380405823844       -1.41591720732923
H            0.29904429833544        1.52369175569208       -2.03890461565020
H            1.61642178019211        0.43287558657603       -0.16897022189913
H            2.56395271529281        1.27069045617093       -1.40019287272186
H            2.82782458604476        3.21950709519703        0.09101395868912
H            1.81961974291499        2.44255154519128        1.31147021262693
H            3.48408804094745        0.58585994460940        1.48700714214823
H            4.10102719828052        2.16391152740335        1.97252407279767
H            5.19901908141753        2.40502124534216       -0.27085144565759
H            5.79385238629965        1.01501179831559        0.63875762997880
H            4.66504865241990        0.77656963233473       -0.68952114041923
