 
       ==============================================
       |                                            |
       |                 C R E S T                  |
       |                                            |
       |  Conformer-Rotamer Ensemble Sampling Tool  |
       |          based on the GFN methods          |
       |             P.Pracht, S.Grimme             |
       |          Universitaet Bonn, MCTC           |
       ==============================================
       Version 2.12,   Thu 19. Mai 16:32:32 CEST 2022
  Using the xTB program. Compatible with xTB version 6.4.0
 
   Cite work conducted with this code as

   • P.Pracht, F.Bohle, S.Grimme, PCCP, 2020, 22, 7169-7192.
   • S.Grimme, JCTC, 2019, 15, 2847-2862.

   and for works involving QCG as

   • S.Spicher, C.Plett, P.Pracht, A.Hansen, S.Grimme,
     JCTC, 2022, 18 (5), 3174-3189.
 
   with help from:
   C.Bannwarth, F.Bohle, S.Ehlert, S.Grimme,
   C.Plett, P.Pracht, S.Spicher
 
   This program is distributed in the hope that it will be useful,
   but WITHOUT ANY WARRANTY; without even the implied warranty of
   MERCHANTABILITY or FITNESS FOR A PARTICULAR PURPOSE.

 Command line input:
 > crest ./c11.xyz -gfnff -mquick -T 4

  -gfnff : Use of GFN-FF requested.
  -mquick  : very crude quick-mode (no NORMMD, no GC, crude opt.)
  -T 4 (CPUs/Threads selected)
 
 -------------------------
 xTB Geometry Optimization
 -------------------------
 Geometry successfully optimized.
 
------------------------------------------------
Generating MTD length from a flexibility measure
------------------------------------------------
 Calculating WBOs... done.
 Calculating NCI flexibility... done.
     covalent flexibility measure :   0.873
 non-covalent flexibility measure :   0.808
 flexibility measure :   0.814
 t(MTD) / ps    :    13.5
 Σ(t(MTD)) / ps :    81.0 (6 MTDs)
 
-------------------------------------
Starting a trial MTD to test settings
-------------------------------------
 Estimated runtime for one MTD (13.5 ps) on a single thread: 10 sec
 Estimated runtime for a batch of 6 MTDs on 4 threads: 19 sec
 
 list of Vbias parameters applied:
$metadyn    0.00200   1.000
$metadyn    0.00100   1.000
$metadyn    0.00200   0.500
$metadyn    0.00100   0.500
$metadyn    0.00200   0.250
$metadyn    0.00100   0.250
 
*******************************************************************************************
**                        N E W    I T E R A T I O N    C Y C L E                        **
*******************************************************************************************
 
========================================
            MTD Simulations 
========================================
 
     ========================================
     |         Meta-MD (MTD) Sampling       |
     ========================================
 
Starting Meta-MD   1 with the settings:
     MD time /ps        :    13.5
     dt /fs             :     1.5
     dumpstep(trj) /fs  :     100
     dumpstep(Vbias)/ps :     1.0
     Vbias factor k /Eh :  0.0700
     Vbias exp α /bohr⁻²:    1.00
Starting Meta-MD   2 with the settings:
     MD time /ps        :    13.5
     dt /fs             :     1.5
     dumpstep(trj) /fs  :     100
     dumpstep(Vbias)/ps :     1.0
     Vbias factor k /Eh :  0.0350
     Vbias exp α /bohr⁻²:    1.00
Starting Meta-MD   6 with the settings:
     MD time /ps        :    13.5
     dt /fs             :     1.5
     dumpstep(trj) /fs  :     100
     dumpstep(Vbias)/ps :     1.0
     Vbias factor k /Eh :  0.0350
     Vbias exp α /bohr⁻²:    0.25
Starting Meta-MD   3 with the settings:
     MD time /ps        :    13.5
     dt /fs             :     1.5
     dumpstep(trj) /fs  :     100
     dumpstep(Vbias)/ps :     1.0
     Vbias factor k /Eh :  0.0700
     Vbias exp α /bohr⁻²:    0.50
*Meta-MTD 2 finished*
Starting Meta-MD   4 with the settings:
     MD time /ps        :    13.5
     dt /fs             :     1.5
     dumpstep(trj) /fs  :     100
     dumpstep(Vbias)/ps :     1.0
     Vbias factor k /Eh :  0.0350
     Vbias exp α /bohr⁻²:    0.50
*Meta-MTD 1 finished*
Starting Meta-MD   5 with the settings:
     MD time /ps        :    13.5
     dt /fs             :     1.5
     dumpstep(trj) /fs  :     100
     dumpstep(Vbias)/ps :     1.0
     Vbias factor k /Eh :  0.0700
     Vbias exp α /bohr⁻²:    0.25
*Meta-MTD 3 finished*
*Meta-MTD 6 finished*
*Meta-MTD 4 finished*
*Meta-MTD 5 finished*
 
-----------------------
Multilevel Optimization
-----------------------
 
 -------------------------
 1. crude pre-optimization
 -------------------------
 Optimizing all 816 structures from file "crest_rotamers_0.xyz" ...
 1 2 3 4 5 6 7 8 9 10 11 12 13 14 15 16 17 18 19 20 21 22 23 24 25 26 27 28 29 30 31 32 33 34 35 36 37 38 39 40 41 42 43 44 45 46 47 48 49 50 51 52 53 54 55 56 57 58 59 60 61 62 63 64 65 66 67 68 69 70 71 72 73 74 75 76 77 78 79 80 81 82 83 84 85 86 87 88 89 90 91 92 93 94 95 96 97 98 99 100 101 102 103 104 105 106 107 108 109 110 111 112 113 114 115 116 117 118 119 120 121 122 123 124 125 126 127 128 129 130 131 132 133 134 135 136 137 138 139 140 141 142 143 144 145 146 147 148 149 150 151 152 153 154 155 156 157 158 159 160 161 162 163 164 165 166 167 168 169 170 171 172 173 174 175 176 177 178 179 180 181 182 183 184 185 186 187 188 189 190 191 192 193 194 195 196 197 198 199 200 201 202 203 204 205 206 207 208 209 210 211 212 213 214 215 216 217 218 219 220 221 222 223 224 225 226 227 228 229 230 231 232 233 234 235 236 237 238 239 240 241 242 243 244 245 246 247 248 249 250 251 252 253 254 255 256 257 258 259 260 261 262 263 264 265 266 267 268 269 270 271 272 273 274 275 276 277 278 279 280 281 282 283 284 285 286 287 288 289 290 291 292 293 294 295 296 297 298 299 300 301 302 303 304 305 306 307 308 309 310 311 312 313 314 315 316 317 318 319 320 321 322 323 324 325 326 327 328 329 330 331 332 333 334 335 336 337 338 339 340 341 342 343 344 345 346 347 348 349 350 351 352 353 354 355 356 357 358 359 360 361 362 363 364 365 366 367 368 369 370 371 372 373 374 375 376 377 378 379 380 381 382 383 384 385 386 387 388 389 390 391 392 393 394 395 396 397 398 399 400 401 402 403 404 405 406 407 408 409 410 411 412 413 414 415 416 417 418 419 420 421 422 423 424 425 426 427 428 429 430 431 432 433 434 435 436 437 438 439 440 441 442 443 444 445 446 447 448 449 450 451 452 453 454 455 456 457 458 459 460 461 462 463 464 465 466 467 468 469 470 471 472 473 474 475 476 477 478 479 480 481 482 483 484 485 486 487 488 489 490 491 492 493 494 495 496 497 498 499 500 501 502 503 504 505 506 507 508 509 510 511 512 513 514 515 516 517 518 519 520 521 522 523 524 525 526 527 528 529 530 531 532 533 534 535 536 537 538 539 540 541 542 543 544 545 546 547 548 549 550 551 552 553 554 555 556 557 558 559 560 561 562 563 564 565 566 567 568 569 570 571 572 573 574 575 576 577 578 579 580 581 582 583 584 585 586 587 588 589 590 591 592 593 594 595 596 597 598 599 600 601 602 603 604 605 606 607 608 609 610 611 612 613 614 615 616 617 618 619 620 621 622 623 624 625 626 627 628 629 630 631 632 633 634 635 636 637 638 639 640 641 642 643 644 645 646 647 648 649 650 651 652 653 654 655 656 657 658 659 660 661 662 663 664 665 666 667 668 669 670 671 672 673 674 675 676 677 678 679 680 681 682 683 684 685 686 687 688 689 690 691 692 693 694 695 696 697 698 699 700 701 702 703 704 705 706 707 708 709 710 711 712 713 714 715 716 717 718 719 720 721 722 723 724 725 726 727 728 729 730 731 732 733 734 735 736 737 738 739 740 741 742 743 744 745 746 747 748 749 750 751 752 753 754 755 756 757 758 759 760 761 762 763 764 765 766 767 768 769 770 771 772 773 774 775 776 777 778 779 780 781 782 783 784 785 786 787 788 789 790 791 792 793 794 795 796 797 798 799 800 801 802 803 804 805 806 807 808 809 810 811 812 813 814 815 816
 done.
 running RMSDs...
 done.
 E lowest :    -5.06458
 542 structures remain within     5.00 kcal/mol window
 
========================================
           MTD Simulations done         
========================================
 Collecting ensmbles.
 running RMSDs...
 done.
 E lowest :    -5.06458
 158 structures remain within     2.50 kcal/mol window
 
 
 
   ================================================
   |           Final Geometry Optimization        |
   ================================================
 --------------------------------------------
 Ensemble optimization with normal thresholds
 --------------------------------------------
 Optimizing all 158 structures from file "crest_rotamers_1.xyz" ...
 1 2 3 4 5 6 7 8 9 10 11 12 13 14 15 16 17 18 19 20 21 22 23 24 25 26 27 28 29 30 31 32 33 34 35 36 37 38 39 40 41 42 43 44 45 46 47 48 49 50 51 52 53 54 55 56 57 58 59 60 61 62 63 64 65 66 67 68 69 70 71 72 73 74 75 76 77 78 79 80 81 82 83 84 85 86 87 88 89 90 91 92 93 94 95 96 97 98 99 100 101 102 103 104 105 106 107 108 109 110 111 112 113 114 115 116 117 118 119 120 121 122 123 124 125 126 127 128 129 130 131 132 133 134 135 136 137 138 139 140 141 142 143 144 145 146 147 148 149 150 151 152 153 154 155 156 157 158
 done.
 running RMSDs...
 done.
 E lowest :    -5.06626
 126 structures remain within     2.50 kcal/mol window
 
 input  file name : crest_rotamers_2.xyz
 output file name : crest_rotamers_3.xyz
 number of atoms                :   35
 number of points on xyz files  :   158
 RMSD threshold                 :   0.1250
 Bconst threshold               :   0.0100
 population threshold           :   0.0500
 conformer energy window  /kcal :   2.5000
 # fragment in coord            :     1
 # bonds in reference structure :    34
 number of reliable points      :   158
 number of removed by energy    :     7
 number of remaining points     :   151
 reference state Etot :  -5.06626391000000
 number of doubles removed by rot/RMSD         :          25
 total number unique points considered further :         126
       Erel/kcal        Etot weight/tot  conformer     set   degen     origin
       1   0.000    -5.06626    0.05642    0.10927       1       2     mtd2
       2   0.039    -5.06620    0.05285                                mtd2
       3   0.396    -5.06563    0.02894    0.05730       2       2     mtd2
       4   0.408    -5.06561    0.02836                                mtd2
       5   0.768    -5.06504    0.01545    0.01545       3       1     mtd5
       6   0.770    -5.06504    0.01541    0.01541       4       1     mtd5
       7   0.777    -5.06503    0.01521    0.01521       5       1     mtd2
       8   0.788    -5.06501    0.01495    0.02988       6       2     mtd2
       9   0.788    -5.06501    0.01493                                mtd2
      10   0.792    -5.06500    0.01484    0.01484       7       1     mtd5
      11   0.792    -5.06500    0.01483    0.01483       8       1     mtd1
      12   0.798    -5.06499    0.01470    0.01470       9       1     mtd2
      13   0.822    -5.06495    0.01411    0.02790      10       2     mtd3
      14   0.835    -5.06493    0.01380                                mtd3
      15   0.836    -5.06493    0.01379    0.01379      11       1     mtd2
      16   0.848    -5.06491    0.01350    0.01350      12       1     mtd5
      17   0.849    -5.06491    0.01349    0.01349      13       1     mtd5
      18   0.850    -5.06491    0.01345    0.01345      14       1     mtd3
      19   0.834    -5.06493    0.01382    0.01382      15       1     mtd4
      20   0.851    -5.06491    0.01344    0.02659      16       2     mtd3
      21   0.864    -5.06489    0.01315                                mtd3
      22   0.912    -5.06481    0.01211    0.01211      17       1     mtd5
      23   0.918    -5.06480    0.01199    0.02363      18       2     mtd1
      24   0.936    -5.06477    0.01164                                mtd1
      25   0.940    -5.06477    0.01156    0.01156      19       1     mtd5
      26   0.944    -5.06476    0.01148    0.01148      20       1     mtd1
      27   0.951    -5.06475    0.01134    0.01134      21       1     mtd6
      28   0.969    -5.06472    0.01102    0.01102      22       1     mtd5
      29   0.971    -5.06472    0.01098    0.01098      23       1     mtd3
      30   0.976    -5.06471    0.01088    0.01088      24       1     mtd5
      31   1.001    -5.06467    0.01043    0.01043      25       1     mtd3
      32   1.006    -5.06466    0.01034    0.01034      26       1     mtd6
      33   1.050    -5.06459    0.00960    0.00960      27       1     mtd6
      34   1.051    -5.06459    0.00959    0.00959      28       1     mtd3
      35   1.063    -5.06457    0.00940    0.00940      29       1     mtd6
      36   1.069    -5.06456    0.00930    0.00930      30       1     mtd2
      37   1.076    -5.06455    0.00920    0.00920      31       1     mtd6
      38   1.095    -5.06452    0.00890    0.00890      32       1     mtd6
      39   1.107    -5.06450    0.00872    0.00872      33       1     mtd1
      40   1.108    -5.06450    0.00871    0.00871      34       1     mtd1
      41   1.115    -5.06449    0.00860    0.00860      35       1     mtd6
      42   1.127    -5.06447    0.00843    0.00843      36       1     mtd6
      43   1.151    -5.06443    0.00810    0.00810      37       1     mtd5
      44   1.161    -5.06441    0.00797    0.00797      38       1     mtd3
      45   1.164    -5.06441    0.00793    0.00793      39       1     mtd6
      46   1.174    -5.06439    0.00780    0.00780      40       1     mtd6
      47   1.177    -5.06439    0.00775    0.00775      41       1     mtd4
      48   1.182    -5.06438    0.00769    0.00769      42       1     mtd1
      49   1.188    -5.06437    0.00761    0.00761      43       1     mtd3
      50   1.191    -5.06437    0.00757    0.00757      44       1     mtd4
      51   1.192    -5.06436    0.00756    0.00756      45       1     mtd3
      52   1.201    -5.06435    0.00745    0.00745      46       1     mtd1
      53   1.208    -5.06434    0.00735    0.00735      47       1     mtd3
      54   1.214    -5.06433    0.00728    0.01450      48       2     mtd6
      55   1.219    -5.06432    0.00722                                mtd6
      56   1.232    -5.06430    0.00706    0.00706      49       1     mtd4
      57   1.235    -5.06430    0.00703    0.00703      50       1     mtd4
      58   1.253    -5.06427    0.00682    0.00682      51       1     mtd5
      59   1.254    -5.06427    0.00681    0.00681      52       1     mtd6
      60   1.216    -5.06433    0.00726    0.00726      53       1     mtd2
      61   1.257    -5.06426    0.00677    0.00677      54       1     mtd4
      62   1.266    -5.06425    0.00667    0.00667      55       1     mtd6
      63   1.271    -5.06424    0.00661    0.00661      56       1     mtd2
      64   1.282    -5.06422    0.00649    0.00649      57       1     mtd6
      65   1.287    -5.06421    0.00644    0.00644      58       1     mtd5
      66   1.323    -5.06416    0.00606    0.00606      59       1     mtd2
      67   1.333    -5.06414    0.00596    0.01182      60       2     mtd2
      68   1.342    -5.06412    0.00587                                mtd2
      69   1.373    -5.06408    0.00557    0.00557      61       1     mtd4
      70   1.396    -5.06404    0.00535    0.00535      62       1     mtd4
      71   1.400    -5.06403    0.00533    0.00533      63       1     mtd5
      72   1.409    -5.06402    0.00524    0.00524      64       1     mtd3
      73   1.411    -5.06401    0.00522    0.00522      65       1     mtd3
      74   1.424    -5.06399    0.00511    0.00511      66       1     mtd5
      75   1.440    -5.06397    0.00498    0.00498      67       1     mtd5
      76   1.461    -5.06394    0.00480    0.00480      68       1     mtd5
      77   1.466    -5.06393    0.00476    0.00476      69       1     mtd1
      78   1.467    -5.06393    0.00475    0.00475      70       1     mtd5
      79   1.475    -5.06391    0.00469    0.00469      71       1     mtd1
      80   1.481    -5.06390    0.00464    0.00464      72       1     mtd4
      81   1.488    -5.06389    0.00459    0.00459      73       1     mtd2
      82   1.490    -5.06389    0.00457    0.00457      74       1     mtd5
      83   1.514    -5.06385    0.00439    0.00439      75       1     mtd1
      84   1.519    -5.06384    0.00436    0.00436      76       1     mtd1
      85   1.523    -5.06384    0.00433    0.00433      77       1     mtd1
      86   1.553    -5.06379    0.00411    0.00813      78       2     mtd4
      87   1.566    -5.06377    0.00402                                mtd4
      88   1.573    -5.06376    0.00398    0.00398      79       1     mtd2
      89   1.578    -5.06375    0.00394    0.00784      80       2     mtd2
      90   1.585    -5.06374    0.00389                                mtd4
      91   1.580    -5.06375    0.00393    0.00774      81       2     mtd1
      92   1.598    -5.06372    0.00381                                mtd2
      93   1.687    -5.06358    0.00328    0.00647      82       2     mtd3
      94   1.705    -5.06355    0.00318                                mtd1
      95   1.705    -5.06355    0.00318    0.00318      83       1     mtd1
      96   1.708    -5.06354    0.00317    0.00317      84       1     mtd3
      97   1.703    -5.06355    0.00319    0.00319      85       1     mtd6
      98   1.716    -5.06353    0.00312    0.00312      86       1     mtd1
      99   1.720    -5.06352    0.00310    0.00310      87       1     mtd2
     100   1.726    -5.06351    0.00307    0.00307      88       1     mtd1
     101   1.730    -5.06351    0.00305    0.00305      89       1     mtd6
     102   1.734    -5.06350    0.00303    0.00303      90       1     mtd3
     103   1.744    -5.06348    0.00298    0.00298      91       1     mtd1
     104   1.756    -5.06347    0.00292    0.00292      92       1     mtd6
     105   1.764    -5.06345    0.00288    0.00288      93       1     mtd6
     106   1.785    -5.06342    0.00278    0.00278      94       1     mtd1
     107   1.794    -5.06341    0.00274    0.00274      95       1     mtd3
     108   1.814    -5.06337    0.00265    0.00265      96       1     mtd6
     109   1.838    -5.06333    0.00254    0.00254      97       1     mtd5
     110   1.866    -5.06329    0.00242    0.00242      98       1     mtd4
     111   1.873    -5.06328    0.00240    0.00479      99       2     mtd1
     112   1.874    -5.06328    0.00239                                mtd1
     113   1.885    -5.06326    0.00235    0.00235     100       1     mtd2
     114   1.906    -5.06323    0.00227    0.00227     101       1     mtd1
     115   1.966    -5.06313    0.00205    0.00205     102       1     mtd1
     116   2.009    -5.06306    0.00191    0.00191     103       1     mtd4
     117   2.009    -5.06306    0.00190    0.00190     104       1     mtd4
     118   2.083    -5.06295    0.00168    0.00168     105       1     mtd4
     119   2.103    -5.06291    0.00163    0.00163     106       1     mtd6
     120   2.120    -5.06289    0.00158    0.00315     107       2     mtd3
     121   2.125    -5.06288    0.00157                                mtd3
     122   2.137    -5.06286    0.00154    0.00154     108       1     mtd5
     123   2.209    -5.06274    0.00136    0.00136     109       1     mtd5
     124   2.388    -5.06246    0.00101    0.00101     110       1     mtd3
     125   2.394    -5.06245    0.00100    0.00100     111       1     mtd6
     126   2.433    -5.06239    0.00093    0.00093     112       1     mtd6
T /K                                  :   298.15
E lowest                              :    -5.06626
ensemble average energy (kcal)        :    0.979
ensemble entropy (J/mol K, cal/mol K) :   37.630    8.994
ensemble free energy (kcal/mol)       :   -2.681
population of lowest in %             :   10.927
 number of unique conformers for further calc          112
 list of relative energies saved as "crest.energies"
 
 -----------------
 Wall Time Summary
 -----------------
             test MD wall time :         0h : 0m : 0s
                 MTD wall time :         0h : 0m : 5s
      multilevel OPT wall time :         0h : 0m :34s
--------------------
Overall wall time  : 0h : 0m :47s
 
 CREST terminated normally.
