 
       ==============================================
       |                                            |
       |                 C R E S T                  |
       |                                            |
       |  Conformer-Rotamer Ensemble Sampling Tool  |
       |          based on the GFN methods          |
       |             P.Pracht, S.Grimme             |
       |          Universitaet Bonn, MCTC           |
       ==============================================
       Version 2.12,   Thu 19. Mai 16:32:32 CEST 2022
  Using the xTB program. Compatible with xTB version 6.4.0
 
   Cite work conducted with this code as

   • P.Pracht, F.Bohle, S.Grimme, PCCP, 2020, 22, 7169-7192.
   • S.Grimme, JCTC, 2019, 15, 2847-2862.

   and for works involving QCG as

   • S.Spicher, C.Plett, P.Pracht, A.Hansen, S.Grimme,
     JCTC, 2022, 18 (5), 3174-3189.
 
   with help from:
   C.Bannwarth, F.Bohle, S.Ehlert, S.Grimme,
   C.Plett, P.Pracht, S.Spicher
 
   This program is distributed in the hope that it will be useful,
   but WITHOUT ANY WARRANTY; without even the implied warranty of
   MERCHANTABILITY or FITNESS FOR A PARTICULAR PURPOSE.

 Command line input:
 > crest ./c10.xyz -gfnff -mquick -T 4

  -gfnff : Use of GFN-FF requested.
  -mquick  : very crude quick-mode (no NORMMD, no GC, crude opt.)
  -T 4 (CPUs/Threads selected)
 
 -------------------------
 xTB Geometry Optimization
 -------------------------
 Geometry successfully optimized.
 
------------------------------------------------
Generating MTD length from a flexibility measure
------------------------------------------------
 Calculating WBOs... done.
 Calculating NCI flexibility... done.
     covalent flexibility measure :   0.861
 non-covalent flexibility measure :   0.813
 flexibility measure :   0.807
 t(MTD) / ps    :    10.5
 Σ(t(MTD)) / ps :    63.0 (6 MTDs)
 
-------------------------------------
Starting a trial MTD to test settings
-------------------------------------
 Estimated runtime for one MTD (10.5 ps) on a single thread: 7 sec
 Estimated runtime for a batch of 6 MTDs on 4 threads: 14 sec
 
 list of Vbias parameters applied:
$metadyn    0.00200   1.000
$metadyn    0.00100   1.000
$metadyn    0.00200   0.500
$metadyn    0.00100   0.500
$metadyn    0.00200   0.250
$metadyn    0.00100   0.250
 
*******************************************************************************************
**                        N E W    I T E R A T I O N    C Y C L E                        **
*******************************************************************************************
 
========================================
            MTD Simulations 
========================================
 
     ========================================
     |         Meta-MD (MTD) Sampling       |
     ========================================
 
Starting Meta-MD   1 with the settings:
     MD time /ps        :    10.5
     dt /fs             :     1.5
     dumpstep(trj) /fs  :     100
     dumpstep(Vbias)/ps :     1.0
     Vbias factor k /Eh :  0.0640
     Vbias exp α /bohr⁻²:    1.00
Starting Meta-MD   2 with the settings:
     MD time /ps        :    10.5
     dt /fs             :     1.5
     dumpstep(trj) /fs  :     100
     dumpstep(Vbias)/ps :     1.0
     Vbias factor k /Eh :  0.0320
     Vbias exp α /bohr⁻²:    1.00
Starting Meta-MD   3 with the settings:
     MD time /ps        :    10.5
     dt /fs             :     1.5
     dumpstep(trj) /fs  :     100
     dumpstep(Vbias)/ps :     1.0
     Vbias factor k /Eh :  0.0640
     Vbias exp α /bohr⁻²:    0.50
Starting Meta-MD   6 with the settings:
     MD time /ps        :    10.5
     dt /fs             :     1.5
     dumpstep(trj) /fs  :     100
     dumpstep(Vbias)/ps :     1.0
     Vbias factor k /Eh :  0.0320
     Vbias exp α /bohr⁻²:    0.25
*Meta-MTD 3 finished*
Starting Meta-MD   4 with the settings:
     MD time /ps        :    10.5
     dt /fs             :     1.5
     dumpstep(trj) /fs  :     100
     dumpstep(Vbias)/ps :     1.0
     Vbias factor k /Eh :  0.0320
     Vbias exp α /bohr⁻²:    0.50
*Meta-MTD 2 finished*
Starting Meta-MD   5 with the settings:
     MD time /ps        :    10.5
     dt /fs             :     1.5
     dumpstep(trj) /fs  :     100
     dumpstep(Vbias)/ps :     1.0
     Vbias factor k /Eh :  0.0640
     Vbias exp α /bohr⁻²:    0.25
*Meta-MTD 1 finished*
*Meta-MTD 6 finished*
*Meta-MTD 4 finished*
*Meta-MTD 5 finished*
 
-----------------------
Multilevel Optimization
-----------------------
 
 -------------------------
 1. crude pre-optimization
 -------------------------
 Optimizing all 636 structures from file "crest_rotamers_0.xyz" ...
 1 2 3 4 5 6 7 8 9 10 11 12 13 14 15 16 17 18 19 20 21 22 23 24 25 26 27 28 29 30 31 32 33 34 35 36 37 38 39 40 41 42 43 44 45 46 47 48 49 50 51 52 53 54 55 56 57 58 59 60 61 62 63 64 65 66 67 68 69 70 71 72 73 74 75 76 77 78 79 80 81 82 83 84 85 86 87 88 89 90 91 92 93 94 95 96 97 98 99 100 101 102 103 104 105 106 107 108 109 110 111 112 113 114 115 116 117 118 119 120 121 122 123 124 125 126 127 128 129 130 131 132 133 134 135 136 137 138 139 140 141 142 143 144 145 146 147 148 149 150 151 152 153 154 155 156 157 158 159 160 161 162 163 164 165 166 167 168 169 170 171 172 173 174 175 176 177 178 179 180 181 182 183 184 185 186 187 188 189 190 191 192 193 194 195 196 197 198 199 200 201 202 203 204 205 206 207 208 209 210 211 212 213 214 215 216 217 218 219 220 221 222 223 224 225 226 227 228 229 230 231 232 233 234 235 236 237 238 239 240 241 242 243 244 245 246 247 248 249 250 251 252 253 254 255 256 257 258 259 260 261 262 263 264 265 266 267 268 269 270 271 272 273 274 275 276 277 278 279 280 281 282 283 284 285 286 287 288 289 290 291 292 293 294 295 296 297 298 299 300 301 302 303 304 305 306 307 308 309 310 311 312 313 314 315 316 317 318 319 320 321 322 323 324 325 326 327 328 329 330 331 332 333 334 335 336 337 338 339 340 341 342 343 344 345 346 347 348 349 350 351 352 353 354 355 356 357 358 359 360 361 362 363 364 365 366 367 368 369 370 371 372 373 374 375 376 377 378 379 380 381 382 383 384 385 386 387 388 389 390 391 392 393 394 395 396 397 398 399 400 401 402 403 404 405 406 407 408 409 410 411 412 413 414 415 416 417 418 419 420 421 422 423 424 425 426 427 428 429 430 431 432 433 434 435 436 437 438 439 440 441 442 443 444 445 446 447 448 449 450 451 452 453 454 455 456 457 458 459 460 461 462 463 464 465 466 467 468 469 470 471 472 473 474 475 476 477 478 479 480 481 482 483 484 485 486 487 488 489 490 491 492 493 494 495 496 497 498 499 500 501 502 503 504 505 506 507 508 509 510 511 512 513 514 515 516 517 518 519 520 521 522 523 524 525 526 527 528 529 530 531 532 533 534 535 536 537 538 539 540 541 542 543 544 545 546 547 548 549 550 551 552 553 554 555 556 557 558 559 560 561 562 563 564 565 566 567 568 569 570 571 572 573 574 575 576 577 578 579 580 581 582 583 584 585 586 587 588 589 590 591 592 593 594 595 596 597 598 599 600 601 602 603 604 605 606 607 608 609 610 611 612 613 614 615 616 617 618 619 620 621 622 623 624 625 626 627 628 629 630 631 632 633 634 635 636
 done.
 running RMSDs...
 done.
 E lowest :    -4.62022
 513 structures remain within     5.00 kcal/mol window
 
========================================
           MTD Simulations done         
========================================
 Collecting ensmbles.
 running RMSDs...
 done.
 E lowest :    -4.62022
 214 structures remain within     2.50 kcal/mol window
 
 
 
   ================================================
   |           Final Geometry Optimization        |
   ================================================
 --------------------------------------------
 Ensemble optimization with normal thresholds
 --------------------------------------------
 Optimizing all 214 structures from file "crest_rotamers_1.xyz" ...
 1 2 3 4 5 6 7 8 9 10 11 12 13 14 15 16 17 18 19 20 21 22 23 24 25 26 27 28 29 30 31 32 33 34 35 36 37 38 39 40 41 42 43 44 45 46 47 48 49 50 51 52 53 54 55 56 57 58 59 60 61 62 63 64 65 66 67 68 69 70 71 72 73 74 75 76 77 78 79 80 81 82 83 84 85 86 87 88 89 90 91 92 93 94 95 96 97 98 99 100 101 102 103 104 105 106 107 108 109 110 111 112 113 114 115 116 117 118 119 120 121 122 123 124 125 126 127 128 129 130 131 132 133 134 135 136 137 138 139 140 141 142 143 144 145 146 147 148 149 150 151 152 153 154 155 156 157 158 159 160 161 162 163 164 165 166 167 168 169 170 171 172 173 174 175 176 177 178 179 180 181 182 183 184 185 186 187 188 189 190 191 192 193 194 195 196 197 198 199 200 201 202 203 204 205 206 207 208 209 210 211 212 213 214
 done.
 running RMSDs...
 done.
 E lowest :    -4.62175
 153 structures remain within     2.50 kcal/mol window
 
 input  file name : crest_rotamers_2.xyz
 output file name : crest_rotamers_3.xyz
 number of atoms                :   32
 number of points on xyz files  :   214
 RMSD threshold                 :   0.1250
 Bconst threshold               :   0.0100
 population threshold           :   0.0500
 conformer energy window  /kcal :   2.5000
 # fragment in coord            :     1
 # bonds in reference structure :    31
 number of reliable points      :   214
 number of removed by energy    :    12
 number of remaining points     :   202
 reference state Etot :  -4.62175475000000
 number of doubles removed by rot/RMSD         :          49
 total number unique points considered further :         153
       Erel/kcal        Etot weight/tot  conformer     set   degen     origin
       1   0.000    -4.62175    0.02563    0.02563       1       1     mtd6
       2   0.002    -4.62175    0.02552    0.02552       2       1     mtd4
       3   0.022    -4.62172    0.02470    0.02470       3       1     mtd6
       4   0.029    -4.62171    0.02441    0.02441       4       1     mtd3
       5   0.060    -4.62166    0.02317    0.02317       5       1     mtd6
       6   0.278    -4.62131    0.01604    0.03193       6       2     mtd2
       7   0.283    -4.62130    0.01589                                mtd2
       8   0.280    -4.62131    0.01598    0.01598       7       1     mtd6
       9   0.336    -4.62122    0.01454    0.01454       8       1     mtd6
      10   0.351    -4.62120    0.01419    0.01419       9       1     mtd6
      11   0.389    -4.62113    0.01330    0.01330      10       1     mtd4
      12   0.420    -4.62109    0.01262    0.03763      11       3     mtd2
      13   0.422    -4.62108    0.01259                                mtd2
      14   0.429    -4.62107    0.01242                                mtd6
      15   0.438    -4.62106    0.01225    0.01225      12       1     mtd3
      16   0.452    -4.62103    0.01196    0.01196      13       1     mtd3
      17   0.490    -4.62097    0.01121    0.01121      14       1     mtd6
      18   0.513    -4.62094    0.01080    0.01080      15       1     mtd4
      19   0.523    -4.62092    0.01061    0.01061      16       1     mtd2
      20   0.542    -4.62089    0.01028    0.02052      17       2     mtd1
      21   0.544    -4.62089    0.01023                                mtd1
      22   0.545    -4.62089    0.01023    0.01023      18       1     mtd2
      23   0.551    -4.62088    0.01012    0.02023      19       2     mtd6
      24   0.552    -4.62088    0.01011                                mtd1
      25   0.552    -4.62088    0.01011    0.02021      20       2     mtd6
      26   0.552    -4.62087    0.01010                                mtd6
      27   0.563    -4.62086    0.00992    0.00992      21       1     mtd5
      28   0.566    -4.62085    0.00986    0.01961      22       2     mtd5
      29   0.573    -4.62084    0.00975                                mtd6
      30   0.579    -4.62083    0.00965    0.00965      23       1     mtd1
      31   0.583    -4.62083    0.00959    0.00959      24       1     mtd6
      32   0.592    -4.62081    0.00944    0.00944      25       1     mtd2
      33   0.593    -4.62081    0.00943    0.00943      26       1     mtd6
      34   0.614    -4.62078    0.00910    0.00910      27       1     mtd6
      35   0.569    -4.62085    0.00983    0.00983      28       1     mtd3
      36   0.616    -4.62077    0.00907    0.01801      29       2     mtd1
      37   0.624    -4.62076    0.00894                                mtd1
      38   0.633    -4.62075    0.00881    0.03500      30       4     mtd5
      39   0.635    -4.62074    0.00879                                mtd2
      40   0.646    -4.62073    0.00862                                mtd1
      41   0.636    -4.62074    0.00877                                mtd6
      42   0.640    -4.62074    0.00871    0.00871      31       1     mtd5
      43   0.652    -4.62072    0.00854    0.00854      32       1     mtd1
      44   0.667    -4.62069    0.00833    0.00833      33       1     mtd3
      45   0.687    -4.62066    0.00804    0.00804      34       1     mtd2
      46   0.697    -4.62064    0.00791    0.00791      35       1     mtd1
      47   0.697    -4.62064    0.00791    0.00791      36       1     mtd6
      48   0.702    -4.62064    0.00785    0.01558      37       2     mtd2
      49   0.711    -4.62062    0.00773                                mtd2
      50   0.745    -4.62057    0.00729    0.00729      38       1     mtd2
      51   0.751    -4.62056    0.00723    0.00723      39       1     mtd3
      52   0.751    -4.62056    0.00722    0.00722      40       1     mtd2
      53   0.752    -4.62056    0.00721    0.02150      41       3     mtd1
      54   0.754    -4.62055    0.00718                                mtd3
      55   0.760    -4.62054    0.00711                                mtd5
      56   0.763    -4.62054    0.00707    0.01409      42       2     mtd5
      57   0.768    -4.62053    0.00702                                mtd6
      58   0.772    -4.62053    0.00698    0.00698      43       1     mtd2
      59   0.778    -4.62052    0.00691    0.00691      44       1     mtd2
      60   0.781    -4.62051    0.00687    0.00687      45       1     mtd2
      61   0.784    -4.62051    0.00683    0.00683      46       1     mtd6
      62   0.786    -4.62050    0.00681    0.00681      47       1     mtd5
      63   0.766    -4.62053    0.00704    0.00704      48       1     mtd5
      64   0.791    -4.62049    0.00676    0.00676      49       1     mtd4
      65   0.815    -4.62046    0.00649    0.01292      50       2     mtd2
      66   0.820    -4.62045    0.00643                                mtd6
      67   0.818    -4.62045    0.00645    0.00645      51       1     mtd3
      68   0.821    -4.62045    0.00642    0.00642      52       1     mtd5
      69   0.825    -4.62044    0.00638    0.00638      53       1     mtd6
      70   0.827    -4.62044    0.00635    0.00635      54       1     mtd5
      71   0.830    -4.62043    0.00633    0.01263      55       2     mtd1
      72   0.832    -4.62043    0.00630                                mtd1
      73   0.835    -4.62042    0.00627    0.00627      56       1     mtd1
      74   0.835    -4.62042    0.00627    0.00627      57       1     mtd1
      75   0.836    -4.62042    0.00626    0.00626      58       1     mtd1
      76   0.838    -4.62042    0.00624    0.00624      59       1     mtd4
      77   0.845    -4.62041    0.00617    0.00617      60       1     mtd6
      78   0.851    -4.62040    0.00610    0.00610      61       1     mtd1
      79   0.856    -4.62039    0.00605    0.00605      62       1     mtd3
      80   0.863    -4.62038    0.00598    0.00598      63       1     mtd6
      81   0.887    -4.62034    0.00574    0.00574      64       1     mtd3
      82   0.888    -4.62034    0.00573    0.00573      65       1     mtd1
      83   0.895    -4.62033    0.00567    0.01131      66       2     mtd4
      84   0.897    -4.62033    0.00564                                mtd4
      85   0.919    -4.62029    0.00545    0.01626      67       3     mtd4
      86   0.920    -4.62029    0.00543                                mtd5
      87   0.925    -4.62028    0.00538                                mtd4
      88   0.946    -4.62025    0.00520    0.00520      68       1     mtd5
      89   0.946    -4.62025    0.00520    0.00520      69       1     mtd3
      90   0.949    -4.62024    0.00517    0.00517      70       1     mtd2
      91   0.951    -4.62024    0.00516    0.00516      71       1     mtd3
      92   0.957    -4.62023    0.00510    0.01000      72       2     mtd3
      93   0.981    -4.62019    0.00490                                mtd3
      94   0.981    -4.62019    0.00490    0.00490      73       1     mtd5
      95   0.975    -4.62020    0.00495    0.00495      74       1     mtd5
      96   0.999    -4.62016    0.00476    0.00476      75       1     mtd2
      97   0.999    -4.62016    0.00475    0.00475      76       1     mtd2
      98   1.027    -4.62012    0.00453    0.00453      77       1     mtd5
      99   1.038    -4.62010    0.00445    0.00445      78       1     mtd2
     100   1.053    -4.62008    0.00434    0.00434      79       1     mtd5
     101   1.066    -4.62006    0.00425    0.00425      80       1     mtd3
     102   1.076    -4.62004    0.00418    0.00418      81       1     mtd2
     103   1.087    -4.62002    0.00410    0.00410      82       1     mtd1
     104   1.094    -4.62001    0.00405    0.00405      83       1     mtd1
     105   1.098    -4.62000    0.00402    0.00402      84       1     mtd1
     106   1.117    -4.61997    0.00390    0.00390      85       1     mtd1
     107   1.165    -4.61990    0.00359    0.00359      86       1     mtd1
     108   1.171    -4.61989    0.00356    0.00356      87       1     mtd3
     109   1.177    -4.61988    0.00352    0.00696      88       2     mtd1
     110   1.191    -4.61986    0.00344                                mtd3
     111   1.196    -4.61985    0.00341    0.00341      89       1     mtd1
     112   1.180    -4.61987    0.00350    0.00674      90       2     mtd3
     113   1.228    -4.61980    0.00323                                mtd3
     114   1.214    -4.61982    0.00331    0.00331      91       1     mtd4
     115   1.256    -4.61975    0.00308    0.00308      92       1     mtd5
     116   1.260    -4.61975    0.00306    0.00306      93       1     mtd4
     117   1.267    -4.61974    0.00303    0.00303      94       1     mtd2
     118   1.269    -4.61973    0.00302    0.00302      95       1     mtd4
     119   1.287    -4.61970    0.00293    0.00579      96       2     mtd5
     120   1.300    -4.61968    0.00286                                mtd2
     121   1.290    -4.61970    0.00291    0.00291      97       1     mtd4
     122   1.306    -4.61967    0.00283    0.00562      98       2     mtd5
     123   1.315    -4.61966    0.00279                                mtd5
     124   1.321    -4.61965    0.00276    0.00550      99       2     mtd5
     125   1.325    -4.61964    0.00274                                mtd5
     126   1.332    -4.61963    0.00271    0.00271     100       1     mtd3
     127   1.579    -4.61924    0.00179    0.00179     101       1     mtd5
     128   1.700    -4.61905    0.00146    0.00581     102       4     mtd6
     129   1.700    -4.61905    0.00146                                mtd3
     130   1.701    -4.61904    0.00145                                mtd3
     131   1.708    -4.61903    0.00144                                mtd6
     132   1.991    -4.61858    0.00089    0.00089     103       1     mtd5
     133   2.004    -4.61856    0.00087    0.00087     104       1     mtd4
     134   2.041    -4.61850    0.00082    0.00082     105       1     mtd4
     135   2.043    -4.61850    0.00082    0.00082     106       1     mtd2
     136   2.069    -4.61846    0.00078    0.00078     107       1     mtd4
     137   2.113    -4.61839    0.00073    0.00073     108       1     mtd4
     138   2.114    -4.61839    0.00072    0.00072     109       1     mtd4
     139   2.117    -4.61838    0.00072    0.00072     110       1     mtd4
     140   2.126    -4.61837    0.00071    0.00071     111       1     mtd4
     141   2.262    -4.61815    0.00056    0.00112     112       2     mtd6
     142   2.271    -4.61814    0.00056                                mtd6
     143   2.295    -4.61810    0.00053    0.00053     113       1     mtd3
     144   2.296    -4.61810    0.00053    0.00053     114       1     mtd1
     145   2.308    -4.61808    0.00052    0.00052     115       1     mtd4
     146   2.319    -4.61806    0.00051    0.00051     116       1     mtd4
     147   2.338    -4.61803    0.00050    0.00050     117       1     mtd1
     148   2.358    -4.61800    0.00048    0.00048     118       1     mtd6
     149   2.360    -4.61799    0.00048    0.00048     119       1     mtd3
     150   2.372    -4.61798    0.00047    0.00047     120       1     mtd3
     151   2.379    -4.61796    0.00046    0.00046     121       1     mtd3
     152   2.419    -4.61790    0.00043    0.00043     122       1     mtd3
     153   2.479    -4.61780    0.00039    0.00039     123       1     mtd1
T /K                                  :   298.15
E lowest                              :    -4.62175
ensemble average energy (kcal)        :    0.651
ensemble entropy (J/mol K, cal/mol K) :   39.586    9.461
ensemble free energy (kcal/mol)       :   -2.821
population of lowest in %             :    2.563
 number of unique conformers for further calc          123
 list of relative energies saved as "crest.energies"
 
 -----------------
 Wall Time Summary
 -----------------
             test MD wall time :         0h : 0m : 0s
                 MTD wall time :         0h : 0m : 3s
      multilevel OPT wall time :         0h : 0m :25s
--------------------
Overall wall time  : 0h : 0m :38s
 
 CREST terminated normally.
