 
       ==============================================
       |                                            |
       |                 C R E S T                  |
       |                                            |
       |  Conformer-Rotamer Ensemble Sampling Tool  |
       |          based on the GFN methods          |
       |             P.Pracht, S.Grimme             |
       |          Universitaet Bonn, MCTC           |
       ==============================================
       Version 2.12,   Thu 19. Mai 16:32:32 CEST 2022
  Using the xTB program. Compatible with xTB version 6.4.0
 
   Cite work conducted with this code as

   • P.Pracht, F.Bohle, S.Grimme, PCCP, 2020, 22, 7169-7192.
   • S.Grimme, JCTC, 2019, 15, 2847-2862.

   and for works involving QCG as

   • S.Spicher, C.Plett, P.Pracht, A.Hansen, S.Grimme,
     JCTC, 2022, 18 (5), 3174-3189.
 
   with help from:
   C.Bannwarth, F.Bohle, S.Ehlert, S.Grimme,
   C.Plett, P.Pracht, S.Spicher
 
   This program is distributed in the hope that it will be useful,
   but WITHOUT ANY WARRANTY; without even the implied warranty of
   MERCHANTABILITY or FITNESS FOR A PARTICULAR PURPOSE.

 Command line input:
 > crest ./c14.xyz -gfnff -mquick -T 4

  -gfnff : Use of GFN-FF requested.
  -mquick  : very crude quick-mode (no NORMMD, no GC, crude opt.)
  -T 4 (CPUs/Threads selected)
 
 -------------------------
 xTB Geometry Optimization
 -------------------------
 Geometry successfully optimized.
 
------------------------------------------------
Generating MTD length from a flexibility measure
------------------------------------------------
 Calculating WBOs... done.
 Calculating NCI flexibility... done.
     covalent flexibility measure :   0.898
 non-covalent flexibility measure :   0.799
 flexibility measure :   0.827
 t(MTD) / ps    :    29.5
 Σ(t(MTD)) / ps :   177.0 (6 MTDs)
 
-------------------------------------
Starting a trial MTD to test settings
-------------------------------------
 Estimated runtime for one MTD (29.5 ps) on a single thread: 23 sec
 Estimated runtime for a batch of 6 MTDs on 4 threads: 46 sec
 
 list of Vbias parameters applied:
$metadyn    0.00200   1.000
$metadyn    0.00100   1.000
$metadyn    0.00200   0.500
$metadyn    0.00100   0.500
$metadyn    0.00200   0.250
$metadyn    0.00100   0.250
 
*******************************************************************************************
**                        N E W    I T E R A T I O N    C Y C L E                        **
*******************************************************************************************
 
========================================
            MTD Simulations 
========================================
 
     ========================================
     |         Meta-MD (MTD) Sampling       |
     ========================================
 
Starting Meta-MD   1 with the settings:
     MD time /ps        :    29.5
     dt /fs             :     1.5
     dumpstep(trj) /fs  :     100
     dumpstep(Vbias)/ps :     1.0
     Vbias factor k /Eh :  0.0880
     Vbias exp α /bohr⁻²:    1.00
Starting Meta-MD   2 with the settings:
     MD time /ps        :    29.5
     dt /fs             :     1.5
     dumpstep(trj) /fs  :     100
     dumpstep(Vbias)/ps :     1.0
     Vbias factor k /Eh :  0.0440
     Vbias exp α /bohr⁻²:    1.00
Starting Meta-MD   6 with the settings:
     MD time /ps        :    29.5
     dt /fs             :     1.5
     dumpstep(trj) /fs  :     100
     dumpstep(Vbias)/ps :     1.0
     Vbias factor k /Eh :  0.0440
     Vbias exp α /bohr⁻²:    0.25
Starting Meta-MD   3 with the settings:
     MD time /ps        :    29.5
     dt /fs             :     1.5
     dumpstep(trj) /fs  :     100
     dumpstep(Vbias)/ps :     1.0
     Vbias factor k /Eh :  0.0880
     Vbias exp α /bohr⁻²:    0.50
*Meta-MTD 2 finished*
Starting Meta-MD   4 with the settings:
     MD time /ps        :    29.5
     dt /fs             :     1.5
     dumpstep(trj) /fs  :     100
     dumpstep(Vbias)/ps :     1.0
     Vbias factor k /Eh :  0.0440
     Vbias exp α /bohr⁻²:    0.50
*Meta-MTD 6 finished*
Starting Meta-MD   5 with the settings:
     MD time /ps        :    29.5
     dt /fs             :     1.5
     dumpstep(trj) /fs  :     100
     dumpstep(Vbias)/ps :     1.0
     Vbias factor k /Eh :  0.0880
     Vbias exp α /bohr⁻²:    0.25
*Meta-MTD 1 finished*
*Meta-MTD 3 finished*
*Meta-MTD 4 finished*
*Meta-MTD 5 finished*
 
-----------------------
Multilevel Optimization
-----------------------
 
 -------------------------
 1. crude pre-optimization
 -------------------------
 Optimizing all 1782 structures from file "crest_rotamers_0.xyz" ...
 1 2 3 4 5 6 7 8 9 10 11 12 13 14 15 16 17 18 19 20 21 22 23 24 25 26 27 28 29 30 31 32 33 34 35 36 37 38 39 40 41 42 43 44 45 46 47 48 49 50 51 52 53 54 55 56 57 58 59 60 61 62 63 64 65 66 67 68 69 70 71 72 73 74 75 76 77 78 79 80 81 82 83 84 85 86 87 88 89 90 91 92 93 94 95 96 97 98 99 100 101 102 103 104 105 106 107 108 109 110 111 112 113 114 115 116 117 118 119 120 121 122 123 124 125 126 127 128 129 130 131 132 133 134 135 136 137 138 139 140 141 142 143 144 145 146 147 148 149 150 151 152 153 154 155 156 157 158 159 160 161 162 163 164 165 166 167 168 169 170 171 172 173 174 175 176 177 178 179 180 181 182 183 184 185 186 187 188 189 190 191 192 193 194 195 196 197 198 199 200 201 202 203 204 205 206 207 208 209 210 211 212 213 214 215 216 217 218 219 220 221 222 223 224 225 226 227 228 229 230 231 232 233 234 235 236 237 238 239 240 241 242 243 244 245 246 247 248 249 250 251 252 253 254 255 256 257 258 259 260 261 262 263 264 265 266 267 268 269 270 271 272 273 274 275 276 277 278 279 280 281 282 283 284 285 286 287 288 289 290 291 292 293 294 295 296 297 298 299 300 301 302 303 304 305 306 307 308 309 310 311 312 313 314 315 316 317 318 319 320 321 322 323 324 325 326 327 328 329 330 331 332 333 334 335 336 337 338 339 340 341 342 343 344 345 346 347 348 349 350 351 352 353 354 355 356 357 358 359 360 361 362 363 364 365 366 367 368 369 370 371 372 373 374 375 376 377 378 379 380 381 382 383 384 385 386 387 388 389 390 391 392 393 394 395 396 397 398 399 400 401 402 403 404 405 406 407 408 409 410 411 412 413 414 415 416 417 418 419 420 421 422 423 424 425 426 427 428 429 430 431 432 433 434 435 436 437 438 439 440 441 442 443 444 445 446 447 448 449 450 451 452 453 454 455 456 457 458 459 460 461 462 463 464 465 466 467 468 469 470 471 472 473 474 475 476 477 478 479 480 481 482 483 484 485 486 487 488 489 490 491 492 493 494 495 496 497 498 499 500 501 502 503 504 505 506 507 508 509 510 511 512 513 514 515 516 517 518 519 520 521 522 523 524 525 526 527 528 529 530 531 532 533 534 535 536 537 538 539 540 541 542 543 544 545 546 547 548 549 550 551 552 553 554 555 556 557 558 559 560 561 562 563 564 565 566 567 568 569 570 571 572 573 574 575 576 577 578 579 580 581 582 583 584 585 586 587 588 589 590 591 592 593 594 595 596 597 598 599 600 601 602 603 604 605 606 607 608 609 610 611 612 613 614 615 616 617 618 619 620 621 622 623 624 625 626 627 628 629 630 631 632 633 634 635 636 637 638 639 640 641 642 643 644 645 646 647 648 649 650 651 652 653 654 655 656 657 658 659 660 661 662 663 664 665 666 667 668 669 670 671 672 673 674 675 676 677 678 679 680 681 682 683 684 685 686 687 688 689 690 691 692 693 694 695 696 697 698 699 700 701 702 703 704 705 706 707 708 709 710 711 712 713 714 715 716 717 718 719 720 721 722 723 724 725 726 727 728 729 730 731 732 733 734 735 736 737 738 739 740 741 742 743 744 745 746 747 748 749 750 751 752 753 754 755 756 757 758 759 760 761 762 763 764 765 766 767 768 769 770 771 772 773 774 775 776 777 778 779 780 781 782 783 784 785 786 787 788 789 790 791 792 793 794 795 796 797 798 799 800 801 802 803 804 805 806 807 808 809 810 811 812 813 814 815 816 817 818 819 820 821 822 823 824 825 826 827 828 829 830 831 832 833 834 835 836 837 838 839 840 841 842 843 844 845 846 847 848 849 850 851 852 853 854 855 856 857 858 859 860 861 862 863 864 865 866 867 868 869 870 871 872 873 874 875 876 877 878 879 880 881 882 883 884 885 886 887 888 889 890 891 892 893 894 895 896 897 898 899 900 901 902 903 904 905 906 907 908 909 910 911 912 913 914 915 916 917 918 919 920 921 922 923 924 925 926 927 928 929 930 931 932 933 934 935 936 937 938 939 940 941 942 943 944 945 946 947 948 949 950 951 952 953 954 955 956 957 958 959 960 961 962 963 964 965 966 967 968 969 970 971 972 973 974 975 976 977 978 979 980 981 982 983 984 985 986 987 988 989 990 991 992 993 994 995 996 997 998 999 1000 1001 1002 1003 1004 1005 1006 1007 1008 1009 1010 1011 1012 1013 1014 1015 1016 1017 1018 1019 1020 1021 1022 1023 1024 1025 1026 1027 1028 1029 1030 1031 1032 1033 1034 1035 1036 1037 1038 1039 1040 1041 1042 1043 1044 1045 1046 1047 1048 1049 1050 1051 1052 1053 1054 1055 1056 1057 1058 1059 1060 1061 1062 1063 1064 1065 1066 1067 1068 1069 1070 1071 1072 1073 1074 1075 1076 1077 1078 1079 1080 1081 1082 1083 1084 1085 1086 1087 1088 1089 1090 1091 1092 1093 1094 1095 1096 1097 1098 1099 1100 1101 1102 1103 1104 1105 1106 1107 1108 1109 1110 1111 1112 1113 1114 1115 1116 1117 1118 1119 1120 1121 1122 1123 1124 1125 1126 1127 1128 1129 1130 1131 1132 1133 1134 1135 1136 1137 1138 1139 1140 1141 1142 1143 1144 1145 1146 1147 1148 1149 1150 1151 1152 1153 1154 1155 1156 1157 1158 1159 1160 1161 1162 1163 1164 1165 1166 1167 1168 1169 1170 1171 1172 1173 1174 1175 1176 1177 1178 1179 1180 1181 1182 1183 1184 1185 1186 1187 1188 1189 1190 1191 1192 1193 1194 1195 1196 1197 1198 1199 1200 1201 1202 1203 1204 1205 1206 1207 1208 1209 1210 1211 1212 1213 1214 1215 1216 1217 1218 1219 1220 1221 1222 1223 1224 1225 1226 1227 1228 1229 1230 1231 1232 1233 1234 1235 1236 1237 1238 1239 1240 1241 1242 1243 1244 1245 1246 1247 1248 1249 1250 1251 1252 1253 1254 1255 1256 1257 1258 1259 1260 1261 1262 1263 1264 1265 1266 1267 1268 1269 1270 1271 1272 1273 1274 1275 1276 1277 1278 1279 1280 1281 1282 1283 1284 1285 1286 1287 1288 1289 1290 1291 1292 1293 1294 1295 1296 1297 1298 1299 1300 1301 1302 1303 1304 1305 1306 1307 1308 1309 1310 1311 1312 1313 1314 1315 1316 1317 1318 1319 1320 1321 1322 1323 1324 1325 1326 1327 1328 1329 1330 1331 1332 1333 1334 1335 1336 1337 1338 1339 1340 1341 1342 1343 1344 1345 1346 1347 1348 1349 1350 1351 1352 1353 1354 1355 1356 1357 1358 1359 1360 1361 1362 1363 1364 1365 1366 1367 1368 1369 1370 1371 1372 1373 1374 1375 1376 1377 1378 1379 1380 1381 1382 1383 1384 1385 1386 1387 1388 1389 1390 1391 1392 1393 1394 1395 1396 1397 1398 1399 1400 1401 1402 1403 1404 1405 1406 1407 1408 1409 1410 1411 1412 1413 1414 1415 1416 1417 1418 1419 1420 1421 1422 1423 1424 1425 1426 1427 1428 1429 1430 1431 1432 1433 1434 1435 1436 1437 1438 1439 1440 1441 1442 1443 1444 1445 1446 1447 1448 1449 1450 1451 1452 1453 1454 1455 1456 1457 1458 1459 1460 1461 1462 1463 1464 1465 1466 1467 1468 1469 1470 1471 1472 1473 1474 1475 1476 1477 1478 1479 1480 1481 1482 1483 1484 1485 1486 1487 1488 1489 1490 1491 1492 1493 1494 1495 1496 1497 1498 1499 1500 1501 1502 1503 1504 1505 1506 1507 1508 1509 1510 1511 1512 1513 1514 1515 1516 1517 1518 1519 1520 1521 1522 1523 1524 1525 1526 1527 1528 1529 1530 1531 1532 1533 1534 1535 1536 1537 1538 1539 1540 1541 1542 1543 1544 1545 1546 1547 1548 1549 1550 1551 1552 1553 1554 1555 1556 1557 1558 1559 1560 1561 1562 1563 1564 1565 1566 1567 1568 1569 1570 1571 1572 1573 1574 1575 1576 1577 1578 1579 1580 1581 1582 1583 1584 1585 1586 1587 1588 1589 1590 1591 1592 1593 1594 1595 1596 1597 1598 1599 1600 1601 1602 1603 1604 1605 1606 1607 1608 1609 1610 1611 1612 1613 1614 1615 1616 1617 1618 1619 1620 1621 1622 1623 1624 1625 1626 1627 1628 1629 1630 1631 1632 1633 1634 1635 1636 1637 1638 1639 1640 1641 1642 1643 1644 1645 1646 1647 1648 1649 1650 1651 1652 1653 1654 1655 1656 1657 1658 1659 1660 1661 1662 1663 1664 1665 1666 1667 1668 1669 1670 1671 1672 1673 1674 1675 1676 1677 1678 1679 1680 1681 1682 1683 1684 1685 1686 1687 1688 1689 1690 1691 1692 1693 1694 1695 1696 1697 1698 1699 1700 1701 1702 1703 1704 1705 1706 1707 1708 1709 1710 1711 1712 1713 1714 1715 1716 1717 1718 1719 1720 1721 1722 1723 1724 1725 1726 1727 1728 1729 1730 1731 1732 1733 1734 1735 1736 1737 1738 1739 1740 1741 1742 1743 1744 1745 1746 1747 1748 1749 1750 1751 1752 1753 1754 1755 1756 1757 1758 1759 1760 1761 1762 1763 1764 1765 1766 1767 1768 1769 1770 1771 1772 1773 1774 1775 1776 1777 1778 1779 1780 1781 1782
 done.
 running RMSDs...
 done.
 E lowest :    -6.39518
 845 structures remain within     5.00 kcal/mol window
 
========================================
           MTD Simulations done         
========================================
 Collecting ensmbles.
 running RMSDs...
 done.
 E lowest :    -6.39518
 184 structures remain within     2.50 kcal/mol window
 
 
 
   ================================================
   |           Final Geometry Optimization        |
   ================================================
 --------------------------------------------
 Ensemble optimization with normal thresholds
 --------------------------------------------
 Optimizing all 184 structures from file "crest_rotamers_1.xyz" ...
 1 2 3 4 5 6 7 8 9 10 11 12 13 14 15 16 17 18 19 20 21 22 23 24 25 26 27 28 29 30 31 32 33 34 35 36 37 38 39 40 41 42 43 44 45 46 47 48 49 50 51 52 53 54 55 56 57 58 59 60 61 62 63 64 65 66 67 68 69 70 71 72 73 74 75 76 77 78 79 80 81 82 83 84 85 86 87 88 89 90 91 92 93 94 95 96 97 98 99 100 101 102 103 104 105 106 107 108 109 110 111 112 113 114 115 116 117 118 119 120 121 122 123 124 125 126 127 128 129 130 131 132 133 134 135 136 137 138 139 140 141 142 143 144 145 146 147 148 149 150 151 152 153 154 155 156 157 158 159 160 161 162 163 164 165 166 167 168 169 170 171 172 173 174 175 176 177 178 179 180 181 182 183 184
 done.
 running RMSDs...
 done.
 E lowest :    -6.39721
 163 structures remain within     2.50 kcal/mol window
 
 input  file name : crest_rotamers_2.xyz
 output file name : crest_rotamers_3.xyz
 number of atoms                :   44
 number of points on xyz files  :   184
 RMSD threshold                 :   0.1250
 Bconst threshold               :   0.0100
 population threshold           :   0.0500
 conformer energy window  /kcal :   2.5000
 # fragment in coord            :     1
 # bonds in reference structure :    43
 number of reliable points      :   184
 number of removed by energy    :    12
 number of remaining points     :   172
 reference state Etot :  -6.39721286000000
 number of doubles removed by rot/RMSD         :           9
 total number unique points considered further :         163
       Erel/kcal        Etot weight/tot  conformer     set   degen     origin
       1   0.000    -6.39721    0.03648    0.03648       1       1     mtd5
       2   0.235    -6.39684    0.02454    0.02454       2       1     mtd1
       3   0.238    -6.39683    0.02444    0.02444       3       1     mtd4
       4   0.332    -6.39668    0.02083    0.02083       4       1     mtd3
       5   0.344    -6.39667    0.02043    0.02043       5       1     mtd1
       6   0.378    -6.39661    0.01928    0.01928       6       1     mtd4
       7   0.412    -6.39656    0.01822    0.01822       7       1     mtd5
       8   0.417    -6.39655    0.01806    0.01806       8       1     mtd4
       9   0.424    -6.39654    0.01785    0.01785       9       1     mtd2
      10   0.427    -6.39653    0.01777    0.01777      10       1     mtd3
      11   0.429    -6.39653    0.01770    0.01770      11       1     mtd2
      12   0.429    -6.39653    0.01768    0.01768      12       1     mtd5
      13   0.436    -6.39652    0.01749    0.01749      13       1     mtd3
      14   0.458    -6.39648    0.01686    0.01686      14       1     mtd3
      15   0.464    -6.39647    0.01669    0.01669      15       1     mtd5
      16   0.466    -6.39647    0.01662    0.01662      16       1     mtd5
      17   0.509    -6.39640    0.01547    0.01547      17       1     mtd5
      18   0.538    -6.39635    0.01471    0.01471      18       1     mtd5
      19   0.566    -6.39631    0.01405    0.01405      19       1     mtd2
      20   0.568    -6.39631    0.01399    0.01399      20       1     mtd3
      21   0.608    -6.39624    0.01308    0.01308      21       1     mtd6
      22   0.619    -6.39623    0.01285    0.01285      22       1     mtd3
      23   0.624    -6.39622    0.01274    0.01274      23       1     mtd2
      24   0.632    -6.39621    0.01256    0.01256      24       1     mtd4
      25   0.639    -6.39619    0.01241    0.01241      25       1     mtd3
      26   0.642    -6.39619    0.01235    0.01235      26       1     mtd3
      27   0.646    -6.39618    0.01226    0.01226      27       1     mtd1
      28   0.673    -6.39614    0.01173    0.01173      28       1     mtd3
      29   0.674    -6.39614    0.01171    0.01171      29       1     mtd2
      30   0.691    -6.39611    0.01138    0.01138      30       1     mtd3
      31   0.705    -6.39609    0.01111    0.01111      31       1     mtd1
      32   0.727    -6.39605    0.01071    0.01071      32       1     mtd6
      33   0.811    -6.39592    0.00929    0.00929      33       1     mtd1
      34   0.826    -6.39590    0.00906    0.00906      34       1     mtd5
      35   0.847    -6.39586    0.00875    0.00875      35       1     mtd4
      36   0.859    -6.39584    0.00857    0.00857      36       1     mtd3
      37   0.877    -6.39582    0.00832    0.00832      37       1     mtd3
      38   0.880    -6.39581    0.00826    0.00826      38       1     mtd6
      39   0.885    -6.39580    0.00820    0.00820      39       1     mtd4
      40   0.896    -6.39579    0.00806    0.00806      40       1     mtd3
      41   0.908    -6.39577    0.00790    0.00790      41       1     mtd6
      42   0.921    -6.39574    0.00772    0.00772      42       1     mtd5
      43   0.926    -6.39574    0.00766    0.00766      43       1     mtd5
      44   0.943    -6.39571    0.00744    0.00744      44       1     mtd4
      45   0.946    -6.39571    0.00740    0.00740      45       1     mtd3
      46   0.949    -6.39570    0.00736    0.00736      46       1     mtd5
      47   0.963    -6.39568    0.00719    0.00719      47       1     mtd4
      48   0.966    -6.39567    0.00715    0.00715      48       1     mtd4
      49   0.983    -6.39565    0.00696    0.00696      49       1     mtd3
      50   0.989    -6.39564    0.00688    0.00688      50       1     mtd6
      51   1.049    -6.39554    0.00622    0.00622      51       1     mtd1
      52   1.064    -6.39552    0.00606    0.00606      52       1     mtd4
      53   1.069    -6.39551    0.00601    0.00601      53       1     mtd2
      54   1.082    -6.39549    0.00588    0.00588      54       1     mtd4
      55   1.110    -6.39544    0.00561    0.00561      55       1     mtd3
      56   1.117    -6.39543    0.00555    0.00555      56       1     mtd4
      57   1.117    -6.39543    0.00555    0.00555      57       1     mtd4
      58   1.119    -6.39543    0.00553    0.00553      58       1     mtd2
      59   1.138    -6.39540    0.00535    0.00535      59       1     mtd4
      60   1.144    -6.39539    0.00530    0.00530      60       1     mtd5
      61   1.152    -6.39538    0.00523    0.00523      61       1     mtd2
      62   1.183    -6.39533    0.00496    0.00496      62       1     mtd3
      63   1.196    -6.39531    0.00486    0.00486      63       1     mtd4
      64   1.201    -6.39530    0.00481    0.00481      64       1     mtd4
      65   1.212    -6.39528    0.00472    0.00927      65       2     mtd2
      66   1.234    -6.39525    0.00455                                mtd1
      67   1.235    -6.39525    0.00455    0.00455      66       1     mtd4
      68   1.244    -6.39523    0.00448    0.00448      67       1     mtd2
      69   1.256    -6.39521    0.00439    0.00439      68       1     mtd1
      70   1.214    -6.39528    0.00471    0.00471      69       1     mtd3
      71   1.257    -6.39521    0.00438    0.00438      70       1     mtd1
      72   1.285    -6.39516    0.00418    0.00418      71       1     mtd1
      73   1.287    -6.39516    0.00416    0.00416      72       1     mtd3
      74   1.293    -6.39515    0.00412    0.00412      73       1     mtd2
      75   1.302    -6.39514    0.00406    0.00406      74       1     mtd3
      76   1.308    -6.39513    0.00402    0.00802      75       2     mtd2
      77   1.311    -6.39512    0.00400                                mtd2
      78   1.319    -6.39511    0.00394    0.00394      76       1     mtd3
      79   1.323    -6.39510    0.00392    0.00392      77       1     mtd6
      80   1.349    -6.39506    0.00375    0.00375      78       1     mtd2
      81   1.350    -6.39506    0.00375    0.00375      79       1     mtd6
      82   1.351    -6.39506    0.00373    0.00373      80       1     mtd4
      83   1.377    -6.39502    0.00358    0.00358      81       1     mtd6
      84   1.386    -6.39500    0.00352    0.00352      82       1     mtd2
      85   1.392    -6.39499    0.00349    0.00349      83       1     mtd4
      86   1.399    -6.39498    0.00345    0.00345      84       1     mtd4
      87   1.404    -6.39498    0.00342    0.00342      85       1     mtd3
      88   1.413    -6.39496    0.00337    0.00337      86       1     mtd4
      89   1.414    -6.39496    0.00336    0.00336      87       1     mtd4
      90   1.415    -6.39496    0.00335    0.00335      88       1     mtd6
      91   1.419    -6.39495    0.00334    0.00334      89       1     mtd6
      92   1.422    -6.39495    0.00331    0.00331      90       1     mtd4
      93   1.430    -6.39493    0.00327    0.00327      91       1     mtd3
      94   1.434    -6.39493    0.00325    0.00325      92       1     mtd6
      95   1.436    -6.39493    0.00324    0.00324      93       1     mtd3
      96   1.438    -6.39492    0.00323    0.00323      94       1     mtd2
      97   1.453    -6.39490    0.00315    0.00315      95       1     mtd1
      98   1.458    -6.39489    0.00312    0.00312      96       1     mtd6
      99   1.463    -6.39488    0.00309    0.00309      97       1     mtd5
     100   1.468    -6.39487    0.00307    0.00307      98       1     mtd3
     101   1.476    -6.39486    0.00303    0.00303      99       1     mtd1
     102   1.479    -6.39486    0.00301    0.00301     100       1     mtd3
     103   1.488    -6.39484    0.00297    0.00589     101       2     mtd2
     104   1.498    -6.39483    0.00292                                mtd4
     105   1.513    -6.39480    0.00284    0.00284     102       1     mtd2
     106   1.491    -6.39484    0.00295    0.00295     103       1     mtd2
     107   1.528    -6.39478    0.00277    0.00277     104       1     mtd3
     108   1.531    -6.39477    0.00276    0.00276     105       1     mtd4
     109   1.539    -6.39476    0.00272    0.00272     106       1     mtd3
     110   1.549    -6.39475    0.00268    0.00268     107       1     mtd5
     111   1.556    -6.39473    0.00265    0.00265     108       1     mtd5
     112   1.567    -6.39472    0.00260    0.00260     109       1     mtd4
     113   1.568    -6.39471    0.00259    0.00259     110       1     mtd6
     114   1.584    -6.39469    0.00252    0.00252     111       1     mtd6
     115   1.599    -6.39467    0.00246    0.00246     112       1     mtd3
     116   1.601    -6.39466    0.00245    0.00245     113       1     mtd2
     117   1.613    -6.39464    0.00240    0.00240     114       1     mtd5
     118   1.619    -6.39463    0.00238    0.00238     115       1     mtd3
     119   1.636    -6.39461    0.00231    0.00231     116       1     mtd5
     120   1.649    -6.39459    0.00226    0.00226     117       1     mtd6
     121   1.654    -6.39458    0.00224    0.00224     118       1     mtd6
     122   1.657    -6.39457    0.00223    0.00223     119       1     mtd4
     123   1.667    -6.39456    0.00219    0.00219     120       1     mtd1
     124   1.680    -6.39454    0.00215    0.00215     121       1     mtd3
     125   1.687    -6.39453    0.00212    0.00212     122       1     mtd5
     126   1.693    -6.39451    0.00210    0.00210     123       1     mtd5
     127   1.697    -6.39451    0.00209    0.00209     124       1     mtd6
     128   1.713    -6.39448    0.00203    0.00203     125       1     mtd1
     129   1.717    -6.39448    0.00202    0.00202     126       1     mtd6
     130   1.727    -6.39446    0.00198    0.00198     127       1     mtd2
     131   1.734    -6.39445    0.00196    0.00196     128       1     mtd2
     132   1.742    -6.39444    0.00193    0.00193     129       1     mtd3
     133   1.761    -6.39441    0.00187    0.00187     130       1     mtd3
     134   1.770    -6.39439    0.00184    0.00184     131       1     mtd3
     135   1.778    -6.39438    0.00182    0.00182     132       1     mtd1
     136   1.786    -6.39437    0.00180    0.00358     133       2     mtd2
     137   1.788    -6.39436    0.00179                                mtd2
     138   1.787    -6.39437    0.00179    0.00179     134       1     mtd4
     139   1.793    -6.39436    0.00177    0.00177     135       1     mtd2
     140   1.799    -6.39435    0.00175    0.00175     136       1     mtd3
     141   1.801    -6.39434    0.00175    0.00175     137       1     mtd1
     142   1.801    -6.39434    0.00175    0.00175     138       1     mtd4
     143   1.805    -6.39434    0.00174    0.00174     139       1     mtd5
     144   1.821    -6.39431    0.00169    0.00169     140       1     mtd5
     145   1.821    -6.39431    0.00169    0.00169     141       1     mtd5
     146   1.851    -6.39426    0.00161    0.00161     142       1     mtd5
     147   1.896    -6.39419    0.00149    0.00149     143       1     mtd3
     148   1.909    -6.39417    0.00146    0.00146     144       1     mtd4
     149   1.910    -6.39417    0.00146    0.00146     145       1     mtd2
     150   1.922    -6.39415    0.00143    0.00143     146       1     mtd1
     151   1.950    -6.39411    0.00136    0.00136     147       1     mtd1
     152   1.965    -6.39408    0.00133    0.00133     148       1     mtd6
     153   1.970    -6.39407    0.00132    0.00132     149       1     mtd4
     154   1.984    -6.39405    0.00129    0.00129     150       1     mtd1
     155   2.054    -6.39394    0.00114    0.00114     151       1     mtd1
     156   2.087    -6.39389    0.00108    0.00108     152       1     mtd3
     157   2.091    -6.39388    0.00107    0.00107     153       1     mtd1
     158   2.261    -6.39361    0.00081    0.00081     154       1     mtd5
     159   2.261    -6.39361    0.00081    0.00081     155       1     mtd3
     160   2.264    -6.39361    0.00080    0.00080     156       1     mtd5
     161   2.347    -6.39347    0.00070    0.00070     157       1     mtd6
     162   2.381    -6.39342    0.00066    0.00066     158       1     mtd5
     163   2.389    -6.39341    0.00065    0.00065     159       1     mtd6
T /K                                  :   298.15
E lowest                              :    -6.39721
ensemble average energy (kcal)        :    0.840
ensemble entropy (J/mol K, cal/mol K) :   39.304    9.394
ensemble free energy (kcal/mol)       :   -2.801
population of lowest in %             :    3.648
 number of unique conformers for further calc          159
 list of relative energies saved as "crest.energies"
 
 -----------------
 Wall Time Summary
 -----------------
             test MD wall time :         0h : 0m : 0s
                 MTD wall time :         0h : 0m :15s
      multilevel OPT wall time :         0h : 5m : 1s
--------------------
Overall wall time  : 0h : 5m :26s
 
 CREST terminated normally.
