 
       ==============================================
       |                                            |
       |                 C R E S T                  |
       |                                            |
       |  Conformer-Rotamer Ensemble Sampling Tool  |
       |          based on the GFN methods          |
       |             P.Pracht, S.Grimme             |
       |          Universitaet Bonn, MCTC           |
       ==============================================
       Version 2.12,   Thu 19. Mai 16:32:32 CEST 2022
  Using the xTB program. Compatible with xTB version 6.4.0
 
   Cite work conducted with this code as

   • P.Pracht, F.Bohle, S.Grimme, PCCP, 2020, 22, 7169-7192.
   • S.Grimme, JCTC, 2019, 15, 2847-2862.

   and for works involving QCG as

   • S.Spicher, C.Plett, P.Pracht, A.Hansen, S.Grimme,
     JCTC, 2022, 18 (5), 3174-3189.
 
   with help from:
   C.Bannwarth, F.Bohle, S.Ehlert, S.Grimme,
   C.Plett, P.Pracht, S.Spicher
 
   This program is distributed in the hope that it will be useful,
   but WITHOUT ANY WARRANTY; without even the implied warranty of
   MERCHANTABILITY or FITNESS FOR A PARTICULAR PURPOSE.

 Command line input:
 > crest ./c6.xyz -gfnff -mquick -T 4

  -gfnff : Use of GFN-FF requested.
  -mquick  : very crude quick-mode (no NORMMD, no GC, crude opt.)
  -T 4 (CPUs/Threads selected)
 
 -------------------------
 xTB Geometry Optimization
 -------------------------
 Geometry successfully optimized.
 
------------------------------------------------
Generating MTD length from a flexibility measure
------------------------------------------------
 Calculating WBOs... done.
 Calculating NCI flexibility... done.
     covalent flexibility measure :   0.755
 non-covalent flexibility measure :   0.850
 flexibility measure :   0.747
 t(MTD) / ps    :     3.5
 Σ(t(MTD)) / ps :    21.0 (6 MTDs)
 
-------------------------------------
Starting a trial MTD to test settings
-------------------------------------
 Estimated runtime for one MTD (3.5 ps) on a single thread: 2 sec
 Estimated runtime for a batch of 6 MTDs on 4 threads: 4 sec
 
 list of Vbias parameters applied:
$metadyn    0.00200   1.000
$metadyn    0.00100   1.000
$metadyn    0.00200   0.500
$metadyn    0.00100   0.500
$metadyn    0.00200   0.250
$metadyn    0.00100   0.250
 
*******************************************************************************************
**                        N E W    I T E R A T I O N    C Y C L E                        **
*******************************************************************************************
 
========================================
            MTD Simulations 
========================================
 
     ========================================
     |         Meta-MD (MTD) Sampling       |
     ========================================
 
Starting Meta-MD   1 with the settings:
     MD time /ps        :     3.5
     dt /fs             :     1.5
     dumpstep(trj) /fs  :     100
     dumpstep(Vbias)/ps :     1.0
     Vbias factor k /Eh :  0.0400
     Vbias exp α /bohr⁻²:    1.00
Starting Meta-MD   2 with the settings:
     MD time /ps        :     3.5
     dt /fs             :     1.5
     dumpstep(trj) /fs  :     100
     dumpstep(Vbias)/ps :     1.0
     Vbias factor k /Eh :  0.0200
     Vbias exp α /bohr⁻²:    1.00
Starting Meta-MD   3 with the settings:
     MD time /ps        :     3.5
     dt /fs             :     1.5
     dumpstep(trj) /fs  :     100
     dumpstep(Vbias)/ps :     1.0
     Vbias factor k /Eh :  0.0400
     Vbias exp α /bohr⁻²:    0.50
Starting Meta-MD   6 with the settings:
     MD time /ps        :     3.5
     dt /fs             :     1.5
     dumpstep(trj) /fs  :     100
     dumpstep(Vbias)/ps :     1.0
     Vbias factor k /Eh :  0.0200
     Vbias exp α /bohr⁻²:    0.25
*Meta-MTD 2 finished*
Starting Meta-MD   4 with the settings:
     MD time /ps        :     3.5
     dt /fs             :     1.5
     dumpstep(trj) /fs  :     100
     dumpstep(Vbias)/ps :     1.0
     Vbias factor k /Eh :  0.0200
     Vbias exp α /bohr⁻²:    0.50
*Meta-MTD 6 finished*
Starting Meta-MD   5 with the settings:
     MD time /ps        :     3.5
     dt /fs             :     1.5
     dumpstep(trj) /fs  :     100
     dumpstep(Vbias)/ps :     1.0
     Vbias factor k /Eh :  0.0400
     Vbias exp α /bohr⁻²:    0.25
*Meta-MTD 1 finished*
*Meta-MTD 3 finished*
*Meta-MTD 4 finished*
*Meta-MTD 5 finished*
 
-----------------------
Multilevel Optimization
-----------------------
 
 -------------------------
 1. crude pre-optimization
 -------------------------
 Optimizing all 210 structures from file "crest_rotamers_0.xyz" ...
 1 2 3 4 5 6 7 8 9 10 11 12 13 14 15 16 17 18 19 20 21 22 23 24 25 26 27 28 29 30 31 32 33 34 35 36 37 38 39 40 41 42 43 44 45 46 47 48 49 50 51 52 53 54 55 56 57 58 59 60 61 62 63 64 65 66 67 68 69 70 71 72 73 74 75 76 77 78 79 80 81 82 83 84 85 86 87 88 89 90 91 92 93 94 95 96 97 98 99 100 101 102 103 104 105 106 107 108 109 110 111 112 113 114 115 116 117 118 119 120 121 122 123 124 125 126 127 128 129 130 131 132 133 134 135 136 137 138 139 140 141 142 143 144 145 146 147 148 149 150 151 152 153 154 155 156 157 158 159 160 161 162 163 164 165 166 167 168 169 170 171 172 173 174 175 176 177 178 179 180 181 182 183 184 185 186 187 188 189 190 191 192 193 194 195 196 197 198 199 200 201 202 203 204 205 206 207 208 209 210
 done.
 running RMSDs...
 done.
 E lowest :    -2.84664
 189 structures remain within     5.00 kcal/mol window
 
========================================
           MTD Simulations done         
========================================
 Collecting ensmbles.
 running RMSDs...
 done.
 E lowest :    -2.84664
 117 structures remain within     2.50 kcal/mol window
 
 
 
   ================================================
   |           Final Geometry Optimization        |
   ================================================
 --------------------------------------------
 Ensemble optimization with normal thresholds
 --------------------------------------------
 Optimizing all 117 structures from file "crest_rotamers_1.xyz" ...
 1 2 3 4 5 6 7 8 9 10 11 12 13 14 15 16 17 18 19 20 21 22 23 24 25 26 27 28 29 30 31 32 33 34 35 36 37 38 39 40 41 42 43 44 45 46 47 48 49 50 51 52 53 54 55 56 57 58 59 60 61 62 63 64 65 66 67 68 69 70 71 72 73 74 75 76 77 78 79 80 81 82 83 84 85 86 87 88 89 90 91 92 93 94 95 96 97 98 99 100 101 102 103 104 105 106 107 108 109 110 111 112 113 114 115 116 117
 done.
 running RMSDs...
 done.
 E lowest :    -2.84702
 50 structures remain within     2.50 kcal/mol window
 
 input  file name : crest_rotamers_2.xyz
 output file name : crest_rotamers_3.xyz
 number of atoms                :   20
 number of points on xyz files  :   117
 RMSD threshold                 :   0.1250
 Bconst threshold               :   0.0100
 population threshold           :   0.0500
 conformer energy window  /kcal :   2.5000
 # fragment in coord            :     1
 # bonds in reference structure :    19
 number of reliable points      :   117
 reference state Etot :  -2.84701941000000
 number of doubles removed by rot/RMSD         :          67
 total number unique points considered further :          50
       Erel/kcal        Etot weight/tot  conformer     set   degen     origin
       1   0.000    -2.84702    0.04492    0.31311       1       7     mtd5
       2   0.000    -2.84702    0.04491                                mtd6
       3   0.001    -2.84702    0.04486                                mtd2
       4   0.001    -2.84702    0.04486                                mtd2
       5   0.001    -2.84702    0.04483                                mtd1
       6   0.004    -2.84701    0.04460                                mtd2
       7   0.011    -2.84700    0.04413                                mtd2
       8   0.437    -2.84632    0.02149    0.27818       2      13     mtd5
       9   0.438    -2.84632    0.02145                                mtd6
      10   0.438    -2.84632    0.02144                                mtd6
      11   0.439    -2.84632    0.02143                                mtd1
      12   0.439    -2.84632    0.02142                                mtd1
      13   0.439    -2.84632    0.02142                                mtd3
      14   0.439    -2.84632    0.02142                                mtd1
      15   0.439    -2.84632    0.02141                                mtd6
      16   0.440    -2.84632    0.02138                                mtd5
      17   0.441    -2.84632    0.02134                                mtd4
      18   0.441    -2.84632    0.02134                                mtd3
      19   0.442    -2.84632    0.02132                                mtd5
      20   0.442    -2.84631    0.02131                                mtd5
      21   0.483    -2.84625    0.01989    0.23805       3      12     mtd4
      22   0.483    -2.84625    0.01988                                mtd2
      23   0.484    -2.84625    0.01988                                mtd4
      24   0.484    -2.84625    0.01987                                mtd2
      25   0.484    -2.84625    0.01985                                mtd1
      26   0.485    -2.84625    0.01984                                mtd2
      27   0.485    -2.84625    0.01984                                mtd2
      28   0.485    -2.84625    0.01983                                mtd5
      29   0.485    -2.84625    0.01982                                mtd2
      30   0.485    -2.84625    0.01981                                mtd2
      31   0.486    -2.84624    0.01979                                mtd2
      32   0.487    -2.84624    0.01976                                mtd5
      33   0.799    -2.84575    0.01168    0.08155       4       7     mtd5
      34   0.800    -2.84574    0.01165                                mtd5
      35   0.800    -2.84574    0.01165                                mtd1
      36   0.801    -2.84574    0.01164                                mtd5
      37   0.801    -2.84574    0.01164                                mtd3
      38   0.801    -2.84574    0.01164                                mtd5
      39   0.801    -2.84574    0.01164                                mtd5
      40   0.807    -2.84573    0.01152    0.01152       5       1     mtd3
      41   0.850    -2.84566    0.01071    0.02140       6       2     mtd4
      42   0.852    -2.84566    0.01069                                mtd6
      43   0.956    -2.84550    0.00896    0.03563       7       4     mtd6
      44   0.957    -2.84549    0.00894                                mtd4
      45   0.958    -2.84549    0.00893                                mtd6
      46   0.967    -2.84548    0.00879                                mtd2
      47   1.135    -2.84521    0.00663    0.00663       8       1     mtd3
      48   1.139    -2.84520    0.00658    0.01312       9       2     mtd3
      49   1.143    -2.84520    0.00654                                mtd3
      50   2.380    -2.84323    0.00081    0.00081      10       1     mtd6
T /K                                  :   298.15
E lowest                              :    -2.84702
ensemble average energy (kcal)        :    0.390
ensemble entropy (J/mol K, cal/mol K) :   31.265    7.473
ensemble free energy (kcal/mol)       :   -2.228
population of lowest in %             :   31.311
 number of unique conformers for further calc           10
 list of relative energies saved as "crest.energies"
 
 -----------------
 Wall Time Summary
 -----------------
             test MD wall time :         0h : 0m : 0s
                 MTD wall time :         0h : 0m : 1s
      multilevel OPT wall time :         0h : 0m : 7s
--------------------
Overall wall time  : 0h : 0m :12s
 
 CREST terminated normally.
