56
 energy: -57.960113391585 gnorm: 0.037801864373 xtb: 6.6.1 (8d0f1dd)
C            5.51689700000000       -6.43482100000000       -1.42110800000000
C            4.20717700000000       -7.19006700000000       -1.58477000000000
C            3.47801700000000       -7.43926800000000       -0.25964000000000
C            3.07138100000000       -6.16432000000000        0.48569200000000
C            2.08149400000000       -5.29231500000000       -0.28669100000000
C            1.66418300000000       -4.03800200000000        0.48113100000000
C            0.69518700000000       -3.15576700000000       -0.30586000000000
C            0.31844200000000       -1.87074800000000        0.43129000000000
C           -0.63437700000000       -0.98434800000000       -0.37065600000000
C           -0.97367500000000        0.32757400000000        0.33640300000000
C           -1.92640100000000        1.20794900000000       -0.47225200000000
C           -2.24042400000000        2.53938000000000        0.21024700000000
C           -3.20939800000000        3.40375000000000       -0.59744700000000
C           -3.56164100000000        4.73155100000000        0.07953000000000
C           -2.38386400000000        5.70237400000000        0.17107000000000
C           -2.76955700000000        7.05068900000000        0.78032200000000
C           -1.59622100000000        8.02830400000000        0.86107600000000
C           -1.98823700000000        9.36982300000000        1.46075600000000
H            6.19091800000000       -6.95493300000000       -0.73717200000000
H            6.04388000000000       -6.31707100000000       -2.37119200000000
H            5.35530600000000       -5.43442500000000       -1.01540700000000
H            4.39848300000000       -8.15090600000000       -2.08441100000000
H            3.54559300000000       -6.64766800000000       -2.27285000000000
H            2.58118000000000       -8.04674000000000       -0.44033600000000
H            4.11721900000000       -8.05565400000000        0.38663000000000
H            3.96311300000000       -5.57466500000000        0.72951500000000
H            2.63324300000000       -6.42377100000000        1.45882400000000
H            1.19251600000000       -5.88160300000000       -0.54395500000000
H            2.51598300000000       -4.99695700000000       -1.24911900000000
H            2.55607900000000       -3.45725400000000        0.74792400000000
H            1.21233100000000       -4.32190600000000        1.43977600000000
H            1.13670700000000       -2.90358300000000       -1.27820900000000
H           -0.21178200000000       -3.72497400000000       -0.54523000000000
H            1.22761400000000       -1.30700000000000        0.67513600000000
H           -0.13215500000000       -2.11759200000000        1.40075200000000
H           -1.55730200000000       -1.53657900000000       -0.58794300000000
H           -0.19529700000000       -0.76825600000000       -1.35276800000000
H           -1.41060200000000        0.11592600000000        1.32035200000000
H           -0.05032200000000        0.88113200000000        0.54829400000000
H           -1.49928900000000        1.39668100000000       -1.46518200000000
H           -2.85877400000000        0.66205000000000       -0.66330700000000
H           -2.65587800000000        2.35368700000000        1.20856900000000
H           -1.30673300000000        3.08628300000000        0.38742500000000
H           -2.78257800000000        3.60094500000000       -1.58874500000000
H           -4.12364900000000        2.82666000000000       -0.79035800000000
H           -3.95653300000000        4.53841000000000        1.08476100000000
H           -4.38326000000000        5.22067700000000       -0.46086200000000
H           -1.95853400000000        5.85920800000000       -0.82814200000000
H           -1.57304900000000        5.25570000000000        0.75882600000000
H           -3.19110000000000        6.89605300000000        1.78157400000000
H           -3.58287000000000        7.49987600000000        0.19651700000000
H           -1.17409600000000        8.17164000000000       -0.14303500000000
H           -0.78494300000000        7.57424700000000        1.44623600000000
H           -2.77027000000000        9.85275400000000        0.87100000000000
H           -2.37740400000000        9.25143600000000        2.47428800000000
H           -1.14241700000000       10.06001800000000        1.51264500000000
56
 energy: -57.963222942189 gnorm: 0.017322607715 xtb: 6.6.1 (8d0f1dd)
C            5.51662184145452       -6.43474257599870       -1.41767131988635
C            4.20440894429645       -7.18551642350409       -1.58451983704422
C            3.47590780269565       -7.42859566050522       -0.26061260870406
C            3.06902811916551       -6.15444495191733        0.48331716365143
C            2.07672991942958       -5.28642298669809       -0.28980141751795
C            1.66256004607024       -4.03467675527696        0.48307572912750
C            0.69405250394203       -3.15407102260310       -0.30677375489128
C            0.31861768277713       -1.86934115807649        0.43206266825645
C           -0.63470727475347       -0.98469916877968       -0.37208654052972
C           -0.97307530701422        0.32690287969057        0.33691448216530
C           -1.92646104470345        1.20566550603418       -0.47350808950544
C           -2.23546782089719        2.53594759842463        0.21345501903546
C           -3.19975272779180        3.40401697611606       -0.59537207938170
C           -3.55358217837812        4.72916401629750        0.08418666349092
C           -2.37886747214327        5.70310626102714        0.17123453712055
C           -2.77365900746905        7.04802931252067        0.77975634302231
C           -1.59744821176034        8.02091427538200        0.85836949836380
C           -1.99354946231239        9.36132514857650        1.45887046352365
H            6.18202788640523       -6.96279094179139       -0.73451878115835
H            6.02916504348020       -6.33095077933363       -2.37377322113364
H            5.34990921139539       -5.43439034912865       -1.02174113832948
H            4.40320652861496       -8.15356343524211       -2.05920405189222
H            3.54969383591379       -6.63652960861425       -2.26805159981230
H            2.57987939492566       -8.02832349060716       -0.45508434926762
H            4.12105258444466       -8.02994316951313        0.38987920996237
H            3.96100408075571       -5.56688705492718        0.71906569608122
H            2.62183189273375       -6.43508585478836        1.44359041726100
H            1.18758821114089       -5.87915936234334       -0.53029203463013
H            2.52210582072716       -4.98094590821956       -1.24099814996177
H            2.55684903502916       -3.45373422806433        0.73351888154587
H            1.20028966745615       -4.32683927965717        1.43198656473911
H            1.14720421262879       -2.89501412097328       -1.26983649954550
H           -0.21421785625916       -3.72407336462980       -0.52961599377076
H            1.22949631300352       -1.30533090859182        0.65971127619030
H           -0.14308338134880       -2.12347402309098        1.39206722817025
H           -1.55893188780403       -1.53703504339436       -0.57273517958262
H           -0.18403726605143       -0.76132111000164       -1.34509842744410
H           -1.42153817951679        0.10819533815858        1.31186151634855
H           -0.04843537333723        0.88056191288358        0.53242121974058
H           -1.48772659285516        1.40232486445819       -1.45768373966790
H           -2.86069201899080        0.66125691170132       -0.64821832650720
H           -2.66518783195376        2.34412303381753        1.20244035770946
H           -1.29984325595590        3.07952002268773        0.37322482117834
H           -2.76629131976397        3.60783057842247       -1.58028703318355
H           -4.12030595237865        2.83555658429266       -0.76971373666145
H           -3.93832128172325        4.53089120912997        1.09016504522320
H           -4.36563538618325        5.21002570350166       -0.47306165914833
H           -1.97007455884951        5.86557038266148       -0.83191833157859
H           -1.57940129839657        5.26094916456942        0.77284101491732
H           -3.17886032329704        6.88808005979218        1.78471097332372
H           -3.57513211025121        7.49731679129293        0.18342849924751
H           -1.18944685211810        8.17636422858206       -0.14656924601667
H           -0.79677053804878        7.57345424971376        1.45769871649055
H           -2.77073507872172        9.83967968981502        0.86308352641394
H           -2.37673259771284        9.23605870105785        2.47146703589334
H           -1.14094812974485       10.03865533566415        1.50425657855893
56
 energy: -57.963791725332 gnorm: 0.002626594834 xtb: 6.6.1 (8d0f1dd)
C            5.51817254652766       -6.43409680924974       -1.41799435260011
C            4.20226721149600       -7.18246049077105       -1.58430846447048
C            3.47138771185353       -7.41855499199354       -0.26126858209506
C            3.06372894917389       -6.14472680289478        0.48258075774593
C            2.07180804179660       -5.27869795539092       -0.29282999370592
C            1.65970360464584       -4.02914771353395        0.48507226127917
C            0.69138322027626       -3.15075022045788       -0.30823280762262
C            0.31835144721527       -1.86659973481519        0.43373632665614
C           -0.63559431973739       -0.98526664563028       -0.37441847396487
C           -0.97180248969393        0.32561781837298        0.33818752584088
C           -1.92569111395011        1.20249902574049       -0.47475217115329
C           -2.22848671502856        2.53206396772142        0.21726884731309
C           -3.19104635277969        3.40078020263608       -0.59323024411590
C           -3.54599069815034        4.72516483413421        0.08749138618383
C           -2.37285292863481        5.70080977063116        0.17182942005730
C           -2.77590564823185        7.04365969722958        0.77856154558486
C           -1.59864069411559        8.01431235682471        0.85582402062689
C           -1.99769139605391        9.35546105136173        1.45752521627945
H            6.17548475246933       -6.96550394077664       -0.73251681634380
H            6.02475752786338       -6.34197835275136       -2.37654012810842
H            5.35068028770072       -5.43330784756759       -1.02889823701255
H            4.40374207386587       -8.15488781068075       -2.04235760969700
H            3.55389413182666       -6.63176474020735       -2.26777131895193
H            2.57613753376036       -8.01355704684971       -0.46103553577478
H            4.11876217587089       -8.00953991307343        0.39277864541726
H            3.95409487109674       -5.55775707147814        0.71473818771130
H            2.61141693611493       -6.43570136786399        1.43488293984648
H            1.18375582422481       -5.87232871226735       -0.52499154525973
H            2.52092315732147       -4.96775924400433       -1.23778943701277
H            2.55422224186381       -3.44927460856107        0.72792784224870
H            1.19288465791139       -4.32519498905302        1.42802653063219
H            1.15021545192063       -2.88916441881359       -1.26554009976520
H           -0.21624266629757       -3.72065716799753       -0.52316825504460
H            1.22909753339498       -1.30307024877034        0.65296070828208
H           -0.14799374414411       -2.12389800787630        1.38816407132218
H           -1.55919347363608       -1.53729162099490       -0.56678941908631
H           -0.17976565329105       -0.75861277949332       -1.34187633462885
H           -1.42519562483387        0.10376508797258        1.30771226935445
H           -0.04772373162927        0.87894289198836        0.52529331306402
H           -1.48257788742242        1.40282275520011       -1.45383233493347
H           -2.86017520084609        0.66008813831422       -0.64098839725606
H           -2.66569326579389        2.33698893705468        1.19994525152851
H           -1.29166157063471        3.07095047616047        0.36985950237777
H           -2.75341548881231        3.60872161407413       -1.57306669597291
H           -4.11426490365685        2.83843754736534       -0.75925937142424
H           -3.92379264251853        4.52468878884496        1.09328945503749
H           -4.35342719079680        5.19991453072137       -0.47736002538141
H           -1.97354254915445        5.86674691301552       -0.83220435833602
H           -1.57757195437377        5.26524567642564        0.77944056890916
H           -3.17374283641377        6.88168290979993        1.78366542862288
H           -3.57094091792296        7.49165841808630        0.17667835348111
H           -1.19798998369652        8.17474434699694       -0.14829557909546
H           -0.80444597524950        7.56993433617402        1.46108284652379
H           -2.77309069498273        9.82913493642755        0.85886119320711
H           -2.37882959116266        9.22460578708906        2.46829358861078
H           -1.14158098654495       10.02569243745451        1.49955258506893
56
 energy: -57.963859193975 gnorm: 0.001927343858 xtb: 6.6.1 (8d0f1dd)
C            5.51919818185762       -6.43431738788648       -1.41884822775450
C            4.20108891439151       -7.18100668685907       -1.58407050414642
C            3.46903024983117       -7.41362189936657       -0.26083856279598
C            3.06057756842026       -6.13921834590410        0.48200358271208
C            2.06898237197385       -5.27411523486445       -0.29429538215017
C            1.65755678458621       -4.02568356050085        0.48550472595526
C            0.68968915145072       -3.14826435726620       -0.30875345714078
C            0.31772224952239       -1.86486338876441        0.43417267213541
C           -0.63611112837593       -0.98527328606029       -0.37522996982263
C           -0.97113386377568        0.32475833002914        0.33860668063624
C           -1.92484785146029        1.20090718465604       -0.47464715784218
C           -2.22507030089474        2.52978622846946        0.21931147091754
C           -3.18645571359392        3.39829373935017       -0.59223043212410
C           -3.54203130356200        4.72228629516120        0.08914705623947
C           -2.36957114832567        5.69854309254394        0.17178886124281
C           -2.77606552954818        7.04069838272898        0.77768486713443
C           -1.59903917337903        8.01136908101543        0.85477004109689
C           -1.99954669514150        9.35280480062746        1.45687807564804
H            6.17378167996653       -6.96502405145618       -0.73071100471481
H            6.02611819763537       -6.34781587953596       -2.37745016657438
H            5.35326984200984       -5.43189647763345       -1.03386864146802
H            4.40216493032604       -8.15507224103106       -2.03730660057087
H            3.55514650885066       -6.63132517973204       -2.27004633259725
H            2.57354091514499       -8.00740674411767       -0.46068883524649
H            4.11554714104207       -8.00279211068484        0.39484483885734
H            3.94976119317453       -5.55158254807253        0.71512740774322
H            2.60638746690838       -6.43070943246690        1.43257190119541
H            1.18106682888141       -5.86698263076311       -0.52638191779426
H            2.51801685692165       -4.96169558310719       -1.23824120970001
H            2.55148825809091       -3.44590239771829        0.72831464996500
H            1.19013335865309       -4.32209570724714        1.42739889271141
H            1.14892805054901       -2.88645488399819       -1.26515886228441
H           -0.21768417978278       -3.71765679669492       -0.52320028315905
H            1.22803904455985       -1.30133465021614        0.65237361264665
H           -0.14871243744850       -2.12200324246761        1.38794318917157
H           -1.55918732895449       -1.53727249152119       -0.56687960300714
H           -0.18000748228307       -0.75850574605766       -1.34188179612068
H           -1.42451126933341        0.10245737267494        1.30738651954690
H           -0.04731013407501        0.87765838560912        0.52487033822830
H           -1.48202019794881        1.40114008754122       -1.45325650769698
H           -2.85935130478697        0.65932216227873       -0.63961804113542
H           -2.66265864617264        2.33399683288871        1.20104930486770
H           -1.28741607768891        3.06623196834700        0.37182417842856
H           -2.74735914693082        3.60666153875198       -1.57077802633692
H           -4.10909461956570        2.83625869673834       -0.75826995447231
H           -3.91791145510170        4.52141426761587        1.09508212457197
H           -4.34946674420980        5.19572200693946       -0.47561703086886
H           -1.97134470268893        5.86482277773882       -0.83205500487776
H           -1.57366309192220        5.26597375527355        0.77988348657368
H           -3.17416450715745        6.87845176121733        1.78211090465849
H           -3.57053184970235        7.48703439514845        0.17473367019972
H           -1.19918185280517        8.17200366430067       -0.14902203819532
H           -0.80565886895607        7.56731455099091        1.46031053942889
H           -2.77519168038364        9.82475014563502        0.85771047376117
H           -2.38099959973090        9.22012514645707        2.46695992137294
H           -1.14362485906183       10.02269029126544        1.49889556295064
56
 energy: -57.963935529753 gnorm: 0.004355329577 xtb: 6.6.1 (8d0f1dd)
C            5.52151339501944       -6.43582466370164       -1.42121196932671
C            4.19819522236058       -7.17739064939444       -1.58229002731110
C            3.46229375162728       -7.39975020595074       -0.25889754749010
C            3.05204125473125       -6.12341948266818        0.47986900369095
C            2.06201943315624       -5.26059581450773       -0.29882036829302
C            1.65091539280505       -4.01586902692532        0.48521886172528
C            0.68467374949775       -3.14065020572099       -0.31011495785813
C            0.31541248933411       -1.85985329076013        0.43461416692951
C           -0.63767408332332       -0.98477523354460       -0.37679045592419
C           -0.96942460463131        0.32223060423877        0.33971761138502
C           -1.92221224366242        1.19661834212666       -0.47295608091127
C           -2.21576059606173        2.52352482439706        0.22460738728114
C           -3.17378172698001        3.39107550925625       -0.58928895739670
C           -3.53101047989596        4.71332551846625        0.09346541491466
C           -2.36047699145736        5.69098066759826        0.17166082367225
C           -2.77469166762439        7.03179447492326        0.77453915977280
C           -1.59993136296969        8.00418771359240        0.85228093797530
C           -2.00503741017395        9.34509541972970        1.45506609308604
H            6.16929262192494       -6.96224836159007       -0.72371459657456
H            6.03219241111010       -6.36620793171881       -2.37918774465339
H            5.36130896732502       -5.42716028578896       -1.04991595273045
H            4.39638533120447       -8.15587171705261       -2.02567458279802
H            3.55775747150503       -6.63098369955024       -2.27589270558092
H            2.56550690361133       -7.99132131285227       -0.45771438999069
H            4.10545470849909       -7.98673094627574        0.40103274260086
H            3.93830018957319       -5.53311169483209        0.71645046782447
H            2.59337357395402       -6.41304372212626        1.42818597806405
H            1.17379007071675       -5.85117434506137       -0.53311544637348
H            2.50995861362119       -4.94463739984524       -1.24169924749122
H            2.54307824257503       -3.43549303112446        0.73060060147999
H            1.18235583276282       -4.31307029681458        1.42568217639052
H            1.14373562445864       -2.87824922253196       -1.26575058543700
H           -0.22272767814458       -3.70853428929931       -0.52541796597318
H            1.22487589685126       -1.29577061136589        0.65200164052748
H           -0.15021763304753       -2.11576444346177        1.38843447739410
H           -1.55992809964994       -1.53693220326523       -0.56847886497050
H           -0.18201887477318       -0.75833864305539       -1.34305344112937
H           -1.42143466607669        0.09916135924254        1.30826945140071
H           -0.04554607720971        0.87395099382708        0.52565449563454
H           -1.48137444533984        1.39565166658091       -1.45206975915295
H           -2.85735812869005        0.65689933275381       -0.63615974635240
H           -2.65298816094073        2.32649400424576        1.20559148089248
H           -1.27550858263586        3.05409370086997        0.37909999468892
H           -2.73027659891209        3.60003665687701       -1.56515338878970
H           -4.09389061350072        2.82752514552587       -0.75908116324262
H           -3.90170783326299        4.51100832757778        1.10054927314542
H           -4.34089397511507        5.18506330585331       -0.46768554233902
H           -1.96313828444262        5.85687099461296       -0.83205225501358
H           -1.56124538676827        5.26520831385370        0.77972278775436
H           -3.17595850085659        6.86893276025367        1.77716557254234
H           -3.56942620038507        7.47300314883294        0.16899299890465
H           -1.20017779884619        8.16455947850619       -0.15106715289646
H           -0.80670339585128        7.56065030728600        1.45751064574682
H           -2.78199473836935        9.81295265831204        0.85483213041983
H           -2.38809815245728        9.20831119526903        2.46372307309959
H           -1.15150515616878       10.01715030617680        1.49862944705671
56
 energy: -57.963952557977 gnorm: 0.002127374997 xtb: 6.6.1 (8d0f1dd)
C            5.52108778165303       -6.43654889080666       -1.42091754348943
C            4.19811268452115       -7.17750831925710       -1.58161619296562
C            3.46213940175737       -7.39946329839563       -0.25841886032581
C            3.05246734550555       -6.12280593327305        0.47935868114736
C            2.06261144867952       -5.26005170218489       -0.29939191406887
C            1.65060865228041       -4.01570901615967        0.48425520860560
C            0.68443437033792       -3.14029811081754       -0.31041108203795
C            0.31511221526843       -1.85979901172706        0.43421326327661
C           -0.63789182193691       -0.98446135357381       -0.37640943159446
C           -0.96950989190664        0.32226675181039        0.33994799539046
C           -1.92212638900997        1.19675441640018       -0.47215242988203
C           -2.21585009715292        2.52365406353873        0.22456136478647
C           -3.17356219947750        3.39118998585529       -0.58934512764644
C           -3.53078049411619        4.71273058992831        0.09368481567657
C           -2.36018000545894        5.69025315341346        0.17163022129685
C           -2.77360783141676        7.03126037286855        0.77410362189810
C           -1.59968358115346        8.00450978957168        0.85239110336549
C           -2.00573668152444        9.34451808895163        1.45498179798405
H            6.16866261455456       -6.96147089608579       -0.72187431846169
H            6.03301859737726       -6.36869260783589       -2.37842999087647
H            5.36138604739044       -5.42694063067248       -1.05184217726400
H            4.39548996302640       -8.15611002216176       -2.02591434071930
H            3.55723800775116       -6.63099419265016       -2.27506459173322
H            2.56506256987001       -7.99120486973579       -0.45707825153617
H            4.10490168073177       -7.98721848142632        0.40169736477183
H            3.93908248881250       -5.53239189462228        0.71554514102216
H            2.59414144441560       -6.41119565344562        1.42867451086555
H            1.17435457121452       -5.85094058535130       -0.53453672986798
H            2.51075018588181       -4.94405127173374       -1.24253357550514
H            2.54264452800814       -3.43486540632157        0.73062902588161
H            1.18193632780263       -4.31337708141882        1.42495268187534
H            1.14316769731661       -2.87761420551032       -1.26656041721936
H           -0.22332396979863       -3.70815913542390       -0.52622977231514
H            1.22478761655804       -1.29548761405381        0.65204309027658
H           -0.15027139904248       -2.11566939995469        1.38860718739427
H           -1.56051658314182       -1.53662843679420       -0.56850316212673
H           -0.18257673885084       -0.75801081155816       -1.34327088495695
H           -1.42116467915365        0.09920599954250        1.30910252843570
H           -0.04523563770894        0.87396309777053        0.52627516298279
H           -1.48157715568393        1.39545835678089       -1.45188121069040
H           -2.85759912787800        0.65688925834443       -0.63553540805496
H           -2.65296302660585        2.32708752114517        1.20612370456024
H           -1.27553201634238        3.05467802533243        0.37937613138682
H           -2.72963081024027        3.60024415657983       -1.56534891096027
H           -4.09349579544081        2.82696656361732       -0.76049147123781
H           -3.90102813004611        4.50991683332726        1.10116049992133
H           -4.34165476898382        5.18511403928717       -0.46618024232732
H           -1.96242766596790        5.85538007752473       -0.83243510158293
H           -1.56085455910981        5.26364570173498        0.77951547968428
H           -3.17550082374243        6.86847892945111        1.77685015910789
H           -3.56864888319389        7.47232516991579        0.16828288255906
H           -1.19926499567925        8.16513083096155       -0.15105378553162
H           -0.80577269873628        7.56129236208077        1.45763515273300
H           -2.78286806663315        9.81248467700420        0.85473785078284
H           -2.38902067832663        9.20796529665961        2.46377961542074
H           -1.15303003725424       10.01788872355342        1.49922468188849
56
 energy: -57.963967527088 gnorm: 0.001165055283 xtb: 6.6.1 (8d0f1dd)
C            5.52028969520362       -6.43841005983778       -1.42022292244466
C            4.19755924103989       -7.17795188935900       -1.58012873514595
C            3.46139397870927       -7.39843430698610       -0.25714058814048
C            3.05347118408997       -6.12060379558202        0.47823515256481
C            2.06397902280295       -5.25835893684519       -0.30123039339283
C            1.64979383042175       -4.01506453699910        0.48206089200428
C            0.68369259646240       -3.13941194384029       -0.31158271926268
C            0.31443631691415       -1.85962278605989        0.43339242500510
C           -0.63859715250250       -0.98377405119145       -0.37567747468056
C           -0.96962815581771        0.32239539296834        0.34084552385781
C           -1.92207944200143        1.19686252738561       -0.47038767442262
C           -2.21573076459630        2.52387799533608        0.22474596583998
C           -3.17270801343589        3.39136138960592       -0.58953586410213
C           -3.52984899879679        4.71135227210296        0.09453412143518
C           -2.35886401274697        5.68846596126459        0.17163820418854
C           -2.77121306345970        7.02983093058102        0.77302738986539
C           -1.59893492120951        8.00481022348813        0.85244669682081
C           -2.00790528417725        9.34295237035518        1.45477739363416
H            6.16617829790716       -6.95979413019911       -0.71658607863885
H            6.03529497888616       -6.37627289638760       -2.37666899310340
H            5.36147338969282       -5.42627228287064       -1.05740095659557
H            4.39317565054497       -8.15698667873931       -2.02543283251168
H            3.55624809535061       -6.63087691652004       -2.27316533478868
H            2.56364577533376       -7.98999466223584       -0.45543504598680
H            4.10327513584483       -7.98712625628422        0.40366836406488
H            3.94101779176502       -5.53026081368180        0.71265100223709
H            2.59589059151585       -6.40616746778098        1.42939817882866
H            1.17615092621405       -5.85013814734355       -0.53807363082913
H            2.51299648072265       -4.94194540851516       -1.24431148867829
H            2.54129129243166       -3.43325736750501        0.73034743876804
H            1.18063594898552       -4.31407628721162        1.42268285536051
H            1.14191914171275       -2.87597165449908       -1.26837012535211
H           -0.22458962895251       -3.70718268285166       -0.52809439026232
H            1.22443861250645       -1.29500514651217        0.65171877896649
H           -0.15046390354449       -2.11575845181839        1.38855648936264
H           -1.56188347209378       -1.53578435626926       -0.56808771026988
H           -0.18398502924301       -0.75705504588778       -1.34341712089831
H           -1.42066468295829        0.09925578076057        1.31087200072533
H           -0.04470447414374        0.87397192087830        0.52749406750548
H           -1.48204061084539        1.39488064554355       -1.45105761899430
H           -2.85810818642813        0.65684713840702       -0.63359642535579
H           -2.65303941450697        2.32845070897382        1.20704255241374
H           -1.27532436476545        3.05555918181316        0.37982797997483
H           -2.72755642170032        3.60105685938498       -1.56533203983180
H           -4.09229786548961        2.82626130674271       -0.76330459655755
H           -3.89846577211998        4.50724137313632        1.10278742986621
H           -4.34258967518345        5.18481677989114       -0.46265201310627
H           -1.96079621193749        5.85190180408462       -0.83309560211500
H           -1.55967765353718        5.26047964764913        0.77943875646776
H           -3.17406681621984        6.86729399280042        1.77588941458848
H           -3.56643152317233        7.47050675808821        0.16640823054079
H           -1.19745118441211        8.16636719470907       -0.15095125542162
H           -0.80399477486496        7.56268745818208        1.45803690329408
H           -2.78548657618424        9.81043428064010        0.85428352191485
H           -2.39178723033406        9.20620704171911        2.46359902865887
H           -1.15702169367685       10.01901402332184        1.50044687213447
56
 energy: -57.963974609377 gnorm: 0.001762616871 xtb: 6.6.1 (8d0f1dd)
C            5.51984922707034       -6.44043766614300       -1.41962157684379
C            4.19672708801479       -7.17884199896793       -1.57903320940002
C            3.46058665928063       -7.39766245937824       -0.25585741154918
C            3.05469804599897       -6.11824672528374        0.47734523278634
C            2.06544675720504       -5.25674689077363       -0.30321960194331
C            1.64917930512049       -4.01442241476109        0.48018524922175
C            0.68298903014232       -3.13877613865107       -0.31311320305282
C            0.31390674340966       -1.85958729640499        0.43275753051615
C           -0.63941881691870       -0.98328761447339       -0.37515358390863
C           -0.96976556434138        0.32256954309347        0.34193544726845
C           -1.92233343318353        1.19681628537910       -0.46905567210223
C           -2.21563471160060        2.52411212890759        0.22506851825731
C           -3.17198901471730        3.39157814641969       -0.58984296630501
C           -3.52889983558231        4.71053304677362        0.09550489454216
C           -2.35733414184554        5.68714296381213        0.17173111319190
C           -2.76935552220198        7.02875363496710        0.77220446060485
C           -1.59813215805433        8.00491969333736        0.85239994821023
C           -2.01016733057418        9.34182942459309        1.45470568660669
H            6.16309848227233       -6.95843529965379       -0.71095082204595
H            6.03790825697255       -6.38462264026039       -2.37486961221103
H            5.36150535817531       -5.42585923495916       -1.06333465126008
H            4.39103318977187       -8.15827727161662       -2.02425368689689
H            3.55553453867311       -6.63121473842136       -2.27181482222037
H            2.56212891308670       -7.98845494379646       -0.45352360218827
H            4.10178111364481       -7.98649552171661        0.40562338310905
H            3.94318938219637       -5.52831972643439        0.70942793061988
H            2.59777773660253       -6.40109891970881        1.42975468093008
H            1.17850379889310       -5.84943188530710       -0.54150291958176
H            2.51557246313988       -4.93966972632245       -1.24562672185553
H            2.53994574213425       -3.43191168543809        0.72985956323469
H            1.17942748950121       -4.31476158717303        1.42018750393376
H            1.14101290232607       -2.87466233018081       -1.26992789351441
H           -0.22538590425358       -3.70648514822711       -0.52986978211202
H            1.22401948271172       -1.29496402609850        0.65111233205983
H           -0.15056452882857       -2.11635220256209        1.38807146657569
H           -1.56306311792307       -1.53499228719049       -0.56727298370161
H           -0.18543766343155       -0.75616149024964       -1.34320966399220
H           -1.42038948243270        0.09935967804296        1.31225362206951
H           -0.04459881656067        0.87403243838805        0.52834297087523
H           -1.48266045495132        1.39422621630898       -1.45012127546243
H           -2.85858918578830        0.65679990276438       -0.63160664582260
H           -2.65334294720750        2.32971848665073        1.20750027413219
H           -1.27518831664214        3.05591272383752        0.37999203518011
H           -2.72577612021966        3.60211333009862       -1.56506490335502
H           -4.09133612852107        2.82636969198969       -0.76524008226542
H           -3.89583391160763        4.50534380987535        1.10423024410014
H           -4.34267991226520        5.18468849527563       -0.45972687362837
H           -1.95933078436457        5.84929383939528       -0.83331168882118
H           -1.55850807286443        5.25861906505832        0.77972720556908
H           -3.17272686162364        6.86650308862041        1.77497222328664
H           -3.56432066728351        7.46904675022485        0.16487107759354
H           -1.19608136422108        8.16742699809583       -0.15070378118113
H           -0.80284477534901        7.56393497893069        1.45851075250683
H           -2.78823489969317        9.80805546975597        0.85375140029173
H           -2.39472035354901        9.20412838050559        2.46321290170801
H           -1.16086590774279       10.01993565905186        1.50150398823942
56
 energy: -57.963984971192 gnorm: 0.000759268242 xtb: 6.6.1 (8d0f1dd)
C            5.51956143306337       -6.44457725822992       -1.41877392394690
C            4.19526663410914       -7.18155923619211       -1.57761654332643
C            3.45943720115464       -7.39704661576426       -0.25367242486293
C            3.05746060581027       -6.11441541784145        0.47606816226572
C            2.06857716111632       -5.25430459512243       -0.30670106261335
C            1.64861550974826       -4.01357270040981        0.47729244219325
C            0.68210298139970       -3.13817003959848       -0.31608958599852
C            0.31315084240045       -1.85990032291315        0.43174692501839
C           -0.64101522720953       -0.98282795226282       -0.37444491500541
C           -0.97024928755404        0.32285118772575        0.34377667397279
C           -1.92338994589634        1.19656287537069       -0.46734473571702
C           -2.21584383172204        2.52459751529044        0.22557473636386
C           -3.17130506696807        3.39224108540591       -0.59037073189256
C           -3.52743358495336        4.71029945074637        0.09705979526323
C           -2.35478242365723        5.68594750875976        0.17210556583481
C           -2.76700370949550        7.02790786316659        0.77127520463733
C           -1.59691013263754        8.00541744136689        0.85247787633308
C           -2.01399020723762        9.34100762560213        1.45487463283220
H            6.15719870512652       -6.95660598141817       -0.70076601025464
H            6.04312568128693       -6.40035648124414       -2.37160499655458
H            5.36151987254836       -5.42585295886570       -1.07427595074263
H            4.38793388456809       -8.16169304342224       -2.02156059531096
H            3.55476574987148       -6.63338892093186       -2.27043199658024
H            2.55955080010184       -7.98593905221536       -0.44957459923719
H            4.09970700255379       -7.98556283851651        0.40873627624278
H            3.94766354236518       -5.52561189973008        0.70369545831479
H            2.60163473277678       -6.39252874349580        1.43017149342965
H            1.18356534208525       -5.84852037697783       -0.54744877412503
H            2.52074528743786       -4.93574482146017       -1.24744111666271
H            2.53789759578907       -3.43001438954830        0.72898216550284
H            1.17774384553375       -4.31607848163975        1.41580107396276
H            1.14008696051837       -2.87299766657958       -1.27240935048711
H           -0.22595456756195       -3.70591938378806       -0.53303577552282
H            1.22323264618156       -1.29551638452447        0.64986351947105
H           -0.15055824676469       -2.11818285362747        1.38679222970956
H           -1.56497845898355       -1.53395427925802       -0.56551009996167
H           -0.18814137014117       -0.75496186365147       -1.34261872212993
H           -1.42030226571680        0.09964069667473        1.31413862045486
H           -0.04507269750597        0.87422215163755        0.52927916346174
H           -1.48427044047152        1.39295089422584       -1.44865342860060
H           -2.85971296091760        0.65661522406364       -0.62839770774657
H           -2.65423077294560        2.33174809850350        1.20777997910005
H           -1.27527819632487        3.05599180993985        0.37995260400330
H           -2.72378331135918        3.60412311345401       -1.56450433167918
H           -4.09047745326752        2.82765032639645       -0.76731196870611
H           -3.89198069653994        4.50374823732993        1.10618806072710
H           -4.34197963676938        5.18540828467276       -0.45582827022522
H           -1.95693881668461        5.84654768373729       -0.83302152450914
H           -1.55662028432542        5.25742587555979        0.78068443833477
H           -3.17097220315094        6.86610748089840        1.77368741664672
H           -3.56130864996717        7.46757630127777        0.16294126054077
H           -1.19423913928937        8.16929136270783       -0.14993818750847
H           -0.80167581488342        7.56621019522416        1.45958851636306
H           -2.79289493418895        9.80435434685860        0.85289048511510
H           -2.39976548941268        9.20098449589656        2.46252674448842
H           -1.16717319304337       10.02195942673604        1.50330980932392
56
 energy: -57.963990218949 gnorm: 0.000383516676 xtb: 6.6.1 (8d0f1dd)
C            5.51974281330273       -6.44828415060271       -1.41852459525931
C            4.19474424182625       -7.18470577738574       -1.57686050701208
C            3.45913002482637       -7.39725955393763       -0.25230395033656
C            3.05987525791769       -6.11237794953282        0.47519577020809
C            2.07133289719327       -5.25291330921058       -0.30882226079807
C            1.64880309332743       -4.01322479520161        0.47560074817068
C            0.68202539438224       -3.13807356221869       -0.31798421047610
C            0.31265435295668       -1.86039504479439        0.43099481167010
C           -0.64224984800206       -0.98297491915348       -0.37416748347994
C           -0.97100765678748        0.32279368191547        0.34447720029906
C           -1.92465266314053        1.19627164621464       -0.46666069905299
C           -2.21638088760980        2.52486769271305        0.22576967430903
C           -3.17131394091209        3.39300719156524       -0.59039590290277
C           -3.52659944602336        4.71117856432742        0.09770893691329
C           -2.35353898138598        5.68636544920064        0.17259115145102
C           -2.76627431382502        7.02848114970309        0.77118559555857
C           -1.59670141624105        8.00654026668463        0.85298576624912
C           -2.01624365074459        9.34170468334669        1.45527502785177
H            6.15342555512958       -6.95592056054148       -0.69409237662770
H            6.04711455564465       -6.41201427335213       -2.36945490621061
H            5.36172027810616       -5.42687161624731       -1.08225819907070
H            4.38681401410352       -8.16561216590454       -2.01907973276379
H            3.55482364366574       -6.63705467066977       -2.27051259016793
H            2.55809378258373       -7.98478462954924       -0.44653641586008
H            4.09887491672300       -7.98558574689676        0.41062531286942
H            3.95120965518943       -5.52448300413586        0.70025488170436
H            2.60464580993843       -6.38750347936660        1.43029978061824
H            1.18755085291690       -5.84800589712846       -0.55139572882821
H            2.52476718466288       -4.93318100749405       -1.24845458920580
H            2.53704715572427       -3.42892576644393        0.72871308639954
H            1.17716423032355       -4.31709140651535        1.41314083469994
H            1.14016451230188       -2.87221393177555       -1.27389139841449
H           -0.22562147975547       -3.70609849170921       -0.53529827699501
H            1.22259438274739       -1.29601605376908        0.64908301650322
H           -0.15052937680860       -2.11982818901961        1.38584026930321
H           -1.56632720563758       -1.53393028062564       -0.56441770868916
H           -0.19016175313459       -0.75480691006517       -1.34248980773103
H           -1.42063642642073        0.09972908137124        1.31492394704913
H           -0.04589442046738        0.87424395179545        0.52929232873744
H           -1.48602309903014        1.39199797362988       -1.44818489720604
H           -2.86103398105476        0.65638469696543       -0.62669857661145
H           -2.65495265092128        2.33268757950112        1.20788509329285
H           -1.27553720065792        3.05566065036241        0.37984635552448
H           -2.72359334091467        3.60517073525343       -1.56423749621225
H           -4.09076563563408        2.82918608867747       -0.76744200014195
H           -3.89065814569698        4.50438564123328        1.10684051634997
H           -4.34101909866708        5.18685167720407       -0.45465428404316
H           -1.95540707750178        5.84660374819181       -0.83236234659363
H           -1.55564758692936        5.25825948927245        0.78167336455800
H           -3.17074299705486        6.86681818996917        1.77332903761015
H           -3.56027375126359        7.46777625733953        0.16233749465726
H           -1.19353603192820        8.17086020745336       -0.14902650409061
H           -0.80169879768211        7.56813007300995        1.46075354054301
H           -2.79551342861819        9.80332812090367        0.85257020949873
H           -2.40273191443803        9.20039737718310        2.46239452128359
H           -1.17073940060442       10.02403927825956        1.50453317089814
56
 energy: -57.963997100936 gnorm: 0.000836383611 xtb: 6.6.1 (8d0f1dd)
C            5.52050154735694       -6.45485670135744       -1.41867395686341
C            4.19472205301427       -7.19075715896743       -1.57569456857203
C            3.45901591879251       -7.39783436477716       -0.25034414877709
C            3.06361572204765       -6.10975227932430        0.47382262448835
C            2.07583116322622       -5.25077246843928       -0.31176506536135
C            1.64967152667258       -4.01265191683307        0.47339036103074
C            0.68252462408385       -3.13791952788185       -0.32047021509456
C            0.31180096654892       -1.86115762409584        0.42977120693024
C           -0.64432720377237       -0.98372023023820       -0.37418843871164
C           -0.97259780088083        0.32228431339624        0.34466924435435
C           -1.92698229671161        1.19573191545888       -0.46605607859820
C           -2.21722578012921        2.52505486413861        0.22610546790047
C           -3.17141450291415        3.39430400974949       -0.58986211445006
C           -3.52537817037179        4.71316967180273        0.09821886388850
C           -2.35219245694237        5.68809150649982        0.17359822281549
C           -2.76615844149597        7.03027032077092        0.77156932770700
C           -1.59730329635662        8.00902102030082        0.85433141772928
C           -2.01927612669730        9.34392381695515        1.45611823976248
H            6.14868866306834       -6.95566874589245       -0.68484235449893
H            6.05322930956089       -6.43054938788748       -2.36694567280573
H            5.36244394125437       -5.42942386487713       -1.09485000505222
H            4.38628270259846       -8.17340346321202       -2.01409873626476
H            3.55574579189427       -6.64500717343396       -2.27162768482475
H            2.55628306168814       -7.98346517867990       -0.44208977561019
H            4.09780557485763       -7.98584824364347        0.41368708673958
H            3.95652212307379       -5.52325437113930        0.69590827698422
H            2.60889736550962       -6.38102448497598        1.43017359471951
H            1.19356026189932       -5.84686360724175       -0.55704036411999
H            2.53104498248525       -4.92933257001058       -1.24990209106261
H            2.53642761477464       -3.42721763419579        0.72871728592210
H            1.17693664568241       -4.31852921134050        1.40963185768117
H            1.14105156077642       -2.87095715652023       -1.27577089807338
H           -0.22437327595611       -3.70662887633169       -0.53866965208072
H            1.22129326290476       -1.29630195254744        0.64803072179042
H           -0.15071378926386       -2.12220151028686        1.38440018447327
H           -1.56846857786778       -1.53479171752822       -0.56322708218000
H           -0.19338235912021       -0.75542587883982       -1.34290409485027
H           -1.42150613401274        0.09947007909448        1.31539661404457
H           -0.04748367405205        0.87386453336911        0.52850501596163
H           -1.48930870092934        1.39063332570373       -1.44806713714827
H           -2.86366881158113        0.65613239254283       -0.62463172386952
H           -2.65580550856400        2.33344682513908        1.20823064565703
H           -1.27575325677274        3.05470376685838        0.37982892950059
H           -2.72396443216783        3.60602036708935       -1.56382241810710
H           -4.09168837552283        2.83182164324596       -0.76625005425567
H           -3.88998096434906        4.50677703133906        1.10715036899199
H           -4.33911481446629        5.18932806396954       -0.45460242791695
H           -1.95329637824188        5.84844015238509       -0.83096078088908
H           -1.55459321068260        5.26075392580390        0.78351045186813
H           -3.17148435198951        6.86859401122423        1.77330969717817
H           -3.55983545304842        7.46901192624664        0.16198427518340
H           -1.19327058533530        8.17357115091917       -0.14719742515981
H           -0.80272096496123        7.57143472041198        1.46308039851089
H           -2.79872470725084        9.80385003124271        0.85247092270051
H           -2.40660517034849        9.20167175456174        2.46270251869692
H           -1.17498581101477       10.02752416027921        1.50615514198728
56
 energy: -57.964003939085 gnorm: 0.000913407321 xtb: 6.6.1 (8d0f1dd)
C            5.52188387133692       -6.46350161379471       -1.41945940515779
C            4.19547366539228       -7.19901478811123       -1.57404493659808
C            3.45911985803841       -7.39875025214963       -0.24796532608521
C            3.06772772733713       -6.10713716106644        0.47216174127527
C            2.08114625125265       -5.24813578887520       -0.31494943877674
C            1.65132020976637       -4.01169244667004        0.47102449972357
C            0.68373427488923       -3.13746282536361       -0.32299909762939
C            0.31065798159332       -1.86182471479951        0.42819827806954
C           -0.64699209842226       -0.98501494657153       -0.37484080234260
C           -0.97484047617107        0.32125408028462        0.34399242801787
C           -1.92992603074557        1.19518092516401       -0.46564531502026
C           -2.21801762015741        2.52512351118290        0.22672223253679
C           -3.17142249720961        3.39582481380204       -0.58867776046004
C           -3.52414861950039        4.71578780495449        0.09839676066453
C           -2.35123069534951        5.69086695012806        0.17501221140536
C           -2.76693533316916        7.03292640327177        0.77250449944717
C           -1.59895855447575        8.01257424227072        0.85645936584105
C           -2.02240478867784        9.34752956081513        1.45729203853848
H            6.14488207067188       -6.95610148361085       -0.67580954784040
H            6.05994968313889       -6.45234358313471       -2.36486665091891
H            5.36407782763030       -5.43376035651382       -1.10960483999518
H            4.38664282604681       -8.18423067342214       -2.00683986543887
H            3.55757158714004       -6.65654575229597       -2.27353675314649
H            2.55454041468226       -7.98234323042237       -0.43722478108634
H            4.09639174045791       -7.98636037987268        0.41791267331443
H            3.96227898401711       -5.52225685402036        0.69180462172148
H            2.61310509441031       -6.37448036888082        1.42966106721584
H            1.20016382700956       -5.84489400864403       -0.56322296808432
H            2.53836318649856       -4.92504088604346       -1.25156313460411
H            2.53652146230340       -3.42504108706258        0.72891915393967
H            1.17748613691158       -4.31985736062278        1.40596561768809
H            1.14284009449486       -2.86907701681801       -1.27760356658043
H           -0.22216578413066       -3.70722826818108       -0.54258124136781
H            1.21928431539444       -1.29575975439460        0.64692132539409
H           -0.15129310447500       -2.12451865899997        1.38264757020333
H           -1.57109881285826       -1.53659428155421       -0.56251761115374
H           -0.19734045546593       -0.75691196844822       -1.34419661451047
H           -1.42277880568519        0.09863323578720        1.31520410777077
H           -0.04953843124744        0.87283355511719        0.52680930765145
H           -1.49365208961876        1.38936887441144       -1.44841278373448
H           -2.86726282219032        0.65624949893624       -0.62260184966594
H           -2.65631447697190        2.33386867887709        1.20903833813359
H           -1.27566667367534        3.05333189379533        0.38006275355787
H           -2.72457849502339        3.60627722270691       -1.56319186538355
H           -4.09277887506845        2.83474647742387       -0.76387597094762
H           -3.89046629794648        4.51047443528226        1.10693977929569
H           -4.33676376474272        5.19207945520728       -0.45600183973620
H           -1.95114904417939        5.85175309530346       -0.82899576701182
H           -1.55398956204745        5.26428276763242        0.78592487135073
H           -3.17338581519724        6.87105969226399        1.77376825403960
H           -3.56031207642374        7.47099537512781        0.16202118600563
H           -1.19376487514559        8.17702245688320       -0.14461235580643
H           -0.80488063051941        7.57568349068741        1.46634613000732
H           -2.80163252505025        9.80658572606851        0.85273018315713
H           -2.41050883048737        9.20542975302163        2.46357823180292
H           -1.17865312838531       10.03172053393729        1.50773686131390
56
 energy: -57.964008374451 gnorm: 0.000502010566 xtb: 6.6.1 (8d0f1dd)
C            5.52334829365809       -6.47055535649210       -1.42049978297384
C            4.19669198896940       -7.20595436644287       -1.57230601571093
C            3.45922616501074       -7.39948966239774       -0.24595644256982
C            3.07023317525527       -6.10549101013272        0.47104148294725
C            2.08491496862974       -5.24605377695055       -0.31720540500899
C            1.65313448895786       -4.01057505264733        0.46928832907798
C            0.68522691662070       -3.13670000971172       -0.32470793414132
C            0.30969890859273       -1.86199121589263        0.42679678372024
C           -0.64914945130654       -0.98616628221151       -0.37593522011667
C           -0.97667908110474        0.32022515320348        0.34280203930297
C           -1.93211506589968        1.19500184493811       -0.46543531114997
C           -2.21821669862379        2.52520849051150        0.22745392771927
C           -3.17116237916407        3.39690560697098       -0.58741397572862
C           -3.52357966623356        4.71766307344553        0.09830668461093
C           -2.35112803956263        5.69321368373642        0.17633656689547
C           -2.76824989234373        7.03509322119999        0.77354322644885
C           -1.60089295350975        8.01544316864385        0.85844557851001
C           -2.02438118941157        9.35074953414019        1.45821680729239
H            6.14401313160056       -6.95743438441064       -0.67125512130342
H            6.06386942527661       -6.46802059535409       -2.36449346270087
H            5.36599436878781       -5.43811429746309       -1.11983336455001
H            4.38757393533877       -8.19346490099629       -2.00013802090795
H            3.55948963588848       -6.66665188718358       -2.27495498597739
H            2.55350819082950       -7.98181452665763       -0.43395255286053
H            4.09492205380503       -7.98671594913562        0.42187646959752
H            3.96582858590766       -5.52175580940051        0.68971833400801
H            2.61515933903647       -6.37037294491760        1.42910491179019
H            1.20434185987558       -5.84276180191653       -0.56734504096040
H            2.54355133360920       -4.92224935653769       -1.25296200627690
H            2.53745529130199       -3.42316930042691        0.72875122736923
H            1.17876329696882       -4.32015477300210        1.40358563504290
H            1.14479653566651       -2.86706737882747       -1.27881328045471
H           -0.21984459929975       -3.70743976565173       -0.54554619618882
H            1.21733645594447       -1.29441977468108        0.64611016588698
H           -0.15208260020547       -2.12569166098309        1.38114019118333
H           -1.57314959266102       -1.53839042636687       -0.56267911889637
H           -0.20041884687094       -0.75840482252833       -1.34588471436972
H           -1.42383810757138        0.09753125237830        1.31444008285787
H           -0.05103018383496        0.87155708079869        0.52506223195018
H           -1.49705073290241        1.38895109477884       -1.44886635138534
H           -2.87020889709790        0.65691837738694       -0.62133476810659
H           -2.65608768686096        2.33405660907883        1.21006074071323
H           -1.27514989906206        3.05236755544392        0.38047905950747
H           -2.72470715955583        3.60610749286047       -1.56246810300496
H           -4.09315308203705        2.83643607197179       -0.76180100818667
H           -3.89180904492480        4.51339694921103        1.10645386995228
H           -4.33525683094662        5.19365951851105       -0.45789066392656
H           -1.95001024121176        5.85464881807648       -0.82724170363205
H           -1.55423605857760        5.26687722012461        0.78797598215690
H           -3.17555229903364        6.87295526338718        1.77447516675742
H           -3.56146743187495        7.47263428180541        0.16235713467847
H           -1.19478619795193        8.17954547187999       -0.14239294861661
H           -0.80716755589555        7.57890845857359        1.46917670075651
H           -2.80304626605801        9.81014636731261        0.85310404915296
H           -2.41291244982321        9.20986408410262        2.46455829238499
H           -1.18024716411404       10.03458934484722        1.50856582743411
