35
 energy: -35.810020767531 gnorm: 0.030349617831 xtb: 6.6.1 (8d0f1dd)
C           -2.28200500000000        2.57636500000000       -0.26207200000000
C           -2.12038700000000        1.23719100000000        0.44059200000000
C           -2.64973600000000        0.06665200000000       -0.39083700000000
C           -2.51414900000000       -1.29427700000000        0.30119600000000
C           -1.06838300000000       -1.70433600000000        0.59776200000000
C           -0.21991800000000       -1.90521500000000       -0.65869800000000
C            1.24316800000000       -2.24949700000000       -0.36263000000000
C            1.99527800000000       -1.16241900000000        0.41258000000000
C            2.03227600000000        0.18748000000000       -0.30492600000000
C            2.78383400000000        1.26311300000000        0.48019600000000
C            2.76778600000000        2.61447400000000       -0.21696700000000
H           -1.90469500000000        3.40565700000000        0.34144400000000
H           -3.33119000000000        2.78265500000000       -0.48429500000000
H           -1.74332400000000        2.59101300000000       -1.21219600000000
H           -1.06260600000000        1.07232500000000        0.68213300000000
H           -2.63311600000000        1.25358500000000        1.41205400000000
H           -2.13593000000000        0.04736500000000       -1.35916400000000
H           -3.70289800000000        0.25517700000000       -0.63935800000000
H           -2.98586300000000       -2.07213500000000       -0.31372600000000
H           -3.09160500000000       -1.27571300000000        1.23512300000000
H           -1.05120100000000       -2.62837500000000        1.19119700000000
H           -0.60347400000000       -0.95095800000000        1.24275300000000
H           -0.26135700000000       -1.00473200000000       -1.28112700000000
H           -0.67535600000000       -2.69115000000000       -1.27610700000000
H            1.77268900000000       -2.44554400000000       -1.30455900000000
H            1.28308600000000       -3.19565200000000        0.19313200000000
H            1.54627900000000       -1.03298700000000        1.40458800000000
H            3.02422200000000       -1.48928200000000        0.61411100000000
H            2.48479200000000        0.06696900000000       -1.29718300000000
H            1.01146500000000        0.53613800000000       -0.49951500000000
H            2.34533100000000        1.35154800000000        1.48367000000000
H            3.81806200000000        0.93433300000000        0.65057000000000
H            1.74574400000000        2.96821600000000       -0.36910900000000
H            3.23721400000000        2.55667900000000       -1.20122900000000
H            3.29788500000000        3.37969300000000        0.35545000000000
35
 energy: -35.812085411529 gnorm: 0.013207696376 xtb: 6.6.1 (8d0f1dd)
C           -2.28663134374322        2.57033595080007       -0.26488681733697
C           -2.12015563431701        1.23545559798437        0.44413418386655
C           -2.64611911438353        0.06947717517856       -0.39261206781232
C           -2.50838300811299       -1.28966819680489        0.29758715351090
C           -1.06602133538276       -1.70052684798548        0.59780319797155
C           -0.22060454586367       -1.90063941409774       -0.65888242367832
C            1.24012492121170       -2.24119423417494       -0.35898587727027
C            1.99332154642662       -1.15537763908590        0.41361197602578
C            2.03145860012957        0.19027780585303       -0.30882825326499
C            2.78559596390860        1.25720463582404        0.48216852579579
C            2.76605437423226        2.60675762736388       -0.21910535501607
H           -1.90645671572025        3.38741592279110        0.34785286865929
H           -3.33611024982431        2.77061164299036       -0.48002556526379
H           -1.74299075356826        2.57835375946504       -1.20994838854194
H           -1.06025363992970        1.08129733557552        0.66667996750557
H           -2.64652954952120        1.25806527421929        1.40480795017202
H           -2.12647185773764        0.04990536294263       -1.35503419894758
H           -3.70399227783075        0.24628547537166       -0.61745312324429
H           -2.97461545550272       -2.05688586614871       -0.33047140089521
H           -3.07190811694377       -1.26604194622340        1.23702462341187
H           -1.06941632850243       -2.63212869757585        1.17493934453845
H           -0.60698598153193       -0.94283471815527        1.23591987299775
H           -0.25502403490972       -1.00008843393328       -1.27540534036999
H           -0.66143279335566       -2.70427361627721       -1.25964522578600
H            1.75962911090996       -2.42663998356245       -1.30571348628906
H            1.28016239356737       -3.17626349920231        0.21075031902419
H            1.53983980664742       -1.02483974157415        1.40072411421150
H            3.02049100853655       -1.49397025339498        0.59020450454083
H            2.49808080005968        0.06392068278163       -1.29165510118352
H            1.01155416566594        0.54350781427247       -0.48359218631562
H            2.33431895871218        1.35555889924086        1.47604078170819
H            3.82132889759098        0.93485448061567        0.63566977554087
H            1.74296189678741        2.95490586126313       -0.36240281759496
H            3.23898008615041        2.54248276711423       -1.19893464341368
H            3.29811820614487        3.35905501654902        0.36251611274351
35
 energy: -35.812389633757 gnorm: 0.002470643850 xtb: 6.6.1 (8d0f1dd)
C           -2.29071032828250        2.57004982510577       -0.26631980150660
C           -2.12029111863353        1.23527080852834        0.44596841371866
C           -2.64591993877672        0.07177607870095       -0.39233973313126
C           -2.50710489837547       -1.28821736542343        0.29495652378013
C           -1.06595571965262       -1.70046234817748        0.59716234754928
C           -0.22106498749693       -1.90041533212035       -0.65872070279162
C            1.23958586983377       -2.23787557410456       -0.35678779994848
C            1.99453435863414       -1.15208871991283        0.41356107917046
C            2.03164640931636        0.19196963058146       -0.30999299543275
C            2.78819837680574        1.25389731932064        0.48361923461762
C            2.76723458410994        2.60456055925107       -0.21967415271048
H           -1.90996315854824        3.38256832653091        0.34923178020652
H           -3.34010867062221        2.76397583007029       -0.47879829115030
H           -1.74653423567031        2.57213756429471       -1.20921255828544
H           -1.06056730484497        1.08760142306996        0.66050799636504
H           -2.65209136028360        1.25969440519500        1.40048402640926
H           -2.12514880585168        0.05482155577273       -1.35167463272815
H           -3.70488581204165        0.24311386503613       -0.60511724859991
H           -2.96930215018544       -2.04900596457392       -0.34010863465046
H           -3.06408628533842       -1.26227480561053        1.23571322467922
H           -1.08023611495268       -2.63516059558547        1.16481037675806
H           -0.60984985230386       -0.94294757338862        1.23321729413966
H           -0.25370332217338       -1.00197604600847       -1.27392347368528
H           -0.65331111216721       -2.71305210401310       -1.24954892059023
H            1.75444486986663       -2.41824371599504       -1.30452071971454
H            1.27971855223214       -3.16550109791365        0.22086396400197
H            1.54170743388969       -1.01917968495828        1.39815881792590
H            3.02006002448782       -1.49533577051824        0.57684971600448
H            2.50325395763694        0.06355376650888       -1.28766267416376
H            1.01406352314484        0.54905460745607       -0.47618569815717
H            2.33222680530393        1.35535154910564        1.47217383056116
H            3.82291192694145        0.93389519061522        0.62931265302948
H            1.74344994606023        2.94724244800202       -0.35872516111197
H            3.23917426950728        2.53473120536559       -1.19770668923183
H            3.30054226843054        3.35082673979260        0.36528160867335
35
 energy: -35.812410323179 gnorm: 0.000762935195 xtb: 6.6.1 (8d0f1dd)
C           -2.29326852304777        2.57098078107074       -0.26669989596388
C           -2.12109491847138        1.23600114136073        0.44700029356793
C           -2.64675758274374        0.07313223512999       -0.39213480115258
C           -2.50767743856843       -1.28803129330743        0.29369074773559
C           -1.06666401290690       -1.70178477472710        0.59688488193837
C           -0.22113435829894       -1.90194306338434       -0.65856573350307
C            1.24015503808060       -2.23789111401342       -0.35569115484250
C            1.99590382693394       -1.15127347866337        0.41337676442541
C            2.03252501255004        0.19269242462110       -0.31038804419235
C            2.79025158820840        1.25325836218547        0.48419346748776
C            2.76896183463250        2.60470814785639       -0.21939544611211
H           -1.91305817645285        3.38409306023716        0.34793411311364
H           -3.34293047182185        2.76268509236512       -0.47868904177438
H           -1.74977444797408        2.57177798220105       -1.20973451268670
H           -1.06137882252586        1.08978846532182        0.66055645700984
H           -2.65257846033772        1.26044094060097        1.40118993679186
H           -2.12722417691663        0.05762424595554       -1.35185645496489
H           -3.70575790265891        0.24406522789047       -0.60275715970160
H           -2.96899566319952       -2.04747065405370       -0.34286279567064
H           -3.06488671682766       -1.26287284509183        1.23385515549502
H           -1.08314793950794       -2.63692922672715        1.16281302284954
H           -0.61064450216469       -0.94552722008742        1.23405695198699
H           -0.25472643925536       -1.00479326893937       -1.27518376765114
H           -0.65137992716028       -2.71636121851209       -1.24747671832638
H            1.75479192728726       -2.41858170229892       -1.30300306572776
H            1.28039939374470       -3.16407899327305        0.22337088953340
H            1.54522570927127       -1.01786010214441        1.39855987771238
H            3.02130604149471       -1.49459354674305        0.57400054365520
H            2.50339450631714        0.06460379667328       -1.28801123531535
H            1.01542732853167        0.55066080792840       -0.47541954058655
H            2.33468418851311        1.35447525011358        1.47247213702731
H            3.82455868298225        0.93298281623970        0.62876596603898
H            1.74493495495375        2.94629613032836       -0.35734683085563
H            3.23960423925910        2.53356194818808       -1.19767918781584
H            3.30287420808006        3.35051964569869        0.36502718047411
35
 energy: -35.812434868070 gnorm: 0.002883544819 xtb: 6.6.1 (8d0f1dd)
C           -2.30253203100652        2.57396131690825       -0.26731569287345
C           -2.12411842363257        1.23914876948073        0.44931866372767
C           -2.64965887114088        0.07706900669907       -0.39097956991063
C           -2.50980437679639       -1.28775750527071        0.28944038068136
C           -1.06945729282189       -1.70587296749278        0.59576029230849
C           -0.22080406811812       -1.90719636312988       -0.65764250714111
C            1.24216971608381       -2.23857039138100       -0.35201731453487
C            2.00039808063029       -1.14948230844501        0.41259600360867
C            2.03538061093184        0.19476483706365       -0.31086938088846
C            2.79729481845047        1.25212428979269        0.48475760331562
C            2.77557185123899        2.60542427672281       -0.21828705353544
H           -1.92438877467448        3.39033736593012        0.34365909214666
H           -3.35344266898586        2.75939627314830       -0.47767919153367
H           -1.76147916034308        2.57242284679305       -1.21145174566083
H           -1.06397531273298        1.09650770305238        0.66110153229464
H           -2.65381866598463        1.26315880428853        1.40394259771558
H           -2.13397319136224        0.06607033783855       -1.35262841322349
H           -3.70911669183276        0.24755351669258       -0.59711933960487
H           -2.96904170317503       -2.04382902543345       -0.35176370643319
H           -3.06963371971762       -1.26639508003588        1.22759237216621
H           -1.09197301906506       -2.64238547681225        1.15814420329979
H           -0.61278112960835       -0.95376342811119        1.23721954456712
H           -0.25790769925893       -1.01376725212083       -1.27938220277418
H           -0.64594756740666       -2.72651318514084       -1.24237856398198
H            1.75701139344829       -2.42239876006910       -1.29805520410481
H            1.28276316710835       -3.16161674116627        0.23091885364901
H            1.55637271023138       -1.01485547200586        1.40039760018163
H            3.02626587808337       -1.49252708253003        0.56700296122889
H            2.50322470023000        0.06805500396763       -1.28965995675736
H            1.01890116604565        0.55480836755987       -0.47327021191586
H            2.34438022247826        1.35210853174398        1.47381241438494
H            3.83095629463033        0.93007314039493        0.62642545696247
H            1.75100271861632        2.94587365545736       -0.35245561079145
H            3.24199044099363        2.53183820015119       -1.19809703588406
H            3.31208859846309        3.35059079545939        0.36381612931099
35
 energy: -35.812442766133 gnorm: 0.001765941893 xtb: 6.6.1 (8d0f1dd)
C           -2.30487322715215        2.57410176831959       -0.26707558990844
C           -2.12499695661661        1.23984213246030        0.44919913961953
C           -2.65006295664302        0.07739876529462       -0.39086536724899
C           -2.50991783702726       -1.28763701720666        0.28859907653162
C           -1.06999692329955       -1.70614053990982        0.59550124314581
C           -0.22044550558662       -1.90782109377418       -0.65725967010997
C            1.24238754114723       -2.23865725269628       -0.35120404378043
C            2.00094722122202       -1.14945765494034        0.41257615654748
C            2.03578792971248        0.19489777998125       -0.31064786023079
C            2.79869122025355        1.25214697159161        0.48411601747435
C            2.77725718725679        2.60533409672990       -0.21817537148142
H           -1.92721420005373        3.39117180071591        0.34346731757304
H           -3.35613444652409        2.75891320686271       -0.47680800405188
H           -1.76441004945856        2.57347357673406       -1.21166594818769
H           -1.06452441955094        1.09762831693561        0.66072213253170
H           -2.65422156628623        1.26343232737335        1.40437662911836
H           -2.13449180067523        0.06691644298312       -1.35276637827650
H           -3.70979570258643        0.24775677490189       -0.59712904890031
H           -2.96889618533710       -2.04336909057218       -0.35359539537336
H           -3.07070091354173       -1.26758360449108        1.22647598556235
H           -1.09324032308234       -2.64280691979748        1.15810898996412
H           -0.61312056260447       -0.95436995092270        1.23745083267486
H           -0.25785118453710       -1.01468625396174       -1.27962774759243
H           -0.64518467059331       -2.72766448048317       -1.24204900576721
H            1.75732266119650       -2.42385502624668       -1.29719567405360
H            1.28300882363270       -3.16157912602089        0.23241164066964
H            1.55747610863658       -1.01487690311773        1.40081910654531
H            3.02711536353751       -1.49260262161214        0.56674660270958
H            2.50289926873745        0.06825163091557       -1.29005901635725
H            1.01901707350707        0.55500798148841       -0.47237307818656
H            2.34690501499863        1.35207889540335        1.47395942232376
H            3.83252611543591        0.92942469030538        0.62495521958205
H            1.75288345573457        2.94714169377050       -0.35128406501747
H            3.24291118849667        2.53240885099062       -1.19852564222764
H            3.31486125765082        3.35013583199530        0.36367439417838
35
 energy: -35.812456464684 gnorm: 0.002504491433 xtb: 6.6.1 (8d0f1dd)
C           -2.31883100072138        2.57503736837677       -0.26534868387075
C           -2.13006099963637        1.24292474919972        0.44851372783353
C           -2.65198665189328        0.07880225034912       -0.39114047102731
C           -2.51042282278475       -1.28731871122688        0.28373760434548
C           -1.07238353724949       -1.70673134384690        0.59434083692568
C           -0.21854973301567       -1.91031106651866       -0.65528865426753
C            1.24340455902006       -2.23909483725747       -0.34651404726897
C            2.00351099575865       -1.14904093246632        0.41308323931468
C            2.03758005150724        0.19549642858331       -0.30964532006776
C            2.80700326598889        1.25138421705329        0.48049138993189
C            2.78717428976696        2.60461118031048       -0.21787751685669
H           -1.94369966015596        3.39501107576409        0.34366544151164
H           -3.37202129490135        2.75570419379935       -0.47129849687588
H           -1.78186144632064        2.57954869253775       -1.21236315640774
H           -1.06796048845808        1.10399221741143        0.65781446442553
H           -2.65678130402560        1.26334291746048        1.40608646669940
H           -2.13622841438378        0.07116847455046       -1.35358638944957
H           -3.71272718639533        0.24782774066605       -0.59810908929640
H           -2.96715349572070       -2.04122080810040       -0.36366342389455
H           -3.07569354006934       -1.27356778551540        1.21998932645282
H           -1.09911842817717       -2.64374884905185        1.15791390960519
H           -0.61520465291288       -0.95593059476860        1.23796350029074
H           -0.25668300470640       -1.01847519837466       -1.28015879591752
H           -0.64110135201365       -2.73253029191765       -1.24003761813712
H            1.75863019999594       -2.43087118344306       -1.29201101150904
H            1.28377026597537       -3.16062143551210        0.24109107298183
H            1.56242914067300       -1.01422959391596        1.40299490812548
H            3.03069021370266       -1.49284649886734        0.56582601466853
H            2.50016635146789        0.06846135761975       -1.29200726318676
H            1.01974415603748        0.55658350694440       -0.46666028512394
H            2.36160369958767        1.35143129194738        1.47414422295072
H            3.84134270463080        0.92490075592188        0.61580016175991
H            1.76397074137810        2.95374019634140       -0.34460221299988
H            3.24790864577159        2.53464382543666       -1.20125762521973
H            3.33145773227954        3.34628269050946        0.36296677355411
35
 energy: -35.812462334960 gnorm: 0.001887595988 xtb: 6.6.1 (8d0f1dd)
C           -2.32078577611830        2.57522301933023       -0.26485703378269
C           -2.13075783412906        1.24269281068386        0.44836182934018
C           -2.65204159832692        0.07863667549762       -0.39185542110243
C           -2.51043442645542       -1.28747005091376        0.28325766846464
C           -1.07224191508742       -1.70624087910110        0.59438236881674
C           -0.21839272138392       -1.90991796241053       -0.65520838493892
C            1.24343183948175       -2.23916499319366       -0.34603441551290
C            2.00342680836145       -1.14890061340156        0.41356177557792
C            2.03753037488977        0.19544205310787       -0.30960037271187
C            2.80816233822471        1.25081973211356        0.48009996642489
C            2.78857081384731        2.60441835227414       -0.21806976595152
H           -1.94586817692458        3.39496407601083        0.34450385209670
H           -3.37415411309907        2.75515652197491       -0.47022204691986
H           -1.78429188781247        2.58041390939716       -1.21207554801425
H           -1.06855408566158        1.10464468386944        0.65711757128397
H           -2.65722000752377        1.26221021422826        1.40593714891159
H           -2.13573055188530        0.07116168304144       -1.35390244704448
H           -3.71259918149457        0.24731543105979       -0.59920165585300
H           -2.96647461042885       -2.04150255690369       -0.36423110070690
H           -3.07589324619389       -1.27367100173810        1.21922590087201
H           -1.09862353939707       -2.64293561626972        1.15818636893728
H           -0.61556808196478       -0.95488535582101        1.23757182104773
H           -0.25598172417523       -1.01797149380966       -1.27981455168519
H           -0.64104813774116       -2.73184586494950       -1.23998365595101
H            1.75879980070850       -2.43101255986434       -1.29127289237459
H            1.28339606828125       -3.16035418266376        0.24185709007943
H            1.56212596428184       -1.01380011039449        1.40323085097381
H            3.03042885577170       -1.49265424187040        0.56640719305430
H            2.49924657419663        0.06796252095137       -1.29214933107294
H            1.01988494576070        0.55707939318923       -0.46573397934111
H            2.36355316528502        1.35099619206400        1.47393306417432
H            3.84231486410519        0.92383973526016        0.61441278717586
H            1.76551210666715        2.95407467677872       -0.34384335022154
H            3.24837321796795        2.53428056054307       -1.20180349582814
H            3.33382187797249        3.34535124192964        0.36266519178204
35
 energy: -35.812507071867 gnorm: 0.004338584677 xtb: 6.6.1 (8d0f1dd)
C           -2.36335136270058        2.57897570251070       -0.25504820787212
C           -2.14637400208525        1.24049271759789        0.44477368474734
C           -2.65430076411668        0.07637724485628       -0.40446555909866
C           -2.51121593910698       -1.28998337612587        0.27214298287596
C           -1.07128684523526       -1.69749108057011        0.59409809671317
C           -0.21439090139915       -1.90424950712771       -0.65279596315343
C            1.24461722711650       -2.24033812076670       -0.33520686661252
C            2.00340240452574       -1.14630057616993        0.42219056291799
C            2.03825123759273        0.19512468827935       -0.30740073868092
C            2.83400951862608        1.24086374730850        0.47148112962864
C            2.81888381982589        2.60004631487100       -0.22136335520824
H           -1.99377468077692        3.39673843582114        0.35931818719518
H           -3.42113886805401        2.74404367903211       -0.44787126149781
H           -1.83684597621614        2.59943704135815       -1.20727212094147
H           -1.08110535189627        1.11945762089977        0.64348731611551
H           -2.66680004856302        1.24199489371150        1.40450915053413
H           -2.12847216677338        0.07311135205113       -1.36043290765336
H           -3.71267306625293        0.23876547589442       -0.61969499575243
H           -2.95467248258178       -2.04621527297731       -0.37925445959842
H           -3.08319111808211       -1.27855563652224        1.20257434661811
H           -1.09305837418325       -2.62918080997607        1.16326917771636
H           -0.62293367488012       -0.93724364631027        1.23150460907969
H           -0.24323473249617       -1.01126848347533       -1.27517758712655
H           -0.63814046370280       -2.72274311549595       -1.23860236824897
H            1.76351080597475       -2.43764851237824       -1.27577894266619
H            1.27723727277634       -3.15596969893980        0.25921496937753
H            1.55975628985019       -1.00638569871914        1.40914803483442
H            3.02864287426415       -1.48920003855323        0.57681370751577
H            2.48203336301112        0.05983338381473       -1.29576887686138
H            1.02292036089250        0.56735556815631       -0.44613401510434
H            2.40707483517860        1.34324379180354        1.47146698296880
H            3.86570112975172        0.90265032916762        0.58565241551300
H            1.79850604555064        2.96283967809810       -0.32659924155651
H            3.25949587330326        2.52795429337366       -1.21329270176362
H            3.38483576086268        3.32782361550199        0.35536781504541
35
 energy: -35.812527192783 gnorm: 0.003509657918 xtb: 6.6.1 (8d0f1dd)
C           -2.37984976674703        2.58001029425929       -0.25160601364962
C           -2.15283653424867        1.24084674040784        0.44319315052221
C           -2.65586121206127        0.07621525208425       -0.40815546724050
C           -2.51166268732403       -1.29030896848139        0.26761407777735
C           -1.07190226089243       -1.69488079740676        0.59326587210069
C           -0.21257674301981       -1.90312831058516       -0.65168224981577
C            1.24532295103171       -2.24027053797748       -0.33098458102192
C            2.00425467102852       -1.14550378843243        0.42489618135127
C            2.03965564160588        0.19544998901597       -0.30553684210213
C            2.84437844460167        1.23800326980921        0.46836326447405
C            2.83053853960350        2.59790795539737       -0.22241799400659
H           -2.01262462793586        3.39815438332747        0.36375512352251
H           -3.43936013720247        2.73983806462229       -0.43979627253612
H           -1.85707670756251        2.60653057866908       -1.20580578899635
H           -1.08619603778842        1.12555359948447        0.63893479277561
H           -2.67073835385349        1.23619581645033        1.40450505161067
H           -2.12747309095453        0.07483805950924       -1.36284361476927
H           -3.71420432195486        0.23655377143550       -0.62620708123838
H           -2.95146725089824       -2.04717022552884       -0.38586243736650
H           -3.08690738991610       -1.28122492800096        1.19629867025036
H           -1.09326229750203       -2.62554528484916        1.16459606716642
H           -0.62565025273833       -0.93267866587838        1.22997171680794
H           -0.23948528798551       -1.01049070278207       -1.27482749223440
H           -0.63608938157231       -2.72176080898417       -1.23793202884935
H            1.76569521086442       -2.44111734015652       -1.27022963611146
H            1.27573761357361       -3.15465326908301        0.26584120235011
H            1.56072992521422       -1.00452052978393        1.41189399134886
H            3.02970115326268       -1.48840846112815        0.57988968746121
H            2.47697705332071        0.05818887422014       -1.29675066404189
H            1.02472298091312        0.57147556118816       -0.43839593425140
H            2.42468437992481        1.34087956261461        1.47160464687856
H            3.87563704609769        0.89539119750639        0.57534033518650
H            1.81117906620731        2.96604455863961       -0.31981331028589
H            3.26393483762738        2.52564392010848       -1.21759841191183
H            3.40399282728075        3.32229717030870        0.35133498884511
35
 energy: -35.812576414299 gnorm: 0.001611044558 xtb: 6.6.1 (8d0f1dd)
C           -2.44626483605271        2.58351831000407       -0.23756703574897
C           -2.17965787196750        1.24187140883460        0.43644901303918
C           -2.66257375264649        0.07527664290329       -0.42337794042825
C           -2.51348968281282       -1.29130196955694        0.24982663191585
C           -1.07415704003337       -1.68334694898127        0.58934979429459
C           -0.20527041166632       -1.89731547536614       -0.64785626310524
C            1.24812674629265       -2.23876719262989       -0.31488568914251
C            2.00753799186858       -1.14242133414475        0.43656969752924
C            2.04641094776221        0.19694304592006       -0.29636549832569
C            2.88708192280636        1.22639923292596        0.45710941115481
C            2.87692480012021        2.58780793002129       -0.22745840061034
H           -2.08841498108414        3.40272191472113        0.38240915370873
H           -3.51226277011444        2.72281986157536       -0.40769152093180
H           -1.93807180817614        2.63450220379578       -1.19920858574488
H           -1.10781663072313        1.14931164077198        0.62100315758028
H           -2.68779303400791        1.21234990538446        1.40379542465061
H           -2.12401668791661        0.08122011223067       -1.37299773291188
H           -3.72084253163675        0.22723759174478       -0.65302310465996
H           -2.93990004156619       -2.05141654107372       -0.41029039225180
H           -3.10053189977046       -1.29030383396028        1.17228187058829
H           -1.09327077602377       -2.61012167594065        1.16925092525274
H           -0.63619979192478       -0.91336349947453        1.22333444026885
H           -0.22468507719374       -1.00607929918949       -1.27418156475038
H           -0.62786756279215       -2.71657832909574       -1.23599203663001
H            1.77452518553494       -2.45219785025430       -1.24910550582431
H            1.26979923762911       -3.14933021850977        0.28977656241297
H            1.56402282716674       -0.99789016757212        1.42368609246340
H            3.03365622021197       -1.48597119986839        0.59362151310435
H            2.45828303145901        0.05197705583653       -1.29869253252203
H            1.03352774351747        0.58885470670781       -0.40636479035960
H            2.49655475972826        1.33182045948213        1.47319394212226
H            3.91648199950084        0.86670086256173        0.53565619686141
H            1.86147191931410        2.97565297736071       -0.29373739394394
H            3.28082240763594        2.51312375784996       -1.23557205699687
H            3.47977744756119        3.30065191498563        0.33190721794105
35
 energy: -35.812594913456 gnorm: 0.002118769394 xtb: 6.6.1 (8d0f1dd)
C           -2.47415624161755        2.58386126673499       -0.23137882553650
C           -2.19227319601806        1.24198396130540        0.43323423894209
C           -2.66633583331042        0.07480864417872       -0.43017526263740
C           -2.51420669907977       -1.29100002912266        0.24321022055216
C           -1.07482111545758       -1.67748543656213        0.58694944151367
C           -0.20220171746182       -1.89310018669321       -0.64716911971350
C            1.24931943094062       -2.23657780221831       -0.30952991110821
C            2.00904167735305       -1.14158961032484        0.44273562519009
C            2.05133090258629        0.19749276748040       -0.29013421308904
C            2.90575031410467        1.22136032488434        0.45393923114186
C            2.89591955363947        2.58175064489458       -0.23087707448132
H           -2.12021528810832        3.40278215305408        0.39130844458955
H           -3.54191356259327        2.71496812850569       -0.39500000522573
H           -1.97177245662643        2.64480700553076       -1.19513573439887
H           -1.11908869108629        1.15872855285552        0.61436478133600
H           -2.69661774969272        1.20251033284463        1.40226041639044
H           -2.12373233740770        0.08358024314491       -1.37762139832231
H           -3.72448841031046        0.22284318470250       -0.66466885887873
H           -2.93646138657515       -2.05328670724386       -0.41742776175333
H           -3.10414575471632       -1.29184989547538        1.16408191468240
H           -1.09235418151041       -2.60281626742165        1.17006146884477
H           -0.64024655667710       -0.90440495049813        1.21974764494899
H           -0.21875207301673       -1.00230217341988       -1.27455246449838
H           -0.62435074790994       -2.71253602859955       -1.23623918655430
H            1.77817582564901       -2.45251656418062       -1.24207789782809
H            1.26741854781436       -3.14711313566202        0.29574056602867
H            1.56467607944677       -0.99641289476174        1.42963041988536
H            3.03498364464210       -1.48650584351043        0.60128314542555
H            2.45351874083777        0.04996860597802       -1.29603621677024
H            1.04046702236396        0.59678870473523       -0.39204162350534
H            2.52714377773975        1.32822030132191        1.47431422293919
H            3.93356028726385        0.85546427891422        0.52173501571898
H            1.88258958257811        2.97522558445161       -0.28551818536884
H            3.28717883377721        2.50435007904521       -1.24343051251066
H            3.50897777843921        3.29235876113161        0.31927045405120
35
 energy: -35.812611262947 gnorm: 0.001403252811 xtb: 6.6.1 (8d0f1dd)
C           -2.49752625813033        2.58422566526919       -0.22684108133448
C           -2.20317118580280        1.24191705096501        0.43113299779888
C           -2.66990485737822        0.07438801137505       -0.43574787805311
C           -2.51490551836504       -1.29076905966372        0.23828226529418
C           -1.07493832080310       -1.67250509321326        0.58492380116681
C           -0.19976192364082       -1.88862231660318       -0.64720157728342
C            1.25048320151039       -2.23423924484221       -0.30597037621626
C            2.01048875886203       -1.14105879009528        0.44870275927191
C            2.05624933215922        0.19766052228185       -0.28455319664282
C            2.92180422285378        1.21678919883614        0.45266269081075
C            2.91137187666938        2.57624313077142       -0.23443089765848
H           -2.14708579497848        3.40279257302986        0.39825661875262
H           -3.56677977933817        2.70796930882203       -0.38556526337333
H           -1.99959638722124        2.65302992036743       -1.19214021101820
H           -1.12912561327811        1.16635689251710        0.60949023075867
H           -2.70504311114517        1.19420090021589        1.40082463887898
H           -2.12415393517873        0.08589226198066       -1.38123403110517
H           -3.72767932443154        0.21853981691629       -0.67349314995869
H           -2.93398415198373       -2.05475892273653       -0.42216185825389
H           -3.10589968831839       -1.29223899834450        1.15825522352857
H           -1.09106516973761       -2.59662293941337        1.16964345945896
H           -0.64333390992700       -0.89699093237304        1.21666028761264
H           -0.21394748338332       -0.99783464846314       -1.27458210767462
H           -0.62112414736236       -2.70769084500376       -1.23702039614940
H            1.78111011528125       -2.44988532766735       -1.23735035242727
H            1.26571743759476       -3.14516142935197        0.29853856151855
H            1.56490809152579       -0.99541356502731        1.43490611606015
H            3.03539579847856       -1.48800003806930        0.60852872838548
H            2.45106362003483        0.04738176194159       -1.29267732446366
H            1.04737830904479        0.60299113471602       -0.37996808347006
H            2.55254225753658        1.32622735219096        1.47582080850040
H            3.94819119467982        0.84634160881073        0.51162704984696
H            1.89928249270793        2.97340023038218       -0.27967676321434
H            3.29189323498640        2.49457533958009       -1.25063224696787
H            3.53306461647887        3.28522546989839        0.30784355762071
35
 energy: -35.812628915365 gnorm: 0.000746738091 xtb: 6.6.1 (8d0f1dd)
C           -2.55268826582374        2.58520829620279       -0.21723272292416
C           -2.23011566180294        1.24233609437005        0.42675969015775
C           -2.67939146107043        0.07326146084261       -0.44764728775128
C           -2.51642424510621       -1.29026694521799        0.22796696316343
C           -1.07468096041751       -1.66114680315105        0.58014012248807
C           -0.19400991336188       -1.87668594460323       -0.64806478724522
C            1.25340642975536       -2.22828127583999       -0.29935166779079
C            2.01430350772513       -1.14112993502965        0.46369243103121
C            2.06951058577427        0.19696082868511       -0.26991628901105
C            2.95976940639191        1.20639193617107        0.45088822253067
C            2.94797610311299        2.56296187892809       -0.24360749047331
H           -2.21143196560647        3.40379083463386        0.41289256199404
H           -3.62519005741172        2.69120713147913       -0.36608369461585
H           -2.06422606534504        2.67143260637423       -1.18572156581170
H           -1.15430172236459        1.18465194533714        0.59951402582656
H           -2.72678506943855        1.17634401478990        1.39759452442157
H           -2.12670468940833        0.09156700022534       -1.38867436221544
H           -3.73637327770116        0.20743195234086       -0.69242691741132
H           -2.92847724588069       -2.05834347267150       -0.43154005112117
H           -3.10902329022068       -1.29328325737557        1.14643055813836
H           -1.08718601208551       -2.58293247727960        1.16751754003296
H           -0.65004202183159       -0.88044771109708        1.20991505165425
H           -0.20263885235535       -0.98484334205974       -1.27384434785696
H           -0.61353822341689       -2.69378820139339       -1.24084540243004
H            1.78828134767645       -2.44034209705249       -1.22861358482359
H            1.26200076179964       -3.14170466425437        0.30078787531133
H            1.56466126651808       -0.99470516826678        1.44763072597584
H            3.03606929616650       -1.49393158726536        0.62736800268547
H            2.44807493089298        0.03999709383503       -1.28270974481064
H            1.06548461520949        0.61609814468444       -0.35140999366869
H            2.61177226150738        1.32330260163279        1.48007148314876
H            3.98284020246054        0.82593353518106        0.49030340496745
H            1.93870612748374        2.96842857417148       -0.26791987084809
H            3.30313450469037        2.46953373545928       -1.26799209028007
H            3.58915565348470        3.26934921721347        0.27898168756185
35
 energy: -35.812633287018 gnorm: 0.000952444164 xtb: 6.6.1 (8d0f1dd)
C           -2.54880914064368        2.58480137501680       -0.21931220459198
C           -2.22945237130288        1.24303810050533        0.42778248237605
C           -2.67966798964859        0.07330698305115       -0.44514012192436
C           -2.51609574494083       -1.29033502634622        0.23011814391091
C           -1.07415727637675       -1.66215626625622        0.58060767812120
C           -0.19430518204897       -1.87602925692796       -0.64851999405855
C            1.25341226916690       -2.22815033516765       -0.30151257437950
C            2.01442718325989       -1.14211554321580        0.46313657979300
C            2.07008376726587        0.19620520201284       -0.27003295615491
C            2.95696538519714        1.20737197209564        0.45193159994676
C            2.94546497894783        2.56340439893244       -0.24359699251420
H           -2.20780505768406        3.40413626233235        0.40982930350006
H           -3.62059975158327        2.69195309196082       -0.37079854984868
H           -2.05835652769367        2.66842101377855       -1.18682152052056
H           -1.15410765528261        1.18385890722261        0.60203721592937
H           -2.72712598927617        1.18003714576318        1.39810002607464
H           -2.12812164763141        0.09137532811251       -1.38677946447813
H           -3.73690054817148        0.20729851372643       -0.68878626013938
H           -2.92895606759893       -2.05803232500179       -0.42941278615103
H           -3.10793175385122       -1.29385801735063        1.14921811845329
H           -1.08662146330595       -2.58483424111564        1.16665349774091
H           -0.64888438027782       -0.88254725533320        1.21125342269777
H           -0.20331419191722       -0.98309910803654       -1.27272457185552
H           -0.61430275665736       -2.69209163218080       -1.24250492666660
H            1.78786632245531       -2.43821401703554       -1.23160820365451
H            1.26254322974820       -3.14295984209800        0.29658498590743
H            1.56390857327559       -0.99635582943097        1.44674916425786
H            3.03585703088004       -1.49564109313134        0.62736746049451
H            2.45100987040119        0.03968047744572       -1.28192795200335
H            1.06577719784739        0.61376074943377       -0.35395554539179
H            2.60617974330617        1.32483370251690        1.47985018044350
H            3.98016463691453        0.82813968157273        0.49460326652695
H            1.93634265891190        2.96862440170140       -0.27102679949588
H            3.30320234227691        2.46999577902450       -1.26641488238305
H            3.58422830603825        3.27053270242260        0.27990618003799
