50
 energy: -51.629132673055 gnorm: 0.036333011656 xtb: 6.6.1 (8d0f1dd)
C            0.61487600000000       -1.80725300000000        2.28676100000000
C            1.77278900000000       -2.55049900000000        1.63970700000000
C            1.62162400000000       -2.72072700000000        0.12371700000000
C            1.60862700000000       -1.40615300000000       -0.66419400000000
C            2.88615300000000       -0.58294300000000       -0.49680600000000
C            2.94279600000000        0.66124900000000       -1.38894900000000
C            1.81212400000000        1.66663600000000       -1.14583200000000
C            1.73157400000000        2.15921400000000        0.30013400000000
C            0.73016800000000        3.29998400000000        0.51160800000000
C           -0.69576700000000        2.98553300000000        0.04828300000000
C           -1.29295400000000        1.73392300000000        0.69080800000000
C           -2.74175600000000        1.48597200000000        0.26951200000000
C           -3.31195100000000        0.16043300000000        0.78335200000000
C           -2.63430100000000       -1.08320200000000        0.19796000000000
C           -2.77521400000000       -1.20637700000000       -1.32023700000000
C           -2.16029400000000       -2.48586200000000       -1.86495200000000
H            0.73347100000000       -1.72751000000000        3.37031600000000
H           -0.33337900000000       -2.31509200000000        2.09971400000000
H            0.52239200000000       -0.79172400000000        1.89900300000000
H            2.71731600000000       -2.03592200000000        1.85923300000000
H            1.87978700000000       -3.53866100000000        2.11036100000000
H            2.43476600000000       -3.35279200000000       -0.25775400000000
H            0.70156200000000       -3.28436800000000       -0.07960900000000
H            0.74195700000000       -0.80623900000000       -0.36720700000000
H            1.45494200000000       -1.61228600000000       -1.73197100000000
H            3.75286800000000       -1.22621400000000       -0.69992100000000
H            2.99801500000000       -0.28526100000000        0.55219000000000
H            2.93706900000000        0.34800700000000       -2.44148800000000
H            3.90651200000000        1.16849000000000       -1.24638000000000
H            1.93357400000000        2.53148800000000       -1.81183900000000
H            0.85405100000000        1.22006300000000       -1.43753200000000
H            1.47598200000000        1.32125400000000        0.95908000000000
H            2.73100300000000        2.47669600000000        0.62655300000000
H            1.09320900000000        4.19647400000000       -0.00876300000000
H            0.70913000000000        3.57493600000000        1.57473900000000
H           -1.35237700000000        3.84215700000000        0.25158100000000
H           -0.71412300000000        2.87276900000000       -1.04302100000000
H           -1.22962200000000        1.80693000000000        1.78363400000000
H           -0.68181800000000        0.86502700000000        0.42761600000000
H           -3.36213300000000        2.32383400000000        0.61513500000000
H           -2.81357800000000        1.52020200000000       -0.82387900000000
H           -4.38723200000000        0.11195400000000        0.56597500000000
H           -3.23803400000000        0.14264600000000        1.87881000000000
H           -3.04450700000000       -1.98715100000000        0.66821600000000
H           -1.57167100000000       -1.08984500000000        0.46261400000000
H           -3.83862100000000       -1.15322800000000       -1.58999600000000
H           -2.31338700000000       -0.33728300000000       -1.80676200000000
H           -2.28153600000000       -2.57176500000000       -2.94750100000000
H           -2.61732600000000       -3.36860400000000       -1.41287400000000
H           -1.09118200000000       -2.53233100000000       -1.65115500000000
50
 energy: -51.632183808117 gnorm: 0.015838544621 xtb: 6.6.1 (8d0f1dd)
C            0.61521352401457       -1.80882313054929        2.28518549623234
C            1.77680359484526       -2.54814808022476        1.63910612099015
C            1.62529547193277       -2.71469493218443        0.12507673413772
C            1.60853083451911       -1.40206119003484       -0.66145970619006
C            2.88585898959706       -0.58105896837394       -0.49224542440353
C            2.93852404622278        0.66099320235476       -1.38383936770492
C            1.80743695139882        1.66373648923070       -1.14475069501568
C            1.72838939320200        2.15476251199529        0.30052928393861
C            0.72720909331325        3.29363805351211        0.50702332582958
C           -0.69799152764826        2.98094602979640        0.04518018645175
C           -1.29100448063493        1.73173081377049        0.69340756306649
C           -2.73717365470104        1.48854694944831        0.26627416494564
C           -3.30554121834789        0.16251155286929        0.77671134100670
C           -2.63178237247148       -1.08174866897540        0.19344281548600
C           -2.77963422569326       -1.20366813304868       -1.32241556490940
C           -2.16241128689216       -2.48606690094959       -1.85785578740880
H            0.74843304426312       -1.74232619243301        3.36469615328705
H           -0.32657954326984       -2.32334071265345        2.09475393821704
H            0.53153070901839       -0.79293753740257        1.90292792562363
H            2.71360042459243       -2.02710872788490        1.85832528936533
H            1.86295692388031       -3.54193760063108        2.09363780478333
H            2.44663084795242       -3.33856528617708       -0.24474948262359
H            0.69859058710857       -3.26383994907415       -0.07673542967748
H            0.74529236082728       -0.80724702550288       -0.35543492676224
H            1.46919585282855       -1.62762355808529       -1.72500020469087
H            3.74797197353407       -1.21814109798671       -0.72068736933055
H            2.99214046055096       -0.27532603534052        0.55133463159449
H            2.91661306160737        0.34852305561402       -2.43397719470321
H            3.89937441114486        1.16382232162874       -1.22588422180030
H            1.95369208015515        2.52548486691101       -1.80577860147899
H            0.85652287210515        1.20831684089133       -1.43237325401370
H            1.46376530482394        1.32293455030422        0.95791665027273
H            2.72112786479740        2.49564141167147        0.61581212015113
H            1.08182439069769        4.18301385900716       -0.02598554188254
H            0.70835687399833        3.55316523105248        1.57157801447671
H           -1.33975911195833        3.84028870957394        0.27039240658424
H           -0.71059381841348        2.86280033000596       -1.04295053301501
H           -1.23878633694574        1.81822536735482        1.78410504466306
H           -0.68732379970980        0.86728169078768        0.41199511888315
H           -3.35999514184155        2.31162076713503        0.63421917585751
H           -2.80349926441574        1.51726408041101       -0.82515246503070
H           -4.37609251350706        0.12250350351689        0.54670035782315
H           -3.21745270858841        0.13618792571092        1.86858526169599
H           -3.06559661798987       -1.97194480891443        0.66315671185484
H           -1.57069398287702       -1.08405162638097        0.45256709068936
H           -3.84234637419193       -1.16582622019946       -1.58617519951442
H           -2.29971496618843       -0.34829717498928       -1.80751911981630
H           -2.28989550753713       -2.55867769208943       -2.93764241092562
H           -2.62668972092720       -3.36194242666304       -1.40463143609201
H           -1.09474976818105       -2.52195743780483       -1.64340679091782
50
 energy: -51.632680586630 gnorm: 0.002760313218 xtb: 6.6.1 (8d0f1dd)
C            0.61700157127269       -1.81090083131108        2.28883165720896
C            1.77999389510981       -2.54962633061294        1.64013518968317
C            1.62926668928052       -2.71210391434546        0.12624181759602
C            1.61036035417789       -1.40004198643901       -0.66002624411734
C            2.88731808686946       -0.58034772803253       -0.49054758983026
C            2.93759771563121        0.66137541112718       -1.38205469398659
C            1.80540583297371        1.66272393101081       -1.14444895262568
C            1.72700880934666        2.15355062765968        0.29987012865374
C            0.72531903143228        3.29187166595723        0.50410044348683
C           -0.70060129942061        2.98016532820095        0.04467104473124
C           -1.28991032256330        1.73074096488126        0.69410589388227
C           -2.73567639601545        1.49228575892975        0.26593650927738
C           -3.30324808584166        0.16488918311127        0.77301076184018
C           -2.63384221973658       -1.08074567741723        0.18895055154836
C           -2.78294852572938       -1.20185732236100       -1.32565766604367
C           -2.16542778511121       -2.48880902812725       -1.85557260227031
H            0.75687223982896       -1.75526693389189        3.36642725795825
H           -0.32060102996519       -2.32738121010782        2.09299717769694
H            0.53804514829520       -0.79438038920488        1.91178771976412
H            2.71224059007834       -2.02721079758271        1.86102277614602
H            1.85474396603459       -3.54608847417785        2.08402196160874
H            2.45417712678449       -3.32990612509109       -0.23905436514788
H            0.70025989454780       -3.25368427935928       -0.07484903465889
H            0.74919455750791       -0.80852465332273       -0.35007651398511
H            1.47910462848231       -1.63454473971787       -1.72058516900319
H            3.74569548292211       -1.21369755450170       -0.73258216643143
H            2.99242397894968       -0.27182979101596        0.54951523783917
H            2.90798929756437        0.34931107202348       -2.42986473694290
H            3.89522153414872        1.16282173947668       -1.21597741785797
H            1.96374785943249        2.52235509503098       -1.80168597370733
H            0.85901797669054        1.20368980134980       -1.43087161970700
H            1.45953229794283        1.32594707279282        0.95709695129832
H            2.71536894523647        2.50648364355319        0.60813012987290
H            1.07485282134677        4.17590062476115       -0.03632759200043
H            0.70724397997509        3.54419903771095        1.56810587105422
H           -1.33426501836921        3.83972135467922        0.28098144581250
H           -0.71294809278183        2.85881978081634       -1.04059741911100
H           -1.24274711227900        1.82395930607640        1.78220728728389
H           -0.69065401516780        0.86873530898456        0.40515908885451
H           -3.35894803625496        2.30640483578984        0.64607750140362
H           -2.79867130532978        1.52140648352672       -0.82341618983615
H           -4.37018229313827        0.13023043438993        0.53615666844151
H           -3.20716744880359        0.13375346768921        1.86195310850410
H           -3.08071802823397       -1.96217667791295        0.65811022983312
H           -1.57422426803103       -1.08473398903707        0.44416080633812
H           -3.84391068785565       -1.17109509944367       -1.58602609874261
H           -2.29528625004636       -0.35502171506128       -1.81177274869009
H           -2.29433310315039       -2.55736821887259       -2.93372415192756
H           -2.63314118635974       -3.35892004807724       -1.39884316232747
H           -1.09997780167798       -2.51849941450430       -1.63721310866735
50
 energy: -51.632727235193 gnorm: 0.001170094065 xtb: 6.6.1 (8d0f1dd)
C            0.61894443756013       -1.81340999598006        2.29220726080243
C            1.78208478497915       -2.55186178217233        1.64141080652550
C            1.63146998874939       -2.71199680521201        0.12698785860697
C            1.61212100642799       -1.39950576605012       -0.65927151774493
C            2.88925993916819       -0.58013655614444       -0.49046930503314
C            2.93843134661891        0.66214614356384       -1.38203032160527
C            1.80532379639285        1.66328497938777       -1.14497213985938
C            1.72713373937666        2.15449407672871        0.29909767840532
C            0.72490543218115        3.29299928154840        0.50273012873582
C           -0.70174702284092        2.98095345733374        0.04485547988272
C           -1.28996703520053        1.73124436822577        0.69477660139808
C           -2.73600347263170        1.49432825462356        0.26642459217362
C           -3.30420125426436        0.16610115566407        0.77132900838958
C           -2.63655689500661       -1.08038638388438        0.18625386071060
C           -2.78565951984326       -1.20153139197316       -1.32828992245414
C           -2.16788470587910       -2.49078411086105       -1.85537127716759
H            0.75914510542014       -1.76278186067821        3.36979703515447
H           -0.31866911874159       -2.32823584623596        2.09354682929629
H            0.54180251764407       -0.79551315301306        1.91902990961919
H            2.71429730105434       -2.03091056900303        1.86413670106742
H            1.85430536416374       -3.54917869973258        2.08246310342810
H            2.45691006937885       -3.32830156999380       -0.23842013732266
H            0.70289048047393       -3.25336468221639       -0.07450870505059
H            0.75104283793511       -0.80848090925615       -0.34921245952543
H            1.48167579461677       -1.63480408794557       -1.71928202552050
H            3.74669835690132       -1.21297210130018       -0.73490714419323
H            2.99577471981965       -0.27209600120266        0.54925684494251
H            2.90863168887465        0.34993001274039       -2.42931021555593
H            3.89505541554335        1.16423295180354       -1.21523808076036
H            1.96462293198912        2.52250402474081       -1.80168931756603
H            0.85956749846046        1.20392185289174       -1.43178821939451
H            1.46046773995825        1.32773258017997        0.95721904758765
H            2.71475178407279        2.50918386641006        0.60589673482864
H            1.07357898656056        4.17577851648304       -0.03928237775533
H            0.70720323592060        3.54557703246692        1.56621011562455
H           -1.33449166794837        3.83986713094071        0.28345800804098
H           -0.71611175962362        2.86002034928370       -1.04008658986538
H           -1.24231119046949        1.82418987776738        1.78241459539631
H           -0.69169999471381        0.86944415388658        0.40461527836104
H           -3.35851865597067        2.30688045118719        0.64960106327618
H           -2.79925786271911        1.52627829080785       -0.82253266864434
H           -4.37064651938643        0.13293575755808        0.53424134921375
H           -3.20688143813159        0.13365443123534        1.85966105638061
H           -3.08660470179704       -1.95988156226245        0.65488659474281
H           -1.57720296138647       -1.08740981966580        0.44159876673970
H           -3.84600327671121       -1.17092543710888       -1.58927700277796
H           -2.29654449040340       -0.35663260554808       -1.81536921277716
H           -2.29557263746870       -2.56121703560145       -2.93325228261216
H           -2.63686621509973       -3.35888864109541       -1.39677452848035
H           -1.10311990400444       -2.51989662332195       -1.63478085766445
50
 energy: -51.632821554576 gnorm: 0.005569599275 xtb: 6.6.1 (8d0f1dd)
C            0.62968376557172       -1.82635632543686        2.30730893241384
C            1.79170442731765       -2.56316609072702        1.64717109822681
C            1.64237066040174       -2.71216400041190        0.13056826502196
C            1.62063814715412       -1.39731630709524       -0.65429512548876
C            2.89837746262865       -0.57819820069786       -0.48995262330730
C            2.94284149542668        0.66598258779263       -1.38189649220723
C            1.80607611058377        1.66589776984666       -1.14740837782163
C            1.72798833632497        2.16042130605521        0.29521687804190
C            0.72350557277052        3.29919897802594        0.49646746696321
C           -0.70609159920426        2.98511412510002        0.04623823490683
C           -1.29060454321261        1.73340414700554        0.69618144871281
C           -2.73845783864507        1.50283180172708        0.26894579566691
C           -3.31044456009160        0.17167582491188        0.76396771843649
C           -2.65123017532734       -1.07842385093222        0.17419066461428
C           -2.79778031393629       -1.20096513397154       -1.34042467940057
C           -2.18079204438351       -2.49924542273346       -1.85476870243396
H            0.76848482777244       -1.79845048454382        3.38588149003121
H           -0.30994932462358       -2.33160637484593        2.09579076357854
H            0.56083511617131       -0.80115304947898        1.95295102182670
H            2.72544854051946       -2.04935632097556        1.87785298277440
H            1.85621392257675       -3.56465928466897        2.07763289371432
H            2.46970636821913       -3.32359792459247       -0.23688304371337
H            0.71601857246752       -3.25485134809896       -0.07363883796221
H            0.75958031808979       -0.80733547357336       -0.34362476697444
H            1.49014442115234       -1.63385133212412       -1.71314225724788
H            3.75323640020997       -1.20975002589575       -0.74262680340607
H            3.01245679893548       -0.27323282193999        0.54956638041606
H            2.91456605455166        0.35270931272854       -2.42800851613645
H            3.89635527439739        1.17174657955103       -1.21415838723595
H            1.96632084262287        2.52372595125407       -1.80420516545882
H            0.86160934239471        1.20565765530397       -1.43575091183176
H            1.46568741397284        1.33607039332871        0.95754555806283
H            2.71404779181558        2.52018996111979        0.59759060245194
H            1.06944420539607        4.17809869994781       -0.05166566264647
H            0.70836090380358        3.55619829537797        1.55801877337344
H           -1.33729423915600        3.84176981844831        0.29257177939590
H           -0.72951183531525        2.86725786158632       -1.03842743585049
H           -1.23970694985565        1.82377757814991        1.78305785296282
H           -0.69526284822877        0.87141404627220        0.40261229396573
H           -3.35752439838283        2.31147705367348        0.66318899837834
H           -2.80392654929960        1.54769061738350       -0.81913124476428
H           -4.37625398017842        0.14460941456545        0.52743915124344
H           -3.21053948266843        0.13337613470222        1.85099207089687
H           -3.11242093977503       -1.95228944943505        0.64051091223205
H           -1.59252300150226       -1.09844751037564        0.43167159310343
H           -3.85617039480497       -1.16912508873543       -1.60578660631069
H           -2.30369806702313       -0.36211259027445       -1.83150957959281
H           -2.30183105819743       -2.58023194381498       -2.93216500327842
H           -2.65576209408344       -3.35960083148499       -1.38866140178241
H           -1.11835285535322       -2.52822972699365       -1.62500999656110
50
 energy: -51.632855389697 gnorm: 0.003655402835 xtb: 6.6.1 (8d0f1dd)
C            0.63337118551667       -1.83014582509709        2.30973382000270
C            1.79440868640464       -2.56598086187314        1.64813719137261
C            1.64539267575122       -2.71233486404860        0.13143402821188
C            1.62266268324452       -1.39682046858643       -0.65187748057226
C            2.90033571639039       -0.57712165136998       -0.48930463655614
C            2.94374723594748        0.66686248575734       -1.38126754813445
C            1.80670815593211        1.66627669894010       -1.14775599666726
C            1.72812836598920        2.16229389248921        0.29435678590161
C            0.72331506634833        3.30051283466850        0.49501725544192
C           -0.70640843664637        2.98579691100584        0.04634669950301
C           -1.29096461205643        1.73358247589955        0.69537334326393
C           -2.73924847612427        1.50381636498090        0.26901106451748
C           -3.31282208618229        0.17296304970615        0.76230337373143
C           -2.65531356200314       -1.07759983613878        0.17217442888291
C           -2.80039990346512       -1.20116669255526       -1.34255202904392
C           -2.18478715959222       -2.50024186514452       -1.85448916583885
H            0.77034364378704       -1.80714311840714        3.38871801254866
H           -0.30748471125062       -2.33222075511764        2.09525035675301
H            0.56668497615545       -0.80312189857226        1.96014464195149
H            2.72888804477832       -2.05336554922609        1.87979301005713
H            1.85909024092567       -3.56855469768304        2.07705094490418
H            2.47306602056324       -3.32331805950237       -0.23701252473732
H            0.71937552653024       -3.25581133937854       -0.07395218422226
H            0.76180377361778       -0.80683198185581       -0.33976153197509
H            1.49006307329944       -1.63246382572772       -1.71105098438007
H            3.75548860046067       -1.20865749570147       -0.74275609409286
H            3.01594066620902       -0.27261509697351        0.55046591318719
H            2.91643011417422        0.35323608635044       -2.42767688438121
H            3.89735639192657        1.17341648512387       -1.21406963437962
H            1.96603092111207        2.52374517872658       -1.80597183785806
H            0.86205278208150        1.20557833488707       -1.43566702532911
H            1.46649916644201        1.33793911637493        0.95732051711121
H            2.71450801674295        2.52235725804096        0.59680764920040
H            1.06869173872537        4.17938649555266       -0.05428960224013
H            0.70944906220440        3.55966469652196        1.55643220391065
H           -1.33812038040565        3.84241240733026        0.29348102926676
H           -0.73085826416083        2.86912580836469       -1.03870342604800
H           -1.23928833858066        1.82297692609460        1.78269339730364
H           -0.69569825093295        0.87131806102207        0.40128194469898
H           -3.35757832398972        2.31300248402451        0.66439685853022
H           -2.80563228948367        1.55044099692232       -0.81916827550588
H           -4.37911890026457        0.14748804230054        0.52602248990854
H           -3.21387665222340        0.13324112410619        1.84971136218847
H           -3.11760816506001       -1.95151206411152        0.63813596338194
H           -1.59665668598567       -1.09910418343459        0.43069080777370
H           -3.85876283546840       -1.16817907335136       -1.60939229754289
H           -2.30531620693418       -0.36263121200267       -1.83385845159296
H           -2.30443743143778       -2.58341437419421       -2.93203046683309
H           -2.66143756365111       -3.35963106351484       -1.38792582159559
H           -1.12243929536146       -2.53086736162270       -1.62376119397860
50
 energy: -51.632915885283 gnorm: 0.001886565503 xtb: 6.6.1 (8d0f1dd)
C            0.64688470735706       -1.84343784321200        2.31711117409804
C            1.80515437994992       -2.57572363237769        1.65083019536957
C            1.65649703666821       -2.71309477314386        0.13383491099417
C            1.62930364530821       -1.39458431108883       -0.64274251584622
C            2.90683634719655       -0.57319513197408       -0.48590693208538
C            2.94682413232151        0.66962882767613       -1.37850934121033
C            1.80860941665962        1.66700442250849       -1.14845643534140
C            1.72839898188445        2.16818606276711        0.29187311227072
C            0.72236141541651        3.30442637294284        0.49003410695974
C           -0.70759204709094        2.98738705175008        0.04585118786648
C           -1.29219404821111        1.73342453938896        0.69178885854239
C           -2.74187660738142        1.50699610055537        0.26789845106371
C           -3.32133615076758        0.17777645961375        0.75664822464354
C           -2.66904560962335       -1.07459206042881        0.16657599220122
C           -2.80955127214207       -1.20102950606138       -1.34858495057860
C           -2.19950837673413       -2.50303668318164       -1.85340607261966
H            0.77731871310679       -1.83774768861740        3.39757459545539
H           -0.29755006896023       -2.33505399882522        2.09120720474108
H            0.58812236497447       -0.81022155288480        1.98370133692041
H            2.74131800634124       -2.06587076892250        1.88502479430014
H            1.87099980466222       -3.58170517257944        2.07422524804375
H            2.48536187456529       -3.32166722752464       -0.23836519389575
H            0.73152183875328       -3.25866325713104       -0.07518126831125
H            0.76977934000353       -0.80542854281144       -0.32323192967414
H            1.48878091140280       -1.62596239364049       -1.70282925972675
H            3.76278365602983       -1.20442285391098       -0.74172775795556
H            3.02657044891603       -0.26928505669240        0.55424961017960
H            2.92217669979162        0.35468298284476       -2.42557558683390
H            3.90048790367636        1.17859603697701       -1.21264779879658
H            1.96502046752918        2.52278655588446       -1.81136542179371
H            0.86378578550018        1.20406014310345       -1.43422787855876
H            1.46830625055415        1.34408930406910        0.95658106252678
H            2.71533719171957        2.52963439894461        0.59460108858390
H            1.06530059799642        4.18292424587697       -0.06348792292898
H            0.71244565492541        3.57021070000768        1.55082941168723
H           -1.34063574935198        3.84374017465420        0.29539781935263
H           -0.73419655737193        2.87411740416797       -1.04017435568398
H           -1.23839163531519        1.81968680851253        1.78022412324920
H           -0.69747815553435        0.87066584929231        0.39523225709924
H           -3.35747705835698        2.31825680009639        0.66610411152975
H           -2.81060577438678        1.55743902421872       -0.82053084069462
H           -4.38866126934413        0.15818629665425        0.51969757638707
H           -3.22629783182889        0.13398161037851        1.84515817385157
H           -3.13487095192210       -1.94827648425139        0.63163390018933
H           -1.61064495722231       -1.09978975336339        0.42811118625733
H           -3.86764214443414       -1.16362518676159       -1.61969311884068
H           -2.31025516888474       -0.36407704912091       -1.84005702399665
H           -2.31518923580645       -2.59156238463576       -2.93145848532262
H           -2.68222619653947       -3.35924891701574       -1.38605126030809
H           -1.13748670600011       -2.54000694272824       -1.61979836336037
50
 energy: -51.632945777847 gnorm: 0.003215707372 xtb: 6.6.1 (8d0f1dd)
C            0.65748039049843       -1.85334290942018        2.32117437207162
C            1.81503298100105       -2.58272138221302        1.65183007285568
C            1.66521433390737       -2.71402701876639        0.13461603726570
C            1.63352547844802       -1.39226423731947       -0.63550677474321
C            2.91117078872972       -0.57028304518649       -0.48195942564968
C            2.94921914899020        0.67131620343854       -1.37589055119812
C            1.80951919487060        1.66691414971414       -1.14830372330845
C            1.72821745926705        2.17136457624766        0.29089357415882
C            0.72125153109943        3.30658702484477        0.48668711364165
C           -0.70859790058128        2.98761999375728        0.04404111369970
C           -1.29312789546777        1.73258082805988        0.68820800915771
C           -2.74361600258727        1.50908380121321        0.26522579731413
C           -3.32796406929851        0.18184433476589        0.75296623951773
C           -2.67809037948125       -1.07210698544335        0.16453424718503
C           -2.81628543006785       -1.19983951882756       -1.35090089391201
C           -2.21120416978531       -2.50436491133327       -1.85279095986588
H            0.78278620461775       -1.85986245585736        3.40230962153658
H           -0.28851039239513       -2.33797744244648        2.08610154894831
H            0.60446781129345       -0.81621524297992        1.99901086137784
H            2.75141864930452       -2.07333525804234        1.88693603550147
H            1.88223339969271       -3.59051256428321        2.07133596137244
H            2.49495365342459       -3.31953610822559       -0.24110492703861
H            0.74105515240310       -3.26074566678927       -0.07605710256416
H            0.77555000703231       -0.80493331868135       -0.30805365543470
H            1.48677305314191       -1.61871206382066       -1.69603009862487
H            3.76727116511580       -1.20130644795250       -0.73858457721695
H            3.03249407548260       -0.26553189885173        0.55790663239612
H            2.92589409075076        0.35501650797274       -2.42282861267488
H            3.90235081719376        1.18197204524161       -1.21049068721704
H            1.96394182896955        2.52123590973539       -1.81393801183173
H            0.86524839644882        1.20151336436350       -1.43222656595443
H            1.46845354328576        1.34789541049247        0.95665813592595
H            2.71491701414826        2.53409141292836        0.59371242316581
H            1.06247143189421        4.18434409070344       -0.06962858181954
H            0.71274395190811        3.57592178390657        1.54682300455047
H           -1.34236264149480        3.84342547120513        0.29460241045601
H           -0.73535964212830        2.87565834678825       -1.04224742330574
H           -1.23830553559088        1.81662947164996        1.77693799929499
H           -0.69928020662434        0.86985302276816        0.38929307645647
H           -3.35691350895946        2.32226877424935        0.66362724950561
H           -2.81281146993006        1.55967732462972       -0.82326797397328
H           -4.39511039383491        0.16614154367484        0.51366443315355
H           -3.23629297268135        0.13709515448347        1.84193501437346
H           -3.14607709508346       -1.94500469482005        0.62938033060360
H           -1.61999213987543       -1.09881458770832        0.42769808861944
H           -3.87392463448663       -1.15836823321215       -1.62404826314755
H           -2.31300626129811       -0.36484244127010       -1.84201870075015
H           -2.32503504860669       -2.59404248098709       -2.93110975136011
H           -2.69863792872767       -3.35827003994123       -1.38574508661024
H           -1.14957583393339       -2.54651059245527       -1.61738705590453
50
 energy: -51.632993347663 gnorm: 0.002634935992 xtb: 6.6.1 (8d0f1dd)
C            0.67162039765763       -1.86600549912312        2.32480710230289
C            1.82969699696012       -2.59139188861706        1.65184012077181
C            1.67684876315541       -2.71561187989271        0.13434071261226
C            1.63805302485735       -1.38857187371551       -0.62604833899074
C            2.91603465137288       -0.56654146695561       -0.47527215734134
C            2.95253776406483        0.67311470669130       -1.37190594676994
C            1.81009652626570        1.66609275190602       -1.14722764010377
C            1.72738996775987        2.17388593452645        0.29076936008855
C            0.71919191930450        3.30845324742002        0.48295350667399
C           -0.71007702739364        2.98698190726739        0.03977453017312
C           -1.29451179982918        1.73093686441780        0.68233802874913
C           -2.74576746191932        1.51169475402195        0.25952007380838
C           -3.33647219095335        0.18775559999823        0.74887047610349
C           -2.68814582797193       -1.06877768189941        0.16455200929117
C           -2.82463803307480       -1.19708339930503       -1.35112365609547
C           -2.22699914707149       -2.50531057141900       -1.85214435438495
H            0.79043959055507       -1.88740859740114        3.40636318916736
H           -0.27501508574051       -2.34306332442758        2.07753425796866
H            0.62535672460646       -0.82459770113856        2.01603988503427
H            2.76539511003748       -2.08103810714903        1.88717848756782
H            1.89926293501064       -3.60072029150997        2.06680898195855
H            2.50771256908151       -3.31574602824789       -0.24707280456868
H            0.75394003823659       -3.26386544323842       -0.07711730070528
H            0.78232221460318       -0.80497219745763       -0.28644344586809
H            1.48326345461579       -1.60673934555483       -1.68701255939485
H            3.77191084117371       -1.19764564673281       -0.73153251560110
H            3.03791938420008       -0.25943762782839        0.56375259805058
H            2.93050279492507        0.35450547564134       -2.41804728464627
H            3.90431292257105        1.18610698501861       -1.20665886540312
H            1.96200232416741        2.51871917955620       -1.81526358739493
H            0.86728838865247        1.19680116904468       -1.42915733682655
H            1.46727329730649        1.35168790139672        0.95783254739716
H            2.71326932733410        2.53824688937651        0.59367541770617
H            1.05915049985144        4.18487423070953       -0.07596831358124
H            0.71009876352999        3.58069432052137        1.54216126149247
H           -1.34480254679604        3.84178824551574        0.29031159258888
H           -0.73549600176819        2.87521657036629       -1.04644439780466
H           -1.23883218220405        1.81231172660129        1.77100714306902
H           -0.70219450312047        0.86839967997411        0.38031222612499
H           -3.35587840631561        2.32806429299213        0.65581357773990
H           -2.81408491895402        1.55967464693580       -0.82903605148102
H           -4.40249237899940        0.17571039525297        0.50493489280713
H           -3.24949434500458        0.14474202724310        1.83813770613954
H           -3.15845615864558       -1.94003978210267        0.62975142858297
H           -1.63052459650859       -1.09641836330511        0.42938132600554
H           -3.88153983766270       -1.14928821047953       -1.62563531356498
H           -2.31541820359674       -0.36542520502698       -1.84154597373520
H           -2.33959909290331       -2.59330201522604       -2.93070727323158
H           -2.72082287027211       -3.35632166834087       -1.38658696143044
H           -1.16605457515119       -2.55455668630068       -1.61482036105159
50
 energy: -51.633037946945 gnorm: 0.001285071536 xtb: 6.6.1 (8d0f1dd)
C            0.69362553217730       -1.88561279629184        2.32957796623051
C            1.85318850640480       -2.60451840455382        1.65082873185489
C            1.69485863785160       -2.71811160256417        0.13294658426751
C            1.64453078671272       -1.38265573860409       -0.61199618284871
C            2.92293366222221       -0.56073227533802       -0.46414795689189
C            2.95784252828508        0.67585073066768       -1.36525344326457
C            1.81063241782535        1.66452664958104       -1.14488570082549
C            1.72533401051219        2.17651377875547        0.29147920074984
C            0.71537715562537        3.31066031606557        0.47773974466371
C           -0.71241124414538        2.98575482933864        0.03143257279921
C           -1.29708095010684        1.72874404233876        0.67210503116166
C           -2.74927342168197        1.51593691380921        0.24913372065566
C           -3.34902941842076        0.19750571240579        0.74307722295846
C           -2.70237819635063       -1.06352628314350        0.16633581938759
C           -2.83694912376981       -1.19227803402941       -1.34950536880735
C           -2.25160744159815       -2.50652313118791       -1.85093398122119
H            0.80330399698690       -1.92928807009788        3.41149286584406
H           -0.25320073756534       -2.35234150349964        2.06405506434769
H            0.65651557161620       -0.83800248239851        2.04073508208186
H            2.78753552646784       -2.09221402493801        1.88636727237573
H            1.92654498955921       -3.61596618887831        2.05904172491600
H            2.52755651849462       -3.30906652664824       -0.25806180153255
H            0.77418640176724       -3.26932876376112       -0.07900626563570
H            0.79183159832417       -0.80568753969419       -0.25412037398849
H            1.47826169386740       -1.58748145397970       -1.67364608302759
H            3.77839767870480       -1.19236947370349       -0.71884034060094
H            3.04492457509880       -0.24967436163103        0.57354372591920
H            2.93798796225355        0.35335409101191       -2.40992292785425
H            3.90713348085063        1.19276256231825       -1.19999520099786
H            1.95877102073780        2.51519398224240       -1.81559885744724
H            0.87057170925948        1.18907119006442       -1.42492172711882
H            1.46434325983755        1.35646307768636        0.96061675988759
H            2.70985513801097        2.54317741946122        0.59469626192116
H            1.05503453990787        4.18511168435219       -0.08371769274474
H            0.70310141108269        3.58599381339003        1.53575448670429
H           -1.34892941894964        3.83908633921345        0.28059009530964
H           -0.73480052417559        2.87332808479995       -1.05456621343107
H           -1.24024970984507        1.80644613732769        1.76060134364594
H           -0.70731072337167        0.86617145439807        0.36601182839725
H           -3.35456594006099        2.33768855897754        0.64085281758973
H           -2.81561131615705        1.55875073883136       -0.83959390756603
H           -4.41310807885900        0.18937828124859        0.49197311896471
H           -3.26872818917095        0.15954600234672        1.83273757721889
H           -3.17654233173198       -1.93177933143674        0.63251036245810
H           -1.64553795436186       -1.09288888337834        0.43389599250983
H           -3.89272838652033       -1.13383779376256       -1.62543330321617
H           -2.31819410874005       -0.36627564769441       -1.83903025618518
H           -2.36275760202625       -2.59023941071758       -2.92987590340100
H           -2.75572783965908       -3.35298015972867       -1.38832219534394
H           -1.19188365317591       -2.56705750897115       -1.61076729086994
50
 energy: -51.633053272788 gnorm: 0.000815252876 xtb: 6.6.1 (8d0f1dd)
C            0.70565063946937       -1.89663875184282        2.33155930847676
C            1.86630561761023       -2.61146925712173        1.64902175625705
C            1.70447293054508       -2.71931647200091        0.13108341871061
C            1.64783035987507       -1.37968391723212       -0.60564002241375
C            2.92600703366802       -0.55751963639329       -0.45763456949038
C            2.96085107396829        0.67753826466971       -1.36098818309646
C            1.81067319826390        1.66361312383222       -1.14284770696513
C            1.72311174962827        2.17658357131500        0.29289580176117
C            0.71248132883850        3.31108363991279        0.47563465778557
C           -0.71370228266121        2.98530706431343        0.02473338791262
C           -1.29925958700172        1.72866829778850        0.66512237224175
C           -2.75168139917690        1.51878147315039        0.24197892244505
C           -3.35465868115847        0.20356851886343        0.74055147064734
C           -2.70880363399678       -1.06052758832270        0.16894061967331
C           -2.84269794986986       -1.18938698839134       -1.34675450757708
C           -2.26494144346961       -2.50715440953721       -1.84957172084695
H            0.81203779504539       -1.95064054648623        3.41277856507617
H           -0.24046377282067       -2.35921575877091        2.05842228100764
H            0.67108102005459       -0.84672277571787        2.05242079648218
H            2.79985046076707       -2.09812435500131        1.88476860408665
H            1.94165201579787       -3.62399095253810        2.05351423639996
H            2.53824120757876       -3.30456664016355       -0.26552499236157
H            0.78536313150731       -3.27279823080486       -0.08074095610262
H            0.79596463112783       -0.80715387807349       -0.24008389996858
H            1.47734841547594       -1.57774658786039       -1.66746031446397
H            3.78143970185242       -1.18961796254796       -0.71060171271735
H            3.04719736933293       -0.24450620761056        0.57947849508233
H            2.94267165465688        0.35295505684544       -2.40479283126352
H            3.90846589477760        1.19682841640391       -1.19523192823866
H            1.95727671668591        2.51414174604835       -1.81369968533965
H            0.87257894954096        1.18502804838400       -1.42361809247440
H            1.46115905991090        1.35768656283981        0.96294082310272
H            2.70686192307066        2.54408196751343        0.59682725782799
H            1.05422610296828        4.18490177500031       -0.08498505186008
H            0.69582256417236        3.58625253710756        1.53342542805230
H           -1.35143761433864        3.83822507212675        0.27137351892847
H           -0.73316636459285        2.87152035065038       -1.06107347926935
H           -1.24205407698842        1.80541996118438        1.75349189300532
H           -0.71098860352000        0.86550302142540        0.35818390068502
H           -3.35475644212180        2.34356039381444        0.63027803023237
H           -2.81681555251418        1.55803907132532       -0.84687048117840
H           -4.41778361163983        0.19546505564403        0.48672140903106
H           -3.27641524772366        0.17072773755374        1.83029569925665
H           -3.18583425669257       -1.92647863882010        0.63605625338216
H           -1.65250386509328       -1.09173016748496        0.43838809050525
H           -3.89780141716529       -1.12440036852805       -1.62297777137197
H           -2.31848591934805       -0.36704189633824       -1.83613202960738
H           -2.37541699000152       -2.58738404909924       -2.92870985681077
H           -2.77519180462425       -3.35083439127014       -1.38912049040517
H           -1.20618802967081       -2.57425129975468       -1.60783671423225
50
 energy: -51.633067145329 gnorm: 0.001097543941 xtb: 6.6.1 (8d0f1dd)
C            0.71048521460460       -1.90192266314900        2.33246536138946
C            1.87123257458252       -2.61459538948656        1.64719022490513
C            1.70832502817190       -2.71969738659688        0.12925733123102
C            1.64947173594134       -1.37914519511144       -0.60522772753536
C            2.92689823909754       -0.55618651402720       -0.45512590455509
C            2.96222239745351        0.67879573727166       -1.35853490913453
C            1.81072953174238        1.66371368249218       -1.14148437966614
C            1.72095044422811        2.17570141409966        0.29433662352934
C            0.71044708129088        3.31082738845058        0.47545641703729
C           -0.71424671384947        2.98603955993684        0.01972794238960
C           -1.30127940725466        1.73065787338262        0.66087138869790
C           -2.75360208773099        1.52091276131038        0.23796597634435
C           -3.35561542598032        0.20684594939489        0.74017563951715
C           -2.71066703559702       -1.05901181706514        0.17092317021905
C           -2.84406381215921       -1.18827280977164       -1.34458885285777
C           -2.27009391878500       -2.50799247562979       -1.84750435769154
H            0.81820424939056       -1.95940282574709        3.41319472055462
H           -0.23516896160347       -2.36456955494833        2.05857694243125
H            0.67489516358426       -0.85132860681625        2.05638570453261
H            2.80469439285147       -2.10149820663658        1.88365080656223
H            1.94701313038590       -3.62789575966932        2.04953610450488
H            2.54263242967432       -3.30258830498463       -0.26932138850322
H            0.79006248649098       -3.27453278506159       -0.08264948717012
H            0.79658995276458       -0.80860251416707       -0.23981769075833
H            1.48034327147761       -1.57600288124774       -1.66723409768811
H            3.78283814413876       -1.18815049322730       -0.70695054924456
H            3.04684050062196       -0.24327267451517        0.58216171382781
H            2.94558972236291        0.35392229995239       -2.40221250430981
H            3.90899673040166        1.19913335851416       -1.19174431118053
H            1.95761955865101        2.51516174410320       -1.81112977263788
H            0.87368972913697        1.18447129652459       -1.42455982157568
H            1.45794291916509        1.35692293676738        0.96410091369057
H            2.70437464236936        2.54289416173724        0.59964012745628
H            1.05529851229916        4.18518007859999       -0.08234380148352
H            0.68964184463049        3.58403660076303        1.53369161751375
H           -1.35252756592198        3.83947239129291        0.26340935156182
H           -0.73106322864474        2.87084326349307       -1.06598468135549
H           -1.24419220626191        1.80861252349648        1.74921228035871
H           -0.71362555986739        0.86650082654119        0.35542179032470
H           -3.35641673768493        2.34652254127791        0.62487699618425
H           -2.81888427074234        1.55870996767231       -0.85092239774918
H           -4.41897675186772        0.19704492943230        0.48776298698814
H           -3.27557041037971        0.17750208028851        1.82983169796723
H           -3.19017886965004       -1.92329143084532        0.63856650887312
H           -1.65472843582705       -1.09255930847529        0.44175641523994
H           -3.89882659062739       -1.12009592359057       -1.62103813582833
H           -2.31719735728724       -0.36794950723926       -1.83431202090982
H           -2.37976545990427       -2.58687117348809       -2.92675858852519
H           -2.78377709165883       -3.34997014206543       -1.38808310242138
H           -1.21198772822412       -2.57844002323285       -1.60462827105062
50
 energy: -51.633091100356 gnorm: 0.001201846136 xtb: 6.6.1 (8d0f1dd)
C            0.72216573010773       -1.91587653467977        2.33431683501259
C            1.88251112489975       -2.62316730109300        1.64231579232100
C            1.71740242295546       -2.72164228926044        0.12426849206777
C            1.65438605564153       -1.37881778868449       -0.60563926670927
C            2.92928429408172       -0.55286407727515       -0.44975215893968
C            2.96583949324152        0.68253950932930       -1.35223111657910
C            1.81165346173881        1.66488281893078       -1.13827906421827
C            1.71543909260218        2.17429301584621        0.29793370578672
C            0.70551005689454        3.31072807935880        0.47525116574803
C           -0.71542893657560        2.98869055466426        0.00712331818053
C           -1.30690183194162        1.73675580394597        0.65031942222478
C           -2.75913191291211        1.52642427322755        0.22855403514013
C           -3.35822867858886        0.21481569497199        0.74001730816879
C           -2.71586468178126       -1.05485863473016        0.17568408158253
C           -2.84675545306371       -1.18588451303576       -1.33970361048724
C           -2.28214467597916       -2.51056432353166       -1.84080820598530
H            0.83355575799904       -1.97984185480003        3.41427881678511
H           -0.22341172895354       -2.37891852020050        2.06037639314862
H            0.68369160446778       -0.86369650510974        2.06442056245935
H            2.81592580862455       -2.11063000615044        1.88029454359923
H            1.95971321661259       -3.63848078712329        2.03939316413057
H            2.55308032245876       -3.30010653800771       -0.27797516298478
H            0.80070696296518       -3.27890273476415       -0.08859708872224
H            0.79824928444470       -0.81217836970454       -0.24125541178103
H            1.48934590769678       -1.57327995413191       -1.66886274386122
H            3.78724201544626       -1.18343785202487       -0.69870043955449
H            3.04485305579479       -0.24093004749106        0.58835978352351
H            2.95349749320394        0.35800277143963       -2.39611177497504
H            3.91096234988897        1.20480848387156       -1.18202386366732
H            1.95977976063725        2.51830344358404       -1.80531888486619
H            0.87677034753225        1.18446756351936       -1.42675556301087
H            1.44854952206052        1.35496291512195        0.96554027384787
H            2.69797468333222        2.53977220892325        0.60830175277777
H            1.05747511245600        4.18700265765422       -0.07525681663402
H            0.67515215437863        3.57904808138704        1.53465423777814
H           -1.35467685259762        3.84396074331144        0.24251174028723
H           -0.72416058342554        2.86965531323656       -1.07834086664746
H           -1.25052469637724        1.81865363021872        1.73855794260833
H           -0.72044163811538        0.87011183601482        0.34915904844012
H           -3.36178988448752        2.35380918309890        0.61225062229859
H           -2.82559988425980        1.55971667895765       -0.86045003760320
H           -4.42286446278569        0.20189231207500        0.49278970409633
H           -3.27274058483854        0.19262586767642        1.82953567174766
H           -3.20093765299097       -1.91559542323553        0.64414840222106
H           -1.66083785419253       -1.09343208292883        0.44989350050320
H           -3.90064214434965       -1.11004369551339       -1.61782119764380
H           -2.31291793909143       -0.37022047543647       -1.82981143758870
H           -2.38891854023898       -2.58766115510068       -2.92048919415916
H           -2.80476900424823       -3.34829152947346       -1.38367516792756
H           -1.22545347036849       -2.59002144687844       -1.59440124193958
50
 energy: -51.633104370311 gnorm: 0.000893109712 xtb: 6.6.1 (8d0f1dd)
C            0.72961658271179       -1.92583964414399        2.33454011614046
C            1.88920966097983       -2.62976738591325        1.63843539779278
C            1.72304338769874       -2.72375409790307        0.12023792932583
C            1.65866301413996       -1.37960264597546       -0.60705322051402
C            2.93126863079640       -0.55089192919109       -0.44653965014983
C            2.96862283140125        0.68544693696659       -1.34758808392888
C            1.81313397089685        1.66654781757693       -1.13617834581941
C            1.71167114381403        2.17415891830740        0.30036960136632
C            0.70229490734468        3.31138284984572        0.47507540280093
C           -0.71623406299742        2.99100615199706       -0.00108801569340
C           -1.31122740662526        1.74167500994014        0.64379952952360
C           -2.76346371532799        1.53025754684310        0.22298029453198
C           -3.36064020972478        0.22014254100983        0.74051321245528
C           -2.72001648543827       -1.05153764979460        0.17879451831127
C           -2.84814332507866       -1.18458605340371       -1.33672366974420
C           -2.28960495377443       -2.51271694232993       -1.83461596460902
H            0.84400478393642       -1.99177012690845        3.41409110750487
H           -0.21613565725524       -2.38983683943132        2.06264960297524
H            0.68852359808201       -0.87324855373411        2.06685768883990
H            2.82258467785265       -2.11734139606557        1.87694739392393
H            1.96791705155388       -3.64642337682482        2.03198775475209
H            2.55912330619178       -3.30055785094740       -0.28367267365681
H            0.80686614187547       -3.28141127040673       -0.09384936690029
H            0.79999870302277       -0.81545341658539       -0.24440743230739
H            1.49671473156720       -1.57298059407221       -1.67103866278411
H            3.79140254096249       -1.17939106912919       -0.69345122108460
H            3.04274365440942       -0.23981804468673        0.59231550041575
H            2.95971513351807        0.36210969583951       -2.39195831673331
H            3.91282168076393        1.20850529383291       -1.17421749000368
H            1.96259991952937        2.52088685405336       -1.80183112093924
H            0.87951466042901        1.18562752853718       -1.42801109412476
H            1.44094446216370        1.35391995045684        0.96539149888688
H            2.69341465936843        2.53783725293825        0.61556076238433
H            1.05818308985475        4.18897618013715       -0.07093955363599
H            0.66627181653226        3.57687856019304        1.53506169431927
H           -1.35569844303693        3.84788154158875        0.22804757591974
H           -0.71859211541436        2.86885479742525       -1.08623705606864
H           -1.25558119248209        1.82679030396580        1.73189311641941
H           -0.72540521725973        0.87346496811592        0.34568762368527
H           -3.36630653897544        2.35865101134489        0.60430455880625
H           -2.83113981021770        1.55947017716232       -0.86605383557062
H           -4.42634727915901        0.20614253647412        0.49761221665329
H           -3.27106160155096        0.20162020208564        1.82983160143484
H           -3.20808537764572       -1.91047993848962        0.64746251597817
H           -1.66560216552447       -1.09233073101167        0.45522556277307
H           -3.90104843860855       -1.10373497153793       -1.61732828037360
H           -2.30908578593812       -0.37232094582609       -1.82686535955003
H           -2.39332592177915       -2.59037717241410       -2.91459151376197
H           -2.81842978022278       -3.34711433259163       -1.37846709607157
H           -1.23411925736009       -2.59836864731968       -1.58497675389528
50
 energy: -51.633117325189 gnorm: 0.000503548529 xtb: 6.6.1 (8d0f1dd)
C            0.73941444017671       -1.93929181552192        2.33415401959861
C            1.89831252310726       -2.63911552438955        1.63349840931394
C            1.73083638204202       -2.72717329285019        0.11499078953289
C            1.66496024970408       -1.38049305995195       -0.60797500775013
C            2.93474012176665       -0.54839424971414       -0.44221269749339
C            2.97298601895697        0.68925887367335       -1.34150581512263
C            1.81567134588184        1.66878267192421       -1.13374385723472
C            1.70770691255746        2.17549752776689        0.30279233005803
C            0.69855420376221        3.31333388058318        0.47364478938867
C           -0.71781108964836        2.99365743023078       -0.00955226774738
C           -1.31641410618527        1.74693753512788        0.63722614993249
C           -2.76885928388672        1.53514228711351        0.21716863210488
C           -3.36579664007802        0.22701148179147        0.74048550864123
C           -2.72719752473838       -1.04681743528077        0.18159229179033
C           -2.85090774837534       -1.18281638688641       -1.33426759624751
C           -2.29965609485706       -2.51606605744324       -1.82574979317386
H            0.85640408329263       -2.00794505823282        3.41366780392262
H           -0.20681204147587       -2.40381732216369        2.06343153233788
H            0.69647195477556       -0.88575234112302        2.06939859315845
H            2.83159509721852       -2.12666718055843        1.87268707604573
H            1.97896208892750       -3.65744901207769        2.02260026925530
H            2.56698757111285       -3.30254739776015       -0.29121752505163
H            0.81469081375888       -3.28427946859328       -0.10084165590420
H            0.80386430896560       -0.81938365872355       -0.24539436380656
H            1.50558004792964       -1.57141628043087       -1.67299769953782
H            3.79770034284275       -1.17389689541354       -0.68682729253595
H            3.04130088994842       -0.23825852346342        0.59747560726468
H            2.96851409900269        0.36743965621521       -2.38648025390859
H            3.91604985820351        1.21319780509748       -1.16391292509724
H            1.96672463893559        2.52339006064874       -1.79872331582651
H            0.88348780221322        1.18695235252142       -1.42884744930365
H            1.43219135518395        1.35443511379255        0.96489645851524
H            2.68824156587063        2.53737295651115        0.62398152952089
H            1.05723942194842        4.19144553025575       -0.06976537952553
H            0.65782048599314        3.57795261579200        1.53367493730440
H           -1.35733736111661        3.85218244477007        0.21304836387474
H           -0.71363302171313        2.86782297491361       -1.09421872181310
H           -1.26149597584398        1.83510458524257        1.72512602798252
H           -0.73141943655666        0.87721040630232        0.34181292792550
H           -3.37139564688480        2.36511805916805        0.59560018081372
H           -2.83741104599219        1.55939020175781       -0.87191200442134
H           -4.43237083155138        0.21360895274449        0.50102176902425
H           -3.27320867309860        0.21128002625339        1.82965303807192
H           -3.21823421869763       -1.90410347643745        0.65028951274532
H           -1.67350336127016       -1.08928552353419        0.46081294414388
H           -3.90228984445605       -1.09571891171120       -1.61912571612313
H           -2.30449712390269       -0.37528189655394       -1.82440464789889
H           -2.39869478366526       -2.59622716299119       -2.90608519372214
H           -2.83667703290204       -3.34564130169092       -1.36993726076350
H           -1.24581173718252       -2.60910719670043       -1.57104305225868
50
 energy: -51.633128121241 gnorm: 0.000722819628 xtb: 6.6.1 (8d0f1dd)
C            0.74553394075864       -1.94922578672817        2.33111741822248
C            1.90414329459223       -2.64641624753275        1.62820404469052
C            1.73574598320447       -2.73033054348813        0.10957069237974
C            1.67024052778195       -1.38180927553048       -0.61023371203417
C            2.93757844582396       -0.54707665525629       -0.43888053500541
C            2.97695306120153        0.69211430122189       -1.33616352765293
C            1.81852953049857        1.67083440065682       -1.13159542768934
C            1.70482162926246        2.17698719695190        0.30479872428260
C            0.69587386419045        3.31539705825307        0.47195669276646
C           -0.71935613833185        2.99545240874036       -0.01467663857923
C           -1.32055242718739        1.75091698853798        0.63408708264601
C           -2.77297112356266        1.53880583071132        0.21387743575007
C           -3.37069784702726        0.23230520591447        0.74069396375409
C           -2.73263826235632       -1.04261721177808        0.18416955408760
C           -2.85205430513245       -1.18183165697574       -1.33190606508423
C           -2.30578273606385       -2.51911359071827       -1.81674663908343
H            0.86507085760572       -2.01567619581817        3.41022966145953
H           -0.20051920382765       -2.41583802546052        2.06394222366454
H            0.69935566345068       -0.89646705754762        2.06514942215470
H            2.83715487385301       -2.13353471611855        1.86758074850637
H            1.98642768730702       -3.66562993496524        2.01463533443552
H            2.57120333564429       -3.30572527016905       -0.29809629266759
H            0.81897781496618       -3.28587862553485       -0.10760228710815
H            0.80708993363511       -0.82311233460735       -0.24855025433033
H            1.51371587719907       -1.57073684031937       -1.67607480504803
H            3.80313751055832       -1.16986360921040       -0.68114008235819
H            3.03913264768950       -0.23789261141136        0.60160905885072
H            2.97649182831652        0.37216625597328       -2.38176594740608
H            3.91908991534884        1.21639980745062       -1.15442014424041
H            1.97126361155011        2.52544284498461       -1.79619870708341
H            0.88745843709479        1.18846649595102       -1.42935872791931
H            1.42522738554835        1.35544076667285        0.96462204979846
H            2.68416559893068        2.53760515600642        0.63105003698554
H            1.05573875026980        4.19304379021080       -0.07146514405349
H            0.65283358387342        3.58113073962353        1.53158902529074
H           -1.35870357207283        3.85524295713772        0.20317596725728
H           -0.71112246602133        2.86630481524486       -1.09884328188498
H           -1.26657422600700        1.84158548691232        1.72180172376178
H           -0.73603219861389        0.88012687447483        0.34091345525831
H           -3.37537056034608        2.37014547571761        0.58943256261333
H           -2.84132902790089        1.55889498651376       -0.87524964760792
H           -4.43759159910914        0.21973845781783        0.50250047487580
H           -3.27711924978208        0.21810685813390        1.82981287390879
H           -3.22503706772027       -1.89916383939380        0.65276690401132
H           -1.67956301609509       -1.08508751339347        0.46569152473522
H           -3.90180944470927       -1.09036846592403       -1.62118361768691
H           -2.29976433281268       -0.37844813000059       -1.82213267005608
H           -2.40038455507920       -2.60302571537010       -2.89723758251182
H           -2.84881046892995       -3.34435699305785       -1.36036415123541
H           -1.25359776146655       -2.61684931350361       -1.55710276782060
50
 energy: -51.633138961338 gnorm: 0.000743971160 xtb: 6.6.1 (8d0f1dd)
C            0.74641600508068       -1.95248216857993        2.32728275341324
C            1.90528590878260       -2.64933995509173        1.62464601907062
C            1.73695666673144       -2.73211429261246        0.10597410108570
C            1.67270493792823       -1.38255728092653       -0.61226055122384
C            2.93902019709866       -0.54705654218517       -0.43745014586705
C            2.97955494229306        0.69312732584424       -1.33345525870467
C            1.82049305464897        1.67154235191369       -1.13064335904728
C            1.70433668293959        2.17850644248691        0.30527695895807
C            0.69512386268902        3.31698364327659        0.47005473989292
C           -0.72066172183065        2.99569573233216       -0.01434397825788
C           -1.32200243515306        1.75182597343637        0.63570016068905
C           -2.77427133525182        1.54029133162059        0.21426647212437
C           -3.37411314917256        0.23442933837898        0.74030535019300
C           -2.73529765123136       -1.04058830827855        0.18515334103267
C           -2.85181081109571       -1.18169253514169       -1.33106745982953
C           -2.30658778901469       -2.52120771857219       -1.81072920325841
H            0.86744735545373       -2.01581426834831        3.40675567074233
H           -0.19912341167875       -2.42174840937369        2.06233248144303
H            0.69829824889958       -0.90035100442606        2.05819226952872
H            2.83812014852285       -2.13623165112883        1.86424834951178
H            1.98794240396135       -3.66871189633711        2.01056600712701
H            2.57151274331504       -3.30848774119186       -0.30223314129213
H            0.81928819675811       -3.28597952723834       -0.11167006015092
H            0.80873193865076       -0.82471591316939       -0.25126041942407
H            1.51805842712973       -1.57019196135072       -1.67856407200296
H            3.80576814312013       -1.16861499265529       -0.67836287516124
H            3.03788643605191       -0.23858868923481        0.60348110828620
H            2.98126225486339        0.37424571772217       -2.37935948635325
H            3.92121289475575        1.21740771151898       -1.14924572168546
H            1.97420294568197        2.52576698674036       -1.79546927215025
H            0.88982426500997        1.18904520209670       -1.42946184699820
H            1.42330694671033        1.35729234027620        0.96481762874135
H            2.68297023633644        2.53925616063926        0.63334951156830
H            1.05387557926863        4.19291925412412       -0.07679453775810
H            0.65351568291739        3.58630688004755        1.52879227154010
H           -1.35971972613161        3.85571451374576        0.20298431144588
H           -0.71319103984319        2.86512632125876       -1.09826003678333
H           -1.26865451899187        1.84324710930591        1.72333794365327
H           -0.73752750983013        0.88078585839463        0.34329591390986
H           -3.37642579167001        2.37234790371040        0.58852823565296
H           -2.84129416744351        1.55937428857725       -0.87491899103327
H           -4.44048069088321        0.22299788338903        0.49988285792582
H           -3.28295671275566        0.21980234286143        1.82959097974167
H           -3.22768070876463       -1.89725354441173        0.65364180580459
H           -1.68255567321909       -1.08194247051465        0.46810384391329
H           -3.90058703775767       -1.08894653947979       -1.62328901651722
H           -2.29667301906415       -0.38045689636297       -1.82148577976023
H           -2.39846162077547       -2.60856175645862       -2.89117123462236
H           -2.85217621968039       -3.34405390080114       -1.35312580042884
H           -1.25529036436013       -2.61976964982655       -1.54794883868527
50
 energy: -51.633153541313 gnorm: 0.000614464437 xtb: 6.6.1 (8d0f1dd)
C            0.74473850368191       -1.95481811361605        2.31887278598711
C            1.90473663603054       -2.65172845308775        1.61800380232033
C            1.73654989846350       -2.73413017123031        0.09935463084907
C            1.67483041866155       -1.38359413188133       -0.61739540297279
C            2.93986580474651       -0.54762164727576       -0.43554199572781
C            2.98317126616479        0.69394710541294       -1.32951942011115
C            1.82329101827691        1.67203382294717       -1.12906743260403
C            1.70390049536018        2.17976439235567        0.30631776689146
C            0.69452445100935        3.31866452217503        0.46739339365057
C           -0.72241845826297        2.99531456007018       -0.01268517794150
C           -1.32359659081722        1.75261889026076        0.63980662369503
C           -2.77520468498811        1.54175121241103        0.21549633265048
C           -3.37845900971713        0.23693681944688        0.74011283289620
C           -2.73690050265844       -1.03812988615022        0.18845702271027
C           -2.84899944218583       -1.18215788347888       -1.32781361907720
C           -2.30445281968101       -2.52424084829001       -1.80128793978313
H            0.86864975481729       -2.00880235478654        3.39824812475594
H           -0.19938837765303       -2.42988311846918        2.05975829140889
H            0.69148462195221       -0.90518572631315        2.04164851112208
H            2.83717334526063       -2.13804102193902        1.85774863026365
H            1.98746432321187       -3.67072231015129        2.00469388648949
H            2.56984887520751       -3.31195207573631       -0.30927424535280
H            0.81770331441834       -3.28591893238556       -0.11860547381599
H            0.80918055041486       -0.82685466971592       -0.25884376743313
H            1.52470194079978       -1.56941573689295       -1.68460678600436
H            3.80815497358094       -1.16817234642468       -0.67341249276717
H            3.03382432454172       -0.24032538718662        0.60619459397678
H            2.98835674439814        0.37663220464039       -2.37584327159338
H            3.92405471702568        1.21812002089410       -1.14131871281050
H            1.97831738367929        2.52603739386805       -1.79384867935014
H            0.89330624552285        1.18933015399041       -1.42971456544788
H            1.42141052335028        1.35937066254185        0.96624524954118
H            2.68168756671758        2.54110629384140        0.63614193793330
H            1.05188879684611        4.19157757175737       -0.08526186637916
H            0.65533605984511        3.59380810976391        1.52477969153469
H           -1.36120734809222        3.85559093593712        0.20447873144538
H           -0.71750793466903        2.86256605248545       -1.09642005156875
H           -1.27180998205533        1.84563163577960        1.72735080067441
H           -0.73887771199556        0.88107078693832        0.34946050797577
H           -3.37727447415225        2.37493076938662        0.58735199081948
H           -2.83905572492330        1.55993113056096       -0.87392917835467
H           -4.44353051083934        0.22583773766850        0.49404421684181
H           -3.29287128624698        0.22279509668772        1.82989251830452
H           -3.22912232199130       -1.89488504738892        0.65694415878215
H           -1.68482314975205       -1.07754615258480        0.47406814318830
H           -3.89652630849359       -1.08816421539573       -1.62390076154896
H           -2.29054399893855       -0.38345982505524       -1.81843957984102
H           -2.39281664811517       -2.61566659999139       -2.88164298734055
H           -2.85292500168808       -3.34427810784634       -1.34221492031084
H           -1.25426626606899       -2.62309411854759       -1.53428684857134
50
 energy: -51.633163578788 gnorm: 0.000464116331 xtb: 6.6.1 (8d0f1dd)
C            0.74431587346606       -1.95782421013445        2.31205587020555
C            1.90505191761187       -2.65443796533615        1.61171120350372
C            1.73744553487597       -2.73560633860818        0.09297197499841
C            1.67669064739556       -1.38380254721362       -0.62149667488842
C            2.94051520418898       -0.54741078586145       -0.43320597512646
C            2.98666969941255        0.69503217106195       -1.32565258733781
C            1.82535897094655        1.67205008254863       -1.12761633858086
C            1.70328858747368        2.18068190389730        0.30717246596258
C            0.69368387973794        3.31988885324126        0.46495010586099
C           -0.72380553621642        2.99513830227411       -0.01239751520493
C           -1.32513982789811        1.75366369677465        0.64213574906023
C           -2.77615364096109        1.54365532624946        0.21535120195829
C           -3.38241267203572        0.24007775440007        0.73916297285041
C           -2.73885544403277       -1.03627999844583        0.19267305416726
C           -2.84660000739145       -1.18276193358410       -1.32361368687314
C           -2.30372092921962       -2.52730330772105       -1.79278413275614
H            0.87086349576994       -2.00696470443980        3.39171306233463
H           -0.19841242368862       -2.43774364093999        2.05650475625640
H            0.68695927749620       -0.90937219357260        2.02990983066600
H            2.83717631138863       -2.14068382101829        1.85228226390181
H            1.98770895551288       -3.67363283881165        1.99800749084256
H            2.57062635060163       -3.31301337200868       -0.31647527807673
H            0.81848457200902       -3.28689519630947       -0.12566089591073
H            0.80915455954184       -0.82854782674251       -0.26539977839264
H            1.53095543234652       -1.56755416840359       -1.68960037522629
H            3.80998751369164       -1.16752763730792       -0.66792048004657
H            3.02991249446248       -0.24114670399955        0.60921724505883
H            2.99544005033910        0.37865169517534       -2.37219834835127
H            3.92651291999660        1.21969607103057       -1.13377687091152
H            1.98099574787894        2.52615433749788       -1.79208364100834
H            0.89632562113574        1.18863171430642       -1.43007441296163
H            1.41994421518434        1.36116273489655        0.96778321058552
H            2.68043777525931        2.54267806386506        0.63813390918747
H            1.05072260320451        4.19029974758847       -0.09173210262682
H            0.65541445285018        3.59945854270399        1.52119040905564
H           -1.36247311033613        3.85564685336255        0.20434750346608
H           -0.72090178847724        2.86068346823591       -1.09598552673850
H           -1.27483091306059        1.84851315823193        1.72958597819099
H           -0.74034440961763        0.88134562193727        0.35416876579619
H           -3.37796437576631        2.37796702827571        0.58511515987735
H           -2.83731580564642        1.56132835970982       -0.87425847890603
H           -4.44615378801952        0.22873366871790        0.48750978340081
H           -3.30249330964858        0.22804531527141        1.82936624350752
H           -3.23278800505805       -1.89200611375215        0.66133618722019
H           -1.68770087480272       -1.07533188617304        0.48181469230955
H           -3.89306311535884       -1.08682933800101       -1.62297254091067
H           -2.28474582327722       -0.38642941889744       -1.81434343969847
H           -2.38903688774966       -2.62071031319295       -2.87314353395308
H           -2.85559796499652       -3.34495543125833       -1.33345983204051
H           -1.25455801051946       -2.62783377952048       -1.52232864369736
50
 energy: -51.633170914776 gnorm: 0.000347227461 xtb: 6.6.1 (8d0f1dd)
C            0.74391050247561       -1.96075290044971        2.30717779110106
C            1.90531115090368       -2.65644503640897        1.60680755464519
C            1.73843707450589       -2.73623375778467        0.08792889190247
C            1.67777823388011       -1.38375848630045       -0.62502998711169
C            2.94047043934179       -0.54685365921497       -0.43137165534475
C            2.98890973944651        0.69607768223381       -1.32279408248094
C            1.82647690013299        1.67210005274823       -1.12661479479198
C            1.70258942867690        2.18091558359930        0.30791771887195
C            0.69300351178088        3.32041266139734        0.46369992940274
C           -0.72437329055376        2.99528342165860       -0.01337576461015
C           -1.32632452122493        1.75495476316519        0.64266584306295
C           -2.77680443975063        1.54510621748664        0.21413457383360
C           -3.38488626047678        0.24279040254499        0.73869518955661
C           -2.74015718491699       -1.03513595293215        0.19710633076702
C           -2.84421443921110       -1.18368066544797       -1.31913222442473
C           -2.30304397828156       -2.52962331857050       -1.78647706782955
H            0.87239050813839       -2.00672636673140        3.38657634991296
H           -0.19809308695051       -2.44339843759132        2.05419593518480
H            0.68376282163401       -0.91318795480711        2.02252989830444
H            2.83732829149835       -2.14299868446192        1.84838753359404
H            1.98749896983989       -3.67588537604916        1.99245875255826
H            2.57230591249614       -3.31237521570065       -0.32173312345959
H            0.82010722551833       -3.28809724106276       -0.13186310242436
H            0.80848454757246       -0.82986451724412       -0.27116187310550
H            1.53580597440652       -1.56613622609581       -1.69385085719316
H            3.81087772194756       -1.16673981989358       -0.66332759530735
H            3.02613217445802       -0.24129113049093        0.61155446011373
H            3.00069745979952        0.38037184195667       -2.36948753964269
H            3.92784782997419        1.22122992079949       -1.12803008670373
H            1.98217328483305        2.52640397566749       -1.79082232242779
H            0.89833589561030        1.18782062158347       -1.43034723377519
H            1.41876872832252        1.36186103290262        0.96890235848628
H            2.67941180444911        2.54321770493126        0.63951301885130
H            1.05060488536887        4.18967058279588       -0.09431280291288
H            0.65432759654840        3.60170273951820        1.51942501266602
H           -1.36294175196542        3.85615153355265        0.20245120863110
H           -0.72196531563862        2.85956662076404       -1.09684671983234
H           -1.27728506857381        1.85164636285857        1.73003437238223
H           -0.74147378658994        0.88187669740459        0.35704703922870
H           -3.37855134582918        2.38017821125212        0.58233435579669
H           -2.83632906419272        1.56227594036848       -0.87561077684553
H           -4.44760336244316        0.23072954047211        0.48282494715067
H           -3.30912605222797        0.23355332247048        1.82920472977669
H           -3.23647001237708       -1.88931716836526        0.66598003275458
H           -1.69000764985045       -1.07485705104129        0.48971737197478
H           -3.88986687965792       -1.08606052135416       -1.62071985009493
H           -2.27995950299881       -0.38884045135597       -1.80946591999527
H           -2.38639419793941       -2.62298063927509       -2.86694817128718
H           -2.85761429840998       -3.34591716217669       -1.32808662440055
H           -1.25468912349932       -2.63216069332571       -1.51387102450899
50
 energy: -51.633177416018 gnorm: 0.000342867442 xtb: 6.6.1 (8d0f1dd)
C            0.74438679990657       -1.96421082214697        2.30409025428799
C            1.90587843354618       -2.65905959150249        1.60299237975806
C            1.74039064168764       -2.73672825934431        0.08384969534776
C            1.67895433238324       -1.38343313082169       -0.62733085753067
C            2.94051896510236       -0.54576375644576       -0.42986780052409
C            2.99057408512957        0.69743069878148       -1.32064913371810
C            1.82698865724309        1.67230137239449       -1.12611686555699
C            1.70199627063832        2.18135114603552        0.30821208521605
C            0.69241100234821        3.32094014634152        0.46298197887622
C           -0.72451792075623        2.99579195393778       -0.01514579992191
C           -1.32732145954006        1.75634463423834        0.64174154093517
C           -2.77752585498689        1.54666717074892        0.21232867256404
C           -3.38717778704124        0.24556021288419        0.73795246308765
C           -2.74216508368426       -1.03446346762875        0.20143602192302
C           -2.84253613601510       -1.18456084370222       -1.31485331667892
C           -2.30318917981118       -2.53165089882845       -1.78117865063186
H            0.87356660499057       -2.01068228867503        3.38335978856374
H           -0.19724261235291       -2.44763017022734        2.05156715023084
H            0.68298670406894       -0.91663076944365        2.01996077463793
H            2.83780101178042       -2.14615365571282        1.84601626130419
H            1.98770343882526       -3.67912712986969        1.98710032857436
H            2.57567995089933       -3.31079649678648       -0.32581620017884
H            0.82325777676212       -3.28989540344415       -0.13761948575520
H            0.80808084408982       -0.83103637452958       -0.27497462579279
H            1.53970574511260       -1.56459000327318       -1.69669483654643
H            3.81180480473092       -1.16531619519485       -0.65952283172134
H            3.02308029343837       -0.24064662635050        0.61341448225923
H            3.00499007206992        0.38209741131785       -2.36741102889478
H            3.92864202607558        1.22323281107215       -1.12352521421609
H            1.98219056272779        2.52666697542831       -1.79037192653229
H            0.89963856798600        1.18689725695894       -1.43041745802680
H            1.41796873327232        1.36247745310187        0.96935033335586
H            2.67866225292922        2.54379882595111        0.64015593652612
H            1.05083457646426        4.19001017811476       -0.09478827019312
H            0.65262892145206        3.60232147545912        1.51863837805435
H           -1.36308416646527        3.85700432397808        0.19947793176696
H           -0.72150019215182        2.85919039053202       -1.09852295338265
H           -1.27925442736722        1.85458844103044        1.72901951715193
H           -0.74247339902499        0.88261234922026        0.35801164461293
H           -3.37908370331064        2.38250817245771        0.57918354092024
H           -2.83615530501591        1.56304059235556       -0.87748415403022
H           -4.44913849956676        0.23319121291746        0.47897769915690
H           -3.31460821299031        0.23929180509581        1.82865948186269
H           -3.24170497944575       -1.88672907578893        0.67032582947407
H           -1.69307371749506       -1.07563912724357        0.49763502021386
H           -3.88741662555480       -1.08515070502414       -1.61869907127275
H           -2.27578129726433       -0.39096335488843       -1.80444367590977
H           -2.38467972119721       -2.62411641618177       -2.86191435555581
H           -2.86054415041463       -3.34697321614602       -1.32438307358936
H           -1.25557364420816       -2.63679023115305       -1.50671760450129
50
 energy: -51.633179716841 gnorm: 0.000203234852 xtb: 6.6.1 (8d0f1dd)
C            0.74379990430160       -1.96499968649343        2.30362767085698
C            1.90542118499440       -2.65953476939466        1.60274220206964
C            1.74064260673519       -2.73678287542186        0.08349215647434
C            1.67924967951083       -1.38346721311513       -0.62764255052735
C            2.94058959475436       -0.54546904364210       -0.43006173828535
C            2.99050527977072        0.69783606652331       -1.32074989072802
C            1.82703913850803        1.67273605620943       -1.12626288788286
C            1.70213705254983        2.18177853588780        0.30812266040828
C            0.69247545359499        3.32115350522273        0.46331280711686
C           -0.72428867884231        2.99608689427440       -0.01546108279706
C           -1.32729322575628        1.75656288496801        0.64123337116692
C           -2.77751638953069        1.54670546174799        0.21186275004192
C           -3.38739415700034        0.24590078409803        0.73821152971337
C           -2.74276958446351       -1.03431469274503        0.20201146987412
C           -2.84228618024747       -1.18504426950318       -1.31431210918156
C           -2.30277184989404       -2.53206142323766       -1.78009223748717
H            0.87225110234346       -2.01246071083276        3.38284568129998
H           -0.19815866792219       -2.44741245963751        2.05026070769401
H            0.68336221243000       -0.91720915749140        2.02062324216224
H            2.83738422768332       -2.14685241149386        1.84623422978262
H            1.98699956366399       -3.67973631602483        1.98645824144078
H            2.57629247124943       -3.31071766145713       -0.32565523567013
H            0.82375579624634       -3.29002015481396       -0.13880312357054
H            0.80832545836184       -0.83115331026351       -0.27514610660673
H            1.53985278108804       -1.56468419254253       -1.69703372921261
H            3.81211220942820       -1.16463621692373       -0.65975479936228
H            3.02295419641000       -0.24036430616302        0.61325049640094
H            3.00503769654533        0.38271351416757       -2.36759667776105
H            3.92862588277798        1.22354853634068       -1.12347951930186
H            1.98210804304994        2.52693329519963       -1.79079231796272
H            0.89960136095750        1.18725554348368       -1.43018512344246
H            1.41806215135599        1.36265201083601        0.96895832972075
H            2.67884097833496        2.54409193644369        0.64018072313458
H            1.05076049267290        4.19079735924200       -0.09379784025369
H            0.65257068850763        3.60188902423624        1.51915040749584
H           -1.36284203256758        3.85735312295434        0.19885731420915
H           -0.72048801703677        2.85950951637789       -1.09880321022944
H           -1.27924221916290        1.85478210147673        1.72851542283797
H           -0.74240702406751        0.88291821910428        0.35735018503564
H           -3.37905228655554        2.38265174097297        0.57850740971114
H           -2.83633844789424        1.56252530865139       -0.87794837683892
H           -4.44940617197438        0.23392020806004        0.47933379245350
H           -3.31480888984740        0.23977097253461        1.82892958499158
H           -3.24264738228185       -1.88635500013884        0.67081821960227
H           -1.69385908524398       -1.07557154912455        0.49865248532366
H           -3.88697236343102       -1.08575916906677       -1.61874346479130
H           -2.27536724826629       -0.39143220946753       -1.80358446398148
H           -2.38381904261969       -2.62480190084694       -2.86086630922909
H           -2.86017041329006       -3.34743862030966       -1.32347783445968
H           -1.25528384993082       -2.63721427886201       -1.50530246145567
