 
       ==============================================
       |                                            |
       |                 C R E S T                  |
       |                                            |
       |  Conformer-Rotamer Ensemble Sampling Tool  |
       |          based on the GFN methods          |
       |             P.Pracht, S.Grimme             |
       |          Universitaet Bonn, MCTC           |
       ==============================================
       Version 2.12,   Thu 19. Mai 16:32:32 CEST 2022
  Using the xTB program. Compatible with xTB version 6.4.0
 
   Cite work conducted with this code as

   • P.Pracht, F.Bohle, S.Grimme, PCCP, 2020, 22, 7169-7192.
   • S.Grimme, JCTC, 2019, 15, 2847-2862.

   and for works involving QCG as

   • S.Spicher, C.Plett, P.Pracht, A.Hansen, S.Grimme,
     JCTC, 2022, 18 (5), 3174-3189.
 
   with help from:
   C.Bannwarth, F.Bohle, S.Ehlert, S.Grimme,
   C.Plett, P.Pracht, S.Spicher
 
   This program is distributed in the hope that it will be useful,
   but WITHOUT ANY WARRANTY; without even the implied warranty of
   MERCHANTABILITY or FITNESS FOR A PARTICULAR PURPOSE.

 Command line input:
 > crest ./c10.xyz -gfnff -mquick -T 4

  -gfnff : Use of GFN-FF requested.
  -mquick  : very crude quick-mode (no NORMMD, no GC, crude opt.)
  -T 4 (CPUs/Threads selected)
 
 -------------------------
 xTB Geometry Optimization
 -------------------------
 Geometry successfully optimized.
 
------------------------------------------------
Generating MTD length from a flexibility measure
------------------------------------------------
 Calculating WBOs... done.
 Calculating NCI flexibility... done.
     covalent flexibility measure :   0.861
 non-covalent flexibility measure :   0.813
 flexibility measure :   0.807
 t(MTD) / ps    :    10.5
 Σ(t(MTD)) / ps :    63.0 (6 MTDs)
 
-------------------------------------
Starting a trial MTD to test settings
-------------------------------------
 Estimated runtime for one MTD (10.5 ps) on a single thread: 6 sec
 Estimated runtime for a batch of 6 MTDs on 4 threads: 12 sec
 
 list of Vbias parameters applied:
$metadyn    0.00200   1.000
$metadyn    0.00100   1.000
$metadyn    0.00200   0.500
$metadyn    0.00100   0.500
$metadyn    0.00200   0.250
$metadyn    0.00100   0.250
 
*******************************************************************************************
**                        N E W    I T E R A T I O N    C Y C L E                        **
*******************************************************************************************
 
========================================
            MTD Simulations 
========================================
 
     ========================================
     |         Meta-MD (MTD) Sampling       |
     ========================================
 
Starting Meta-MD   1 with the settings:
     MD time /ps        :    10.5
     dt /fs             :     1.5
     dumpstep(trj) /fs  :     100
     dumpstep(Vbias)/ps :     1.0
     Vbias factor k /Eh :  0.0640
     Vbias exp α /bohr⁻²:    1.00
Starting Meta-MD   2 with the settings:
     MD time /ps        :    10.5
     dt /fs             :     1.5
     dumpstep(trj) /fs  :     100
     dumpstep(Vbias)/ps :     1.0
     Vbias factor k /Eh :  0.0320
     Vbias exp α /bohr⁻²:    1.00
Starting Meta-MD   6 with the settings:
     MD time /ps        :    10.5
     dt /fs             :     1.5
     dumpstep(trj) /fs  :     100
     dumpstep(Vbias)/ps :     1.0
     Vbias factor k /Eh :  0.0320
     Vbias exp α /bohr⁻²:    0.25
Starting Meta-MD   3 with the settings:
     MD time /ps        :    10.5
     dt /fs             :     1.5
     dumpstep(trj) /fs  :     100
     dumpstep(Vbias)/ps :     1.0
     Vbias factor k /Eh :  0.0640
     Vbias exp α /bohr⁻²:    0.50
*Meta-MTD 2 finished*
Starting Meta-MD   4 with the settings:
     MD time /ps        :    10.5
     dt /fs             :     1.5
     dumpstep(trj) /fs  :     100
     dumpstep(Vbias)/ps :     1.0
     Vbias factor k /Eh :  0.0320
     Vbias exp α /bohr⁻²:    0.50
*Meta-MTD 3 finished*
Starting Meta-MD   5 with the settings:
     MD time /ps        :    10.5
     dt /fs             :     1.5
     dumpstep(trj) /fs  :     100
     dumpstep(Vbias)/ps :     1.0
     Vbias factor k /Eh :  0.0640
     Vbias exp α /bohr⁻²:    0.25
*Meta-MTD 1 finished*
*Meta-MTD 6 finished*
*Meta-MTD 4 finished*
*Meta-MTD 5 finished*
 
-----------------------
Multilevel Optimization
-----------------------
 
 -------------------------
 1. crude pre-optimization
 -------------------------
 Optimizing all 636 structures from file "crest_rotamers_0.xyz" ...
 1 2 3 4 5 6 7 8 9 10 11 12 13 14 15 16 17 18 19 20 21 22 23 24 25 26 27 28 29 30 31 32 33 34 35 36 37 38 39 40 41 42 43 44 45 46 47 48 49 50 51 52 53 54 55 56 57 58 59 60 61 62 63 64 65 66 67 68 69 70 71 72 73 74 75 76 77 78 79 80 81 82 83 84 85 86 87 88 89 90 91 92 93 94 95 96 97 98 99 100 101 102 103 104 105 106 107 108 109 110 111 112 113 114 115 116 117 118 119 120 121 122 123 124 125 126 127 128 129 130 131 132 133 134 135 136 137 138 139 140 141 142 143 144 145 146 147 148 149 150 151 152 153 154 155 156 157 158 159 160 161 162 163 164 165 166 167 168 169 170 171 172 173 174 175 176 177 178 179 180 181 182 183 184 185 186 187 188 189 190 191 192 193 194 195 196 197 198 199 200 201 202 203 204 205 206 207 208 209 210 211 212 213 214 215 216 217 218 219 220 221 222 223 224 225 226 227 228 229 230 231 232 233 234 235 236 237 238 239 240 241 242 243 244 245 246 247 248 249 250 251 252 253 254 255 256 257 258 259 260 261 262 263 264 265 266 267 268 269 270 271 272 273 274 275 276 277 278 279 280 281 282 283 284 285 286 287 288 289 290 291 292 293 294 295 296 297 298 299 300 301 302 303 304 305 306 307 308 309 310 311 312 313 314 315 316 317 318 319 320 321 322 323 324 325 326 327 328 329 330 331 332 333 334 335 336 337 338 339 340 341 342 343 344 345 346 347 348 349 350 351 352 353 354 355 356 357 358 359 360 361 362 363 364 365 366 367 368 369 370 371 372 373 374 375 376 377 378 379 380 381 382 383 384 385 386 387 388 389 390 391 392 393 394 395 396 397 398 399 400 401 402 403 404 405 406 407 408 409 410 411 412 413 414 415 416 417 418 419 420 421 422 423 424 425 426 427 428 429 430 431 432 433 434 435 436 437 438 439 440 441 442 443 444 445 446 447 448 449 450 451 452 453 454 455 456 457 458 459 460 461 462 463 464 465 466 467 468 469 470 471 472 473 474 475 476 477 478 479 480 481 482 483 484 485 486 487 488 489 490 491 492 493 494 495 496 497 498 499 500 501 502 503 504 505 506 507 508 509 510 511 512 513 514 515 516 517 518 519 520 521 522 523 524 525 526 527 528 529 530 531 532 533 534 535 536 537 538 539 540 541 542 543 544 545 546 547 548 549 550 551 552 553 554 555 556 557 558 559 560 561 562 563 564 565 566 567 568 569 570 571 572 573 574 575 576 577 578 579 580 581 582 583 584 585 586 587 588 589 590 591 592 593 594 595 596 597 598 599 600 601 602 603 604 605 606 607 608 609 610 611 612 613 614 615 616 617 618 619 620 621 622 623 624 625 626 627 628 629 630 631 632 633 634 635 636
 done.
 running RMSDs...
 done.
 E lowest :    -4.62089
 454 structures remain within     5.00 kcal/mol window
 
========================================
           MTD Simulations done         
========================================
 Collecting ensmbles.
 running RMSDs...
 done.
 E lowest :    -4.62089
 152 structures remain within     2.50 kcal/mol window
 
 
 
   ================================================
   |           Final Geometry Optimization        |
   ================================================
 --------------------------------------------
 Ensemble optimization with normal thresholds
 --------------------------------------------
 Optimizing all 152 structures from file "crest_rotamers_1.xyz" ...
 1 2 3 4 5 6 7 8 9 10 11 12 13 14 15 16 17 18 19 20 21 22 23 24 25 26 27 28 29 30 31 32 33 34 35 36 37 38 39 40 41 42 43 44 45 46 47 48 49 50 51 52 53 54 55 56 57 58 59 60 61 62 63 64 65 66 67 68 69 70 71 72 73 74 75 76 77 78 79 80 81 82 83 84 85 86 87 88 89 90 91 92 93 94 95 96 97 98 99 100 101 102 103 104 105 106 107 108 109 110 111 112 113 114 115 116 117 118 119 120 121 122 123 124 125 126 127 128 129 130 131 132 133 134 135 136 137 138 139 140 141 142 143 144 145 146 147 148 149 150 151 152
 done.
 running RMSDs...
 done.
 E lowest :    -4.62178
 102 structures remain within     2.50 kcal/mol window
 
 input  file name : crest_rotamers_2.xyz
 output file name : crest_rotamers_3.xyz
 number of atoms                :   32
 number of points on xyz files  :   152
 RMSD threshold                 :   0.1250
 Bconst threshold               :   0.0100
 population threshold           :   0.0500
 conformer energy window  /kcal :   2.5000
 # fragment in coord            :     1
 # bonds in reference structure :    31
 number of reliable points      :   152
 number of removed by energy    :     1
 number of remaining points     :   151
 reference state Etot :  -4.62178403000000
 number of doubles removed by rot/RMSD         :          49
 total number unique points considered further :         102
       Erel/kcal        Etot weight/tot  conformer     set   degen     origin
       1   0.000    -4.62178    0.03190    0.03190       1       1     mtd1
       2   0.003    -4.62178    0.03173    0.12524       2       4     mtd4
       3   0.008    -4.62177    0.03147                                mtd2
       4   0.009    -4.62177    0.03143                                mtd1
       5   0.024    -4.62175    0.03061                                mtd1
       6   0.010    -4.62177    0.03136    0.03136       3       1     mtd1
       7   0.036    -4.62173    0.03004    0.03004       4       1     mtd1
       8   0.053    -4.62170    0.02917    0.02917       5       1     mtd5
       9   0.223    -4.62143    0.02191    0.02191       6       1     mtd4
      10   0.231    -4.62142    0.02162    0.02162       7       1     mtd4
      11   0.237    -4.62141    0.02138    0.02138       8       1     mtd4
      12   0.242    -4.62140    0.02123    0.02123       9       1     mtd6
      13   0.383    -4.62117    0.01672    0.01672      10       1     mtd4
      14   0.399    -4.62115    0.01628    0.01628      11       1     mtd4
      15   0.425    -4.62111    0.01557    0.01557      12       1     mtd2
      16   0.447    -4.62107    0.01501    0.01501      13       1     mtd6
      17   0.447    -4.62107    0.01501    0.02958      14       2     mtd5
      18   0.465    -4.62104    0.01457                                mtd2
      19   0.475    -4.62103    0.01432    0.01432      15       1     mtd2
      20   0.461    -4.62105    0.01467    0.01467      16       1     mtd6
      21   0.478    -4.62102    0.01425    0.01425      17       1     mtd5
      22   0.489    -4.62101    0.01399    0.02786      18       2     mtd1
      23   0.494    -4.62100    0.01386                                mtd1
      24   0.537    -4.62093    0.01290    0.01290      19       1     mtd4
      25   0.537    -4.62093    0.01289    0.01289      20       1     mtd4
      26   0.539    -4.62093    0.01286    0.01286      21       1     mtd6
      27   0.583    -4.62085    0.01193    0.01193      22       1     mtd3
      28   0.588    -4.62085    0.01184    0.02343      23       2     mtd2
      29   0.600    -4.62083    0.01159                                mtd4
      30   0.588    -4.62085    0.01183    0.01183      24       1     mtd2
      31   0.621    -4.62079    0.01120    0.01120      25       1     mtd5
      32   0.638    -4.62077    0.01088    0.01088      26       1     mtd4
      33   0.648    -4.62075    0.01070    0.01070      27       1     mtd4
      34   0.707    -4.62066    0.00969    0.00969      28       1     mtd5
      35   0.713    -4.62065    0.00959    0.00959      29       1     mtd4
      36   0.768    -4.62056    0.00873    0.00873      30       1     mtd3
      37   0.768    -4.62056    0.00873    0.00873      31       1     mtd3
      38   0.771    -4.62056    0.00869    0.00869      32       1     mtd5
      39   0.777    -4.62055    0.00860    0.00860      33       1     mtd5
      40   0.782    -4.62054    0.00854    0.01685      34       2     mtd4
      41   0.798    -4.62051    0.00831                                mtd3
      42   0.788    -4.62053    0.00845    0.00845      35       1     mtd6
      43   0.807    -4.62050    0.00819    0.00819      36       1     mtd5
      44   0.807    -4.62050    0.00817    0.01626      37       2     mtd1
      45   0.814    -4.62049    0.00809                                mtd1
      46   0.808    -4.62050    0.00816    0.00816      38       1     mtd1
      47   0.816    -4.62048    0.00806    0.00806      39       1     mtd5
      48   0.828    -4.62046    0.00790    0.00790      40       1     mtd3
      49   0.833    -4.62046    0.00783    0.00783      41       1     mtd4
      50   0.840    -4.62045    0.00774    0.00774      42       1     mtd3
      51   0.846    -4.62044    0.00766    0.00766      43       1     mtd2
      52   0.852    -4.62043    0.00758    0.00758      44       1     mtd2
      53   0.855    -4.62042    0.00754    0.01494      45       2     mtd2
      54   0.867    -4.62040    0.00739                                mtd4
      55   0.869    -4.62040    0.00737    0.00737      46       1     mtd2
      56   0.863    -4.62041    0.00744    0.02208      47       3     mtd2
      57   0.872    -4.62039    0.00733                                mtd4
      58   0.873    -4.62039    0.00732                                mtd4
      59   0.876    -4.62039    0.00728    0.00728      48       1     mtd4
      60   0.888    -4.62037    0.00714    0.00714      49       1     mtd4
      61   0.911    -4.62033    0.00687    0.00687      50       1     mtd3
      62   0.932    -4.62030    0.00663    0.00663      51       1     mtd3
      63   0.938    -4.62029    0.00655    0.00655      52       1     mtd1
      64   0.959    -4.62026    0.00633    0.00633      53       1     mtd3
      65   0.987    -4.62021    0.00604    0.01206      54       2     mtd4
      66   0.988    -4.62021    0.00603                                mtd4
      67   1.000    -4.62019    0.00591    0.01180      55       2     mtd3
      68   1.002    -4.62019    0.00589                                mtd3
      69   1.015    -4.62017    0.00576    0.00576      56       1     mtd2
      70   1.035    -4.62013    0.00557    0.00557      57       1     mtd4
      71   1.040    -4.62013    0.00552    0.01634      58       3     mtd1
      72   1.052    -4.62011    0.00541                                mtd1
      73   1.053    -4.62011    0.00540                                mtd1
      74   1.057    -4.62010    0.00536    0.00536      59       1     mtd3
      75   1.060    -4.62009    0.00534    0.00534      60       1     mtd5
      76   1.085    -4.62006    0.00512    0.00512      61       1     mtd3
      77   1.087    -4.62005    0.00510    0.01013      62       2     mtd4
      78   1.095    -4.62004    0.00503                                mtd3
      79   1.122    -4.62000    0.00481    0.00481      63       1     mtd4
      80   1.130    -4.61998    0.00474    0.00474      64       1     mtd4
      81   1.185    -4.61990    0.00432    0.00432      65       1     mtd5
      82   1.251    -4.61979    0.00387    0.00387      66       1     mtd2
      83   1.279    -4.61975    0.00369    0.00369      67       1     mtd1
      84   1.305    -4.61970    0.00353    0.00353      68       1     mtd1
      85   1.328    -4.61967    0.00340    0.00340      69       1     mtd1
      86   1.329    -4.61967    0.00339    0.00339      70       1     mtd5
      87   1.331    -4.61966    0.00338    0.00338      71       1     mtd6
      88   1.391    -4.61957    0.00306    0.00602      72       2     mtd2
      89   1.409    -4.61954    0.00296                                mtd6
      90   1.411    -4.61954    0.00295    0.00295      73       1     mtd3
      91   1.479    -4.61943    0.00264    0.00264      74       1     mtd2
      92   1.612    -4.61921    0.00210    0.00416      75       2     mtd6
      93   1.625    -4.61919    0.00206                                mtd4
      94   1.651    -4.61915    0.00197    0.00197      76       1     mtd4
      95   1.722    -4.61904    0.00175    0.00514      77       3     mtd5
      96   1.735    -4.61902    0.00171                                mtd5
      97   1.746    -4.61900    0.00168                                mtd5
      98   1.883    -4.61878    0.00133    0.00133      78       1     mtd5
      99   2.284    -4.61814    0.00068    0.00068      79       1     mtd2
     100   2.313    -4.61810    0.00065    0.00065      80       1     mtd3
     101   2.319    -4.61809    0.00064    0.00064      81       1     mtd4
     102   2.328    -4.61807    0.00063    0.00063      82       1     mtd4
T /K                                  :   298.15
E lowest                              :    -4.62178
ensemble average energy (kcal)        :    0.537
ensemble entropy (J/mol K, cal/mol K) :   36.177    8.646
ensemble free energy (kcal/mol)       :   -2.578
population of lowest in %             :    3.190
 number of unique conformers for further calc           82
 list of relative energies saved as "crest.energies"
 
 -----------------
 Wall Time Summary
 -----------------
             test MD wall time :         0h : 0m : 0s
                 MTD wall time :         0h : 0m : 3s
      multilevel OPT wall time :         0h : 0m :21s
--------------------
Overall wall time  : 0h : 0m :31s
 
 CREST terminated normally.
