 
       ==============================================
       |                                            |
       |                 C R E S T                  |
       |                                            |
       |  Conformer-Rotamer Ensemble Sampling Tool  |
       |          based on the GFN methods          |
       |             P.Pracht, S.Grimme             |
       |          Universitaet Bonn, MCTC           |
       ==============================================
       Version 2.12,   Thu 19. Mai 16:32:32 CEST 2022
  Using the xTB program. Compatible with xTB version 6.4.0
 
   Cite work conducted with this code as

   • P.Pracht, F.Bohle, S.Grimme, PCCP, 2020, 22, 7169-7192.
   • S.Grimme, JCTC, 2019, 15, 2847-2862.

   and for works involving QCG as

   • S.Spicher, C.Plett, P.Pracht, A.Hansen, S.Grimme,
     JCTC, 2022, 18 (5), 3174-3189.
 
   with help from:
   C.Bannwarth, F.Bohle, S.Ehlert, S.Grimme,
   C.Plett, P.Pracht, S.Spicher
 
   This program is distributed in the hope that it will be useful,
   but WITHOUT ANY WARRANTY; without even the implied warranty of
   MERCHANTABILITY or FITNESS FOR A PARTICULAR PURPOSE.

 Command line input:
 > crest ./c11.xyz -gfnff -mquick -T 4

  -gfnff : Use of GFN-FF requested.
  -mquick  : very crude quick-mode (no NORMMD, no GC, crude opt.)
  -T 4 (CPUs/Threads selected)
 
 -------------------------
 xTB Geometry Optimization
 -------------------------
 Geometry successfully optimized.
 
------------------------------------------------
Generating MTD length from a flexibility measure
------------------------------------------------
 Calculating WBOs... done.
 Calculating NCI flexibility... done.
     covalent flexibility measure :   0.873
 non-covalent flexibility measure :   0.808
 flexibility measure :   0.814
 t(MTD) / ps    :    13.5
 Σ(t(MTD)) / ps :    81.0 (6 MTDs)
 
-------------------------------------
Starting a trial MTD to test settings
-------------------------------------
 Estimated runtime for one MTD (13.5 ps) on a single thread: 8 sec
 Estimated runtime for a batch of 6 MTDs on 4 threads: 16 sec
 
 list of Vbias parameters applied:
$metadyn    0.00200   1.000
$metadyn    0.00100   1.000
$metadyn    0.00200   0.500
$metadyn    0.00100   0.500
$metadyn    0.00200   0.250
$metadyn    0.00100   0.250
 
*******************************************************************************************
**                        N E W    I T E R A T I O N    C Y C L E                        **
*******************************************************************************************
 
========================================
            MTD Simulations 
========================================
 
     ========================================
     |         Meta-MD (MTD) Sampling       |
     ========================================
 
Starting Meta-MD   1 with the settings:
     MD time /ps        :    13.5
     dt /fs             :     1.5
     dumpstep(trj) /fs  :     100
     dumpstep(Vbias)/ps :     1.0
     Vbias factor k /Eh :  0.0700
     Vbias exp α /bohr⁻²:    1.00
Starting Meta-MD   6 with the settings:
     MD time /ps        :    13.5
     dt /fs             :     1.5
     dumpstep(trj) /fs  :     100
     dumpstep(Vbias)/ps :     1.0
     Vbias factor k /Eh :  0.0350
     Vbias exp α /bohr⁻²:    0.25
Starting Meta-MD   3 with the settings:
     MD time /ps        :    13.5
     dt /fs             :     1.5
     dumpstep(trj) /fs  :     100
     dumpstep(Vbias)/ps :     1.0
     Vbias factor k /Eh :  0.0700
     Vbias exp α /bohr⁻²:    0.50
Starting Meta-MD   2 with the settings:
     MD time /ps        :    13.5
     dt /fs             :     1.5
     dumpstep(trj) /fs  :     100
     dumpstep(Vbias)/ps :     1.0
     Vbias factor k /Eh :  0.0350
     Vbias exp α /bohr⁻²:    1.00
*Meta-MTD 1 finished*
Starting Meta-MD   4 with the settings:
     MD time /ps        :    13.5
     dt /fs             :     1.5
     dumpstep(trj) /fs  :     100
     dumpstep(Vbias)/ps :     1.0
     Vbias factor k /Eh :  0.0350
     Vbias exp α /bohr⁻²:    0.50
*Meta-MTD 2 finished*
Starting Meta-MD   5 with the settings:
     MD time /ps        :    13.5
     dt /fs             :     1.5
     dumpstep(trj) /fs  :     100
     dumpstep(Vbias)/ps :     1.0
     Vbias factor k /Eh :  0.0700
     Vbias exp α /bohr⁻²:    0.25
*Meta-MTD 6 finished*
*Meta-MTD 3 finished*
*Meta-MTD 5 finished*
*Meta-MTD 4 finished*
 
-----------------------
Multilevel Optimization
-----------------------
 
 -------------------------
 1. crude pre-optimization
 -------------------------
 Optimizing all 816 structures from file "crest_rotamers_0.xyz" ...
 1 2 3 4 5 6 7 8 9 10 11 12 13 14 15 16 17 18 19 20 21 22 23 24 25 26 27 28 29 30 31 32 33 34 35 36 37 38 39 40 41 42 43 44 45 46 47 48 49 50 51 52 53 54 55 56 57 58 59 60 61 62 63 64 65 66 67 68 69 70 71 72 73 74 75 76 77 78 79 80 81 82 83 84 85 86 87 88 89 90 91 92 93 94 95 96 97 98 99 100 101 102 103 104 105 106 107 108 109 110 111 112 113 114 115 116 117 118 119 120 121 122 123 124 125 126 127 128 129 130 131 132 133 134 135 136 137 138 139 140 141 142 143 144 145 146 147 148 149 150 151 152 153 154 155 156 157 158 159 160 161 162 163 164 165 166 167 168 169 170 171 172 173 174 175 176 177 178 179 180 181 182 183 184 185 186 187 188 189 190 191 192 193 194 195 196 197 198 199 200 201 202 203 204 205 206 207 208 209 210 211 212 213 214 215 216 217 218 219 220 221 222 223 224 225 226 227 228 229 230 231 232 233 234 235 236 237 238 239 240 241 242 243 244 245 246 247 248 249 250 251 252 253 254 255 256 257 258 259 260 261 262 263 264 265 266 267 268 269 270 271 272 273 274 275 276 277 278 279 280 281 282 283 284 285 286 287 288 289 290 291 292 293 294 295 296 297 298 299 300 301 302 303 304 305 306 307 308 309 310 311 312 313 314 315 316 317 318 319 320 321 322 323 324 325 326 327 328 329 330 331 332 333 334 335 336 337 338 339 340 341 342 343 344 345 346 347 348 349 350 351 352 353 354 355 356 357 358 359 360 361 362 363 364 365 366 367 368 369 370 371 372 373 374 375 376 377 378 379 380 381 382 383 384 385 386 387 388 389 390 391 392 393 394 395 396 397 398 399 400 401 402 403 404 405 406 407 408 409 410 411 412 413 414 415 416 417 418 419 420 421 422 423 424 425 426 427 428 429 430 431 432 433 434 435 436 437 438 439 440 441 442 443 444 445 446 447 448 449 450 451 452 453 454 455 456 457 458 459 460 461 462 463 464 465 466 467 468 469 470 471 472 473 474 475 476 477 478 479 480 481 482 483 484 485 486 487 488 489 490 491 492 493 494 495 496 497 498 499 500 501 502 503 504 505 506 507 508 509 510 511 512 513 514 515 516 517 518 519 520 521 522 523 524 525 526 527 528 529 530 531 532 533 534 535 536 537 538 539 540 541 542 543 544 545 546 547 548 549 550 551 552 553 554 555 556 557 558 559 560 561 562 563 564 565 566 567 568 569 570 571 572 573 574 575 576 577 578 579 580 581 582 583 584 585 586 587 588 589 590 591 592 593 594 595 596 597 598 599 600 601 602 603 604 605 606 607 608 609 610 611 612 613 614 615 616 617 618 619 620 621 622 623 624 625 626 627 628 629 630 631 632 633 634 635 636 637 638 639 640 641 642 643 644 645 646 647 648 649 650 651 652 653 654 655 656 657 658 659 660 661 662 663 664 665 666 667 668 669 670 671 672 673 674 675 676 677 678 679 680 681 682 683 684 685 686 687 688 689 690 691 692 693 694 695 696 697 698 699 700 701 702 703 704 705 706 707 708 709 710 711 712 713 714 715 716 717 718 719 720 721 722 723 724 725 726 727 728 729 730 731 732 733 734 735 736 737 738 739 740 741 742 743 744 745 746 747 748 749 750 751 752 753 754 755 756 757 758 759 760 761 762 763 764 765 766 767 768 769 770 771 772 773 774 775 776 777 778 779 780 781 782 783 784 785 786 787 788 789 790 791 792 793 794 795 796 797 798 799 800 801 802 803 804 805 806 807 808 809 810 811 812 813 814 815 816
 done.
 running RMSDs...
 done.
 E lowest :    -5.06393
 522 structures remain within     5.00 kcal/mol window
 
========================================
           MTD Simulations done         
========================================
 Collecting ensmbles.
 running RMSDs...
 done.
 E lowest :    -5.06393
 172 structures remain within     2.50 kcal/mol window
 
 
 
   ================================================
   |           Final Geometry Optimization        |
   ================================================
 --------------------------------------------
 Ensemble optimization with normal thresholds
 --------------------------------------------
 Optimizing all 172 structures from file "crest_rotamers_1.xyz" ...
 1 2 3 4 5 6 7 8 9 10 11 12 13 14 15 16 17 18 19 20 21 22 23 24 25 26 27 28 29 30 31 32 33 34 35 36 37 38 39 40 41 42 43 44 45 46 47 48 49 50 51 52 53 54 55 56 57 58 59 60 61 62 63 64 65 66 67 68 69 70 71 72 73 74 75 76 77 78 79 80 81 82 83 84 85 86 87 88 89 90 91 92 93 94 95 96 97 98 99 100 101 102 103 104 105 106 107 108 109 110 111 112 113 114 115 116 117 118 119 120 121 122 123 124 125 126 127 128 129 130 131 132 133 134 135 136 137 138 139 140 141 142 143 144 145 146 147 148 149 150 151 152 153 154 155 156 157 158 159 160 161 162 163 164 165 166 167 168 169 170 171 172
 done.
 running RMSDs...
 done.
 E lowest :    -5.06564
 129 structures remain within     2.50 kcal/mol window
 
 input  file name : crest_rotamers_2.xyz
 output file name : crest_rotamers_3.xyz
 number of atoms                :   35
 number of points on xyz files  :   172
 RMSD threshold                 :   0.1250
 Bconst threshold               :   0.0100
 population threshold           :   0.0500
 conformer energy window  /kcal :   2.5000
 # fragment in coord            :     1
 # bonds in reference structure :    34
 number of reliable points      :   172
 number of removed by energy    :     4
 number of remaining points     :   168
 reference state Etot :  -5.06564175000000
 number of doubles removed by rot/RMSD         :          39
 total number unique points considered further :         129
       Erel/kcal        Etot weight/tot  conformer     set   degen     origin
       1   0.000    -5.06564    0.03973    0.03973       1       1     mtd1
       2   0.230    -5.06527    0.02694    0.02694       2       1     mtd6
       3   0.366    -5.06506    0.02142    0.02142       3       1     mtd6
       4   0.382    -5.06503    0.02085    0.02085       4       1     mtd1
       5   0.402    -5.06500    0.02017    0.02017       5       1     mtd3
       6   0.413    -5.06498    0.01980    0.03959       6       2     mtd3
       7   0.414    -5.06498    0.01978                                mtd5
       8   0.422    -5.06497    0.01949    0.01949       7       1     mtd3
       9   0.450    -5.06492    0.01860    0.01860       8       1     mtd1
      10   0.483    -5.06487    0.01760    0.01760       9       1     mtd4
      11   0.491    -5.06486    0.01736    0.01736      10       1     mtd6
      12   0.516    -5.06482    0.01665    0.01665      11       1     mtd3
      13   0.530    -5.06480    0.01625    0.01625      12       1     mtd3
      14   0.558    -5.06475    0.01550    0.01550      13       1     mtd1
      15   0.574    -5.06473    0.01509    0.01509      14       1     mtd3
      16   0.597    -5.06469    0.01451    0.01451      15       1     mtd4
      17   0.663    -5.06459    0.01300    0.01300      16       1     mtd6
      18   0.668    -5.06458    0.01288    0.02572      17       2     mtd5
      19   0.670    -5.06457    0.01283                                mtd6
      20   0.722    -5.06449    0.01176    0.01176      18       1     mtd6
      21   0.745    -5.06445    0.01131    0.01131      19       1     mtd5
      22   0.757    -5.06444    0.01109    0.01109      20       1     mtd3
      23   0.759    -5.06443    0.01105    0.01105      21       1     mtd1
      24   0.761    -5.06443    0.01102    0.01102      22       1     mtd1
      25   0.789    -5.06438    0.01051    0.01051      23       1     mtd4
      26   0.791    -5.06438    0.01046    0.02086      24       2     mtd6
      27   0.795    -5.06437    0.01039                                mtd6
      28   0.803    -5.06436    0.01025    0.01025      25       1     mtd6
      29   0.805    -5.06436    0.01023    0.01023      26       1     mtd1
      30   0.806    -5.06436    0.01021    0.01021      27       1     mtd4
      31   0.811    -5.06435    0.01012    0.01012      28       1     mtd3
      32   0.821    -5.06433    0.00995    0.00995      29       1     mtd3
      33   0.842    -5.06430    0.00960    0.00960      30       1     mtd5
      34   0.850    -5.06429    0.00948    0.00948      31       1     mtd4
      35   0.868    -5.06426    0.00920    0.00920      32       1     mtd6
      36   0.871    -5.06425    0.00915    0.00915      33       1     mtd2
      37   0.886    -5.06423    0.00891    0.00891      34       1     mtd2
      38   0.890    -5.06422    0.00885    0.00885      35       1     mtd1
      39   0.901    -5.06421    0.00869    0.00869      36       1     mtd2
      40   0.922    -5.06417    0.00839    0.00839      37       1     mtd3
      41   0.935    -5.06415    0.00821    0.00821      38       1     mtd3
      42   0.935    -5.06415    0.00821    0.00821      39       1     mtd4
      43   0.944    -5.06414    0.00809    0.00809      40       1     mtd3
      44   0.945    -5.06414    0.00808    0.00808      41       1     mtd3
      45   0.948    -5.06413    0.00803    0.00803      42       1     mtd6
      46   0.953    -5.06412    0.00796    0.00796      43       1     mtd5
      47   0.974    -5.06409    0.00769    0.00769      44       1     mtd4
      48   0.974    -5.06409    0.00769    0.00769      45       1     mtd5
      49   0.988    -5.06407    0.00751    0.00751      46       1     mtd5
      50   1.010    -5.06403    0.00724    0.00724      47       1     mtd3
      51   1.024    -5.06401    0.00707    0.00707      48       1     mtd3
      52   1.026    -5.06401    0.00704    0.00704      49       1     mtd2
      53   1.028    -5.06400    0.00701    0.00701      50       1     mtd2
      54   1.035    -5.06399    0.00693    0.00693      51       1     mtd3
      55   1.038    -5.06399    0.00690    0.00690      52       1     mtd2
      56   1.042    -5.06398    0.00686    0.02721      53       4     mtd3
      57   1.046    -5.06397    0.00681                                mtd3
      58   1.049    -5.06397    0.00678                                mtd3
      59   1.050    -5.06397    0.00677                                mtd2
      60   1.046    -5.06397    0.00681    0.00681      54       1     mtd3
      61   1.050    -5.06397    0.00677    0.00677      55       1     mtd3
      62   1.050    -5.06397    0.00676    0.00676      56       1     mtd1
      63   1.047    -5.06397    0.00680    0.00680      57       1     mtd1
      64   1.058    -5.06396    0.00668    0.00668      58       1     mtd5
      65   1.058    -5.06396    0.00667    0.00667      59       1     mtd1
      66   1.068    -5.06394    0.00656    0.00656      60       1     mtd5
      67   1.071    -5.06393    0.00653    0.00653      61       1     mtd3
      68   1.072    -5.06393    0.00651    0.00651      62       1     mtd2
      69   1.080    -5.06392    0.00643    0.00643      63       1     mtd6
      70   1.084    -5.06391    0.00639    0.00639      64       1     mtd3
      71   1.090    -5.06390    0.00632    0.00632      65       1     mtd3
      72   1.122    -5.06385    0.00599    0.00599      66       1     mtd3
      73   1.122    -5.06385    0.00599    0.00599      67       1     mtd3
      74   1.125    -5.06385    0.00596    0.00596      68       1     mtd2
      75   1.132    -5.06384    0.00589    0.00589      69       1     mtd3
      76   1.136    -5.06383    0.00585    0.00585      70       1     mtd2
      77   1.144    -5.06382    0.00577    0.00577      71       1     mtd2
      78   1.179    -5.06376    0.00544    0.01085      72       2     mtd2
      79   1.182    -5.06376    0.00541                                mtd2
      80   1.184    -5.06375    0.00539    0.00539      73       1     mtd5
      81   1.184    -5.06375    0.00539    0.00539      74       1     mtd6
      82   1.188    -5.06375    0.00536    0.00536      75       1     mtd3
      83   1.189    -5.06375    0.00535    0.00535      76       1     mtd2
      84   1.192    -5.06374    0.00532    0.00532      77       1     mtd3
      85   1.200    -5.06373    0.00525    0.00525      78       1     mtd2
      86   1.202    -5.06373    0.00524    0.00524      79       1     mtd1
      87   1.226    -5.06369    0.00503    0.00503      80       1     mtd6
      88   1.227    -5.06369    0.00502    0.00502      81       1     mtd2
      89   1.233    -5.06368    0.00497    0.00497      82       1     mtd2
      90   1.249    -5.06365    0.00484    0.00484      83       1     mtd3
      91   1.250    -5.06365    0.00483    0.00483      84       1     mtd2
      92   1.259    -5.06364    0.00476    0.00945      85       2     mtd3
      93   1.266    -5.06362    0.00470                                mtd3
      94   1.280    -5.06360    0.00459    0.00459      86       1     mtd2
      95   1.287    -5.06359    0.00454    0.00454      87       1     mtd5
      96   1.304    -5.06356    0.00441    0.00441      88       1     mtd2
      97   1.305    -5.06356    0.00440    0.00440      89       1     mtd3
      98   1.329    -5.06352    0.00422    0.00422      90       1     mtd3
      99   1.347    -5.06349    0.00410    0.00410      91       1     mtd5
     100   1.353    -5.06349    0.00406    0.00406      92       1     mtd1
     101   1.395    -5.06342    0.00378    0.00378      93       1     mtd4
     102   1.407    -5.06340    0.00370    0.00370      94       1     mtd4
     103   1.416    -5.06339    0.00365    0.00365      95       1     mtd4
     104   1.446    -5.06334    0.00347    0.00347      96       1     mtd5
     105   1.467    -5.06330    0.00335    0.00335      97       1     mtd4
     106   1.487    -5.06327    0.00324    0.00324      98       1     mtd1
     107   1.532    -5.06320    0.00300    0.00599      99       2     mtd2
     108   1.533    -5.06320    0.00299                                mtd2
     109   1.553    -5.06317    0.00289    0.00289     100       1     mtd6
     110   1.561    -5.06315    0.00286    0.00286     101       1     mtd2
     111   1.586    -5.06311    0.00274    0.00546     102       2     mtd6
     112   1.590    -5.06311    0.00272                                mtd6
     113   1.587    -5.06311    0.00273    0.00529     103       2     mtd2
     114   1.628    -5.06305    0.00255                                mtd2
     115   1.591    -5.06311    0.00272    0.00272     104       1     mtd3
     116   1.639    -5.06303    0.00251    0.00251     105       1     mtd1
     117   1.768    -5.06282    0.00202    0.00202     106       1     mtd5
     118   1.806    -5.06276    0.00189    0.00189     107       1     mtd5
     119   2.026    -5.06241    0.00130    0.00130     108       1     mtd1
     120   2.056    -5.06237    0.00124    0.00124     109       1     mtd2
     121   2.061    -5.06236    0.00123    0.00123     110       1     mtd2
     122   2.246    -5.06206    0.00090    0.00179     111       2     mtd4
     123   2.255    -5.06205    0.00089                                mtd4
     124   2.259    -5.06204    0.00088    0.00088     112       1     mtd1
     125   2.309    -5.06196    0.00081    0.00081     113       1     mtd4
     126   2.319    -5.06195    0.00080    0.00080     114       1     mtd4
     127   2.423    -5.06178    0.00067    0.00067     115       1     mtd3
     128   2.457    -5.06173    0.00063    0.00063     116       1     mtd2
     129   2.463    -5.06172    0.00062    0.00062     117       1     mtd6
T /K                                  :   298.15
E lowest                              :    -5.06564
ensemble average energy (kcal)        :    0.828
ensemble entropy (J/mol K, cal/mol K) :   38.425    9.184
ensemble free energy (kcal/mol)       :   -2.738
population of lowest in %             :    3.973
 number of unique conformers for further calc          117
 list of relative energies saved as "crest.energies"
 
 -----------------
 Wall Time Summary
 -----------------
             test MD wall time :         0h : 0m : 0s
                 MTD wall time :         0h : 0m : 5s
      multilevel OPT wall time :         0h : 0m :30s
--------------------
Overall wall time  : 0h : 0m :42s
 
 CREST terminated normally.
