 
       ==============================================
       |                                            |
       |                 C R E S T                  |
       |                                            |
       |  Conformer-Rotamer Ensemble Sampling Tool  |
       |          based on the GFN methods          |
       |             P.Pracht, S.Grimme             |
       |          Universitaet Bonn, MCTC           |
       ==============================================
       Version 2.12,   Thu 19. Mai 16:32:32 CEST 2022
  Using the xTB program. Compatible with xTB version 6.4.0
 
   Cite work conducted with this code as

   • P.Pracht, F.Bohle, S.Grimme, PCCP, 2020, 22, 7169-7192.
   • S.Grimme, JCTC, 2019, 15, 2847-2862.

   and for works involving QCG as

   • S.Spicher, C.Plett, P.Pracht, A.Hansen, S.Grimme,
     JCTC, 2022, 18 (5), 3174-3189.
 
   with help from:
   C.Bannwarth, F.Bohle, S.Ehlert, S.Grimme,
   C.Plett, P.Pracht, S.Spicher
 
   This program is distributed in the hope that it will be useful,
   but WITHOUT ANY WARRANTY; without even the implied warranty of
   MERCHANTABILITY or FITNESS FOR A PARTICULAR PURPOSE.

 Command line input:
 > crest ./c7.xyz -gfnff -mquick -T 4

  -gfnff : Use of GFN-FF requested.
  -mquick  : very crude quick-mode (no NORMMD, no GC, crude opt.)
  -T 4 (CPUs/Threads selected)
 
 -------------------------
 xTB Geometry Optimization
 -------------------------
 Geometry successfully optimized.
 
------------------------------------------------
Generating MTD length from a flexibility measure
------------------------------------------------
 Calculating WBOs... done.
 Calculating NCI flexibility... done.
     covalent flexibility measure :   0.797
 non-covalent flexibility measure :   0.830
 flexibility measure :   0.769
 t(MTD) / ps    :     5.0
 Σ(t(MTD)) / ps :    30.0 (6 MTDs)
 
-------------------------------------
Starting a trial MTD to test settings
-------------------------------------
 Estimated runtime for one MTD (5.0 ps) on a single thread: 2 sec
 Estimated runtime for a batch of 6 MTDs on 4 threads: 4 sec
 
 list of Vbias parameters applied:
$metadyn    0.00200   1.000
$metadyn    0.00100   1.000
$metadyn    0.00200   0.500
$metadyn    0.00100   0.500
$metadyn    0.00200   0.250
$metadyn    0.00100   0.250
 
*******************************************************************************************
**                        N E W    I T E R A T I O N    C Y C L E                        **
*******************************************************************************************
 
========================================
            MTD Simulations 
========================================
 
     ========================================
     |         Meta-MD (MTD) Sampling       |
     ========================================
 
Starting Meta-MD   1 with the settings:
     MD time /ps        :     5.0
     dt /fs             :     1.5
     dumpstep(trj) /fs  :     100
     dumpstep(Vbias)/ps :     1.0
     Vbias factor k /Eh :  0.0460
     Vbias exp α /bohr⁻²:    1.00
Starting Meta-MD   2 with the settings:
     MD time /ps        :     5.0
     dt /fs             :     1.5
     dumpstep(trj) /fs  :     100
     dumpstep(Vbias)/ps :     1.0
     Vbias factor k /Eh :  0.0230
     Vbias exp α /bohr⁻²:    1.00
Starting Meta-MD   3 with the settings:
     MD time /ps        :     5.0
     dt /fs             :     1.5
     dumpstep(trj) /fs  :     100
     dumpstep(Vbias)/ps :     1.0
     Vbias factor k /Eh :  0.0460
     Vbias exp α /bohr⁻²:    0.50
Starting Meta-MD   6 with the settings:
     MD time /ps        :     5.0
     dt /fs             :     1.5
     dumpstep(trj) /fs  :     100
     dumpstep(Vbias)/ps :     1.0
     Vbias factor k /Eh :  0.0230
     Vbias exp α /bohr⁻²:    0.25
*Meta-MTD 2 finished*
Starting Meta-MD   4 with the settings:
     MD time /ps        :     5.0
     dt /fs             :     1.5
     dumpstep(trj) /fs  :     100
     dumpstep(Vbias)/ps :     1.0
     Vbias factor k /Eh :  0.0230
     Vbias exp α /bohr⁻²:    0.50
*Meta-MTD 3 finished*
Starting Meta-MD   5 with the settings:
     MD time /ps        :     5.0
     dt /fs             :     1.5
     dumpstep(trj) /fs  :     100
     dumpstep(Vbias)/ps :     1.0
     Vbias factor k /Eh :  0.0460
     Vbias exp α /bohr⁻²:    0.25
*Meta-MTD 1 finished*
*Meta-MTD 6 finished*
*Meta-MTD 4 finished*
*Meta-MTD 5 finished*
 
-----------------------
Multilevel Optimization
-----------------------
 
 -------------------------
 1. crude pre-optimization
 -------------------------
 Optimizing all 300 structures from file "crest_rotamers_0.xyz" ...
 1 2 3 4 5 6 7 8 9 10 11 12 13 14 15 16 17 18 19 20 21 22 23 24 25 26 27 28 29 30 31 32 33 34 35 36 37 38 39 40 41 42 43 44 45 46 47 48 49 50 51 52 53 54 55 56 57 58 59 60 61 62 63 64 65 66 67 68 69 70 71 72 73 74 75 76 77 78 79 80 81 82 83 84 85 86 87 88 89 90 91 92 93 94 95 96 97 98 99 100 101 102 103 104 105 106 107 108 109 110 111 112 113 114 115 116 117 118 119 120 121 122 123 124 125 126 127 128 129 130 131 132 133 134 135 136 137 138 139 140 141 142 143 144 145 146 147 148 149 150 151 152 153 154 155 156 157 158 159 160 161 162 163 164 165 166 167 168 169 170 171 172 173 174 175 176 177 178 179 180 181 182 183 184 185 186 187 188 189 190 191 192 193 194 195 196 197 198 199 200 201 202 203 204 205 206 207 208 209 210 211 212 213 214 215 216 217 218 219 220 221 222 223 224 225 226 227 228 229 230 231 232 233 234 235 236 237 238 239 240 241 242 243 244 245 246 247 248 249 250 251 252 253 254 255 256 257 258 259 260 261 262 263 264 265 266 267 268 269 270 271 272 273 274 275 276 277 278 279 280 281 282 283 284 285 286 287 288 289 290 291 292 293 294 295 296 297 298 299 300
 done.
 running RMSDs...
 done.
 E lowest :    -3.28992
 270 structures remain within     5.00 kcal/mol window
 
========================================
           MTD Simulations done         
========================================
 Collecting ensmbles.
 running RMSDs...
 done.
 E lowest :    -3.28992
 180 structures remain within     2.50 kcal/mol window
 
 
 
   ================================================
   |           Final Geometry Optimization        |
   ================================================
 --------------------------------------------
 Ensemble optimization with normal thresholds
 --------------------------------------------
 Optimizing all 180 structures from file "crest_rotamers_1.xyz" ...
 1 2 3 4 5 6 7 8 9 10 11 12 13 14 15 16 17 18 19 20 21 22 23 24 25 26 27 28 29 30 31 32 33 34 35 36 37 38 39 40 41 42 43 44 45 46 47 48 49 50 51 52 53 54 55 56 57 58 59 60 61 62 63 64 65 66 67 68 69 70 71 72 73 74 75 76 77 78 79 80 81 82 83 84 85 86 87 88 89 90 91 92 93 94 95 96 97 98 99 100 101 102 103 104 105 106 107 108 109 110 111 112 113 114 115 116 117 118 119 120 121 122 123 124 125 126 127 128 129 130 131 132 133 134 135 136 137 138 139 140 141 142 143 144 145 146 147 148 149 150 151 152 153 154 155 156 157 158 159 160 161 162 163 164 165 166 167 168 169 170 171 172 173 174 175 176 177 178 179 180
 done.
 running RMSDs...
 done.
 E lowest :    -3.29088
 93 structures remain within     2.50 kcal/mol window
 
 input  file name : crest_rotamers_2.xyz
 output file name : crest_rotamers_3.xyz
 number of atoms                :   23
 number of points on xyz files  :   180
 RMSD threshold                 :   0.1250
 Bconst threshold               :   0.0100
 population threshold           :   0.0500
 conformer energy window  /kcal :   2.5000
 # fragment in coord            :     1
 # bonds in reference structure :    22
 number of reliable points      :   180
 number of removed by energy    :     4
 number of remaining points     :   176
 reference state Etot :  -3.29087675000000
 number of doubles removed by rot/RMSD         :          83
 total number unique points considered further :          93
       Erel/kcal        Etot weight/tot  conformer     set   degen     origin
       1   0.000    -3.29088    0.03636    0.14479       1       4     mtd6
       2   0.001    -3.29087    0.03628                                mtd3
       3   0.003    -3.29087    0.03620                                mtd4
       4   0.007    -3.29087    0.03595                                mtd4
       5   0.434    -3.29019    0.01749    0.29556       2      17     mtd4
       6   0.434    -3.29018    0.01748                                mtd6
       7   0.434    -3.29018    0.01748                                mtd2
       8   0.435    -3.29018    0.01747                                mtd5
       9   0.435    -3.29018    0.01746                                mtd5
      10   0.435    -3.29018    0.01746                                mtd4
      11   0.435    -3.29018    0.01746                                mtd2
      12   0.435    -3.29018    0.01745                                mtd6
      13   0.436    -3.29018    0.01744                                mtd2
      14   0.437    -3.29018    0.01742                                mtd4
      15   0.437    -3.29018    0.01739                                mtd4
      16   0.438    -3.29018    0.01738                                mtd6
      17   0.438    -3.29018    0.01737                                mtd3
      18   0.439    -3.29018    0.01733                                mtd1
      19   0.441    -3.29017    0.01727                                mtd4
      20   0.446    -3.29017    0.01714                                mtd6
      21   0.448    -3.29016    0.01708                                mtd5
      22   0.450    -3.29016    0.01702    0.13561       3       8     mtd4
      23   0.450    -3.29016    0.01701                                mtd4
      24   0.451    -3.29016    0.01698                                mtd2
      25   0.452    -3.29016    0.01698                                mtd3
      26   0.452    -3.29016    0.01697                                mtd3
      27   0.452    -3.29016    0.01695                                mtd1
      28   0.456    -3.29015    0.01685                                mtd2
      29   0.456    -3.29015    0.01685                                mtd4
      30   0.750    -3.28968    0.01026    0.05117       4       5     mtd4
      31   0.751    -3.28968    0.01025                                mtd2
      32   0.751    -3.28968    0.01025                                mtd3
      33   0.751    -3.28968    0.01025                                mtd6
      34   0.756    -3.28967    0.01016                                mtd4
      35   0.759    -3.28967    0.01012    0.04039       5       4     mtd2
      36   0.759    -3.28967    0.01011                                mtd2
      37   0.761    -3.28966    0.01008                                mtd1
      38   0.760    -3.28967    0.01009                                mtd2
      39   0.761    -3.28966    0.01008    0.01008       6       1     mtd1
      40   0.761    -3.28966    0.01007    0.01007       7       1     mtd2
      41   0.761    -3.28966    0.01007    0.01007       8       1     mtd2
      42   0.771    -3.28965    0.00991    0.00991       9       1     mtd2
      43   0.842    -3.28954    0.00879    0.06103      10       7     mtd3
      44   0.843    -3.28953    0.00877                                mtd3
      45   0.844    -3.28953    0.00876                                mtd5
      46   0.846    -3.28953    0.00874                                mtd2
      47   0.846    -3.28953    0.00873                                mtd1
      48   0.849    -3.28952    0.00869                                mtd5
      49   0.858    -3.28951    0.00856                                mtd4
      50   0.858    -3.28951    0.00856    0.03420      11       4     mtd1
      51   0.856    -3.28951    0.00858                                mtd4
      52   0.859    -3.28951    0.00854                                mtd6
      53   0.860    -3.28951    0.00853                                mtd4
      54   0.858    -3.28951    0.00855    0.05089      12       6     mtd5
      55   0.862    -3.28950    0.00849                                mtd3
      56   0.863    -3.28950    0.00849                                mtd5
      57   0.863    -3.28950    0.00849                                mtd1
      58   0.874    -3.28948    0.00833                                mtd3
      59   0.859    -3.28951    0.00854                                mtd6
      60   0.864    -3.28950    0.00847    0.00847      13       1     mtd5
      61   0.881    -3.28947    0.00823    0.00823      14       1     mtd5
      62   0.974    -3.28932    0.00704    0.06972      15      10     mtd3
      63   0.974    -3.28932    0.00703                                mtd1
      64   0.975    -3.28932    0.00702                                mtd1
      65   0.976    -3.28932    0.00702                                mtd3
      66   0.978    -3.28932    0.00699                                mtd3
      67   0.980    -3.28932    0.00697                                mtd4
      68   0.980    -3.28932    0.00697                                mtd3
      69   0.982    -3.28931    0.00694                                mtd4
      70   0.985    -3.28931    0.00690                                mtd1
      71   0.989    -3.28930    0.00686                                mtd1
      72   1.084    -3.28915    0.00584    0.00584      16       1     mtd2
      73   1.090    -3.28914    0.00579    0.00579      17       1     mtd5
      74   1.091    -3.28914    0.00578    0.01151      18       2     mtd2
      75   1.095    -3.28913    0.00573                                mtd6
      76   1.097    -3.28913    0.00572    0.01147      19       2     mtd5
      77   1.094    -3.28913    0.00575                                mtd5
      78   1.279    -3.28884    0.00420    0.01255      20       3     mtd3
      79   1.283    -3.28883    0.00418                                mtd3
      80   1.285    -3.28883    0.00416                                mtd1
      81   1.424    -3.28861    0.00330    0.00330      21       1     mtd6
      82   2.237    -3.28731    0.00084    0.00417      22       5     mtd3
      83   2.237    -3.28731    0.00084                                mtd2
      84   2.237    -3.28731    0.00084                                mtd2
      85   2.239    -3.28731    0.00083                                mtd6
      86   2.244    -3.28730    0.00083                                mtd1
      87   2.302    -3.28721    0.00075    0.00372      23       5     mtd6
      88   2.306    -3.28720    0.00074                                mtd1
      89   2.306    -3.28720    0.00074                                mtd2
      90   2.309    -3.28720    0.00074                                mtd2
      91   2.310    -3.28719    0.00074                                mtd3
      92   2.315    -3.28719    0.00073    0.00146      24       2     mtd5
      93   2.317    -3.28718    0.00073                                mtd5
T /K                                  :   298.15
E lowest                              :    -3.29088
ensemble average energy (kcal)        :    0.579
ensemble entropy (J/mol K, cal/mol K) :   35.668    8.525
ensemble free energy (kcal/mol)       :   -2.542
population of lowest in %             :   14.479
 number of unique conformers for further calc           24
 list of relative energies saved as "crest.energies"
 
 -----------------
 Wall Time Summary
 -----------------
             test MD wall time :         0h : 0m : 0s
                 MTD wall time :         0h : 0m : 1s
      multilevel OPT wall time :         0h : 0m :10s
--------------------
Overall wall time  : 0h : 0m :18s
 
 CREST terminated normally.
