 
       ==============================================
       |                                            |
       |                 C R E S T                  |
       |                                            |
       |  Conformer-Rotamer Ensemble Sampling Tool  |
       |          based on the GFN methods          |
       |             P.Pracht, S.Grimme             |
       |          Universitaet Bonn, MCTC           |
       ==============================================
       Version 2.12,   Thu 19. Mai 16:32:32 CEST 2022
  Using the xTB program. Compatible with xTB version 6.4.0
 
   Cite work conducted with this code as

   • P.Pracht, F.Bohle, S.Grimme, PCCP, 2020, 22, 7169-7192.
   • S.Grimme, JCTC, 2019, 15, 2847-2862.

   and for works involving QCG as

   • S.Spicher, C.Plett, P.Pracht, A.Hansen, S.Grimme,
     JCTC, 2022, 18 (5), 3174-3189.
 
   with help from:
   C.Bannwarth, F.Bohle, S.Ehlert, S.Grimme,
   C.Plett, P.Pracht, S.Spicher
 
   This program is distributed in the hope that it will be useful,
   but WITHOUT ANY WARRANTY; without even the implied warranty of
   MERCHANTABILITY or FITNESS FOR A PARTICULAR PURPOSE.

 Command line input:
 > crest ./c9.xyz -gfnff -mquick -T 4

  -gfnff : Use of GFN-FF requested.
  -mquick  : very crude quick-mode (no NORMMD, no GC, crude opt.)
  -T 4 (CPUs/Threads selected)
 
 -------------------------
 xTB Geometry Optimization
 -------------------------
 Geometry successfully optimized.
 
------------------------------------------------
Generating MTD length from a flexibility measure
------------------------------------------------
 Calculating WBOs... done.
 Calculating NCI flexibility... done.
     covalent flexibility measure :   0.845
 non-covalent flexibility measure :   0.818
 flexibility measure :   0.799
 t(MTD) / ps    :     8.0
 Σ(t(MTD)) / ps :    48.0 (6 MTDs)
 
-------------------------------------
Starting a trial MTD to test settings
-------------------------------------
 Estimated runtime for one MTD (8.0 ps) on a single thread: 5 sec
 Estimated runtime for a batch of 6 MTDs on 4 threads: 9 sec
 
 list of Vbias parameters applied:
$metadyn    0.00200   1.000
$metadyn    0.00100   1.000
$metadyn    0.00200   0.500
$metadyn    0.00100   0.500
$metadyn    0.00200   0.250
$metadyn    0.00100   0.250
 
*******************************************************************************************
**                        N E W    I T E R A T I O N    C Y C L E                        **
*******************************************************************************************
 
========================================
            MTD Simulations 
========================================
 
     ========================================
     |         Meta-MD (MTD) Sampling       |
     ========================================
 
Starting Meta-MD   1 with the settings:
     MD time /ps        :     8.0
     dt /fs             :     1.5
     dumpstep(trj) /fs  :     100
     dumpstep(Vbias)/ps :     1.0
     Vbias factor k /Eh :  0.0580
     Vbias exp α /bohr⁻²:    1.00
Starting Meta-MD   2 with the settings:
     MD time /ps        :     8.0
     dt /fs             :     1.5
     dumpstep(trj) /fs  :     100
     dumpstep(Vbias)/ps :     1.0
     Vbias factor k /Eh :  0.0290
     Vbias exp α /bohr⁻²:    1.00
Starting Meta-MD   3 with the settings:
     MD time /ps        :     8.0
     dt /fs             :     1.5
     dumpstep(trj) /fs  :     100
     dumpstep(Vbias)/ps :     1.0
     Vbias factor k /Eh :  0.0580
     Vbias exp α /bohr⁻²:    0.50
Starting Meta-MD   6 with the settings:
     MD time /ps        :     8.0
     dt /fs             :     1.5
     dumpstep(trj) /fs  :     100
     dumpstep(Vbias)/ps :     1.0
     Vbias factor k /Eh :  0.0290
     Vbias exp α /bohr⁻²:    0.25
*Meta-MTD 1 finished*
Starting Meta-MD   4 with the settings:
     MD time /ps        :     8.0
     dt /fs             :     1.5
     dumpstep(trj) /fs  :     100
     dumpstep(Vbias)/ps :     1.0
     Vbias factor k /Eh :  0.0290
     Vbias exp α /bohr⁻²:    0.50
*Meta-MTD 6 finished*
Starting Meta-MD   5 with the settings:
     MD time /ps        :     8.0
     dt /fs             :     1.5
     dumpstep(trj) /fs  :     100
     dumpstep(Vbias)/ps :     1.0
     Vbias factor k /Eh :  0.0580
     Vbias exp α /bohr⁻²:    0.25
*Meta-MTD 3 finished*
*Meta-MTD 2 finished*
*Meta-MTD 5 finished*
*Meta-MTD 4 finished*
 
-----------------------
Multilevel Optimization
-----------------------
 
 -------------------------
 1. crude pre-optimization
 -------------------------
 Optimizing all 480 structures from file "crest_rotamers_0.xyz" ...
 1 2 3 4 5 6 7 8 9 10 11 12 13 14 15 16 17 18 19 20 21 22 23 24 25 26 27 28 29 30 31 32 33 34 35 36 37 38 39 40 41 42 43 44 45 46 47 48 49 50 51 52 53 54 55 56 57 58 59 60 61 62 63 64 65 66 67 68 69 70 71 72 73 74 75 76 77 78 79 80 81 82 83 84 85 86 87 88 89 90 91 92 93 94 95 96 97 98 99 100 101 102 103 104 105 106 107 108 109 110 111 112 113 114 115 116 117 118 119 120 121 122 123 124 125 126 127 128 129 130 131 132 133 134 135 136 137 138 139 140 141 142 143 144 145 146 147 148 149 150 151 152 153 154 155 156 157 158 159 160 161 162 163 164 165 166 167 168 169 170 171 172 173 174 175 176 177 178 179 180 181 182 183 184 185 186 187 188 189 190 191 192 193 194 195 196 197 198 199 200 201 202 203 204 205 206 207 208 209 210 211 212 213 214 215 216 217 218 219 220 221 222 223 224 225 226 227 228 229 230 231 232 233 234 235 236 237 238 239 240 241 242 243 244 245 246 247 248 249 250 251 252 253 254 255 256 257 258 259 260 261 262 263 264 265 266 267 268 269 270 271 272 273 274 275 276 277 278 279 280 281 282 283 284 285 286 287 288 289 290 291 292 293 294 295 296 297 298 299 300 301 302 303 304 305 306 307 308 309 310 311 312 313 314 315 316 317 318 319 320 321 322 323 324 325 326 327 328 329 330 331 332 333 334 335 336 337 338 339 340 341 342 343 344 345 346 347 348 349 350 351 352 353 354 355 356 357 358 359 360 361 362 363 364 365 366 367 368 369 370 371 372 373 374 375 376 377 378 379 380 381 382 383 384 385 386 387 388 389 390 391 392 393 394 395 396 397 398 399 400 401 402 403 404 405 406 407 408 409 410 411 412 413 414 415 416 417 418 419 420 421 422 423 424 425 426 427 428 429 430 431 432 433 434 435 436 437 438 439 440 441 442 443 444 445 446 447 448 449 450 451 452 453 454 455 456 457 458 459 460 461 462 463 464 465 466 467 468 469 470 471 472 473 474 475 476 477 478 479 480
 done.
 running RMSDs...
 done.
 E lowest :    -4.17713
 368 structures remain within     5.00 kcal/mol window
 
========================================
           MTD Simulations done         
========================================
 Collecting ensmbles.
 running RMSDs...
 done.
 E lowest :    -4.17713
 164 structures remain within     2.50 kcal/mol window
 
 
 
   ================================================
   |           Final Geometry Optimization        |
   ================================================
 --------------------------------------------
 Ensemble optimization with normal thresholds
 --------------------------------------------
 Optimizing all 164 structures from file "crest_rotamers_1.xyz" ...
 1 2 3 4 5 6 7 8 9 10 11 12 13 14 15 16 17 18 19 20 21 22 23 24 25 26 27 28 29 30 31 32 33 34 35 36 37 38 39 40 41 42 43 44 45 46 47 48 49 50 51 52 53 54 55 56 57 58 59 60 61 62 63 64 65 66 67 68 69 70 71 72 73 74 75 76 77 78 79 80 81 82 83 84 85 86 87 88 89 90 91 92 93 94 95 96 97 98 99 100 101 102 103 104 105 106 107 108 109 110 111 112 113 114 115 116 117 118 119 120 121 122 123 124 125 126 127 128 129 130 131 132 133 134 135 136 137 138 139 140 141 142 143 144 145 146 147 148 149 150 151 152 153 154 155 156 157 158 159 160 161 162 163 164
 done.
 running RMSDs...
 done.
 E lowest :    -4.17788
 114 structures remain within     2.50 kcal/mol window
 
 input  file name : crest_rotamers_2.xyz
 output file name : crest_rotamers_3.xyz
 number of atoms                :   29
 number of points on xyz files  :   164
 RMSD threshold                 :   0.1250
 Bconst threshold               :   0.0100
 population threshold           :   0.0500
 conformer energy window  /kcal :   2.5000
 # fragment in coord            :     1
 # bonds in reference structure :    28
 number of reliable points      :   164
 reference state Etot :  -4.17788406000000
 number of doubles removed by rot/RMSD         :          50
 total number unique points considered further :         114
       Erel/kcal        Etot weight/tot  conformer     set   degen     origin
       1   0.000    -4.17788    0.02611    0.10370       1       4     mtd2
       2   0.001    -4.17788    0.02605                                mtd6
       3   0.005    -4.17788    0.02589                                mtd6
       4   0.010    -4.17787    0.02565                                mtd4
       5   0.005    -4.17788    0.02588    0.02588       2       1     mtd3
       6   0.026    -4.17784    0.02498    0.07446       3       3     mtd2
       7   0.028    -4.17784    0.02492                                mtd3
       8   0.036    -4.17783    0.02456                                mtd2
       9   0.040    -4.17782    0.02442    0.04903       4       2     mtd2
      10   0.035    -4.17783    0.02461                                mtd2
      11   0.044    -4.17781    0.02425    0.02425       5       1     mtd1
      12   0.280    -4.17744    0.01628    0.03254       6       2     mtd2
      13   0.281    -4.17744    0.01626                                mtd2
      14   0.313    -4.17738    0.01539    0.01539       7       1     mtd2
      15   0.337    -4.17735    0.01480    0.01480       8       1     mtd3
      16   0.392    -4.17726    0.01347    0.05377       9       4     mtd2
      17   0.393    -4.17726    0.01347                                mtd2
      18   0.393    -4.17726    0.01345                                mtd2
      19   0.396    -4.17725    0.01339                                mtd6
      20   0.402    -4.17724    0.01326    0.02647      10       2     mtd1
      21   0.404    -4.17724    0.01321                                mtd3
      22   0.414    -4.17722    0.01300    0.02593      11       2     mtd1
      23   0.416    -4.17722    0.01294                                mtd3
      24   0.415    -4.17722    0.01297    0.01297      12       1     mtd3
      25   0.438    -4.17719    0.01247    0.01247      13       1     mtd2
      26   0.464    -4.17715    0.01194    0.01194      14       1     mtd2
      27   0.464    -4.17714    0.01194    0.01194      15       1     mtd1
      28   0.466    -4.17714    0.01190    0.02294      16       2     mtd1
      29   0.511    -4.17707    0.01104                                mtd2
      30   0.537    -4.17703    0.01055    0.03127      17       3     mtd5
      31   0.541    -4.17702    0.01049                                mtd5
      32   0.556    -4.17700    0.01022                                mtd5
      33   0.555    -4.17700    0.01024    0.01024      18       1     mtd5
      34   0.587    -4.17695    0.00970    0.00970      19       1     mtd3
      35   0.610    -4.17691    0.00933    0.00933      20       1     mtd6
      36   0.627    -4.17689    0.00908    0.00908      21       1     mtd4
      37   0.659    -4.17683    0.00859    0.00859      22       1     mtd3
      38   0.696    -4.17677    0.00807    0.03199      23       4     mtd2
      39   0.700    -4.17677    0.00802                                mtd2
      40   0.702    -4.17677    0.00799                                mtd2
      41   0.709    -4.17675    0.00790                                mtd2
      42   0.712    -4.17675    0.00786    0.00786      24       1     mtd1
      43   0.715    -4.17674    0.00782    0.02341      25       3     mtd2
      44   0.715    -4.17674    0.00782                                mtd3
      45   0.719    -4.17674    0.00777                                mtd5
      46   0.729    -4.17672    0.00764    0.00764      26       1     mtd2
      47   0.754    -4.17668    0.00732    0.00732      27       1     mtd2
      48   0.757    -4.17668    0.00729    0.00729      28       1     mtd2
      49   0.757    -4.17668    0.00728    0.01450      29       2     mtd6
      50   0.762    -4.17667    0.00722                                mtd1
      51   0.768    -4.17666    0.00715    0.01428      30       2     mtd3
      52   0.770    -4.17666    0.00713                                mtd6
      53   0.768    -4.17666    0.00716    0.02861      31       4     mtd6
      54   0.770    -4.17666    0.00712                                mtd6
      55   0.758    -4.17668    0.00727                                mtd1
      56   0.775    -4.17665    0.00706                                mtd1
      57   0.777    -4.17665    0.00704    0.00704      32       1     mtd1
      58   0.783    -4.17664    0.00698    0.00698      33       1     mtd4
      59   0.815    -4.17659    0.00661    0.01317      34       2     mtd3
      60   0.819    -4.17658    0.00656                                mtd1
      61   0.834    -4.17655    0.00640    0.01290      35       2     mtd4
      62   0.824    -4.17657    0.00651                                mtd2
      63   0.840    -4.17655    0.00633    0.00633      36       1     mtd6
      64   0.819    -4.17658    0.00656    0.00656      37       1     mtd3
      65   0.847    -4.17653    0.00625    0.00625      38       1     mtd2
      66   0.855    -4.17652    0.00618    0.00618      39       1     mtd2
      67   0.859    -4.17652    0.00614    0.01833      40       3     mtd3
      68   0.860    -4.17651    0.00612                                mtd2
      69   0.865    -4.17650    0.00607                                mtd3
      70   0.865    -4.17651    0.00607    0.00607      41       1     mtd3
      71   0.872    -4.17649    0.00600    0.00600      42       1     mtd2
      72   0.884    -4.17647    0.00588    0.00588      43       1     mtd3
      73   0.901    -4.17645    0.00572    0.00572      44       1     mtd6
      74   0.922    -4.17641    0.00552    0.00552      45       1     mtd6
      75   0.923    -4.17641    0.00550    0.00550      46       1     mtd5
      76   0.925    -4.17641    0.00549    0.01096      47       2     mtd6
      77   0.927    -4.17641    0.00547                                mtd2
      78   0.927    -4.17641    0.00547    0.00547      48       1     mtd3
      79   0.932    -4.17640    0.00543    0.00543      49       1     mtd5
      80   0.933    -4.17640    0.00542    0.01622      50       3     mtd2
      81   0.934    -4.17640    0.00541                                mtd1
      82   0.935    -4.17639    0.00540                                mtd1
      83   0.945    -4.17638    0.00531    0.00531      51       1     mtd1
      84   0.945    -4.17638    0.00530    0.01056      52       2     mtd1
      85   0.950    -4.17637    0.00526                                mtd6
      86   0.954    -4.17636    0.00523    0.00523      53       1     mtd6
      87   0.948    -4.17637    0.00527    0.00527      54       1     mtd3
      88   0.956    -4.17636    0.00521    0.00521      55       1     mtd6
      89   1.045    -4.17622    0.00448    0.00448      56       1     mtd5
      90   1.068    -4.17618    0.00431    0.00862      57       2     mtd5
      91   1.069    -4.17618    0.00430                                mtd3
      92   1.070    -4.17618    0.00430    0.00858      58       2     mtd3
      93   1.072    -4.17618    0.00429                                mtd3
      94   1.073    -4.17617    0.00427    0.00427      59       1     mtd1
      95   1.077    -4.17617    0.00425    0.00425      60       1     mtd6
      96   1.079    -4.17616    0.00423    0.00423      61       1     mtd6
      97   1.108    -4.17612    0.00403    0.00403      62       1     mtd3
      98   1.136    -4.17607    0.00384    0.00384      63       1     mtd4
      99   1.157    -4.17604    0.00371    0.00733      64       2     mtd1
     100   1.172    -4.17602    0.00362                                mtd6
     101   1.247    -4.17590    0.00319    0.00319      65       1     mtd3
     102   1.374    -4.17569    0.00257    0.00514      66       2     mtd5
     103   1.377    -4.17569    0.00256                                mtd3
     104   1.378    -4.17569    0.00256    0.00256      67       1     mtd6
     105   1.416    -4.17563    0.00240    0.00479      68       2     mtd6
     106   1.416    -4.17563    0.00240                                mtd6
     107   1.582    -4.17536    0.00181    0.00181      69       1     mtd5
     108   1.839    -4.17495    0.00117    0.00117      70       1     mtd2
     109   1.878    -4.17489    0.00110    0.00110      71       1     mtd4
     110   1.939    -4.17479    0.00099    0.00099      72       1     mtd3
     111   2.303    -4.17421    0.00054    0.00054      73       1     mtd5
     112   2.332    -4.17417    0.00051    0.00051      74       1     mtd3
     113   2.338    -4.17416    0.00051    0.00051      75       1     mtd5
     114   2.482    -4.17393    0.00040    0.00040      76       1     mtd1
T /K                                  :   298.15
E lowest                              :    -4.17788
ensemble average energy (kcal)        :    0.506
ensemble entropy (J/mol K, cal/mol K) :   37.407    8.940
ensemble free energy (kcal/mol)       :   -2.666
population of lowest in %             :   10.370
 number of unique conformers for further calc           76
 list of relative energies saved as "crest.energies"
 
 -----------------
 Wall Time Summary
 -----------------
             test MD wall time :         0h : 0m : 0s
                 MTD wall time :         0h : 0m : 2s
      multilevel OPT wall time :         0h : 0m :18s
--------------------
Overall wall time  : 0h : 0m :27s
 
 CREST terminated normally.
