44
 energy: -45.302352072779 gnorm: 0.034049380944 xtb: 6.6.1 (8d0f1dd)
C            1.96100400000000        3.43995100000000        0.49403400000000
C            2.86143200000000        2.30950500000000        0.02040200000000
C            2.13003100000000        0.96913000000000       -0.05940200000000
C            3.02583700000000       -0.17859300000000       -0.53281100000000
C            2.26975700000000       -1.50001700000000       -0.70416800000000
C            1.82304900000000       -2.12353300000000        0.62008200000000
C            0.90635600000000       -3.34047700000000        0.45113000000000
C           -0.38019000000000       -3.04652200000000       -0.32981000000000
C           -1.19002200000000       -1.88500400000000        0.24691700000000
C           -2.42173700000000       -1.53450100000000       -0.58714200000000
C           -3.17435100000000       -0.30591700000000       -0.06751400000000
C           -2.35001900000000        0.98246000000000       -0.13112200000000
C           -3.13933700000000        2.22441100000000        0.28407700000000
C           -2.29776000000000        3.49063800000000        0.24496400000000
H            1.55746300000000        3.23401200000000        1.48769800000000
H            2.49123200000000        4.39409600000000        0.54616700000000
H            1.10981800000000        3.57406900000000       -0.17674400000000
H            3.72893100000000        2.21063000000000        0.68702400000000
H            3.28625100000000        2.55083800000000       -0.96355400000000
H            1.69950200000000        0.73253100000000        0.92093500000000
H            1.26767900000000        1.06301400000000       -0.73181900000000
H            3.85611300000000       -0.31557800000000        0.17110200000000
H            3.49814800000000        0.10883200000000       -1.48183500000000
H            2.88322500000000       -2.22639500000000       -1.25368700000000
H            1.39782700000000       -1.32193400000000       -1.34413600000000
H            1.31362000000000       -1.36886100000000        1.22933000000000
H            2.71022200000000       -2.39526200000000        1.20777400000000
H            0.64159500000000       -3.73830300000000        1.43993000000000
H            1.46342700000000       -4.14654700000000       -0.04435500000000
H           -1.01148700000000       -3.94397400000000       -0.37363900000000
H           -0.13598600000000       -2.82866200000000       -1.37668200000000
H           -0.54823100000000       -1.00110200000000        0.32197500000000
H           -1.48683000000000       -2.11101300000000        1.27867700000000
H           -2.11633900000000       -1.35867100000000       -1.62639200000000
H           -3.09090000000000       -2.40417300000000       -0.62811600000000
H           -3.49816300000000       -0.48185900000000        0.96592000000000
H           -4.10171000000000       -0.16583500000000       -0.63878600000000
H           -1.46198100000000        0.89327700000000        0.50625800000000
H           -1.95814100000000        1.11884300000000       -1.14714100000000
H           -4.01761000000000        2.33186900000000       -0.36687900000000
H           -3.55005500000000        2.07367900000000        1.29171500000000
H           -1.44407700000000        3.41813700000000        0.92207400000000
H           -1.89911200000000        3.66931600000000       -0.75585000000000
H           -2.87104200000000        4.37523200000000        0.53319700000000
44
 energy: -45.305013307804 gnorm: 0.014968723120 xtb: 6.6.1 (8d0f1dd)
C            1.95984111901050        3.43142961603734        0.49178885362144
C            2.86469252103762        2.30385047681104        0.01829419521703
C            2.12627595084267        0.96895763578679       -0.05820001181810
C            3.02466787980930       -0.17721215434715       -0.52471551870401
C            2.26597466349760       -1.49354833232605       -0.70287194035149
C            1.82125949633921       -2.11835814439963        0.61960789079601
C            0.90324277164833       -3.33108608496734        0.44638970949960
C           -0.38312920852916       -3.03974158702373       -0.33262957028897
C           -1.18896840720774       -1.88028759479928        0.24984964833515
C           -2.41696192928759       -1.53041917995674       -0.58737272438159
C           -3.16785604637643       -0.30435599555681       -0.06298219339671
C           -2.34572703156460        0.98321842502620       -0.13247083314101
C           -3.14316036539729        2.21813323628972        0.28282329732778
C           -2.29717375386966        3.48202865858153        0.24295241096809
H            1.56493520906944        3.22139905422928        1.48590592953364
H            2.50118225377227        4.37588968131788        0.53930461332188
H            1.11506658546426        3.56199139385838       -0.18444683054232
H            3.71861840664443        2.20730989819768        0.69792319021853
H            3.27214341902657        2.54995576136054       -0.96850564596501
H            1.71381344274740        0.73749812900097        0.92855292420910
H            1.27730645994478        1.06602277924313       -0.74418507324030
H            3.84497300431933       -0.31631481864996        0.18728479773848
H            3.47995088356000        0.10325468551716       -1.48107952548927
H            2.89514869966317       -2.21237827260994       -1.23928138475115
H            1.39402656001126       -1.30492416466974       -1.33452498640697
H            1.30840094475208       -1.36941952489937        1.22686403883890
H            2.70828301194354       -2.41708425835649        1.18966214404559
H            0.64023392858060       -3.71433512714738        1.43863323068534
H            1.45335752524719       -4.12981533673497       -0.06323329746297
H           -1.00425030404150       -3.94221796985792       -0.35039536858249
H           -0.13561726116480       -2.81823175091085       -1.37527981003488
H           -0.54717647395107       -0.99990478350332        0.30483771236375
H           -1.49533621518096       -2.12143957200653        1.27332053126412
H           -2.10678722385620       -1.34563601602428       -1.62175692016680
H           -3.09507445260060       -2.39069406141408       -0.61088175656166
H           -3.47966692819072       -0.48158698373173        0.97181630833055
H           -4.08360493236115       -0.16982403278446       -0.64943755103749
H           -1.47086554335504        0.89846352481839        0.51870183104660
H           -1.97243024436933        1.11997200344432       -1.15329839463011
H           -4.00882117980266        2.33273374716371       -0.37883385414544
H           -3.53582053257916        2.07197766179720        1.29517192908143
H           -1.44950384995978        3.40437845693605        0.92380040299942
H           -1.90709470813144        3.65674984180081       -0.75976947292572
H           -2.88092914515464        4.35533807945963        0.53246507458204
44
 energy: -45.305428520650 gnorm: 0.002596785503 xtb: 6.6.1 (8d0f1dd)
C            1.95986502775128        3.42824443373738        0.49043991520981
C            2.86759538259332        2.30055749842032        0.01676217725254
C            2.12490277463020        0.96893689858213       -0.05597946509734
C            3.02503416332452       -0.17559851188940       -0.52006981363327
C            2.26527343922393       -1.49019435714689       -0.70171924584902
C            1.82272061461041       -2.11719665930790        0.61946029820079
C            0.90143792833302       -3.32657982483302        0.44282456716475
C           -0.38669725824774       -3.03652013150138       -0.33338966457867
C           -1.18810733602295       -1.87623165361137        0.25132271283860
C           -2.41535993835338       -1.52860263598174       -0.58694420763235
C           -3.16523415488378       -0.30285634113298       -0.06105695583902
C           -2.34326898251323        0.98369456836923       -0.13326159684608
C           -3.14675555661066        2.21377826363312        0.28152793945071
C           -2.29866973935220        3.47856248593124        0.24139360232842
H            1.56897296746524        3.21374060294998        1.48343014804665
H            2.50604415468514        4.36798682393216        0.53534788470671
H            1.11836698429950        3.55365635921564       -0.18808064407675
H            3.71416568688547        2.20434576284811        0.70125032681857
H            3.26701804657708        2.54737012338704       -0.97016588947507
H            1.71878097491239        0.74267337715123        0.93214864075837
H            1.28393644122022        1.06718747876638       -0.74807088905740
H            3.83754463111747       -0.31575411134488        0.19721900203144
H            3.47456878242736        0.10212116440929       -1.47739555827756
H            2.90065077398303       -2.20375916886287       -1.23294507551270
H            1.39430464029980       -1.29440265588293       -1.32836673841752
H            1.31246652594041       -1.37202688063691        1.22907004630181
H            2.70952169671060       -2.43251977763335        1.17682355338940
H            0.63916503260253       -3.70244432494972        1.43559353613613
H            1.44661996222136       -4.12040889719177       -0.07496997502350
H           -1.00240157155069       -3.94027700239174       -0.33678493362458
H           -0.14112072855699       -2.81384064276273       -1.37380277443469
H           -0.54688616934373       -0.99839664849474        0.29786607047190
H           -1.49880960385141       -2.12433698748958        1.26934970134121
H           -2.10260264487033       -1.33886564824416       -1.61746505059396
H           -3.09741347128680       -2.38302218917033       -0.60326690372009
H           -3.46801156458260       -0.48050573183692        0.97405021466721
H           -4.07584437226831       -0.17134799002922       -0.65202969982958
H           -1.47415307899104        0.90465532703854        0.52222895105130
H           -1.98000928536363        1.12052445967274       -1.15534258368261
H           -4.00555428952717        2.33047903563643       -0.38421887059246
H           -3.53094730018152        2.06848111254696        1.29434437531349
H           -1.45391988155827        3.39547601395721        0.92251309339269
H           -1.91248041726028        3.64889864230776       -0.76183449057941
H           -2.88727028663760        4.34605533983364        0.53199226950114
44
 energy: -45.305456614702 gnorm: 0.000914934717 xtb: 6.6.1 (8d0f1dd)
C            1.96051625142743        3.42834955805054        0.48997962606703
C            2.86904549078091        2.30016674546256        0.01657423191655
C            2.12499959631092        0.96925765846537       -0.05524641172368
C            3.02607634008639       -0.17520440210800       -0.51759253037079
C            2.26592176646560       -1.48970720167576       -0.70177688868540
C            1.82483142961270       -2.11878601396613        0.61887848963805
C            0.90118801285047       -3.32676826847337        0.44134653937298
C           -0.38816424704617       -3.03581184350652       -0.33318014789308
C           -1.18825863642863       -1.87499095879528        0.25222821817778
C           -2.41532805489874       -1.52801055243444       -0.58676940952429
C           -3.16503205157223       -0.30225014631230       -0.06002426255961
C           -2.34338201236625        0.98426424049574       -0.13432155191150
C           -3.14887253110391        2.21295168953863        0.28062998961651
C           -2.30062972779761        3.47853781104356        0.24070110766880
H            1.57000729385764        3.21271227394872        1.48259520794803
H            2.50632924068109        4.36797687882549        0.53443963111541
H            1.11929378533681        3.55181694198769       -0.18882794065920
H            3.71505458719503        2.20389368159106        0.70102876360636
H            3.26791163883292        2.54613163946483       -0.97026684040516
H            1.71833734929413        0.74455369417627        0.93256065584907
H            1.28498194961454        1.06717724160846       -0.74788268232493
H            3.83666159226905       -0.31570755530598        0.20125846465857
H            3.47697932044134        0.10316756717586       -1.47358887745742
H            2.90102169154735       -2.20192578468850       -1.23412743899817
H            1.39484087306692       -1.29215098727416       -1.32722138531198
H            1.31802825827867       -1.37440553246132        1.23195907310071
H            2.71186194721764       -2.43839609712486        1.17235736643313
H            0.63922238631270       -3.70266526566261        1.43372409557935
H            1.44498323519963       -4.11975096711233       -0.07819651209719
H           -1.00385641418993       -3.93893893974654       -0.33352239018462
H           -0.14521025361527       -2.81423336531973       -1.37415816698292
H           -0.54681455248599       -0.99765390928897        0.29788814075781
H           -1.49886789427940       -2.12258082109909        1.26991870079407
H           -2.10241973010987       -1.33790222138745       -1.61680985778027
H           -3.09721098858161       -2.38192588595861       -0.60271792906059
H           -3.46554898438114       -0.47965486195685        0.97539168114649
H           -4.07590969151692       -0.17087643556976       -0.64972586739395
H           -1.47418749621436        0.90723146810452        0.52064109151995
H           -1.98120770863801        1.12078769458541       -1.15640430114329
H           -4.00697329813278        2.32893077086628       -0.38534709139565
H           -3.53262433506423        2.06692215905358        1.29302111515089
H           -1.45593472258343        3.39386840753728        0.92128475572390
H           -1.91497768379542        3.64783687820253       -0.76263452899601
H           -2.88924402187797        4.34550001704416        0.53173406701824
44
 energy: -45.305498016086 gnorm: 0.003620439104 xtb: 6.6.1 (8d0f1dd)
C            1.96326016609910        3.42935965991112        0.48837310147481
C            2.87334142065593        2.29988071731766        0.01654936906301
C            2.12662243814385        0.97023294096143       -0.05232202943488
C            3.02975859009439       -0.17481850012743       -0.50909571058978
C            2.26856072720947       -1.48866362338853       -0.70215326953552
C            1.83267733876950       -2.12659751767266        0.61606567105994
C            0.90086118734623       -3.32931854027540        0.43595006828674
C           -0.39251756453741       -3.03433221685991       -0.33176858104332
C           -1.18775420698747       -1.87079798976922        0.25483119310692
C           -2.41523909951879       -1.52579560927117       -0.58495698956914
C           -3.16492670902024       -0.30043620042766       -0.05650025780595
C           -2.34559418374161        0.98677061693518       -0.13785573534572
C           -3.15627972532943        2.21199483333559        0.27688030187469
C           -2.30886173982016        3.47972455977918        0.23792416294854
H            1.57339061875004        3.21202467415865        1.48046471215531
H            2.50689290182178        4.36972409919210        0.53136890961306
H            1.12231561139030        3.54766422958795       -0.19115949600441
H            3.71891309883233        2.20369199011552        0.70061393268621
H            3.27212406583671        2.54292265935311       -0.97038657642217
H            1.71604679429021        0.74993243073184        0.93438583862428
H            1.28894875295085        1.06679181885256       -0.74713314914633
H            3.83385261860282       -0.31732321641705        0.21598101257555
H            3.48876513417773        0.10619032719581       -1.45987287653532
H            2.90167755451315       -2.19660936038018       -1.24114417593487
H            1.39625015717158       -1.28576042157682       -1.32368802063080
H            1.33803877951769       -1.38428481297340        1.24175636075399
H            2.72149260974470       -2.45915918340453        1.15752066852942
H            0.64073369422458       -3.70757713730939        1.42724216683094
H            1.43996730045445       -4.12086952984962       -0.08911841928364
H           -1.01009602415525       -3.93523882155840       -0.32418731544767
H           -0.15807670016957       -2.81657845723947       -1.37529194154929
H           -0.54496463145880       -0.99454871222578        0.29916504205261
H           -1.49784780867172       -2.11558139665773        1.27267775682876
H           -2.10249935817405       -1.33496819643922       -1.61437967477449
H           -3.09572553437674       -2.37989174126551       -0.60109518429700
H           -3.45808303683833       -0.47666533406092        0.98068582851331
H           -4.07902884955240       -0.17003528316243       -0.64021984410931
H           -1.47413607023934        0.91572149549711        0.51409801782579
H           -1.98654504745545        1.12173466717194       -1.16071283108347
H           -4.01359490302187        2.32511835391858       -0.38954134415252
H           -3.54019414708618        2.06326933337826        1.28817074612539
H           -1.46367271360947        3.39146062495713        0.91687741621216
H           -1.92463074965180        3.64746527111968       -0.76581788858380
H           -2.89678375718128        4.34591349884201        0.53061703413793
44
 energy: -45.305516532435 gnorm: 0.002517600964 xtb: 6.6.1 (8d0f1dd)
C            1.96420255068700        3.42965580906141        0.48785768057791
C            2.87412960474817        2.30008112357686        0.01708715811850
C            2.12770503886844        0.97023851595724       -0.05146846607537
C            3.03081106674997       -0.17554723319246       -0.50640866060258
C            2.26923910942849       -1.48861174706710       -0.70232527712066
C            1.83490311820151       -2.13002232208736        0.61473708478747
C            0.90110542147263       -3.33097043862187        0.43411944150289
C           -0.39303322618316       -3.03417833859816       -0.33127192435145
C           -1.18673026290904       -1.86968825986031        0.25541538995735
C           -2.41474513762040       -1.52477809497270       -0.58365860476337
C           -3.16497372165636       -0.30017613244606       -0.05500885580366
C           -2.34740037653921        0.98790443933521       -0.13887411293812
C           -3.15853638992323        2.21286303181981        0.27550516457796
C           -2.31212335688902        3.48079675316383        0.23672899086621
H            1.57427803006174        3.21350984507172        1.48029173950878
H            2.50746181464680        4.37040018895075        0.53015027300643
H            1.12311202943203        3.54766655224161       -0.19171785362178
H            3.71995145469033        2.20436707057018        0.70127993012776
H            3.27337452551912        2.54254912767376       -0.97006032018463
H            1.71570917303829        0.75061490618771        0.93505960628354
H            1.29055585308364        1.06643811670344       -0.74731406797548
H            3.83287728217425       -0.31933930257191        0.22094122468671
H            3.49330450428862        0.10584803530002       -1.45562554922197
H            2.90167319291945       -2.19525559660220       -1.24431129708482
H            1.39610118730120       -1.28436892338732       -1.32250203409401
H            1.34314525492982       -1.38838856515185        1.24368374736192
H            2.72458041191649       -2.46540741477836        1.15341279074244
H            0.64229549882160       -3.71072787564678        1.42540712171178
H            1.43856880575820       -4.12276957921227       -0.09271100920767
H           -1.01190381403929       -3.93450061569620       -0.32257332264181
H           -0.16005097265458       -2.81729086664288       -1.37545482488981
H           -0.54322963544223       -0.99367357143614        0.29931560060281
H           -1.49647772243038       -2.11360611473634        1.27384752444317
H           -2.10262700393323       -1.33389357842233       -1.61345029121236
H           -3.09462840088226       -2.37967809353786       -0.59981655260624
H           -3.45619951446956       -0.47585114290762        0.98300313690698
H           -4.08072779084787       -0.17117861186008       -0.63690915276520
H           -1.47470752039965        0.91813796503234        0.51191456289583
H           -1.98959183134045        1.12208645869367       -1.16250732607866
H           -4.01607217236219        2.32530815222848       -0.39112877099038
H           -3.54296717310334        2.06383275256082        1.28679741263749
H           -1.46654878360621        3.39297922801388        0.91541867776410
H           -1.92824338843703        3.64951420181125       -0.76709280381411
H           -2.90012773306908        4.34684714548215        0.53001481897607
44
 energy: -45.305557334393 gnorm: 0.001479861019 xtb: 6.6.1 (8d0f1dd)
C            1.96806102454156        3.43049323362128        0.48573641986751
C            2.87733501435981        2.30014043051798        0.01970085104993
C            2.13207107467268        0.96948175280361       -0.04775844148684
C            3.03520902765373       -0.17923265817881       -0.49530233402146
C            2.27160223497728       -1.48878805790163       -0.70308969217240
C            1.84357224889282       -2.14416936585343        0.60938890850623
C            0.90256703396706       -3.33834940195357        0.42614401854332
C           -0.39431029812326       -3.03339143441754       -0.33003553900513
C           -1.18109885363622       -1.86492901856814        0.25790422350118
C           -2.41196996441045       -1.52053714025966       -0.57733169825444
C           -3.16493212798362       -0.29911967808312       -0.04797460703415
C           -2.35523091653926        0.99305094056370       -0.14289037986100
C           -3.16845217964585        2.21700161370693        0.26978478333936
C           -2.32645542927990        3.48618668369367        0.23127244837956
H            1.57775447786226        3.22019071008874        1.47965322756219
H            2.51096819643927        4.37214573377387        0.52444291582218
H            1.12652462827539        3.54762347427978       -0.19402544091073
H            3.72332390021151        2.20661405581754        0.70508981744928
H            3.27854026715768        2.54050751459503       -0.96795580376262
H            1.71459640157752        0.75237764160087        0.93781296666826
H            1.29775718179805        1.06442102118174       -0.74818235192441
H            3.82841294529716       -0.32874625811650        0.24151730871962
H            3.51165188677436        0.10306137643102       -1.43816608343842
H            2.90114468318960       -2.18997818343343       -1.25705406685306
H            1.39509473845709       -1.27843809952932       -1.31717037097550
H            1.36177117217330       -1.40581960051025        1.25046867865510
H            2.73656876231809       -2.49022266047201        1.13719080039167
H            0.64928118503001       -3.72405574760911        1.41731506554666
H            1.43296560400659       -4.13088736411564       -0.10833696745341
H           -1.01845390009353       -3.93104150925586       -0.31782754239214
H           -0.16593012705033       -2.81893181846245       -1.37617378640285
H           -0.53472524424137       -0.99015714613621        0.29893277005348
H           -1.48861806860612       -2.10594112083341        1.27850171249014
H           -2.10296424980737       -1.32903361019911       -1.60852945840553
H           -3.08935153097544       -2.37847227277536       -0.59290515095877
H           -3.44788532280366       -0.47233243608282        0.99334424194095
H           -4.08706418804406       -0.17759182979941       -0.62293800328347
H           -1.47750726641118        0.92899853916642        0.50275861263055
H           -2.00389644062124        1.12374037294222       -1.16991722233940
H           -4.02662186603663        2.32682554197398       -0.39766012033610
H           -3.55435504602527        2.06761424939734        1.28119756849878
H           -1.47921293618460        3.40126540730902        0.90881098477344
H           -1.94428761053640        3.65925877515492       -0.77284385850200
H           -2.91601112257700        4.35090434392714        0.52689859538439
44
 energy: -45.305570460704 gnorm: 0.001716538931 xtb: 6.6.1 (8d0f1dd)
C            1.96981097858089        3.43043160123586        0.48485548233476
C            2.87885516937298        2.29901106868838        0.02153092989812
C            2.13380626037256        0.96814018197799       -0.04605816223556
C            3.03727467490737       -0.18159463039232       -0.49061667123764
C            2.27237791190885       -1.48952980107506       -0.70331868358244
C            1.84664581727157       -2.15024378689000        0.60721634316974
C            0.90372571428598       -3.34231884701069        0.42228886151184
C           -0.39367848501169       -3.03268169767144       -0.33076071545380
C           -1.17702926665944       -1.86270867439480        0.25899883433468
C           -2.40995379957866       -1.51871211650050       -0.57349243889743
C           -3.16452438583002       -0.29852225527338       -0.04366570955904
C           -2.35899317871621        0.99589434121272       -0.14446784116866
C           -3.17358153105716        2.21932335583241        0.26746269454440
C           -2.33412159877230        3.48997574200254        0.22813679863435
H            1.57912214534901        3.22334130981845        1.47935386749854
H            2.51357242709311        4.37182674461712        0.52136242287918
H            1.12832350572394        3.54713245815168       -0.19515544655203
H            3.72396063518631        2.20636927996568        0.70818540894998
H            3.28129192401116        2.53847745512545       -0.96589651869933
H            1.71426578517235        0.75173183234574        0.93880148728260
H            1.30118280368967        1.06271904408749       -0.74853326195600
H            3.82638696211565       -0.33370024803255        0.24995724268173
H            3.51898389609893        0.10071488575291       -1.43070115427528
H            2.90021143475364       -2.18859501902201       -1.26182551439116
H            1.39462172123168       -1.27600253048576       -1.31441189760573
H            1.36693958424732       -1.41392236091970        1.25193807097923
H            2.74055049343076       -2.49901606491397        1.13145722677206
H            0.65227860961749       -3.73071497189329        1.41294128188839
H            1.43133152035813       -4.13444664634443       -0.11569689014910
H           -1.02022391689071       -3.92871103676294       -0.31869214262001
H           -0.16590875314645       -2.81775484528392       -1.37693223248101
H           -0.52965404715689       -0.98856581668049        0.29749169483435
H           -1.48204109453496       -2.10294714285293        1.28054981980082
H           -2.10307152618888       -1.32677232076109       -1.60528699323479
H           -3.08612673824663       -2.37771504369007       -0.58788313175270
H           -3.44353328270673       -0.47027108009112        0.99897324000353
H           -4.08896164286830       -0.18159772929364       -0.61591581930429
H           -1.47900191717387        0.93508002337877        0.49839125222390
H           -2.01170018520988        1.12476963325014       -1.17308315230894
H           -4.03191462863229        2.32771928194217       -0.40010355315264
H           -3.55935052056825        2.07057323213268        1.27907515521624
H           -1.48604029185861        3.40744614175741        0.90502072966603
H           -1.95309880978666        3.66478147779051       -0.77618061404768
H           -2.92557137418467        4.35332257517001        0.52448769956072
44
 energy: -45.305591011611 gnorm: 0.000644643275 xtb: 6.6.1 (8d0f1dd)
C            1.97237254053325        3.42927561392953        0.48383034105340
C            2.88134964988092        2.29529009717963        0.02508554392019
C            2.13566249703644        0.96469155195317       -0.04360205605824
C            3.04018982471227       -0.18564839469547       -0.48523517382256
C            2.27315212099740       -1.49169940395966       -0.70320296645488
C            1.84935003488042       -2.15697854775236        0.60552536016250
C            0.90594864366390       -3.34791257913197        0.41655055780854
C           -0.39105617538583       -3.03076029447033       -0.33426947699452
C           -1.16947743207160       -1.85935446393773        0.25998526172886
C           -2.40661395735430       -1.51651530633645       -0.56692448177772
C           -3.16309928795171       -0.29720521600166       -0.03614441377059
C           -2.36363913238674        1.00051948699305       -0.14607128882666
C           -3.18146049821009        2.22256533099281        0.26500117738220
C           -2.34667506387407        3.49693001305353        0.22268645877515
H            1.58065742348715        3.22664242595519        1.47873359440107
H            2.51809891240039        4.36960676573398        0.51688325348016
H            1.13161449801628        3.54469286320507       -0.19720573984022
H            3.72368705731039        2.20311838989711        0.71474169110088
H            3.28670538540253        2.53326931972573       -0.96121853467384
H            1.71355336073090        0.74853262636121        0.93988253645990
H            1.30564194493546        1.05926391095512       -0.74866043693365
H            3.82448882729662       -0.34055411041616        0.25919421374637
H            3.52678346585428        0.09667558250353       -1.42219826746757
H            2.89832632246197       -2.18898124283399       -1.26599671421089
H            1.39453967131872       -1.27342619129421       -1.31086381290237
H            1.36885377748749       -1.42366891452069        1.25254991986551
H            2.74367250798477       -2.50674245023184        1.12748767708994
H            0.65496346183223       -3.74022105522629        1.40548823087030
H            1.43120033302241       -4.13818710013087       -0.12587439503308
H           -1.02103489998285       -3.92403122360945       -0.32523108196243
H           -0.16224234808133       -2.81271502605432       -1.37938171373737
H           -0.52152450825454       -0.98571469259204        0.29343716295748
H           -1.46837953825385       -2.09916913972648        1.28308733546937
H           -2.10391719770264       -1.32418670441865       -1.59965421733702
H           -3.08116530313324       -2.37648503131086       -0.57810003318716
H           -3.43599905726146       -0.46659081010465        1.00822520466548
H           -4.09028087533765       -0.18732802311092       -0.60463215800425
H           -1.48025315786154        0.94549304590533        0.49219629767560
H           -2.02318798020404        1.12682607124704       -1.17692737044933
H           -4.04042185666284        2.32773951783928       -0.40187171696868
H           -3.56539357727097        2.07526688096006        1.27725115938020
H           -1.49727283021785        3.41921849653405        0.89837254610976
H           -1.96804556449369        3.67275227489381       -0.78226129566137
H           -2.94223301929325        4.35744265604875        0.51912982197148
44
 energy: -45.305603777660 gnorm: 0.000743328595 xtb: 6.6.1 (8d0f1dd)
C            1.97475579815694        3.42744102818150        0.48306436730055
C            2.88403929902649        2.29157861623263        0.02859164086294
C            2.13735765125202        0.96169353715732       -0.04156080016565
C            3.04281947887110       -0.18868886467078       -0.48146038398943
C            2.27460556830870       -1.49363456256135       -0.70252000077830
C            1.85120049321163       -2.16159625786411        0.60490261712151
C            0.90727575449643       -3.35150407451936        0.41174480272752
C           -0.38891505759779       -3.02827086923082       -0.33812418348999
C           -1.16361657747228       -1.85605904425181        0.25983417676404
C           -2.40470424529711       -1.51467889233489       -0.56170535815494
C           -3.16126656020256       -0.29570973804803       -0.02948671359814
C           -2.36661402136551        1.00442008712204       -0.14720121191205
C           -3.18792485146506        2.22444666030712        0.26356307712582
C           -2.35813069547567        3.50239341436465        0.21750430702632
H            1.58176268743074        3.22761140409336        1.47794085528519
H            2.52113799652348        4.36732978352245        0.51394336600677
H            1.13505723380528        3.54102600607717       -0.19951047799984
H            3.72377883003772        2.19908631489181        0.72119475899756
H            3.29285115974358        2.52795802344554       -0.95656222596442
H            1.71281302012429        0.74546810983701        0.94079624575105
H            1.30911980914597        1.05657697384883       -0.74857889940232
H            3.82444961483796       -0.34501604102964        0.26536728256339
H            3.53235390419577        0.09424785423277       -1.41664046232648
H            2.89805188300236       -2.19040677072773       -1.26769910195772
H            1.39586116878845       -1.27222376011228       -1.30870348267331
H            1.37021613297778       -1.42997382384043        1.25367261695070
H            2.74558151982236       -2.51252633020814        1.12608622243152
H            0.65544848589588       -3.74759871860252        1.39886223801637
H            1.43183874051866       -4.13975987679032       -0.13409577038706
H           -1.02185769550918       -3.91936839481333       -0.33181683803956
H           -0.15951442063906       -2.80765324840588       -1.38254519183164
H           -0.51565013592185       -0.98227750944868        0.28908171677195
H           -1.45675432023795       -2.09530665017394        1.28464497026815
H           -2.10629556773536       -1.32287134279174       -1.59569204016642
H           -3.07821832727637       -2.37535731604488       -0.56924701649221
H           -3.42810960974610       -0.46320292209710        1.01671734211296
H           -4.09158673196212       -0.19020290974853       -0.59349937680022
H           -1.48008150030703        0.95477044102318        0.48711288445840
H           -2.03152704526999        1.12883110834053       -1.17996086809879
H           -4.04835842212977        2.32540046712181       -0.40191386819785
H           -3.56937840875445        2.07764028690897        1.27671186946136
H           -1.50743782544960        3.42919967700086        0.89195580653444
H           -1.98200762654390        3.67779171990990       -0.78838090943757
H           -2.95698758381479        4.36071340469680        0.51341001732529
44
 energy: -45.305621366252 gnorm: 0.001072815957 xtb: 6.6.1 (8d0f1dd)
C            1.97827681785723        3.42355261831860        0.48234532726493
C            2.88869109944355        2.28574948963228        0.03449976040070
C            2.14057335051584        0.95710977091091       -0.03879208218629
C            3.04695027010995       -0.19292401062191       -0.47738156033307
C            2.27824076954310       -1.49688474118783       -0.70083876783921
C            1.85286137533064       -2.16639111439820        0.60489197126565
C            0.90845185691522       -3.35467775705331        0.40488571912741
C           -0.38584119749309       -3.02372716257910       -0.34484096640527
C           -1.15602871947732       -1.85089531725932        0.25780769153240
C           -2.40354070277449       -1.51216221441044       -0.55479061959179
C           -3.15808198601471       -0.29327990529361       -0.01946457717587
C           -2.36983885051200        1.00966878373165       -0.14804040448179
C           -3.19660214202100        2.22610373000443        0.26271639051721
C           -2.37541684547073        3.50960777759101        0.20910057620735
H            1.58241228044854        3.22684722189122        1.47660350186417
H            2.52468159835921        4.36330174803540        0.51133775735551
H            1.14078718530885        3.53419452302428       -0.20333760780992
H            3.72402513628085        2.19228522510039        0.73218130476634
H            3.30375723843141        2.52005002496520       -0.94848052080743
H            1.71269933813921        0.74006367887099        0.94190507927327
H            1.31454929113203        1.05316059704976       -0.74824427076408
H            3.82702671904002       -0.34966752082224        0.27078581040540
H            3.53811578850341        0.09086189256224       -1.41134109879115
H            2.90068860636570       -2.19392596803357       -1.26662810299227
H            1.40032580227137       -1.27306907533761       -1.30713871249468
H            1.37051464184853       -1.43624425136645        1.25433711700636
H            2.74605484785407       -2.51854186129462        1.12729063955434
H            0.65403486168525       -3.75611671042233        1.38904225095343
H            1.43313821073541       -4.14002646373521       -0.14478184689974
H           -1.02261445465236       -3.91207132877315       -0.34285923759890
H           -0.15506471944777       -2.79947756943201       -1.38813944394290
H           -0.50879342467395       -0.97631068272463        0.28072039707830
H           -1.44040517822921       -2.08923774971266        1.28527145782940
H           -2.11280686649158       -1.32213030066828       -1.59125071582912
H           -3.07613007744490       -2.37350646022486       -0.55554299756465
H           -3.41498122327510       -0.45826937966893        1.02961295054810
H           -4.09370162085977       -0.19223587518595       -0.57537229791179
H           -1.47884526672981        0.96775831370060        0.48058083760124
H           -2.04218424129254        1.13160378769325       -1.18343441487226
H           -4.06055804889913        2.31934262260232       -0.39927905196806
H           -3.57262486740921        2.07980230581863        1.27790690684899
H           -1.52239170220038        3.44452641728069        0.88134520343904
H           -2.00365592897846        3.68304519147001       -0.79865904794252
H           -2.97931002177178        4.36487469995234        0.50326769536310
44
 energy: -45.305639144315 gnorm: 0.000928512974 xtb: 6.6.1 (8d0f1dd)
C            1.98218728481920        3.41869085114084        0.48200751209916
C            2.89481989847917        2.27980709577106        0.04179111718588
C            2.14551528179482        0.95229350144138       -0.03583630935566
C            3.05284581622319       -0.19709762109588       -0.47372972103663
C            2.28448258108796       -1.50060818091008       -0.69894620424199
C            1.85464515399488       -2.17092233910222        0.60489371271096
C            0.90872256799779       -3.35661063249008        0.39748472201899
C           -0.38344096005183       -3.01820842513717       -0.35253235074719
C           -1.14937095861775       -1.84478702660918        0.25416667734726
C           -2.40431268133534       -1.50945888922773       -0.54812095358286
C           -3.15518112198923       -0.29075020716814       -0.00802593668408
C           -2.37327083638817        1.01475709009338       -0.14851053105824
C           -3.20558742520543        2.22714643749135        0.26278939728641
C           -2.39480531073884        3.51668877511169        0.19881639379978
H            1.58199862963731        3.22454676507881        1.47502810800727
H            2.52764580239172        4.35892858263877        0.51047168788211
H            1.14774131482110        3.52626755416185       -0.20790373299099
H            3.72514001337250        2.18559290227277        0.74541955351548
H            3.31739829110446        2.51243329903499       -0.93845598982847
H            1.71395340119198        0.73406836108939        0.94307859910222
H            1.32178065656805        1.05011647316550       -0.74788485799930
H            3.83233638415711       -0.35368421498381        0.27532485639816
H            3.54485326593407        0.08759940785765       -1.40717513440424
H            2.90784329196731       -2.19813671841290       -1.26333352094474
H            1.40837601446278       -1.27605848084627       -1.30767288496932
H            1.37162263251957       -1.44128667450339        1.25465399889415
H            2.74570003451648       -2.52605242180429        1.12937603432001
H            0.65141091748938       -3.76330036244015        1.37875772696582
H            1.43335408529705       -4.13954206399880       -0.15577552908717
H           -1.02389137198963       -3.90398603904495       -0.35392493088985
H           -0.15173440289395       -2.79131854529869       -1.39510514738378
H           -0.50321479561171       -0.96906391809280        0.26988267844421
H           -1.42451084415074       -2.08138005686921        1.28464953022233
H           -2.12329910811592       -1.32187543298312       -1.58779339501632
H           -3.07600087013982       -2.37153592652223       -0.54052555120587
H           -3.39972413038854       -0.45353383826284        1.04449602070062
H           -4.09756217666708       -0.19317913246115       -0.55334136422595
H           -1.47750004040675        0.98092601426393        0.47398487092176
H           -2.05337891101464        1.13405734303465       -1.18673356528710
H           -4.07461738503173        2.31084293171530       -0.39399344894592
H           -3.57420446031526        2.08158783609094        1.28087691808679
H           -1.53861958190728        3.46176892844089        0.86798040639048
H           -2.02856829349277        3.68714393207448       -0.81147683419223
H           -3.00413865337533        4.36885006629541        0.49066537177792
44
 energy: -45.305658984110 gnorm: 0.000705800127 xtb: 6.6.1 (8d0f1dd)
C            1.98614830874840        3.41293148520004        0.48261930686149
C            2.90241349207476        2.27416710081190        0.05065781638973
C            2.15296801440799        0.94723310451238       -0.03296160282183
C            3.06098762535882       -0.20130932528951       -0.47087255897508
C            2.29448285911207       -1.50534369333365       -0.69734000624401
C            1.85645731979501       -2.17464847861546        0.60427138503673
C            0.90792629862851       -3.35677168990980        0.38964540262654
C           -0.38207418177313       -3.01211526891587       -0.36101861791634
C           -1.14411958928638       -1.83789815152222        0.24840175780892
C           -2.40768574366550       -1.50687759124276       -0.54179839198931
C           -3.15328398271281       -0.28834699296014        0.00476436404996
C           -2.37755698874985        1.01929820994670       -0.14777088820784
C           -3.21469979821726        2.22785075403779        0.26443451139113
C           -2.41570043519384        3.52356871941995        0.18626287736796
H            1.57956990368003        3.22017377483059        1.47336006436208
H            2.52988938067806        4.35411493734475        0.51278627051304
H            1.15609313592494        3.51778646847307       -0.21307773217915
H            3.72675817709603        2.17951212687559        0.76135370771081
H            3.33374813415634        2.50604502496255       -0.92605720467989
H            1.71781677536020        0.72677098944994        0.94391131865452
H            1.33158458950901        1.04734679370788       -0.74756714366891
H            3.84128625154426       -0.35690453402056        0.27768433393873
H            3.55235122746207        0.08430824852725       -1.40450818885837
H            2.92135676747023       -2.20383432919264       -1.25685824071281
H            1.42179741787829       -1.28240922369196       -1.31171933325264
H            1.37259597146033       -1.44422431488351        1.25243968573906
H            2.74360455651517       -2.53325736348563        1.13302996484834
H            0.64707218237711       -3.76750341173150        1.36830218766624
H            1.43228957876514       -4.13830307313633       -0.16586020405088
H           -1.02567382967956       -3.89569326968584       -0.36494148023147
H           -0.14929036266557       -2.78352514050208       -1.40299392674636
H           -0.49951083505121       -0.96073973205970        0.25573162298235
H           -1.40944877209164       -2.07190694186279        1.28213753542762
H           -2.13856862375541       -1.32198700150199       -1.58517603042311
H           -3.07829334529071       -2.36977381492651       -0.52436303316247
H           -3.38336367959691       -0.44942271211034        1.06085178235030
H           -4.10338190255862       -0.19314122915256       -0.52764768334372
H           -1.47692045319119        0.99300833601457        0.46808788615565
H           -2.06581644905941        1.13555932886180       -1.18887557623890
H           -4.09061662061814        2.30043862806957       -0.38475704512337
H           -3.57295029052127        2.08420079211669        1.28664236707234
H           -1.55524021926580        3.48128280339785        0.85097267660135
H           -2.05676678293248        3.68946971155740       -0.82746369318797
H           -3.03079608212595        4.37260694561498        0.47507775645939
44
 energy: -45.305677941065 gnorm: 0.000879795153 xtb: 6.6.1 (8d0f1dd)
C            1.98986003376179        3.40725324677351        0.48397237874414
C            2.91071611116013        2.26948128983025        0.05992183486236
C            2.16216674677573        0.94231049034483       -0.03017891302205
C            3.07150580482420       -0.20519510274245       -0.46797656067776
C            2.30706756678846       -1.51003606960570       -0.69698396322853
C            1.85894777782799       -2.17836288280425        0.60195417230322
C            0.90647622291963       -3.35624542164769        0.38182267725781
C           -0.38209245496827       -3.00615377649734       -0.36886129119075
C           -1.14052523250349       -1.83078116210952        0.24245226667538
C           -2.41264658361428       -1.50423308016323       -0.53581433629221
C           -3.15385794696142       -0.28671608083661        0.01804257911917
C           -2.38378023651862        1.02293176641747       -0.14651915288962
C           -3.22398360874313        2.22877027960136        0.26700313564024
C           -2.43595048667693        3.52970112144813        0.17244926410584
H            1.57561074887140        3.21477446752441        1.47168912806886
H            2.53176966166942        4.34948465819263        0.51795819323016
H            1.16503394880139        3.51075101329020       -0.21824104645485
H            3.72918332803694        2.17541646705521        0.77759616141938
H            3.35036682499177        2.50192143929527       -0.91305266431573
H            1.72328157705438        0.71962822573487        0.94462721106592
H            1.34345878096813        1.04454284745970       -0.74773111057768
H            3.85157929716651       -0.36055345919103        0.28124982901074
H            3.56358535292523        0.08139722773968       -1.40122325545749
H            2.93946293777546       -2.20873665356476       -1.25036957073083
H            1.43891187667608       -1.28963815712969       -1.31898254918315
H            1.37540739697960       -1.44622548927996        1.24845934728973
H            2.74162231915468       -2.54224821293381        1.13483862002238
H            0.64325561492632       -3.76916399474589        1.35904209772518
H            1.42891932325610       -4.13805094570987       -0.17539321260265
H           -1.02833969027976       -3.88792328473345       -0.37284621963920
H           -0.14946987528281       -2.77763723910932       -1.41097004623612
H           -0.49714640143603       -0.95252717463791        0.24065913898153
H           -1.39648516636011       -2.06115919935783        1.27952246900015
H           -2.15576985952876       -1.32114013456355       -1.58265950092223
H           -3.08147880255307       -2.36837990376372       -0.50910958154917
H           -3.36924560731745       -0.44685624203407        1.07745866838626
H           -4.11151840735953       -0.19417092001524       -0.50147085786050
H           -1.47836632231947        1.00315144225340        0.46274167258468
H           -2.08027111856894        1.13603419959951       -1.19054447749366
H           -4.10729148342792        2.29086337252630       -0.37339846422336
H           -3.57075178486456        2.08874830787271        1.29382282350846
H           -1.57039318080100        3.50015986118562        0.83132291932769
H           -2.08553173362189        3.69039392537101       -0.84519185977027
H           -3.05585426960370        4.37615593766071        0.45871004598836
44
 energy: -45.305695148762 gnorm: 0.000944386318 xtb: 6.6.1 (8d0f1dd)
C            1.99245590301421        3.40241267961292        0.48638615230301
C            2.91792765652338        2.26646581644286        0.06789028505663
C            2.17162062736686        0.93826092697512       -0.02854833708362
C            3.08224121817699       -0.20839417151318       -0.46585215447695
C            2.32046227163164       -1.51448055260154       -0.69836289449741
C            1.86149832319207       -2.18040485807435        0.59813989582847
C            0.90475899092202       -3.35432693481366        0.37550332528252
C           -0.38339740950739       -3.00149054808404       -0.37462362967463
C           -1.13896428989985       -1.82461223004648        0.23710365237644
C           -2.41839103414726       -1.50246634360600       -0.53095324435488
C           -3.15698049869477       -0.28626108672358        0.02907653903837
C           -2.39152472993862        1.02489955982378       -0.14390597829610
C           -3.23188773682633        2.23014965764832        0.27075027442239
C           -2.45127561529179        3.53391175944477        0.15960255614653
H            1.57011790643667        3.20815950247346        1.47040056440626
H            2.53312507257826        4.34526965628779        0.52647089381297
H            1.17326869786641        3.50658587037358       -0.22235587661979
H            3.73140546842155        2.17329624564248        0.79129477355055
H            3.36407766700295        2.50066622151479       -0.90167423828483
H            1.72987036550213        0.71301409115791        0.94429266466078
H            1.35527209842495        1.04175866769384       -0.74853461705941
H            3.86147940854494       -0.36394198758721        0.28419847613100
H            3.57564247860465        0.07928166919779       -1.39804400639227
H            2.95914198934176       -2.21339700389419       -1.24432391114517
H            1.45754277254113       -1.29710743794810       -1.32889089684664
H            1.37765942877855       -1.44574877321784        1.24125645145813
H            2.73931981215947       -2.54795051997331        1.13614697419646
H            0.64004265587632       -3.76674336490975        1.35257190782986
H            1.42474328129385       -4.13791911606694       -0.18150525775925
H           -1.03111064220327       -3.88224005487502       -0.37767616574375
H           -0.15110701797099       -2.77371578758057       -1.41696006757457
H           -0.49665325429189       -0.94563777990378        0.22716971247859
H           -1.38707473476261       -2.05153360318555        1.27681724395671
H           -2.17160204747314       -1.31959250240182       -1.58011133480975
H           -3.08480992881203       -2.36824765135769       -0.49747428136672
H           -3.36124752308100       -0.44613819995660        1.09043581150917
H           -4.11992648053827       -0.19617007288900       -0.48054114703212
H           -1.48232568256617        1.00869072200604        0.45958137040086
H           -2.09488129795667        1.13512352868185       -1.19011835518741
H           -4.12213328626737        2.28429714009158       -0.36063182026816
H           -3.56719628763962        2.09538099725195        1.30210085985962
H           -1.58028102896612        3.51475426693684        0.81160551862213
H           -2.10987652524318        3.68870233576509       -0.86208249152212
H           -3.07358804212223        4.37917626618730        0.44417280266792
44
 energy: -45.305708424103 gnorm: 0.000822599811 xtb: 6.6.1 (8d0f1dd)
C            1.99505321362397        3.39789395634153        0.48873136229994
C            2.92440321715503        2.26328065401474        0.07459005659232
C            2.18008951920844        0.93409319503897       -0.02710322191993
C            3.09306691003365       -0.21170098808582       -0.46237420316417
C            2.33248741042000       -1.51793104648244       -0.70060854255049
C            1.86464574849602       -2.18313609920184        0.59320208829028
C            0.90397765437867       -3.35367829317878        0.36913843494553
C           -0.38426148716717       -2.99668391574907       -0.37924088460052
C           -1.13667145547451       -1.81842300857822        0.23409542053130
C           -2.42245527855036       -1.50012424596911       -0.52526314924172
C           -3.16170444609809       -0.28628496612146        0.03967796636170
C           -2.40096095673409        1.02687989605692       -0.14204665384832
C           -3.24083246105306        2.23219904736870        0.27399010156004
C           -2.46514779606527        3.53769073106719        0.14710738282914
H            1.56512486672223        3.20151396295460        1.46906457271556
H            2.53532863476831        4.34075687114297        0.53531181991041
H            1.18128909961071        3.50405394403943       -0.22596648271328
H            3.73369843992216        2.17099441225756        0.80278695570408
H            3.37572472744805        2.49943353164206       -0.89210389638620
H            1.73467483890745        0.70732832385715        0.94373012300327
H            1.36675006921138        1.03808671120691       -0.75041833933875
H            3.86837260112970       -0.36905898234885        0.29144225807539
H            3.59134720760054        0.07727698955272       -1.39160329332283
H            2.97592783041514       -2.21622099577161       -1.24158323239420
H            1.47425710482160       -1.30151095134908       -1.33780192630652
H            1.38131398515207       -1.44646232075258        1.23429601244604
H            2.73877589177678       -2.55449039529486        1.13450471003980
H            0.63909698829639       -3.76557892654555        1.34651191142481
H            1.42042775900429       -4.13909709840968       -0.18878759567529
H           -1.03386227092173       -3.87608478938870       -0.38087762336558
H           -0.15327621685776       -2.76950281096820       -1.42203736342506
H           -0.49484945633575       -0.93918501938005        0.21605371124544
H           -1.37699933852631       -2.04198274330218        1.27648640758499
H           -2.18403651480750       -1.31656352019770       -1.57623714318402
H           -3.08571933317643       -2.36815203896024       -0.48670807488861
H           -3.35671669463800       -0.44581083388517        1.10295750158682
H           -4.12900678511721       -0.20082488964270       -0.46262862250861
H           -1.48764709566353        1.01434205001844        0.45561451374377
H           -2.11175782563759        1.13467786321593       -1.19071378505353
H           -4.13719921585618        2.28041332851235       -0.34914747335890
H           -3.56582495158221        2.10331029680914        1.30938012322691
H           -1.58831858578752        3.52620992475726        0.79148581323443
H           -2.13318032348983        3.68704758553391       -0.87854640559758
H           -3.08796622856226        4.38274260417527        0.43143666549194
44
 energy: -45.305719071023 gnorm: 0.000660992873 xtb: 6.6.1 (8d0f1dd)
C            1.99620397817301        3.39472485866209        0.49136641959135
C            2.92769940592476        2.26157299658165        0.07752728786911
C            2.18522042591989        0.93163374057771       -0.02788366147814
C            3.10020951752632       -0.21363038748619       -0.46059643000039
C            2.34041478602883       -1.51974376882105       -0.70343549362012
C            1.86643642040381       -2.18253708753376        0.58928952720892
C            0.90362299775267       -3.35145389162467        0.36618288936126
C           -0.38506471734353       -2.99335044094530       -0.38088567755970
C           -1.13608325630593       -1.81446820697695        0.23332278900642
C           -2.42513418072806       -1.49942759392402       -0.52165946855520
C           -3.16688805190255       -0.28734489032187        0.04462961067472
C           -2.40928510128644        1.02692106118494       -0.13972746518585
C           -3.24617290767185        2.23389916257957        0.27768492645271
C           -2.47009444871497        3.53798669654656        0.13924678778030
H            1.56061835938705        3.19403707883238        1.46822112560140
H            2.53692214772220        4.33693132491531        0.54532089379132
H            1.18672279926841        3.50461385680932       -0.22748147886710
H            3.73508556162783        2.16925198719860        0.80756233653058
H            3.38081762042900        2.50002242852596       -0.88754012694334
H            1.73736338912533        0.70394393232252        0.94144634009543
H            1.37406611399327        1.03514039851534       -0.75350352672361
H            3.87151546680557       -0.37252476237561        0.29676055438967
H            3.60303389099310        0.07636867349969       -1.38682635908559
H            2.98683069658122       -2.21818729010517       -1.24037363460094
H            1.48577154271474       -1.30331977771427       -1.34530801202681
H            1.38208397169933       -1.44388545757822        1.22716938786956
H            2.73811018084930       -2.55429987682977        1.13405825332308
H            0.63908527116983       -3.76162171872788        1.34434213076150
H            1.41791801207272       -4.13844786459376       -0.19128062271655
H           -1.03504722140737       -3.87235508222812       -0.38198526062150
H           -0.15470817553564       -2.76587881837770       -1.42369378517371
H           -0.49505702514840       -0.93500135424199        0.21092273633412
H           -1.37204038556601       -2.03647440518521        1.27675691947155
H           -2.18998159749570       -1.31433726785270       -1.57280585070590
H           -3.08548321731819       -2.36947300947888       -0.48193064704251
H           -3.36012828304434       -0.44667202691095        1.10777090936467
H           -4.13460114406676       -0.20511478437658       -0.45636139223591
H           -1.49406547608354        1.01451783290466        0.45438004775559
H           -2.12408888981960        1.13362623826994       -1.18927047723039
H           -4.14655632381060        2.28048032089930       -0.33921621142456
H           -3.56369081279350        2.11031180830813        1.31574764464214
H           -1.58837989210738        3.52812394448446        0.77645820894487
H           -2.14608107392163        3.68228492513382       -0.88954025684618
H           -3.08968137409596        4.38489349745852        0.42493611182355
44
 energy: -45.305726188877 gnorm: 0.000646883931 xtb: 6.6.1 (8d0f1dd)
C            1.99894988457054        3.39041985036177        0.49345523107181
C            2.93241309058615        2.25785825123515        0.08166209539028
C            2.19051147707049        0.92804377901425       -0.02797118483643
C            3.10775120488059       -0.21703723268987       -0.45642336811117
C            2.34780675042998       -1.52203276287962       -0.70485415488348
C            1.86904923424916       -2.18457758069044        0.58615991232848
C            0.90419229508525       -3.35130968578115        0.36071486125590
C           -0.38423236436907       -2.98795323796283       -0.38441818713698
C           -1.13222700315836       -1.80850312313171        0.23290825624175
C           -2.42638739133763       -1.49737886819586       -0.51556967017110
C           -3.17064485556398       -0.28732560202955        0.05252497830122
C           -2.41795656530492        1.02909122450233       -0.13898766601430
C           -3.25477717582669        2.23570592653628        0.28015838054651
C           -2.48093566478242        3.54049002514554        0.12910056494030
H            1.55732044364872        3.18687267397099        1.46706517742084
H            2.54011433545973        4.33193041832397        0.55354624100175
H            1.19391379048445        3.50299879745713       -0.23006700456832
H            3.73686857968921        2.16453735891465        0.81495526847943
H            3.38936748154918        2.49734168264529       -0.88144305437575
H            1.73796105513539        0.69981315138104        0.93907805659973
H            1.38279065892549        1.03142310471976       -0.75746352269590
H            3.87373734085035       -0.37771835285273        0.30584051576254
H            3.61696427533722        0.07391896471757       -1.37878082049476
H            2.99507457987566       -2.22071017447471       -1.24026621195309
H            1.49574473667175       -1.30371311575724       -1.34943779601192
H            1.38417685903457       -1.44513411327582        1.22267035663969
H            2.73877403372993       -2.55747743843486        1.13328129028683
H            0.63928789916896       -3.76323635880824        1.33803485541044
H            1.41648628841636       -4.13800000801855       -0.19895101250356
H           -1.03652778497917       -3.86523626124964       -0.38724586029840
H           -0.15412790334371       -2.75838988970097       -1.42679716540942
H           -0.49205383373251       -0.92837430646187        0.20462270989659
H           -1.36105819633535       -2.02906380819669        1.27843137551550
H           -2.19674001254348       -1.31218036023831       -1.56818442613117
H           -3.08367565232271       -2.36974740168382       -0.47202991302080
H           -3.35830822888565       -0.44532950086217        1.11738882721312
H           -4.14136239633815       -0.21053719461832       -0.44455777298042
H           -1.49855180859176        1.02054577165363        0.44934008953102
H           -2.14002228154595        1.13442328774845       -1.19086054908958
H           -4.16049887821949        2.27812125682662       -0.32983984014881
H           -3.56350205774361        2.11625564314840        1.32152427850125
H           -1.59307234104656        3.53410630265123        0.75842657896569
H           -2.16653733773829        3.68048144443346       -0.90340765555166
H           -3.09861756113943        4.38832446260734        0.41646493508612
44
 energy: -45.305731772219 gnorm: 0.000542527265 xtb: 6.6.1 (8d0f1dd)
C            1.99958830609617        3.38899700503275        0.49475086484133
C            2.93255775929972        2.25699737438583        0.08051953686839
C            2.19025857039211        0.92778219661466       -0.03041350643694
C            3.10859485224362       -0.21734950806945       -0.45613138727779
C            2.34775241514107       -1.52138813438255       -0.70486485676750
C            1.86845854846884       -2.18261432795370        0.58648615808068
C            0.90476027007442       -3.35000224625048        0.36095414001994
C           -0.38309706639050       -2.98533753044508       -0.38427683950404
C           -1.13212239472400       -1.80734223017000        0.23455343075748
C           -2.42608640721893       -1.49748821320989       -0.51422236359643
C           -3.17265603459375       -0.28795959936770        0.05189636285760
C           -2.42058933951107        1.02842090293721       -0.13918173622398
C           -3.25557288157531        2.23550390055459        0.28198306628828
C           -2.47962666961528        3.53834261596798        0.12766222046862
H            1.55635273413858        3.18177549080963        1.46670470479695
H            2.54118764319647        4.32981629145705        0.55934437783542
H            1.19589993008965        3.50460967464994       -0.22957536705997
H            3.73735349642245        2.16198134101381        0.81308665341328
H            3.38902386535660        2.49769681494935       -0.88239396320596
H            1.73520281181958        0.70014238831213        0.93560027944023
H            1.38429377289993        1.03095570300376       -0.76186325117387
H            3.87199324257931       -0.37811385834655        0.30857144455213
H            3.62061522368035        0.07313265564402       -1.37696601269726
H            2.99373360334274       -2.22122323592812       -1.24027992950019
H            1.49588564439162       -1.30193481916628       -1.34918947270764
H            1.38261048196289       -1.44260952052314        1.22170420733504
H            2.73820888029068       -2.55399063009301        1.13475363423112
H            0.63964552212459       -3.76278920825774        1.33778829763820
H            1.41758667892474       -4.13569529539444       -0.19954890837298
H           -1.03538198980974       -3.86250695391143       -0.38902253449296
H           -0.15251801975626       -2.75379942454739       -1.42612821286404
H           -0.49312715371832       -0.92651937276416        0.20652661674553
H           -1.36020101751153       -2.02859124508030        1.27986946240152
H           -2.19561234514114       -1.31285473724297       -1.56664990205057
H           -3.08211020356857       -2.37063713666894       -0.47081353584669
H           -3.36302336334809       -0.44535640282672        1.11623038228299
H           -4.14195457067504       -0.21222576879741       -0.44763245692309
H           -1.50079950303467        1.01936464974386        0.44803144793091
H           -2.14365172772230        1.13454154805935       -1.19104289014259
H           -4.16259306142706        2.27910795007517       -0.32543829616765
H           -3.56174934127473        2.11725156468071        1.32392550940496
H           -1.58903172224006        3.52855571800619        0.75254479763900
H           -2.16962769375321        3.67686796983912       -0.90607227267190
H           -3.09299274632630        4.38822264366018        0.41801809985421
44
 energy: -45.305735630043 gnorm: 0.000352944029 xtb: 6.6.1 (8d0f1dd)
C            2.00120497154637        3.38723111629192        0.49588174302215
C            2.93453976237710        2.25572481494121        0.08149198363279
C            2.19158812869091        0.92722985703805       -0.03220923189575
C            3.11044175998906       -0.21848973525424       -0.45483280481653
C            2.34919382154671       -1.52198306959463       -0.70381954196847
C            1.86882174385197       -2.18261255915702        0.58751296509718
C            0.90482067596454       -3.34909999770351        0.35928380365992
C           -0.38231503657069       -2.98236355067908       -0.38598325452145
C           -1.13090423866374       -1.80502508944040        0.23460762440446
C           -2.42683469391171       -1.49760037813204       -0.51192328299259
C           -3.17304569469990       -0.28792355170954        0.05381489137532
C           -2.42282691488083        1.02899629348702       -0.13984991069943
C           -3.25774446605602        2.23529368599750        0.28328955321923
C           -2.48327602123678        3.53843704358572        0.12414428371045
H            1.55558515988854        3.17769732419289        1.46632662319957
H            2.54280627426082        4.32779702139405        0.56394663634181
H            1.19925983540059        3.50447966801007       -0.23021941632897
H            3.73837151990103        2.15914250240882        0.81501522523012
H            3.39254589256247        2.49719627528263       -0.88054136007184
H            1.73316920070426        0.69975445858135        0.93229017396365
H            1.38793282807169        1.03095145955765       -0.76619447749356
H            3.87227499056186       -0.37865594689163        0.31161204076918
H            3.62440282663571        0.07114573280782       -1.37488126564248
H            2.99466343398152       -2.22269150900919       -1.23898792568271
H            1.49760190445972       -1.30182838923078       -1.34846778471840
H            1.38238353470280       -1.44255562373341        1.22231335783462
H            2.73794915634004       -2.55442594019729        1.13678478476351
H            0.63889842016148       -3.76431269850874        1.33483410104800
H            1.41795023606747       -4.13348352854709       -0.20278814565263
H           -1.03533233140690       -3.85903659657773       -0.39325542761258
H           -0.15081869603804       -2.74858625534194       -1.42712711723661
H           -0.49309560613158       -0.92321016799958        0.20562058347833
H           -1.35687452658497       -2.02667396992986        1.28034021098055
H           -2.19842428100057       -1.31423621947666       -1.56510171854641
H           -3.08205337915866       -2.37128718967940       -0.46603648196248
H           -3.36178078938805       -0.44416524921469        1.11867359975399
H           -4.14332939726764       -0.21324510889721       -0.44416482916305
H           -1.50127406512866        1.02126048321697        0.44469572009513
H           -2.14886572038154        1.13499718526831       -1.19258925723783
H           -4.16747224381192        2.27688478715137       -0.32051168468512
H           -3.55943219287665        2.11737501286645        1.32674424633198
H           -1.58928257628693        3.52903867766078        0.74441557980825
H           -2.17885096154251        3.67612759332334       -0.91147958388714
H           -3.09513324464214        4.38846833184162        0.41712277109557
