 
       ==============================================
       |                                            |
       |                 C R E S T                  |
       |                                            |
       |  Conformer-Rotamer Ensemble Sampling Tool  |
       |          based on the GFN methods          |
       |             P.Pracht, S.Grimme             |
       |          Universitaet Bonn, MCTC           |
       ==============================================
       Version 2.12,   Thu 19. Mai 16:32:32 CEST 2022
  Using the xTB program. Compatible with xTB version 6.4.0
 
   Cite work conducted with this code as

   • P.Pracht, F.Bohle, S.Grimme, PCCP, 2020, 22, 7169-7192.
   • S.Grimme, JCTC, 2019, 15, 2847-2862.

   and for works involving QCG as

   • S.Spicher, C.Plett, P.Pracht, A.Hansen, S.Grimme,
     JCTC, 2022, 18 (5), 3174-3189.
 
   with help from:
   C.Bannwarth, F.Bohle, S.Ehlert, S.Grimme,
   C.Plett, P.Pracht, S.Spicher
 
   This program is distributed in the hope that it will be useful,
   but WITHOUT ANY WARRANTY; without even the implied warranty of
   MERCHANTABILITY or FITNESS FOR A PARTICULAR PURPOSE.

 Command line input:
 > crest ./c8.xyz -gfnff -mquick -T 4

  -gfnff : Use of GFN-FF requested.
  -mquick  : very crude quick-mode (no NORMMD, no GC, crude opt.)
  -T 4 (CPUs/Threads selected)
 
 -------------------------
 xTB Geometry Optimization
 -------------------------
 Geometry successfully optimized.
 
------------------------------------------------
Generating MTD length from a flexibility measure
------------------------------------------------
 Calculating WBOs... done.
 Calculating NCI flexibility... done.
     covalent flexibility measure :   0.825
 non-covalent flexibility measure :   0.828
 flexibility measure :   0.788
 t(MTD) / ps    :     6.0
 Σ(t(MTD)) / ps :    36.0 (6 MTDs)
 
-------------------------------------
Starting a trial MTD to test settings
-------------------------------------
 Estimated runtime for one MTD (6.0 ps) on a single thread: 3 sec
 Estimated runtime for a batch of 6 MTDs on 4 threads: 7 sec
 
 list of Vbias parameters applied:
$metadyn    0.00200   1.000
$metadyn    0.00100   1.000
$metadyn    0.00200   0.500
$metadyn    0.00100   0.500
$metadyn    0.00200   0.250
$metadyn    0.00100   0.250
 
*******************************************************************************************
**                        N E W    I T E R A T I O N    C Y C L E                        **
*******************************************************************************************
 
========================================
            MTD Simulations 
========================================
 
     ========================================
     |         Meta-MD (MTD) Sampling       |
     ========================================
 
Starting Meta-MD   1 with the settings:
     MD time /ps        :     6.0
     dt /fs             :     1.5
     dumpstep(trj) /fs  :     100
     dumpstep(Vbias)/ps :     1.0
     Vbias factor k /Eh :  0.0520
     Vbias exp α /bohr⁻²:    1.00
Starting Meta-MD   2 with the settings:
     MD time /ps        :     6.0
     dt /fs             :     1.5
     dumpstep(trj) /fs  :     100
     dumpstep(Vbias)/ps :     1.0
     Vbias factor k /Eh :  0.0260
     Vbias exp α /bohr⁻²:    1.00
Starting Meta-MD   3 with the settings:
     MD time /ps        :     6.0
     dt /fs             :     1.5
     dumpstep(trj) /fs  :     100
     dumpstep(Vbias)/ps :     1.0
     Vbias factor k /Eh :  0.0520
     Vbias exp α /bohr⁻²:    0.50
Starting Meta-MD   6 with the settings:
     MD time /ps        :     6.0
     dt /fs             :     1.5
     dumpstep(trj) /fs  :     100
     dumpstep(Vbias)/ps :     1.0
     Vbias factor k /Eh :  0.0260
     Vbias exp α /bohr⁻²:    0.25
*Meta-MTD 1 finished*
Starting Meta-MD   4 with the settings:
     MD time /ps        :     6.0
     dt /fs             :     1.5
     dumpstep(trj) /fs  :     100
     dumpstep(Vbias)/ps :     1.0
     Vbias factor k /Eh :  0.0260
     Vbias exp α /bohr⁻²:    0.50
*Meta-MTD 2 finished*
Starting Meta-MD   5 with the settings:
     MD time /ps        :     6.0
     dt /fs             :     1.5
     dumpstep(trj) /fs  :     100
     dumpstep(Vbias)/ps :     1.0
     Vbias factor k /Eh :  0.0520
     Vbias exp α /bohr⁻²:    0.25
*Meta-MTD 3 finished*
*Meta-MTD 6 finished*
*Meta-MTD 4 finished*
*Meta-MTD 5 finished*
 
-----------------------
Multilevel Optimization
-----------------------
 
 -------------------------
 1. crude pre-optimization
 -------------------------
 Optimizing all 360 structures from file "crest_rotamers_0.xyz" ...
 1 2 3 4 5 6 7 8 9 10 11 12 13 14 15 16 17 18 19 20 21 22 23 24 25 26 27 28 29 30 31 32 33 34 35 36 37 38 39 40 41 42 43 44 45 46 47 48 49 50 51 52 53 54 55 56 57 58 59 60 61 62 63 64 65 66 67 68 69 70 71 72 73 74 75 76 77 78 79 80 81 82 83 84 85 86 87 88 89 90 91 92 93 94 95 96 97 98 99 100 101 102 103 104 105 106 107 108 109 110 111 112 113 114 115 116 117 118 119 120 121 122 123 124 125 126 127 128 129 130 131 132 133 134 135 136 137 138 139 140 141 142 143 144 145 146 147 148 149 150 151 152 153 154 155 156 157 158 159 160 161 162 163 164 165 166 167 168 169 170 171 172 173 174 175 176 177 178 179 180 181 182 183 184 185 186 187 188 189 190 191 192 193 194 195 196 197 198 199 200 201 202 203 204 205 206 207 208 209 210 211 212 213 214 215 216 217 218 219 220 221 222 223 224 225 226 227 228 229 230 231 232 233 234 235 236 237 238 239 240 241 242 243 244 245 246 247 248 249 250 251 252 253 254 255 256 257 258 259 260 261 262 263 264 265 266 267 268 269 270 271 272 273 274 275 276 277 278 279 280 281 282 283 284 285 286 287 288 289 290 291 292 293 294 295 296 297 298 299 300 301 302 303 304 305 306 307 308 309 310 311 312 313 314 315 316 317 318 319 320 321 322 323 324 325 326 327 328 329 330 331 332 333 334 335 336 337 338 339 340 341 342 343 344 345 346 347 348 349 350 351 352 353 354 355 356 357 358 359 360
 done.
 running RMSDs...
 done.
 E lowest :    -3.73416
 310 structures remain within     5.00 kcal/mol window
 
========================================
           MTD Simulations done         
========================================
 Collecting ensmbles.
 running RMSDs...
 done.
 E lowest :    -3.73416
 141 structures remain within     2.50 kcal/mol window
 
 
 
   ================================================
   |           Final Geometry Optimization        |
   ================================================
 --------------------------------------------
 Ensemble optimization with normal thresholds
 --------------------------------------------
 Optimizing all 141 structures from file "crest_rotamers_1.xyz" ...
 1 2 3 4 5 6 7 8 9 10 11 12 13 14 15 16 17 18 19 20 21 22 23 24 25 26 27 28 29 30 31 32 33 34 35 36 37 38 39 40 41 42 43 44 45 46 47 48 49 50 51 52 53 54 55 56 57 58 59 60 61 62 63 64 65 66 67 68 69 70 71 72 73 74 75 76 77 78 79 80 81 82 83 84 85 86 87 88 89 90 91 92 93 94 95 96 97 98 99 100 101 102 103 104 105 106 107 108 109 110 111 112 113 114 115 116 117 118 119 120 121 122 123 124 125 126 127 128 129 130 131 132 133 134 135 136 137 138 139 140 141
 done.
 running RMSDs...
 done.
 E lowest :    -3.73476
 89 structures remain within     2.50 kcal/mol window
 
 input  file name : crest_rotamers_2.xyz
 output file name : crest_rotamers_3.xyz
 number of atoms                :   26
 number of points on xyz files  :   141
 RMSD threshold                 :   0.1250
 Bconst threshold               :   0.0100
 population threshold           :   0.0500
 conformer energy window  /kcal :   2.5000
 # fragment in coord            :     1
 # bonds in reference structure :    25
 number of reliable points      :   141
 reference state Etot :  -3.73476334000000
 number of doubles removed by rot/RMSD         :          52
 total number unique points considered further :          89
       Erel/kcal        Etot weight/tot  conformer     set   degen     origin
       1   0.000    -3.73476    0.04111    0.08210       1       2     mtd6
       2   0.002    -3.73476    0.04098                                mtd6
       3   0.412    -3.73411    0.02051    0.08143       2       4     mtd2
       4   0.415    -3.73410    0.02041                                mtd6
       5   0.420    -3.73409    0.02026                                mtd2
       6   0.420    -3.73409    0.02025                                mtd2
       7   0.429    -3.73408    0.01993    0.17775       3       9     mtd6
       8   0.432    -3.73408    0.01986                                mtd6
       9   0.432    -3.73407    0.01984                                mtd6
      10   0.434    -3.73407    0.01977                                mtd6
      11   0.435    -3.73407    0.01975                                mtd1
      12   0.435    -3.73407    0.01973                                mtd6
      13   0.436    -3.73407    0.01970                                mtd6
      14   0.438    -3.73407    0.01964                                mtd6
      15   0.442    -3.73406    0.01952                                mtd2
      16   0.444    -3.73406    0.01945    0.07705       4       4     mtd6
      17   0.447    -3.73405    0.01935                                mtd6
      18   0.452    -3.73404    0.01917                                mtd4
      19   0.455    -3.73404    0.01908                                mtd4
      20   0.702    -3.73364    0.01259    0.03764       5       3     mtd2
      21   0.707    -3.73364    0.01248                                mtd3
      22   0.703    -3.73364    0.01257                                mtd5
      23   0.708    -3.73363    0.01245    0.02494       6       2     mtd3
      24   0.706    -3.73364    0.01249                                mtd6
      25   0.716    -3.73362    0.01229    0.01229       7       1     mtd3
      26   0.723    -3.73361    0.01214    0.02424       8       2     mtd3
      27   0.726    -3.73361    0.01210                                mtd1
      28   0.740    -3.73358    0.01181    0.08233       9       7     mtd3
      29   0.740    -3.73358    0.01181                                mtd6
      30   0.740    -3.73358    0.01180                                mtd6
      31   0.742    -3.73358    0.01176                                mtd3
      32   0.743    -3.73358    0.01174                                mtd1
      33   0.744    -3.73358    0.01173                                mtd1
      34   0.746    -3.73357    0.01168                                mtd2
      35   0.750    -3.73357    0.01161    0.01161      10       1     mtd2
      36   0.755    -3.73356    0.01150    0.01150      11       1     mtd1
      37   0.816    -3.73346    0.01039    0.03107      12       3     mtd1
      38   0.818    -3.73346    0.01035                                mtd4
      39   0.819    -3.73346    0.01033                                mtd2
      40   0.831    -3.73344    0.01012    0.01012      13       1     mtd1
      41   0.850    -3.73341    0.00981    0.01959      14       2     mtd4
      42   0.852    -3.73341    0.00978                                mtd1
      43   0.861    -3.73339    0.00963    0.02877      15       3     mtd6
      44   0.866    -3.73338    0.00954                                mtd3
      45   0.863    -3.73339    0.00960                                mtd2
      46   0.868    -3.73338    0.00951    0.02857      16       3     mtd6
      47   0.867    -3.73338    0.00954                                mtd4
      48   0.868    -3.73338    0.00952                                mtd1
      49   0.864    -3.73339    0.00958    0.00958      17       1     mtd2
      50   0.871    -3.73337    0.00946    0.02811      18       3     mtd6
      51   0.873    -3.73337    0.00944                                mtd6
      52   0.887    -3.73335    0.00921                                mtd4
      53   0.893    -3.73334    0.00912    0.01808      19       2     mtd3
      54   0.903    -3.73332    0.00897                                mtd3
      55   0.936    -3.73327    0.00848    0.04223      20       5     mtd6
      56   0.938    -3.73327    0.00846                                mtd1
      57   0.938    -3.73327    0.00846                                mtd2
      58   0.939    -3.73327    0.00844                                mtd1
      59   0.942    -3.73326    0.00840                                mtd2
      60   0.992    -3.73318    0.00771    0.02311      21       3     mtd1
      61   0.993    -3.73318    0.00771                                mtd1
      62   0.994    -3.73318    0.00770                                mtd1
      63   1.018    -3.73314    0.00738    0.01462      22       2     mtd6
      64   1.030    -3.73312    0.00724                                mtd6
      65   1.026    -3.73313    0.00728    0.00728      23       1     mtd6
      66   1.034    -3.73311    0.00718    0.00718      24       1     mtd3
      67   1.036    -3.73311    0.00716    0.00716      25       1     mtd6
      68   1.087    -3.73303    0.00657    0.00657      26       1     mtd4
      69   1.091    -3.73302    0.00653    0.00653      27       1     mtd3
      70   1.121    -3.73298    0.00621    0.01241      28       2     mtd6
      71   1.122    -3.73298    0.00620                                mtd4
      72   1.138    -3.73295    0.00604    0.01196      29       2     mtd6
      73   1.149    -3.73293    0.00593                                mtd1
      74   1.158    -3.73292    0.00583    0.00583      30       1     mtd1
      75   1.232    -3.73280    0.00515    0.00515      31       1     mtd1
      76   1.233    -3.73280    0.00514    0.00514      32       1     mtd1
      77   1.241    -3.73279    0.00507    0.00507      33       1     mtd1
      78   1.255    -3.73276    0.00496    0.00977      34       2     mtd5
      79   1.272    -3.73274    0.00481                                mtd4
      80   1.291    -3.73271    0.00466    0.00933      35       2     mtd4
      81   1.291    -3.73271    0.00466                                mtd1
      82   1.337    -3.73263    0.00432    0.00432      36       1     mtd2
      83   1.351    -3.73261    0.00422    0.00422      37       1     mtd3
      84   1.365    -3.73259    0.00411    0.00821      38       2     mtd2
      85   1.367    -3.73258    0.00410                                mtd5
      86   1.551    -3.73229    0.00301    0.00301      39       1     mtd5
      87   1.712    -3.73204    0.00229    0.00229      40       1     mtd5
      88   2.229    -3.73121    0.00096    0.00096      41       1     mtd3
      89   2.288    -3.73112    0.00087    0.00087      42       1     mtd4
T /K                                  :   298.15
E lowest                              :    -3.73476
ensemble average energy (kcal)        :    0.671
ensemble entropy (J/mol K, cal/mol K) :   35.949    8.592
ensemble free energy (kcal/mol)       :   -2.562
population of lowest in %             :    8.210
 number of unique conformers for further calc           42
 list of relative energies saved as "crest.energies"
 
 -----------------
 Wall Time Summary
 -----------------
             test MD wall time :         0h : 0m : 0s
                 MTD wall time :         0h : 0m : 1s
      multilevel OPT wall time :         0h : 0m :12s
--------------------
Overall wall time  : 0h : 0m :20s
 
 CREST terminated normally.
