 
       ==============================================
       |                                            |
       |                 C R E S T                  |
       |                                            |
       |  Conformer-Rotamer Ensemble Sampling Tool  |
       |          based on the GFN methods          |
       |             P.Pracht, S.Grimme             |
       |          Universitaet Bonn, MCTC           |
       ==============================================
       Version 2.12,   Thu 19. Mai 16:32:32 CEST 2022
  Using the xTB program. Compatible with xTB version 6.4.0
 
   Cite work conducted with this code as

   • P.Pracht, F.Bohle, S.Grimme, PCCP, 2020, 22, 7169-7192.
   • S.Grimme, JCTC, 2019, 15, 2847-2862.

   and for works involving QCG as

   • S.Spicher, C.Plett, P.Pracht, A.Hansen, S.Grimme,
     JCTC, 2022, 18 (5), 3174-3189.
 
   with help from:
   C.Bannwarth, F.Bohle, S.Ehlert, S.Grimme,
   C.Plett, P.Pracht, S.Spicher
 
   This program is distributed in the hope that it will be useful,
   but WITHOUT ANY WARRANTY; without even the implied warranty of
   MERCHANTABILITY or FITNESS FOR A PARTICULAR PURPOSE.

 Command line input:
 > crest ./c8.xyz -gfnff -mquick -T 4

  -gfnff : Use of GFN-FF requested.
  -mquick  : very crude quick-mode (no NORMMD, no GC, crude opt.)
  -T 4 (CPUs/Threads selected)
 
 -------------------------
 xTB Geometry Optimization
 -------------------------
 Geometry successfully optimized.
 
------------------------------------------------
Generating MTD length from a flexibility measure
------------------------------------------------
 Calculating WBOs... done.
 Calculating NCI flexibility... done.
     covalent flexibility measure :   0.825
 non-covalent flexibility measure :   0.828
 flexibility measure :   0.788
 t(MTD) / ps    :     6.0
 Σ(t(MTD)) / ps :    36.0 (6 MTDs)
 
-------------------------------------
Starting a trial MTD to test settings
-------------------------------------
 Estimated runtime for one MTD (6.0 ps) on a single thread: 4 sec
 Estimated runtime for a batch of 6 MTDs on 4 threads: 7 sec
 
 list of Vbias parameters applied:
$metadyn    0.00200   1.000
$metadyn    0.00100   1.000
$metadyn    0.00200   0.500
$metadyn    0.00100   0.500
$metadyn    0.00200   0.250
$metadyn    0.00100   0.250
 
*******************************************************************************************
**                        N E W    I T E R A T I O N    C Y C L E                        **
*******************************************************************************************
 
========================================
            MTD Simulations 
========================================
 
     ========================================
     |         Meta-MD (MTD) Sampling       |
     ========================================
 
Starting Meta-MD   1 with the settings:
     MD time /ps        :     6.0
     dt /fs             :     1.5
     dumpstep(trj) /fs  :     100
     dumpstep(Vbias)/ps :     1.0
     Vbias factor k /Eh :  0.0520
     Vbias exp α /bohr⁻²:    1.00
Starting Meta-MD   2 with the settings:
     MD time /ps        :     6.0
     dt /fs             :     1.5
     dumpstep(trj) /fs  :     100
     dumpstep(Vbias)/ps :     1.0
     Vbias factor k /Eh :  0.0260
     Vbias exp α /bohr⁻²:    1.00
Starting Meta-MD   6 with the settings:
     MD time /ps        :     6.0
     dt /fs             :     1.5
     dumpstep(trj) /fs  :     100
     dumpstep(Vbias)/ps :     1.0
     Vbias factor k /Eh :  0.0260
     Vbias exp α /bohr⁻²:    0.25
Starting Meta-MD   3 with the settings:
     MD time /ps        :     6.0
     dt /fs             :     1.5
     dumpstep(trj) /fs  :     100
     dumpstep(Vbias)/ps :     1.0
     Vbias factor k /Eh :  0.0520
     Vbias exp α /bohr⁻²:    0.50
*Meta-MTD 3 finished*
Starting Meta-MD   4 with the settings:
     MD time /ps        :     6.0
     dt /fs             :     1.5
     dumpstep(trj) /fs  :     100
     dumpstep(Vbias)/ps :     1.0
     Vbias factor k /Eh :  0.0260
     Vbias exp α /bohr⁻²:    0.50
*Meta-MTD 1 finished*
Starting Meta-MD   5 with the settings:
     MD time /ps        :     6.0
     dt /fs             :     1.5
     dumpstep(trj) /fs  :     100
     dumpstep(Vbias)/ps :     1.0
     Vbias factor k /Eh :  0.0520
     Vbias exp α /bohr⁻²:    0.25
*Meta-MTD 6 finished*
*Meta-MTD 2 finished*
*Meta-MTD 4 finished*
*Meta-MTD 5 finished*
 
-----------------------
Multilevel Optimization
-----------------------
 
 -------------------------
 1. crude pre-optimization
 -------------------------
 Optimizing all 360 structures from file "crest_rotamers_0.xyz" ...
 1 2 3 4 5 6 7 8 9 10 11 12 13 14 15 16 17 18 19 20 21 22 23 24 25 26 27 28 29 30 31 32 33 34 35 36 37 38 39 40 41 42 43 44 45 46 47 48 49 50 51 52 53 54 55 56 57 58 59 60 61 62 63 64 65 66 67 68 69 70 71 72 73 74 75 76 77 78 79 80 81 82 83 84 85 86 87 88 89 90 91 92 93 94 95 96 97 98 99 100 101 102 103 104 105 106 107 108 109 110 111 112 113 114 115 116 117 118 119 120 121 122 123 124 125 126 127 128 129 130 131 132 133 134 135 136 137 138 139 140 141 142 143 144 145 146 147 148 149 150 151 152 153 154 155 156 157 158 159 160 161 162 163 164 165 166 167 168 169 170 171 172 173 174 175 176 177 178 179 180 181 182 183 184 185 186 187 188 189 190 191 192 193 194 195 196 197 198 199 200 201 202 203 204 205 206 207 208 209 210 211 212 213 214 215 216 217 218 219 220 221 222 223 224 225 226 227 228 229 230 231 232 233 234 235 236 237 238 239 240 241 242 243 244 245 246 247 248 249 250 251 252 253 254 255 256 257 258 259 260 261 262 263 264 265 266 267 268 269 270 271 272 273 274 275 276 277 278 279 280 281 282 283 284 285 286 287 288 289 290 291 292 293 294 295 296 297 298 299 300 301 302 303 304 305 306 307 308 309 310 311 312 313 314 315 316 317 318 319 320 321 322 323 324 325 326 327 328 329 330 331 332 333 334 335 336 337 338 339 340 341 342 343 344 345 346 347 348 349 350 351 352 353 354 355 356 357 358 359 360
 done.
 running RMSDs...
 done.
 E lowest :    -3.73386
 285 structures remain within     5.00 kcal/mol window
 
========================================
           MTD Simulations done         
========================================
 Collecting ensmbles.
 running RMSDs...
 done.
 E lowest :    -3.73386
 116 structures remain within     2.50 kcal/mol window
 
 
 
   ================================================
   |           Final Geometry Optimization        |
   ================================================
 --------------------------------------------
 Ensemble optimization with normal thresholds
 --------------------------------------------
 Optimizing all 116 structures from file "crest_rotamers_1.xyz" ...
 1 2 3 4 5 6 7 8 9 10 11 12 13 14 15 16 17 18 19 20 21 22 23 24 25 26 27 28 29 30 31 32 33 34 35 36 37 38 39 40 41 42 43 44 45 46 47 48 49 50 51 52 53 54 55 56 57 58 59 60 61 62 63 64 65 66 67 68 69 70 71 72 73 74 75 76 77 78 79 80 81 82 83 84 85 86 87 88 89 90 91 92 93 94 95 96 97 98 99 100 101 102 103 104 105 106 107 108 109 110 111 112 113 114 115 116
 done.
 running RMSDs...
 done.
 E lowest :    -3.73475
 74 structures remain within     2.50 kcal/mol window
 
 input  file name : crest_rotamers_2.xyz
 output file name : crest_rotamers_3.xyz
 number of atoms                :   26
 number of points on xyz files  :   116
 RMSD threshold                 :   0.1250
 Bconst threshold               :   0.0100
 population threshold           :   0.0500
 conformer energy window  /kcal :   2.5000
 # fragment in coord            :     1
 # bonds in reference structure :    25
 number of reliable points      :   116
 number of removed by energy    :     2
 number of remaining points     :   114
 reference state Etot :  -3.73474924000000
 number of doubles removed by rot/RMSD         :          40
 total number unique points considered further :          74
       Erel/kcal        Etot weight/tot  conformer     set   degen     origin
       1   0.000    -3.73475    0.05460    0.05460       1       1     mtd3
       2   0.405    -3.73410    0.02758    0.10968       2       4     mtd3
       3   0.409    -3.73410    0.02740                                mtd1
       4   0.409    -3.73410    0.02738                                mtd3
       5   0.410    -3.73410    0.02733                                mtd3
       6   0.422    -3.73408    0.02681    0.13327       3       5     mtd4
       7   0.423    -3.73407    0.02673                                mtd5
       8   0.424    -3.73407    0.02670                                mtd4
       9   0.425    -3.73407    0.02668                                mtd1
      10   0.432    -3.73406    0.02634                                mtd3
      11   0.436    -3.73406    0.02619    0.12884       4       5     mtd1
      12   0.444    -3.73404    0.02584                                mtd1
      13   0.445    -3.73404    0.02580                                mtd1
      14   0.451    -3.73403    0.02553                                mtd3
      15   0.452    -3.73403    0.02548                                mtd1
      16   0.692    -3.73365    0.01699    0.01699       5       1     mtd2
      17   0.703    -3.73363    0.01668    0.01668       6       1     mtd3
      18   0.731    -3.73358    0.01592    0.03170       7       2     mtd1
      19   0.736    -3.73358    0.01577                                mtd6
      20   0.745    -3.73356    0.01555    0.03103       8       2     mtd1
      21   0.748    -3.73356    0.01548                                mtd1
      22   0.807    -3.73346    0.01401    0.02737       9       2     mtd4
      23   0.835    -3.73342    0.01336                                mtd5
      24   0.836    -3.73342    0.01333    0.03923      10       3     mtd3
      25   0.853    -3.73339    0.01296                                mtd2
      26   0.854    -3.73339    0.01294                                mtd3
      27   0.855    -3.73339    0.01291    0.02623      11       2     mtd2
      28   0.837    -3.73342    0.01331                                mtd5
      29   0.824    -3.73344    0.01361    0.02639      12       2     mtd5
      30   0.861    -3.73338    0.01278                                mtd1
      31   0.863    -3.73337    0.01274    0.02563      13       2     mtd5
      32   0.856    -3.73339    0.01289                                mtd4
      33   0.864    -3.73337    0.01271    0.01271      14       1     mtd3
      34   0.862    -3.73338    0.01276    0.02533      15       2     mtd5
      35   0.871    -3.73336    0.01257                                mtd4
      36   0.894    -3.73333    0.01210    0.01210      16       1     mtd5
      37   0.915    -3.73329    0.01167    0.01167      17       1     mtd6
      38   0.927    -3.73327    0.01144    0.06794      18       6     mtd2
      39   0.928    -3.73327    0.01141                                mtd2
      40   0.929    -3.73327    0.01140                                mtd2
      41   0.930    -3.73327    0.01138                                mtd4
      42   0.930    -3.73327    0.01137                                mtd4
      43   0.954    -3.73323    0.01093                                mtd4
      44   0.982    -3.73318    0.01042    0.02059      19       2     mtd1
      45   0.997    -3.73316    0.01017                                mtd5
      46   1.018    -3.73313    0.00982    0.03907      20       4     mtd5
      47   1.020    -3.73312    0.00977                                mtd5
      48   1.021    -3.73312    0.00975                                mtd4
      49   1.023    -3.73312    0.00973                                mtd5
      50   1.025    -3.73312    0.00969    0.00969      21       1     mtd2
      51   1.028    -3.73311    0.00965    0.00965      22       1     mtd5
      52   1.080    -3.73303    0.00884    0.00884      23       1     mtd4
      53   1.144    -3.73293    0.00793    0.00793      24       1     mtd4
      54   1.154    -3.73291    0.00780    0.01557      25       2     mtd6
      55   1.157    -3.73291    0.00777                                mtd5
      56   1.155    -3.73291    0.00779    0.00779      26       1     mtd4
      57   1.222    -3.73280    0.00695    0.01385      27       2     mtd5
      58   1.226    -3.73279    0.00690                                mtd1
      59   1.229    -3.73279    0.00687    0.00687      28       1     mtd6
      60   1.282    -3.73271    0.00628    0.01245      29       2     mtd5
      61   1.293    -3.73269    0.00617                                mtd6
      62   1.328    -3.73263    0.00582    0.01156      30       2     mtd1
      63   1.335    -3.73262    0.00575                                mtd5
      64   1.332    -3.73263    0.00578    0.00578      31       1     mtd3
      65   1.359    -3.73258    0.00552    0.00552      32       1     mtd3
      66   1.460    -3.73242    0.00465    0.00465      33       1     mtd1
      67   1.552    -3.73228    0.00399    0.00399      34       1     mtd3
      68   1.581    -3.73223    0.00380    0.01492      35       4     mtd4
      69   1.584    -3.73223    0.00378                                mtd4
      70   1.595    -3.73221    0.00371                                mtd4
      71   1.605    -3.73219    0.00365                                mtd4
      72   2.214    -3.73122    0.00131    0.00258      36       2     mtd5
      73   2.229    -3.73120    0.00127                                mtd6
      74   2.214    -3.73122    0.00130    0.00130      37       1     mtd2
T /K                                  :   298.15
E lowest                              :    -3.73475
ensemble average energy (kcal)        :    0.712
ensemble entropy (J/mol K, cal/mol K) :   34.155    8.163
ensemble free energy (kcal/mol)       :   -2.434
population of lowest in %             :    5.460
 number of unique conformers for further calc           37
 list of relative energies saved as "crest.energies"
 
 -----------------
 Wall Time Summary
 -----------------
             test MD wall time :         0h : 0m : 0s
                 MTD wall time :         0h : 0m :22s
      multilevel OPT wall time :         0h : 2m : 4s
--------------------
Overall wall time  : 0h : 3m : 4s
 
 CREST terminated normally.
