 
       ==============================================
       |                                            |
       |                 C R E S T                  |
       |                                            |
       |  Conformer-Rotamer Ensemble Sampling Tool  |
       |          based on the GFN methods          |
       |             P.Pracht, S.Grimme             |
       |          Universitaet Bonn, MCTC           |
       ==============================================
       Version 2.12,   Thu 19. Mai 16:32:32 CEST 2022
  Using the xTB program. Compatible with xTB version 6.4.0
 
   Cite work conducted with this code as

   • P.Pracht, F.Bohle, S.Grimme, PCCP, 2020, 22, 7169-7192.
   • S.Grimme, JCTC, 2019, 15, 2847-2862.

   and for works involving QCG as

   • S.Spicher, C.Plett, P.Pracht, A.Hansen, S.Grimme,
     JCTC, 2022, 18 (5), 3174-3189.
 
   with help from:
   C.Bannwarth, F.Bohle, S.Ehlert, S.Grimme,
   C.Plett, P.Pracht, S.Spicher
 
   This program is distributed in the hope that it will be useful,
   but WITHOUT ANY WARRANTY; without even the implied warranty of
   MERCHANTABILITY or FITNESS FOR A PARTICULAR PURPOSE.

 Command line input:
 > crest ./c12.xyz -gfnff -mquick -T 4

  -gfnff : Use of GFN-FF requested.
  -mquick  : very crude quick-mode (no NORMMD, no GC, crude opt.)
  -T 4 (CPUs/Threads selected)
 
 -------------------------
 xTB Geometry Optimization
 -------------------------
 Geometry successfully optimized.
 
------------------------------------------------
Generating MTD length from a flexibility measure
------------------------------------------------
 Calculating WBOs... done.
 Calculating NCI flexibility... done.
     covalent flexibility measure :   0.883
 non-covalent flexibility measure :   0.799
 flexibility measure :   0.817
 t(MTD) / ps    :    17.5
 Σ(t(MTD)) / ps :   105.0 (6 MTDs)
 
-------------------------------------
Starting a trial MTD to test settings
-------------------------------------
 Estimated runtime for one MTD (17.5 ps) on a single thread: 12 sec
 Estimated runtime for a batch of 6 MTDs on 4 threads: 25 sec
 
 list of Vbias parameters applied:
$metadyn    0.00200   1.000
$metadyn    0.00100   1.000
$metadyn    0.00200   0.500
$metadyn    0.00100   0.500
$metadyn    0.00200   0.250
$metadyn    0.00100   0.250
 
*******************************************************************************************
**                        N E W    I T E R A T I O N    C Y C L E                        **
*******************************************************************************************
 
========================================
            MTD Simulations 
========================================
 
     ========================================
     |         Meta-MD (MTD) Sampling       |
     ========================================
 
Starting Meta-MD   1 with the settings:
     MD time /ps        :    17.5
     dt /fs             :     1.5
     dumpstep(trj) /fs  :     100
     dumpstep(Vbias)/ps :     1.0
     Vbias factor k /Eh :  0.0760
     Vbias exp α /bohr⁻²:    1.00
Starting Meta-MD   2 with the settings:
     MD time /ps        :    17.5
     dt /fs             :     1.5
     dumpstep(trj) /fs  :     100
     dumpstep(Vbias)/ps :     1.0
     Vbias factor k /Eh :  0.0380
     Vbias exp α /bohr⁻²:    1.00
Starting Meta-MD   3 with the settings:
     MD time /ps        :    17.5
     dt /fs             :     1.5
     dumpstep(trj) /fs  :     100
     dumpstep(Vbias)/ps :     1.0
     Vbias factor k /Eh :  0.0760
     Vbias exp α /bohr⁻²:    0.50
Starting Meta-MD   6 with the settings:
     MD time /ps        :    17.5
     dt /fs             :     1.5
     dumpstep(trj) /fs  :     100
     dumpstep(Vbias)/ps :     1.0
     Vbias factor k /Eh :  0.0380
     Vbias exp α /bohr⁻²:    0.25
*Meta-MTD 2 finished*
Starting Meta-MD   4 with the settings:
     MD time /ps        :    17.5
     dt /fs             :     1.5
     dumpstep(trj) /fs  :     100
     dumpstep(Vbias)/ps :     1.0
     Vbias factor k /Eh :  0.0380
     Vbias exp α /bohr⁻²:    0.50
*Meta-MTD 6 finished*
Starting Meta-MD   5 with the settings:
     MD time /ps        :    17.5
     dt /fs             :     1.5
     dumpstep(trj) /fs  :     100
     dumpstep(Vbias)/ps :     1.0
     Vbias factor k /Eh :  0.0760
     Vbias exp α /bohr⁻²:    0.25
*Meta-MTD 3 finished*
*Meta-MTD 1 finished*
*Meta-MTD 5 finished*
*Meta-MTD 4 finished*
 
-----------------------
Multilevel Optimization
-----------------------
 
 -------------------------
 1. crude pre-optimization
 -------------------------
 Optimizing all 1056 structures from file "crest_rotamers_0.xyz" ...
 1 2 3 4 5 6 7 8 9 10 11 12 13 14 15 16 17 18 19 20 21 22 23 24 25 26 27 28 29 30 31 32 33 34 35 36 37 38 39 40 41 42 43 44 45 46 47 48 49 50 51 52 53 54 55 56 57 58 59 60 61 62 63 64 65 66 67 68 69 70 71 72 73 74 75 76 77 78 79 80 81 82 83 84 85 86 87 88 89 90 91 92 93 94 95 96 97 98 99 100 101 102 103 104 105 106 107 108 109 110 111 112 113 114 115 116 117 118 119 120 121 122 123 124 125 126 127 128 129 130 131 132 133 134 135 136 137 138 139 140 141 142 143 144 145 146 147 148 149 150 151 152 153 154 155 156 157 158 159 160 161 162 163 164 165 166 167 168 169 170 171 172 173 174 175 176 177 178 179 180 181 182 183 184 185 186 187 188 189 190 191 192 193 194 195 196 197 198 199 200 201 202 203 204 205 206 207 208 209 210 211 212 213 214 215 216 217 218 219 220 221 222 223 224 225 226 227 228 229 230 231 232 233 234 235 236 237 238 239 240 241 242 243 244 245 246 247 248 249 250 251 252 253 254 255 256 257 258 259 260 261 262 263 264 265 266 267 268 269 270 271 272 273 274 275 276 277 278 279 280 281 282 283 284 285 286 287 288 289 290 291 292 293 294 295 296 297 298 299 300 301 302 303 304 305 306 307 308 309 310 311 312 313 314 315 316 317 318 319 320 321 322 323 324 325 326 327 328 329 330 331 332 333 334 335 336 337 338 339 340 341 342 343 344 345 346 347 348 349 350 351 352 353 354 355 356 357 358 359 360 361 362 363 364 365 366 367 368 369 370 371 372 373 374 375 376 377 378 379 380 381 382 383 384 385 386 387 388 389 390 391 392 393 394 395 396 397 398 399 400 401 402 403 404 405 406 407 408 409 410 411 412 413 414 415 416 417 418 419 420 421 422 423 424 425 426 427 428 429 430 431 432 433 434 435 436 437 438 439 440 441 442 443 444 445 446 447 448 449 450 451 452 453 454 455 456 457 458 459 460 461 462 463 464 465 466 467 468 469 470 471 472 473 474 475 476 477 478 479 480 481 482 483 484 485 486 487 488 489 490 491 492 493 494 495 496 497 498 499 500 501 502 503 504 505 506 507 508 509 510 511 512 513 514 515 516 517 518 519 520 521 522 523 524 525 526 527 528 529 530 531 532 533 534 535 536 537 538 539 540 541 542 543 544 545 546 547 548 549 550 551 552 553 554 555 556 557 558 559 560 561 562 563 564 565 566 567 568 569 570 571 572 573 574 575 576 577 578 579 580 581 582 583 584 585 586 587 588 589 590 591 592 593 594 595 596 597 598 599 600 601 602 603 604 605 606 607 608 609 610 611 612 613 614 615 616 617 618 619 620 621 622 623 624 625 626 627 628 629 630 631 632 633 634 635 636 637 638 639 640 641 642 643 644 645 646 647 648 649 650 651 652 653 654 655 656 657 658 659 660 661 662 663 664 665 666 667 668 669 670 671 672 673 674 675 676 677 678 679 680 681 682 683 684 685 686 687 688 689 690 691 692 693 694 695 696 697 698 699 700 701 702 703 704 705 706 707 708 709 710 711 712 713 714 715 716 717 718 719 720 721 722 723 724 725 726 727 728 729 730 731 732 733 734 735 736 737 738 739 740 741 742 743 744 745 746 747 748 749 750 751 752 753 754 755 756 757 758 759 760 761 762 763 764 765 766 767 768 769 770 771 772 773 774 775 776 777 778 779 780 781 782 783 784 785 786 787 788 789 790 791 792 793 794 795 796 797 798 799 800 801 802 803 804 805 806 807 808 809 810 811 812 813 814 815 816 817 818 819 820 821 822 823 824 825 826 827 828 829 830 831 832 833 834 835 836 837 838 839 840 841 842 843 844 845 846 847 848 849 850 851 852 853 854 855 856 857 858 859 860 861 862 863 864 865 866 867 868 869 870 871 872 873 874 875 876 877 878 879 880 881 882 883 884 885 886 887 888 889 890 891 892 893 894 895 896 897 898 899 900 901 902 903 904 905 906 907 908 909 910 911 912 913 914 915 916 917 918 919 920 921 922 923 924 925 926 927 928 929 930 931 932 933 934 935 936 937 938 939 940 941 942 943 944 945 946 947 948 949 950 951 952 953 954 955 956 957 958 959 960 961 962 963 964 965 966 967 968 969 970 971 972 973 974 975 976 977 978 979 980 981 982 983 984 985 986 987 988 989 990 991 992 993 994 995 996 997 998 999 1000 1001 1002 1003 1004 1005 1006 1007 1008 1009 1010 1011 1012 1013 1014 1015 1016 1017 1018 1019 1020 1021 1022 1023 1024 1025 1026 1027 1028 1029 1030 1031 1032 1033 1034 1035 1036 1037 1038 1039 1040 1041 1042 1043 1044 1045 1046 1047 1048 1049 1050 1051 1052 1053 1054 1055 1056
 done.
 running RMSDs...
 done.
 E lowest :    -5.50787
 641 structures remain within     5.00 kcal/mol window
 
========================================
           MTD Simulations done         
========================================
 Collecting ensmbles.
 running RMSDs...
 done.
 E lowest :    -5.50787
 138 structures remain within     2.50 kcal/mol window
 
 
 
   ================================================
   |           Final Geometry Optimization        |
   ================================================
 --------------------------------------------
 Ensemble optimization with normal thresholds
 --------------------------------------------
 Optimizing all 138 structures from file "crest_rotamers_1.xyz" ...
 1 2 3 4 5 6 7 8 9 10 11 12 13 14 15 16 17 18 19 20 21 22 23 24 25 26 27 28 29 30 31 32 33 34 35 36 37 38 39 40 41 42 43 44 45 46 47 48 49 50 51 52 53 54 55 56 57 58 59 60 61 62 63 64 65 66 67 68 69 70 71 72 73 74 75 76 77 78 79 80 81 82 83 84 85 86 87 88 89 90 91 92 93 94 95 96 97 98 99 100 101 102 103 104 105 106 107 108 109 110 111 112 113 114 115 116 117 118 119 120 121 122 123 124 125 126 127 128 129 130 131 132 133 134 135 136 137 138
 done.
 running RMSDs...
 done.
 E lowest :    -5.50951
 114 structures remain within     2.50 kcal/mol window
 
 input  file name : crest_rotamers_2.xyz
 output file name : crest_rotamers_3.xyz
 number of atoms                :   38
 number of points on xyz files  :   138
 RMSD threshold                 :   0.1250
 Bconst threshold               :   0.0100
 population threshold           :   0.0500
 conformer energy window  /kcal :   2.5000
 # fragment in coord            :     1
 # bonds in reference structure :    37
 number of reliable points      :   138
 number of removed by energy    :     8
 number of remaining points     :   130
 reference state Etot :  -5.50950753000000
 number of doubles removed by rot/RMSD         :          16
 total number unique points considered further :         114
       Erel/kcal        Etot weight/tot  conformer     set   degen     origin
       1   0.000    -5.50951    0.04797    0.04797       1       1     mtd5
       2   0.004    -5.50950    0.04768    0.04768       2       1     mtd3
       3   0.292    -5.50904    0.02931    0.02931       3       1     mtd5
       4   0.439    -5.50881    0.02289    0.02289       4       1     mtd2
       5   0.449    -5.50879    0.02251    0.02251       5       1     mtd4
       6   0.455    -5.50878    0.02228    0.02228       6       1     mtd4
       7   0.528    -5.50867    0.01969    0.01969       7       1     mtd1
       8   0.529    -5.50866    0.01965    0.01965       8       1     mtd5
       9   0.532    -5.50866    0.01956    0.01956       9       1     mtd1
      10   0.536    -5.50865    0.01943    0.01943      10       1     mtd5
      11   0.536    -5.50865    0.01942    0.03873      11       2     mtd5
      12   0.540    -5.50865    0.01931                                mtd5
      13   0.550    -5.50863    0.01897    0.01897      12       1     mtd5
      14   0.598    -5.50855    0.01749    0.01749      13       1     mtd5
      15   0.626    -5.50851    0.01669    0.03304      14       2     mtd2
      16   0.638    -5.50849    0.01635                                mtd2
      17   0.643    -5.50848    0.01623    0.01623      15       1     mtd2
      18   0.689    -5.50841    0.01500    0.01500      16       1     mtd1
      19   0.693    -5.50840    0.01490    0.02975      17       2     mtd3
      20   0.695    -5.50840    0.01485                                mtd3
      21   0.740    -5.50833    0.01377    0.01377      18       1     mtd3
      22   0.745    -5.50832    0.01365    0.01365      19       1     mtd3
      23   0.750    -5.50831    0.01353    0.01353      20       1     mtd3
      24   0.756    -5.50830    0.01341    0.01341      21       1     mtd5
      25   0.775    -5.50827    0.01298    0.01298      22       1     mtd1
      26   0.785    -5.50826    0.01276    0.01276      23       1     mtd4
      27   0.841    -5.50817    0.01161    0.01161      24       1     mtd5
      28   0.857    -5.50814    0.01131    0.01131      25       1     mtd6
      29   0.931    -5.50802    0.00997    0.00997      26       1     mtd2
      30   0.961    -5.50798    0.00948    0.00948      27       1     mtd1
      31   0.968    -5.50796    0.00937    0.00937      28       1     mtd3
      32   0.971    -5.50796    0.00934    0.00934      29       1     mtd1
      33   0.980    -5.50795    0.00920    0.00920      30       1     mtd1
      34   0.984    -5.50794    0.00913    0.00913      31       1     mtd1
      35   0.989    -5.50793    0.00906    0.00906      32       1     mtd2
      36   0.994    -5.50792    0.00897    0.00897      33       1     mtd5
      37   1.021    -5.50788    0.00858    0.00858      34       1     mtd1
      38   1.029    -5.50787    0.00846    0.00846      35       1     mtd6
      39   1.034    -5.50786    0.00838    0.00838      36       1     mtd6
      40   1.040    -5.50785    0.00831    0.00831      37       1     mtd1
      41   1.048    -5.50784    0.00819    0.00819      38       1     mtd1
      42   1.056    -5.50782    0.00808    0.00808      39       1     mtd1
      43   1.058    -5.50782    0.00805    0.00805      40       1     mtd5
      44   1.067    -5.50781    0.00793    0.00793      41       1     mtd1
      45   1.072    -5.50780    0.00787    0.00787      42       1     mtd6
      46   1.075    -5.50779    0.00783    0.00783      43       1     mtd6
      47   1.077    -5.50779    0.00781    0.00781      44       1     mtd1
      48   1.078    -5.50779    0.00780    0.00780      45       1     mtd1
      49   1.078    -5.50779    0.00779    0.00779      46       1     mtd2
      50   1.079    -5.50779    0.00777    0.00777      47       1     mtd2
      51   1.081    -5.50778    0.00775    0.00775      48       1     mtd1
      52   1.084    -5.50778    0.00771    0.00771      49       1     mtd1
      53   1.108    -5.50774    0.00741    0.00741      50       1     mtd1
      54   1.118    -5.50773    0.00728    0.00728      51       1     mtd5
      55   1.122    -5.50772    0.00723    0.00723      52       1     mtd5
      56   1.154    -5.50767    0.00685    0.00685      53       1     mtd5
      57   1.158    -5.50766    0.00681    0.00681      54       1     mtd3
      58   1.160    -5.50766    0.00678    0.00678      55       1     mtd5
      59   1.165    -5.50765    0.00673    0.00673      56       1     mtd2
      60   1.188    -5.50761    0.00646    0.00646      57       1     mtd5
      61   1.210    -5.50758    0.00624    0.00624      58       1     mtd2
      62   1.214    -5.50757    0.00619    0.00619      59       1     mtd5
      63   1.220    -5.50756    0.00613    0.00613      60       1     mtd1
      64   1.235    -5.50754    0.00598    0.00598      61       1     mtd2
      65   1.248    -5.50752    0.00585    0.00585      62       1     mtd5
      66   1.255    -5.50751    0.00578    0.00578      63       1     mtd6
      67   1.263    -5.50750    0.00570    0.01138      64       2     mtd1
      68   1.266    -5.50749    0.00568                                mtd1
      69   1.274    -5.50748    0.00560    0.00560      65       1     mtd1
      70   1.274    -5.50748    0.00559    0.00559      66       1     mtd1
      71   1.266    -5.50749    0.00568    0.00568      67       1     mtd3
      72   1.295    -5.50744    0.00540    0.00540      68       1     mtd6
      73   1.302    -5.50743    0.00534    0.00534      69       1     mtd3
      74   1.305    -5.50743    0.00531    0.00531      70       1     mtd2
      75   1.305    -5.50743    0.00531    0.00531      71       1     mtd6
      76   1.365    -5.50733    0.00480    0.00956      72       2     mtd2
      77   1.370    -5.50732    0.00476                                mtd2
      78   1.368    -5.50733    0.00478    0.00478      73       1     mtd3
      79   1.389    -5.50729    0.00461    0.00461      74       1     mtd2
      80   1.394    -5.50729    0.00458    0.00458      75       1     mtd5
      81   1.403    -5.50727    0.00451    0.00451      76       1     mtd5
      82   1.421    -5.50724    0.00437    0.00437      77       1     mtd5
      83   1.421    -5.50724    0.00437    0.00437      78       1     mtd5
      84   1.422    -5.50724    0.00436    0.00436      79       1     mtd2
      85   1.495    -5.50713    0.00386    0.00766      80       2     mtd2
      86   1.503    -5.50711    0.00381                                mtd2
      87   1.508    -5.50710    0.00377    0.00377      81       1     mtd4
      88   1.512    -5.50710    0.00375    0.00375      82       1     mtd4
      89   1.512    -5.50710    0.00375    0.00375      83       1     mtd3
      90   1.581    -5.50699    0.00334    0.00334      84       1     mtd6
      91   1.582    -5.50699    0.00333    0.00663      85       2     mtd1
      92   1.587    -5.50698    0.00330                                mtd3
      93   1.590    -5.50697    0.00328    0.00328      86       1     mtd3
      94   1.608    -5.50695    0.00319    0.00319      87       1     mtd1
      95   1.617    -5.50693    0.00314    0.00314      88       1     mtd1
      96   1.630    -5.50691    0.00307    0.00307      89       1     mtd6
      97   1.637    -5.50690    0.00303    0.00303      90       1     mtd5
      98   1.654    -5.50687    0.00295    0.00295      91       1     mtd6
      99   1.688    -5.50682    0.00278    0.00278      92       1     mtd1
     100   1.701    -5.50680    0.00272    0.00272      93       1     mtd1
     101   1.787    -5.50666    0.00236    0.00236      94       1     mtd6
     102   1.879    -5.50651    0.00202    0.00202      95       1     mtd6
     103   1.944    -5.50641    0.00181    0.00181      96       1     mtd1
     104   2.043    -5.50625    0.00153    0.00153      97       1     mtd3
     105   2.092    -5.50617    0.00141    0.00141      98       1     mtd2
     106   2.120    -5.50613    0.00134    0.00134      99       1     mtd2
     107   2.202    -5.50600    0.00117    0.00117     100       1     mtd1
     108   2.206    -5.50599    0.00116    0.00116     101       1     mtd6
     109   2.245    -5.50593    0.00109    0.00109     102       1     mtd3
     110   2.266    -5.50590    0.00105    0.00105     103       1     mtd5
     111   2.280    -5.50587    0.00103    0.00103     104       1     mtd6
     112   2.366    -5.50574    0.00089    0.00089     105       1     mtd4
     113   2.395    -5.50569    0.00085    0.00085     106       1     mtd1
     114   2.483    -5.50555    0.00073    0.00073     107       1     mtd1
T /K                                  :   298.15
E lowest                              :    -5.50951
ensemble average energy (kcal)        :    0.825
ensemble entropy (J/mol K, cal/mol K) :   36.819    8.800
ensemble free energy (kcal/mol)       :   -2.624
population of lowest in %             :    4.797
 number of unique conformers for further calc          107
 list of relative energies saved as "crest.energies"
 
 -----------------
 Wall Time Summary
 -----------------
             test MD wall time :         0h : 0m : 0s
                 MTD wall time :         0h : 0m : 7s
      multilevel OPT wall time :         0h : 0m :46s
--------------------
Overall wall time  : 0h : 1m : 0s
 
 CREST terminated normally.
