41
 energy: -42.137870580884 gnorm: 0.032503888092 xtb: 6.6.1 (8d0f1dd)
C            5.25546100000000       -1.41247900000000        1.45684500000000
C            3.78331700000000       -1.27197100000000        1.10287100000000
C            3.44551900000000        0.09543400000000        0.50670600000000
C            1.97209200000000        0.23033900000000        0.12312600000000
C            1.63010200000000        1.59967500000000       -0.46584900000000
C            0.14755800000000        1.75592700000000       -0.81694600000000
C           -0.29733600000000        0.87290100000000       -1.98392400000000
C           -1.77898300000000        1.02823900000000       -2.34045600000000
C           -2.73650900000000        0.62635500000000       -1.21422200000000
C           -2.61162900000000       -0.84092900000000       -0.80182000000000
C           -3.59764600000000       -1.25558100000000        0.29430800000000
C           -3.40339200000000       -0.51860800000000        1.62413700000000
C           -2.03759800000000       -0.75348400000000        2.25106700000000
H            5.48353600000000       -2.39130300000000        1.88604500000000
H            5.56144300000000       -0.65635100000000        2.18297000000000
H            5.88760900000000       -1.28573200000000        0.57534100000000
H            3.48795200000000       -2.05862700000000        0.39522800000000
H            3.16141800000000       -1.44370600000000        1.99204400000000
H            4.07348200000000        0.27900800000000       -0.37412800000000
H            3.71640500000000        0.88541400000000        1.21835400000000
H            1.34444600000000        0.04141400000000        1.00283700000000
H            1.70937800000000       -0.56115900000000       -0.58849600000000
H            2.24051100000000        1.77764700000000       -1.35974700000000
H            1.93197400000000        2.37878400000000        0.24676400000000
H           -0.07664400000000        2.80382100000000       -1.05708600000000
H           -0.45446900000000        1.53088600000000        0.07099000000000
H           -0.08416600000000       -0.17730700000000       -1.75642200000000
H            0.32501500000000        1.10012000000000       -2.85985400000000
H           -1.96822900000000        2.06934600000000       -2.63380400000000
H           -2.00883500000000        0.43119400000000       -3.23300500000000
H           -3.77385900000000        0.82572400000000       -1.51470600000000
H           -2.56903600000000        1.27072200000000       -0.34407600000000
H           -2.74894300000000       -1.47319300000000       -1.68946200000000
H           -1.58867200000000       -1.04637000000000       -0.46688600000000
H           -3.51650100000000       -2.33614000000000        0.47287800000000
H           -4.62187900000000       -1.10048200000000       -0.06997200000000
H           -4.18858800000000       -0.82450900000000        2.33070500000000
H           -3.56674200000000        0.55686600000000        1.47687500000000
H           -1.23357100000000       -0.37518200000000        1.61767400000000
H           -1.94156000000000       -0.25956400000000        3.22114300000000
H           -1.85198300000000       -1.81819700000000        2.40571000000000
41
 energy: -42.140278258315 gnorm: 0.014300270439 xtb: 6.6.1 (8d0f1dd)
C            5.25044748122788       -1.40474262769258        1.45328359190898
C            3.77730185527151       -1.26855911441642        1.10038717882231
C            3.44609304505450        0.09975219319367        0.50555189689246
C            1.97261855964002        0.22594897138799        0.12425068903751
C            1.63297196036193        1.59266668948128       -0.47024160338756
C            0.15060063220244        1.74936709676533       -0.81332868466408
C           -0.29504829933116        0.86902815758286       -1.98050280892037
C           -1.77552924841749        1.02582268875219       -2.33341317552700
C           -2.73436265289834        0.62722486865235       -1.21015654333785
C           -2.60782347081332       -0.83930689941356       -0.80055874652373
C           -3.59436279779253       -1.25017529294867        0.29316066846791
C           -3.40226903786907       -0.51561295730318        1.62206606507192
C           -2.03731525314423       -0.75630490083549        2.24921829111385
H            5.46267063226130       -2.38494775342114        1.87966334547895
H            5.54730061941611       -0.65019707134372        2.18150677995883
H            5.87485936732561       -1.28124447862822        0.56854976292296
H            3.49890009799051       -2.05065417449102        0.38521187630723
H            3.16871547469240       -1.42988320559816        1.99710925681957
H            4.06616985913399        0.26858779593143       -0.38135808349260
H            3.70539126207051        0.88170263334163        1.22730922166641
H            1.35317784157515        0.05267281611065        1.01129071726308
H            1.72513944022244       -0.55993545071356       -0.59547782455482
H            2.23600904534024        1.76101945839859       -1.36873034011559
H            1.91603120503828        2.36845467526986        0.24993343848235
H           -0.05591060998742        2.79603362565872       -1.06354643599897
H           -0.44185827114067        1.51464188633279        0.07532382256007
H           -0.09071018884267       -0.17908181701475       -1.75106285036787
H            0.30909071589765        1.11718886227574       -2.86045658677184
H           -1.96744341145967        2.06847872652856       -2.61030528134735
H           -1.99447840349993        0.41933072722196       -3.21940070364962
H           -3.76380815701884        0.81764804212511       -1.53429393256697
H           -2.55781470490380        1.26960242918295       -0.34461032456900
H           -2.77015290807427       -1.46898991243092       -1.68271698788401
H           -1.59111749848538       -1.04106155292797       -0.45644431749036
H           -3.49777032640884       -2.32730178467290        0.46976366722389
H           -4.61621587256398       -1.07922850385592       -0.06313974691068
H           -4.18035649809193       -0.84497579816818        2.32039801298360
H           -3.55561937287022        0.55776618953414        1.47448920950008
H           -1.23927190588915       -0.36982839006429        1.61738066840142
H           -1.96181121140239       -0.26062813061486        3.21691134621213
H           -1.86199099381718       -1.82133671717232        2.40074247098477
41
 energy: -42.140650428922 gnorm: 0.002473836291 xtb: 6.6.1 (8d0f1dd)
C            5.24846127712460       -1.40002067506251        1.45186671058983
C            3.77327332766397       -1.26601783551544        1.09884118280011
C            3.44626291849846        0.10257150262795        0.50461221438687
C            1.97277053025926        0.22242416058222        0.12401227382432
C            1.63605859575306        1.58837367643410       -0.47255097734111
C            0.15323578801652        1.74488347869373       -0.81194322093948
C           -0.29215896465492        0.86692205444236       -1.98017178191092
C           -1.77280812588274        1.02530142933550       -2.33055016786777
C           -2.73340912199325        0.62763116876196       -1.20892447784631
C           -2.60713833573757       -0.83822991419262       -0.80046305485809
C           -3.59448976389449       -1.24669174633346        0.29280931612302
C           -3.40326296951099       -0.51534652690072        1.62292480974954
C           -2.03715791251283       -0.75756867654557        2.25157654689032
H            5.45277389745032       -2.38070442092690        1.87655427230840
H            5.53903500368061       -0.64496445363233        2.17952261233513
H            5.86735307426917       -1.27588003416304        0.56546188090689
H            3.50240826402631       -2.04426020490031        0.38061722307636
H            3.17042762305124       -1.42204989507250        1.99710374383697
H            4.06217960422316        0.26511824959613       -0.38364978822642
H            3.70002956573856        0.88015632572485        1.22973960253708
H            1.35854680071213        0.05782479148785        1.01387757104626
H            1.73313055452181       -0.56254350076522       -0.59597123841477
H            2.23428845959258        1.74911338783236       -1.37306397495834
H            1.91235366160168        2.36234860414870        0.24891632681410
H           -0.04452859849791        2.79019176285934       -1.06504321636821
H           -0.43219434935174        1.50483483315170        0.07728397321076
H           -0.09092853253817       -0.17975803492851       -1.75309124501853
H            0.30149215641358        1.12794474120415       -2.86089217414762
H           -1.96489708462529        2.06804960098244       -2.59852842095991
H           -1.98620841848948        0.41474257619559       -3.21238125031182
H           -3.75743655472065        0.81291824893440       -1.54568852142594
H           -2.55489910145356        1.26881828722404       -0.34612406427329
H           -2.78199711040826       -1.46521174497131       -1.67940933969121
H           -1.59437642423393       -1.03947356167050       -0.45290823501772
H           -3.49111089275023       -2.32117640524366        0.46805559916007
H           -4.61355285451489       -1.06733746887795       -0.06057386079671
H           -4.17726312457369       -0.85707093249303        2.31551738255263
H           -3.55183133087901        0.55616391557064        1.47747191453816
H           -1.24184028725295       -0.36637779674828        1.62215477267052
H           -1.97318289103203       -0.26419433178011        3.21940458372907
H           -1.86696035308846       -1.82251263506606        2.39736149728778
41
 energy: -42.140675005741 gnorm: 0.000867700911 xtb: 6.6.1 (8d0f1dd)
C            5.24856823159782       -1.39872977596862        1.45204439213655
C            3.77270338981449       -1.26546577864707        1.09861347881414
C            3.44667685317190        0.10315777243310        0.50443190634815
C            1.97305525990341        0.22147882956362        0.12407806635443
C            1.63764432528065        1.58675284782463       -0.47421638828529
C            0.15421980638877        1.74381158008679       -0.81205913392730
C           -0.29069695993246        0.86714102979844       -1.98129923005434
C           -1.77192926898049        1.02557093554030       -2.33082435552653
C           -2.73349041825188        0.62799351588001       -1.20936442410560
C           -2.60754918632700       -0.83779772560634       -0.80064886520451
C           -3.59536078389695       -1.24567426756666        0.29309177777343
C           -3.40452364604748       -0.51575482643106        1.62438175951550
C           -2.03800766885822       -0.75859552168985        2.25396152938661
H            5.45288941728593       -2.37916176937460        1.87648197362356
H            5.53748253680545       -0.64295404381712        2.17923919285581
H            5.86631798754769       -1.27344024915700        0.56531599447470
H            3.50230680676456       -2.04298991963434        0.38014776492863
H            3.16976442796950       -1.42097187761830        1.99634140310533
H            4.06216208011991        0.26582098113630       -0.38361419171073
H            3.69957316043270        0.88070326608830        1.22925679287673
H            1.35938929777361        0.05817857693938        1.01400758507062
H            1.73413633280725       -0.56452218683428       -0.59435548933417
H            2.23504172548969        1.74521947015156       -1.37521186441151
H            1.91524069185038        2.36062322255396        0.24615248655013
H           -0.04354131622952        2.78891706784347       -1.06391121545266
H           -0.42963187279470        1.50209651138502        0.07736988036365
H           -0.08851729022985       -0.17964722025677       -1.75682122841819
H            0.30136429236461        1.13111269256672       -2.86160056788560
H           -1.96328100645660        2.06827510221452       -2.59770475236695
H           -1.98525482869351        0.41521802013010       -3.21229911168121
H           -3.75647048649369        0.81251301526364       -1.54821377794608
H           -2.55640604431882        1.26943448693432       -0.34677694755985
H           -2.78415082125419       -1.46425418619854       -1.67908235955669
H           -1.59512453699075       -1.04008249540034       -0.45349935457281
H           -3.49283722416005       -2.31998435730881        0.46757648715708
H           -4.61369032968417       -1.06458209161747       -0.06034669166741
H           -4.17776601073622       -0.85999127851520        2.31581023533817
H           -3.55331238983743        0.55570132191911        1.48117403922301
H           -1.24270601673278       -0.36454709002283        1.62662379899924
H           -1.97657951310676       -0.26795124221596        3.22307905030618
H           -1.86726100335483       -1.82368034237211        2.39642735446577
41
 energy: -42.140709697126 gnorm: 0.003319587651 xtb: 6.6.1 (8d0f1dd)
C            5.24995040089867       -1.39463928834306        1.45342103712497
C            3.77298235218545       -1.26409781317366        1.09858458362879
C            3.44820089437262        0.10407603058465        0.50426621331823
C            1.97452866635651        0.21894227931840        0.12382487868304
C            1.64251457194399        1.58167181285547       -0.48053230636083
C            0.15751628949708        1.74034837254492       -0.81318786442884
C           -0.28684014420533        0.86874406785190       -1.98604195300443
C           -1.76971782260222        1.02693852061624       -2.33251641196560
C           -2.73355465511697        0.62957687021450       -1.21130077836720
C           -2.60918553585272       -0.83583861968275       -0.80056858396266
C           -3.59872603073284       -1.24182164266594        0.29412582216465
C           -3.40894616960370       -0.51808684656697        1.62975653875429
C           -2.04219768324334       -0.76263891731140        2.26220651207341
H            5.45665204089441       -2.37409036399948        1.87743014322463
H            5.53431790756565       -0.63677805281736        2.17974212635542
H            5.86551441158582       -1.26573664610460        0.56610548639487
H            3.50340643309897       -2.04060665816525        0.37964211208823
H            3.16854028694263       -1.41917699424685        1.99465004899193
H            4.06321439431505        0.26800466552153       -0.38326586861526
H            3.69921420474578        0.88258437039581        1.22790493265469
H            1.36164285430792        0.05987988112730        1.01426384609605
H            1.73599389798965       -0.57154958522247       -0.58906732338719
H            2.23711043728671        1.73233114998122       -1.38411541390673
H            1.92685459882816        2.35702570603496        0.23469631238988
H           -0.04238281563709        2.78567740294294       -1.05926457147555
H           -0.42232242694738        1.49293655593817        0.07681378813811
H           -0.08005708504917       -0.17887806676377       -1.77031560365547
H            0.30164804780515        1.14131123197154       -2.86531582277752
H           -1.95909014622536        2.06982414335042       -2.59751315447313
H           -1.98416768480290        0.41781757494979       -3.21384916582129
H           -3.75443135182650        0.81236917868305       -1.55533877081382
H           -2.56169852436615        1.27257510894076       -0.34897336326327
H           -2.78958199665698       -1.46188052972972       -1.67783587846581
H           -1.59687778420028       -1.04134383112427       -0.45533363840171
H           -3.50101110493903       -2.31659053112131        0.46562683526711
H           -4.61542967120706       -1.05547321159820       -0.05999519526609
H           -4.18128471972325       -0.86904766481090        2.31787201736452
H           -3.55938325670238        0.55386710328721        1.49444102358722
H           -1.24615218425205       -0.35747081045452        1.64307558377158
H           -1.98839163317376       -0.28328254176580        3.23724565782479
H           -1.86792426355381       -1.82853141144252        2.39239316851603
41
 energy: -42.140724037103 gnorm: 0.002248560709 xtb: 6.6.1 (8d0f1dd)
C            5.25099583649851       -1.39351756079196        1.45422302613965
C            3.77440912602629       -1.26408304112070        1.09902790460836
C            3.44876229130342        0.10368158452682        0.50436150167805
C            1.97523167496338        0.21867274865201        0.12368171325464
C            1.64329576780371        1.58046099191241       -0.48274843383330
C            0.15820819784804        1.73938432806593       -0.81380195022685
C           -0.28683952898511        0.86944689096588       -1.98759452893549
C           -1.76980056888997        1.02743031491712       -2.33294345882787
C           -2.73352860097588        0.63031725864011       -1.21168788920841
C           -2.60952757916428       -0.83485526436489       -0.79993365713696
C           -3.59958427910397       -1.24049549181786        0.29426477045036
C           -3.41010553325006       -0.51890019364837        1.63095912887818
C           -2.04408835176856       -0.76414195979445        2.26384579787854
H            5.45887082547104       -2.37281818739394        1.87829059640214
H            5.53486272280253       -0.63561894333216        2.18086166775069
H            5.86706323305158       -1.26417654825305        0.56718643150492
H            3.50533267383677       -2.04114544068266        0.38012466726862
H            3.16954538937228       -1.41965558885558        1.99502213743819
H            4.06406328312153        0.26779154921872       -0.38322054939569
H            3.69964975052730        0.88260615588398        1.22794811698535
H            1.36206298189901        0.06104375510712        1.01448259037705
H            1.73600248053900       -0.57293426527804       -0.58810140426166
H            2.23687531710086        1.72912143148525       -1.38757341083835
H            1.92960315469151        2.35721964044360        0.23052812956302
H           -0.04264179290601        2.78522604502738       -1.05796569683348
H           -0.42122501236104        1.49042851899137        0.07620483324160
H           -0.07890004576389       -0.17844000479025       -1.77351755257446
H            0.30120697942659        1.14348566796155       -2.86703402497808
H           -1.95936017428005        2.07046371119992       -2.59812946580041
H           -1.98486830646898        0.41856036780629       -3.21455893239047
H           -3.75455608545727        0.81298787074085       -1.55611548626695
H           -2.56228975460735        1.27387022022382       -0.34946077478005
H           -2.78974697676168       -1.46155371398439       -1.67705762415054
H           -1.59707530364440       -1.04036379403134       -0.45465149837692
H           -3.50349777583130       -2.31581766435847        0.46454356464263
H           -4.61618028430957       -1.05277146740791       -0.06008944790287
H           -4.18310650045753       -0.87089993255364        2.31821384954118
H           -3.56089788927035        0.55339900899260        1.49740144781156
H           -1.24764382363277       -0.35536518280753        1.64751072451384
H           -1.99189141639808       -0.28877946659185        3.24103554736796
H           -1.86823810199526       -1.83032234890369        2.39022463942229
41
 energy: -42.140756574789 gnorm: 0.001638913929 xtb: 6.6.1 (8d0f1dd)
C            5.25632808644981       -1.38827798602856        1.45815134729695
C            3.78109532012193       -1.26402555632999        1.10102452057657
C            3.45157201968098        0.10204648704466        0.50453488560123
C            1.97845865375358        0.21713716713462        0.12301978069223
C            1.64669630438280        1.57495138339505       -0.49265492074779
C            0.16097057080724        1.73486832557091       -0.81659685526785
C           -0.28778938965567        0.87195401413631       -1.99417934299634
C           -1.77110282213697        1.02977341208393       -2.33455923433546
C           -2.73366359523525        0.63413218208452       -1.21245201815670
C           -2.61044433933983       -0.82999386827627       -0.79670215692657
C           -3.60362527255253       -1.23466893787675        0.29424281201422
C           -3.41552765071512       -0.52208604958846        1.63548079965862
C           -2.05262407599992       -0.77122216377229        2.27030840487629
H            5.46839733720069       -2.36709231564996        1.88246001177862
H            5.53778729447421       -0.63032560332431        2.18621704978383
H            5.87476966462169       -1.25712144050675        0.57258081622700
H            3.51511454212572       -2.04357492662957        0.38254229006242
H            3.17502113366084       -1.42153617428639        1.99675404057849
H            4.06776513604755        0.26611330005213       -0.38324493875090
H            3.70196566740168        0.88238366905414        1.22780848094151
H            1.36456833916158        0.06643610555238        1.01544444152557
H            1.73632507148661       -0.57896240965575       -0.58388398569299
H            2.23534778371381        1.71463550760182       -1.40292525453135
H            1.94063648435732        2.35787748512523        0.21192619500963
H           -0.04309880461327        2.78270712938519       -1.05286372218726
H           -0.41633350598348        1.47941302871372        0.07347381667079
H           -0.07610380059262       -0.17698190831063       -1.78664602628581
H            0.29778689181361        1.15188746568033       -2.87443688172344
H           -1.96160102359598        2.07322382226366       -2.60038742955794
H           -1.98870620155904        0.42146118616129       -3.21677601389219
H           -3.75528387340839        0.81615447090188       -1.55778290850876
H           -2.56368626433104        1.27977148838471       -0.35100298099542
H           -2.78844424869378       -1.45930401420594       -1.67325498889188
H           -1.59800202704015       -1.03427257247053       -0.44941272438510
H           -3.51392620137984       -2.31204793692050        0.45915641649094
H           -4.61931439601586       -1.04072067584764       -0.06133196888768
H           -4.19149384478350       -0.87815080645057        2.31857599522595
H           -3.56660803517111        0.55157210374026        1.50892148353856
H           -1.25461840025101       -0.34650223935129        1.66625807921285
H           -2.00759847722987       -0.31388323137294        3.25703712887316
H           -1.87056205097748       -1.83880691721168        2.37893255608602
41
 energy: -42.140770033122 gnorm: 0.002031936535 xtb: 6.6.1 (8d0f1dd)
C            5.26027506988086       -1.38505174717498        1.46093832890167
C            3.78535244401239       -1.26389965150705        1.10216488554266
C            3.45371011027877        0.10122395274923        0.50406375358538
C            1.98046342747990        0.21583000314242        0.12261999686411
C            1.64852908326426        1.57150885196846       -0.49828096249624
C            0.16209527714301        1.73211358429426       -0.81837392143986
C           -0.28937354489134        0.87254773399501       -1.99748233615589
C           -1.77302102743241        1.03145483478505       -2.33510411228572
C           -2.73411915145950        0.63705188638780       -1.21155686844936
C           -2.61021736141886       -0.82659116487671       -0.79436432866454
C           -3.60626801385348       -1.23168960738209        0.29347452679870
C           -3.41921581870555       -0.52329910484845        1.63697984275311
C           -2.05777429513873       -0.77587173140717        2.27284627778016
H            5.47375703448997       -2.36364661975603        1.88542697344585
H            5.53990198114939       -0.62699828660068        2.18971672824864
H            5.88009805195540       -1.25287778551238        0.57639525698419
H            3.52188586614586       -2.04484197966829        0.38417794628688
H            3.17897896794413       -1.42210615469554        1.99765328388550
H            4.06990403587584        0.26456706265678       -0.38389158034210
H            3.70386042289378        0.88221627078426        1.22678663195283
H            1.36679913820299        0.06922304493202        1.01593633430435
H            1.73692045296921       -0.58243916108641       -0.58143954234428
H            2.23428542304493        1.70629700634395       -1.41117965586784
H            1.94573250151880        2.35745935745977        0.20157470096939
H           -0.04274372132504        2.78067489261024       -1.05106899907032
H           -0.41359550645452        1.47382994277461        0.07194267257054
H           -0.07746267866524       -0.17690527189405       -1.79266189378548
H            0.29463828092407        1.15450238887205       -2.87820184778682
H           -1.96367953158331        2.07490702266408       -2.60128607722546
H           -1.99233508563961        0.42293100619829       -3.21688406037503
H           -3.75620823680638        0.81869225624976       -1.55591768463198
H           -2.56310202884301        1.28348987009211       -0.35087747801912
H           -2.78458451345375       -1.45687509555089       -1.67101410583402
H           -1.59853187791844       -1.02882838579094       -0.44366912891528
H           -3.51942205672902       -2.30976187305114        0.45565776174651
H           -4.62090231728559       -1.03440264517540       -0.06336390789403
H           -4.19689899476968       -0.88048976779234        2.31762894418240
H           -3.56886210570400        0.55093663475372        1.51325804188195
H           -1.25903727236585       -0.34282425983224        1.67583088421661
H           -2.01628040475491       -0.32908233480338        3.26449905192252
H           -1.87310402397541       -1.84403297530777        2.37080266675945
41
 energy: -42.140789286043 gnorm: 0.001088935342 xtb: 6.6.1 (8d0f1dd)
C            5.26562075538942       -1.38089304361152        1.46474078891426
C            3.79061854200347       -1.26335750070472        1.10325531802959
C            3.45680627822118        0.10049314378138        0.50256766219533
C            1.98294269281445        0.21358738875757        0.12193481366579
C            1.65069018695668        1.56701797542174       -0.50454060559958
C            0.16311564085557        1.72866765042865       -0.82068408434787
C           -0.29208387292345        0.87197343876437       -2.00058185512084
C           -1.77632390072047        1.03387679671799       -2.33515851645607
C           -2.73487079875382        0.64136616853380       -1.20880456757308
C           -2.60910884663423       -0.82192279922362       -0.79105975612137
C           -3.60981275458832       -1.22878687074754        0.29172424886984
C           -3.42420043853268       -0.52406314981789        1.63744251974185
C           -2.06410970481384       -0.78201384421551        2.27465104141342
H            5.47993918650617       -2.35913039678533        1.88961008600580
H            5.54231070609162       -0.62237126454590        2.19407661619514
H            5.88689883735527       -1.24747100580442        0.58148498909052
H            3.53056623538905       -2.04590179686708        0.38613187485011
H            3.18386918569860       -1.42166638112786        1.99820357962263
H            4.07228778082098        0.26236433609267       -0.38587417670618
H            3.70674743067108        0.88259237335715        1.22384965972773
H            1.37041524220636        0.07147515789670        1.01643201328083
H            1.73813576585003       -0.58716239988966       -0.57855208303186
H            2.23333967427326        1.69655645716576       -1.41985333614164
H            1.95073187536952        2.35571122186511        0.19049952687928
H           -0.04152633480224        2.77762602440578       -1.05059450131870
H           -0.41025340584743        1.46857474863840        0.07039505416968
H           -0.08205354047836       -0.17813078345811       -1.79782108025620
H            0.29023192786031        1.15454601899217       -2.88186944244139
H           -1.96614844907001        2.07724045319630       -2.60165841758840
H           -1.99846266080181        0.42479930788441       -3.21568382700847
H           -3.75774138707954        0.82262985187633       -1.55040870236761
H           -2.56106604111020        1.28840982467169       -0.34925761382293
H           -2.77660631145711       -1.45259430766558       -1.66854121267915
H           -1.59906158300315       -1.02078086876454       -0.43415131628301
H           -3.52546852400976       -2.30721651265304        0.45129318383319
H           -4.62269543908858       -1.02814906862566       -0.06753703252491
H           -4.20390983597368       -0.88106884965788        2.31543517328773
H           -3.57047249340594        0.55072027499168        1.51581666304536
H           -1.26453515015758       -0.34030584949382        1.68552124802248
H           -2.02633929144980       -0.34745901889688        3.27157830235908
H           -1.87796917963109       -1.85084090088316        2.35974476418967
41
 energy: -42.140802177543 gnorm: 0.001037809349 xtb: 6.6.1 (8d0f1dd)
C            5.27534911615761       -1.37230160915677        1.47195890404783
C            3.80033116683393       -1.26159643607891        1.10477613474062
C            3.46293751701947        0.09924011276261        0.49846617128334
C            1.98771513099094        0.20867393296210        0.12010558666804
C            1.65502457652839        1.55797327413426       -0.51593973805619
C            0.16549801563405        1.72197693738415       -0.82518453018321
C           -0.29681691964596        0.86969371155375       -2.00560232767983
C           -1.78216345791203        1.03877899283836       -2.33435578632766
C           -2.73584950643921        0.64997091306700       -1.20255125729947
C           -2.60680215107761       -0.81287219653759       -0.78460043333954
C           -3.61665552856368       -1.22368258167686        0.28812360395684
C           -3.43423642308296       -0.52540432889707        1.63781144379918
C           -2.07675367267918       -0.79410794755150        2.27794084676295
H            5.49144615486467       -2.34949731743262        1.89798126744612
H            5.54569668773446       -0.61227932479768        2.20193888515905
H            5.89917040043609       -1.23651692498060        0.59104098516917
H            3.54646234034354       -2.04729313952501        0.38944789806793
H            3.19203490492193       -1.41931803837889        1.99835312243529
H            4.07648795681234        0.25814353198602       -0.39145545092538
H            3.71254476520944        0.88449538515626        1.21598809724172
H            1.37787283765959        0.07413768988574        1.01718113038880
H            1.74087131379612       -0.59717987939243       -0.57341483347016
H            2.23259851746916        1.67834123161900       -1.43533327520315
H            1.96040556194341        2.35111611058062        0.17111976313840
H           -0.03833836123644        2.77156613556487       -1.05124303512487
H           -0.40345376531981        1.46006776854570        0.06792522501974
H           -0.09127224112581       -0.18180047489725       -1.80607482406019
H            0.28281326794570        1.15218884312876       -2.88818384725105
H           -1.96891409022826        2.08237234762169       -2.60089626274375
H           -2.01085243358918        0.42932797934874       -3.21264071476922
H           -3.76031706054348        0.83083688272551       -1.53867758006434
H           -2.55684116659913        1.29805607016691       -0.34497560577059
H           -2.76083463078492       -1.44356468539241       -1.66429054766843
H           -1.60007730427443       -1.00601051276501       -0.41578313365974
H           -3.53672646164741       -2.30281094790489        0.44308988523980
H           -4.62619057910261       -1.01742192732389       -0.07647325937972
H           -4.21793208772094       -0.88137663801694        2.31112397982265
H           -3.57355860282341        0.55049475240184        1.51976420330323
H           -1.27502617109130       -0.33704480163676        1.70337058692788
H           -2.04608719121269       -0.38202789384796        3.28467765495898
H           -1.88911242560049       -1.86440299724295        2.33924806739902
41
 energy: -42.140807456101 gnorm: 0.000688063994 xtb: 6.6.1 (8d0f1dd)
C            5.27402013199957       -1.37235928070229        1.47126258513496
C            3.79924639493999       -1.26114684865965        1.10409059435305
C            3.46261862532537        0.09936708367684        0.49749755047344
C            1.98742745015129        0.20864790901606        0.11959529816172
C            1.65477951301019        1.55851335695607       -0.51432986774428
C            0.16579730916737        1.72263572869562       -0.82487216882284
C           -0.29606335785410        0.86879491633569       -2.00411027268162
C           -1.78109894101045        1.03862503538761       -2.33343245899298
C           -2.73524331748464        0.64948649376472       -1.20218345217679
C           -2.60697713967744       -0.81364145569135       -0.78505538953037
C           -3.61607486897671       -1.22458539907993        0.28819880466467
C           -3.43391909357451       -0.52527946776580        1.63724580758930
C           -2.07646894089330       -0.79344733779858        2.27750183140588
H            5.49008642073662       -2.34930722710183        1.89771357488108
H            5.54437001716104       -0.61192785793843        2.20076460653593
H            5.89756088475551       -1.23696625565231        0.59010579837368
H            3.54464522612653       -2.04680350879618        0.38889114285878
H            3.19043357836409       -1.41816263798786        1.99754420634014
H            4.07581318158461        0.25805779608657       -0.39282485207101
H            3.71248731390813        0.88523083468125        1.21439580691821
H            1.37773940085485        0.07245062535934        1.01659824495888
H            1.74102637359635       -0.59670925806213       -0.57467957149866
H            2.23359641691159        1.68075748495407       -1.43268730380453
H            1.95937997567716        2.35039462936819        0.17459312255193
H           -0.03756005924619        2.77197990227267       -1.05285548763911
H           -0.40379871810617        1.46256864490898        0.06842728893632
H           -0.09111996221266       -0.18257074997032       -1.80321469868538
H            0.28437916067267        1.14973883741465       -2.88679079444928
H           -1.96682362992958        2.08262529503508       -2.59921253406164
H           -2.01012402856343        0.43003137598352       -3.21221205473787
H           -3.75957941319818        0.83087858528738       -1.53863304997943
H           -2.55662616638245        1.29717937552964       -0.34420494816803
H           -2.76218628233540       -1.44359645981646       -1.66499053419084
H           -1.60017405904890       -1.00803643528850       -0.41745657999552
H           -3.53519059710113       -2.30359889946208        0.44384778736307
H           -4.62592140843212       -1.01962471327865       -0.07638127944364
H           -4.21753065492374       -0.88058691556136        2.31111255261318
H           -3.57339792720171        0.55049344390423        1.51834282855107
H           -1.27442480989784       -0.33988751243962        1.70132498329610
H           -2.04462637568232       -0.37807669222566        3.28223495227260
H           -1.89002962321004       -1.86320044133928        2.34259493043989
41
 energy: -42.140815565049 gnorm: 0.000614082181 xtb: 6.6.1 (8d0f1dd)
C            5.27383358025027       -1.36916096849495        1.47188012193091
C            3.79981206200381       -1.25963765821297        1.10290803610676
C            3.46376008263865        0.09896944401557        0.49345660734577
C            1.98841375949247        0.20709215239178        0.11720303928469
C            1.65633959273422        1.55725298959551       -0.51479913692512
C            0.16811707364388        1.72234395487862       -0.82561938190411
C           -0.29481743494232        0.86624601662879       -2.00242807132906
C           -1.77935758724394        1.03981091154381       -2.33095764006010
C           -2.73386974443164        0.65078395213730       -1.20004174539107
C           -2.60747481085337       -0.81298034824561       -0.78461895090074
C           -3.61725120036117       -1.22463635267879        0.28756399684273
C           -3.43660579896252       -0.52604274238103        1.63696430764924
C           -2.08059935398633       -0.79598702677315        2.27942692992026
H            5.49111989056641       -2.34497756269342        1.90008617062679
H            5.54211126618996       -0.60692211764142        2.20026763652823
H            5.89770368375484       -1.23405181151026        0.59089366171138
H            3.54543731007490       -2.04662940580659        0.38881206344067
H            3.18912339493549       -1.41471603605594        1.99566575071782
H            4.07573095116682        0.25588480212302       -0.39828067732617
H            3.71442938843806        0.88741526762250        1.20755725336441
H            1.37961756588209        0.06945428068470        1.01487966198033
H            1.74214083975694       -0.59865898976360       -0.57690627848045
H            2.23625756397648        1.68075239536067       -1.43257150922974
H            1.96146227061159        2.34784016771837        0.17584059068553
H           -0.03424884725165        2.77141912616843       -1.05666757444498
H           -0.40182930212645        1.46574105717709        0.06866158726020
H           -0.09181133892764       -0.18519926078433       -1.79949903661346
H            0.28658089121530        1.14384835591290       -2.88585831413420
H           -1.96179994709554        2.08511692089764       -2.59425645318214
H           -2.01103752923855        0.43397103429692       -3.21099356631814
H           -3.75805714341523        0.83355475482622       -1.53670609742594
H           -2.55539283771635        1.29769689617216       -0.34132077703765
H           -2.76346582406700       -1.44128303139210       -1.66566687200859
H           -1.60094670522147       -1.00963741180534       -0.41749541980393
H           -3.53595344480182       -2.30386199341907        0.44291708126028
H           -4.62704445967186       -1.02056075935171       -0.07819776573196
H           -4.22159297004990       -0.88079860473686        2.30987515772460
H           -3.57515362431355        0.54998421999717        1.51851083309168
H           -1.27676839456675       -0.34400534584066        1.70409885353183
H           -2.04999814976527       -0.38027571824754        3.28421536374818
H           -1.89646671832196       -1.86621355431394        2.34495756349535
41
 energy: -42.140821982055 gnorm: 0.000809157985 xtb: 6.6.1 (8d0f1dd)
C            5.27628361444151       -1.36465923092376        1.47413275853310
C            3.80286581786303       -1.25850305062879        1.10232360406603
C            3.46636670557073        0.09779910625039        0.48841188646988
C            1.99067227756653        0.20520785590176        0.11396416421956
C            1.65867120332753        1.55548366124240       -0.51733747387327
C            0.17074401362280        1.72189430669714       -0.82729364953871
C           -0.29495519346957        0.86367047609944       -2.00137537308084
C           -1.77908449275720        1.04199704096305       -2.32840723823304
C           -2.73297216840912        0.65339981957886       -1.19685243107380
C           -2.60802242372508       -0.81104310709016       -0.78337760831112
C           -3.61992900627521       -1.22410850315442        0.28618835461252
C           -3.44168997717257       -0.52715503200356        1.63663895742280
C           -2.08772932371057       -0.80092188091883        2.28185529033917
H            5.49480512473250       -2.33914486320828        1.90469194148002
H            5.54166910410770       -0.60035068118508        2.20144454211192
H            5.90142879947719       -1.22994570951690        0.59396830973346
H            3.55046072638114       -2.04787290448276        0.39008649679599
H            3.19066077950049       -1.41154691126498        1.99443061174473
H            4.07698946390032        0.25158038237681       -0.40482454455365
H            3.71818540027592        0.88887102587769        1.19925167671039
H            1.38285501147402        0.06751239477560        1.01232051259988
H            1.74370441378129       -0.60063645241601       -0.57975725192391
H            2.23844565458434        1.67913234833669       -1.43518484501414
H            1.96463547973743        2.34547700133681        0.17361259049475
H           -0.03020921657896        2.77064603245127       -1.06102726712944
H           -0.39893837396192        1.46857489396135        0.06813482217774
H           -0.09531387009090       -0.18785531404523       -1.79566622261673
H            0.28694201263739        1.13683070991931       -2.88587341350230
H           -1.95848400269039        2.08845502470538       -2.58926253457324
H           -2.01386343120903        0.43866173547036       -3.20934302920027
H           -3.75729271647929        0.83795551728639       -1.53213693502666
H           -2.55261606803911        1.29909396075388       -0.33757412838214
H           -2.76230156572553       -1.43778118272781       -1.66592555021613
H           -1.60228945552059       -1.00855750790519       -0.41433072293235
H           -3.53884005876562       -2.30352138802452        0.44042097124618
H           -4.62902587834702       -1.01972744680418       -0.08132876931525
H           -4.22909872413625       -0.88079622443431        2.30731706861595
H           -3.57757076653023        0.54926908473079        1.51873381884313
H           -1.28160487968157       -0.34913145875424        1.70981329324369
H           -2.05858836186784       -0.38782652920535        3.28755686373773
H           -1.90551764783843       -1.87148500002111        2.34533745329844
41
 energy: -42.140832529168 gnorm: 0.000724847001 xtb: 6.6.1 (8d0f1dd)
C            5.28284670876515       -1.35534680211676        1.47945515633766
C            3.81044356881181       -1.25677877916781        1.10168243161659
C            3.47258074066156        0.09497193254947        0.47839668247168
C            1.99624966710608        0.20181494349465        0.10680003996809
C            1.66467278474641        1.55240479837188       -0.52422708047630
C            0.17662861449501        1.72141422307701       -0.83086972307786
C           -0.29535279100590        0.85997268896577       -2.00015065681408
C           -1.77899251369185        1.04651931477820       -2.32380381623281
C           -2.73177899974381        0.65860509470459       -1.19100176021808
C           -2.61019712988303       -0.80712332979595       -0.78091675646607
C           -3.62674022778225       -1.22249245817036        0.28333453653766
C           -3.45289582490996       -0.53028245574448        1.63682404779058
C           -2.10363942647301       -0.81179422840203        2.28850114775531
H            5.50405718129739       -2.32696842142249        1.91515616961336
H            5.54218205923012       -0.58667227313222        2.20444436591402
H            5.91083097948859       -1.22164967121855        0.60113192896652
H            3.56290458690716       -2.05143961595622        0.39359939620584
H            3.19567109955048       -1.40592986387655        1.99267483861069
H            4.08110438614984        0.24184670573839       -0.41742213255597
H            3.72677830344734        0.89091314052401        1.18297729464873
H            1.38994248966187        0.06516084667884        1.00634352722096
H            1.74740010820060       -0.60410665806524       -0.58615750572467
H            2.24276643316403        1.67496950536119       -1.44335281260078
H            1.97327394532196        2.34209354704517        0.16596797740762
H           -0.02183252700244        2.76973123998399       -1.06864111112601
H           -0.39176351256696        1.47345209355001        0.06694572934080
H           -0.10178721354357       -0.19170296872413       -1.78953080540783
H            0.28663589132698        1.12530223674907       -2.88701171653809
H           -1.95353304001941        2.09488548317090       -2.58026447522656
H           -2.01915318014987        0.44771766959630       -3.20639381347932
H           -3.75614917875848        0.84705322782146       -1.52383805386277
H           -2.54749940698688        1.30179644343842       -0.33064353385555
H           -2.76169403790286       -1.43120562467133       -1.66582506379357
H           -1.60612081438971       -1.00674245730760       -0.40836583822795
H           -3.54717852523007       -2.30246711775252        0.43444638699162
H           -4.63418620955566       -1.01592951411306       -0.08753380357571
H           -4.24551427877140       -0.88277454282815        2.30195127225505
H           -3.58357998835058        0.54707980588067        1.52148124164082
H           -1.29278105397083       -0.35863203206826        1.72404178287185
H           -2.07919600169539       -0.40528979859657        3.29723891192301
H           -1.92495566594861       -1.88343432834986        2.34631259317159
41
 energy: -42.140840778880 gnorm: 0.000451055795 xtb: 6.6.1 (8d0f1dd)
C            5.28978263907385       -1.34751121684470        1.48446843042283
C            3.81811266844260       -1.25559610604017        1.10150215880059
C            3.47923987844389        0.09229330781476        0.46974184406155
C            2.00242332326962        0.19956059117088        0.09985786466645
C            1.67089948375604        1.55052302589228       -0.53121542961378
C            0.18223420435980        1.72203518805183       -0.83393278072846
C           -0.29584571485826        0.85810972475047       -1.99903061412355
C           -1.77933835324021        1.05021789638523       -2.31980632428235
C           -2.73126788098265        0.66263141465165       -1.18601185466457
C           -2.61320892095790       -0.80434731221085       -0.77918145055885
C           -3.63374524739573       -1.22100270245480        0.28086431859116
C           -3.46392261645720       -0.53348132228046        1.63736033461867
C           -2.11891948095806       -0.82189851348013        2.29484602313480
H            5.51281746882716       -2.31648594571802        1.92520210052417
H            5.54413914887067       -0.57490875752200        2.20706202267164
H            5.92045995293687       -1.21549856444623        0.60781477016754
H            3.57520343329015       -2.05504073950897        0.39734786888803
H            3.20146274842159       -1.40138856772749        1.99165915883695
H            4.08654230859207        0.23277731359375       -0.42781268482899
H            3.73546994528025        0.89202466065900        1.16915931033243
H            1.39693103929455        0.06403856677477        1.00001944444816
H            1.75183778177023       -0.60590429166017       -0.59290094998235
H            2.24657837095724        1.67192273611396       -1.45195330288050
H            1.98215577808802        2.34021192172279        0.15768353841332
H           -0.01410506222055        2.77009641324876       -1.07438947256119
H           -0.38428498567727        1.47821518878617        0.06616860568071
H           -0.10685682450597       -0.19352483251323       -1.78445709243649
H            0.28540569259673        1.11727784090156       -2.88809382221430
H           -1.95119426802920        2.09967885866978       -2.57338551536635
H           -2.02291200730123        0.45436914639434       -3.20341984632338
H           -3.75556666379836        0.85481946512523       -1.51673212489182
H           -2.54328157749174        1.30332838477271       -0.32459043670320
H           -2.76299519704848       -1.42615957925117       -1.66602520360097
H           -1.61056151417620       -1.00609694484677       -0.40368204672546
H           -3.55643928355180       -2.30153103822724        0.42880519872183
H           -4.63959374229018       -1.01155214306983       -0.09251786985450
H           -4.26111728450038       -0.88535264318610        2.29724019716006
H           -3.59010693992043        0.54466332215653        1.52458008624889
H           -1.30373943242991       -0.36826923194177        1.73689968392469
H           -2.09891511095284       -0.41992803592521        3.30559022559452
H           -1.94332975752700       -1.89437447878134        2.34902263643218
41
 energy: -42.140847808444 gnorm: 0.000398527992 xtb: 6.6.1 (8d0f1dd)
C            5.29650742632113       -1.34135805934417        1.48882617319216
C            3.82549431395079       -1.25428535336860        1.10141563638274
C            3.48618784764378        0.09052215942601        0.46267423955425
C            2.00906129541596        0.19830787330278        0.09327657246620
C            1.67738992897454        1.54955655852192       -0.53802077760415
C            0.18768243835532        1.72314077284195       -0.83606380037825
C           -0.29609724751395        0.85794642854993       -1.99794668416376
C           -1.77985998733380        1.05279453953240       -2.31616751938901
C           -2.73120294755884        0.66547605994255       -1.18165309377708
C           -2.61696699529755       -0.80258284120998       -0.77754601043920
C           -3.64137787876773       -1.21992953955336        0.27863471744207
C           -3.47435693749219       -0.53680362117327        1.63776782963129
C           -2.13324394532386       -0.83068175024921        2.30067207827059
H            5.52035082832511       -2.30798053542681        1.93436972403988
H            5.54723798431735       -0.56524396170523        2.20887499613319
H            5.92951319548869       -1.21176891478369        0.61351456089752
H            3.58636383903796       -2.05770809339506        0.40070855878644
H            3.20735733565807       -1.39716193159333        1.99091611983453
H            4.09313061717716        0.22552654207343       -0.43583285293357
H            3.74390535658363        0.89315051977919        1.15808948557222
H            1.40397956427270        0.06381887005884        0.99377668376530
H            1.75736896268214       -0.60688722689054       -0.59934867506728
H            2.25000085307908        1.66942558646107       -1.46083360352423
H            1.99161170229334        2.33961027503375        0.14904680548413
H           -0.00695057224837        2.77114777062058       -1.07793397284358
H           -0.37645170443897        1.48232937311240        0.06630012661791
H           -0.10977006074688       -0.19355598521575       -1.78085932183124
H            0.28354583248938        1.11320703711975       -2.88907430263975
H           -1.95084396141502        2.10262252604586       -2.56861195637367
H           -2.02526250475837        0.45808307356946       -3.20000731635129
H           -3.75531755606148        0.86128940195007       -1.51067996254676
H           -2.53997588782767        1.30375459987713       -0.31918814684001
H           -2.76605574989688       -1.42231795440248       -1.66589073260207
H           -1.61556873653134       -1.00706198909445       -0.40016240597456
H           -3.56686773206697       -2.30100519920463        0.42363614714716
H           -4.64563945592804       -1.00692030573576       -0.09696426996406
H           -4.27536582310346       -0.88837971905427        2.29300979528604
H           -3.59688817592514        0.54200594892850        1.52775927762072
H           -1.31429013088467       -0.37807850056795        1.74756361994506
H           -2.11692976803027       -0.43123891142265        3.31255251444247
H           -1.96095756291497       -1.90382352335661        2.35315674273184
41
 energy: -42.140854201432 gnorm: 0.000548196692 xtb: 6.6.1 (8d0f1dd)
C            5.30221931010809       -1.33736820881488        1.49183730355156
C            3.83177512215260       -1.25256496536112        1.10122339702980
C            3.49309645920703        0.09008862130710        0.45724531250914
C            2.01583923280441        0.19822102389057        0.08756615291339
C            1.68333027738063        1.54952570430918       -0.54370069336594
C            0.19253310211084        1.72490908313123       -0.83708705348449
C           -0.29587259874799        0.85859825653934       -1.99621846090295
C           -1.78018377640999        1.05382574675479       -2.31245237437689
C           -2.73114456526322        0.66691556691652       -1.17743908404860
C           -2.62111714306188       -0.80241590691191       -0.77663663438880
C           -3.64849063269992       -1.21939579424039        0.27687468583289
C           -3.48408673966828       -0.53952235252240        1.63798208997728
C           -2.14585024126731       -0.83770234174345        2.30471385058367
H            5.52538025947394       -2.30209292347239        1.94182555852087
H            5.55124594911825       -0.55834351794791        2.20925801493473
H            5.93709212599443       -1.21122160905671        0.61738552877052
H            3.59478230953883       -2.05865672968054        0.40305503744448
H            3.21233282551706       -1.39285517600282        1.99019588704542
H            4.10035149289949        0.22122583488353       -0.44153384507348
H            3.75146438184456        0.89476707505371        1.14993788955152
H            1.41072905930939        0.06377206566661        0.98797570567007
H            1.76408968044456       -0.60667630429104       -0.60529241851354
H            2.25290075784983        1.66847623592852       -1.46843105014938
H            2.00031842242772        2.33975778339594        0.14177897591301
H           -0.00094880779575        2.77299115749096       -1.07959012256035
H           -0.36899314054173        1.48620461334140        0.06744314069954
H           -0.11035296411250       -0.19273787472387       -1.77775699673795
H            0.28176574801096        1.11189693567808       -2.88914158127069
H           -1.95170044036310        2.10344108961234       -2.56539223532628
H           -2.02605989182139        0.45866039062128       -3.19585658113373
H           -3.75499965436830        0.86636678093677       -1.50508228421859
H           -2.53702901454585        1.30285746326976       -0.31389129179165
H           -2.77035460571361       -1.41999945717132       -1.66646462079179
H           -1.62084248006648       -1.01007442235545       -0.39800741896174
H           -3.57702522058832       -2.30093458489313        0.41956251264872
H           -4.65132648719972       -1.00321754619018       -0.10052972846625
H           -4.28793831238950       -0.89063817570554        2.28993060039455
H           -3.60379554649484        0.53973240449384        1.52964063082384
H           -1.32369470542729       -0.38846709840528        1.75366164268928
H           -2.13162407132648       -0.43703858756265        3.31605592683100
H           -1.97736747631948       -1.91136825616870        2.35911163122799
41
 energy: -42.140860896918 gnorm: 0.000545949130 xtb: 6.6.1 (8d0f1dd)
C            5.30790580874205       -1.33429209969775        1.49409744121388
C            3.83818640747793       -1.24961165383180        1.10054752634052
C            3.50082835156315        0.09131728497944        0.45226166657003
C            2.02358047227618        0.19877194705983        0.08163728035386
C            1.68975089577132        1.54995840324030       -0.54923367679834
C            0.19775654146165        1.72646329246268       -0.83723905213392
C           -0.29517116755374        0.85932154492240       -1.99378047002694
C           -1.78019174841490        1.05391577127230       -2.30796730472160
C           -2.73055569651961        0.66780456861170       -1.17227362965514
C           -2.62582130607718       -0.80289744698614       -0.77511702258294
C           -3.65714520950299       -1.21955786381132        0.27476694683630
C           -3.49466063058552       -0.54218424145800        1.63726350313332
C           -2.15932567332686       -0.84427100758146        2.30801085116259
H            5.52908739634805       -2.29723136881319        1.94889661826314
H            5.55660210452688       -0.55231221040616        2.20839312389297
H            5.94448064118527       -1.21295331364296        0.62021176508722
H            3.60199374331943       -2.05775037993836        0.40451621108694
H            3.21727862310419       -1.38700924664825        1.98897140879837
H            4.10876985346471        0.21937283144632       -0.44649434813284
H            3.75931630304504        0.89790439248366        1.14272676944877
H            1.41846064886655        0.06370409953709        0.98195284743696
H            1.77274247937264       -0.60635340159734       -0.61130840289210
H            2.25583132917117        1.66793520244431       -1.47622429051757
H            2.00988693111762        2.34046443804011        0.13448509477147
H            0.00492169121078        2.77455633528489       -1.08025189280886
H           -0.36075598454289        1.48972690343545        0.06970104056286
H           -0.10943711534094       -0.19179554358558       -1.77438885011319
H            0.28017557443010        1.11138128995559       -2.88853073698765
H           -1.95250633390196        2.10308545936058       -2.56241372014896
H           -2.02651158918929        0.45725993029838       -3.19030438159325
H           -3.75419649126942        0.87185503329586       -1.49792078460465
H           -2.53284637481237        1.30078971761519       -0.30737340657206
H           -2.77568882454919       -1.41747346802626       -1.66689766858899
H           -1.62674683799328       -1.01496162277120       -0.39571797401545
H           -3.58886441477364       -2.30152425200188        0.41573787574689
H           -4.65840571138057       -1.00003328378427       -0.10504635348401
H           -4.30122319936748       -0.89224600377719        2.28641928138801
H           -3.61152952702724        0.53750862598912        1.53021121675348
H           -1.33396715625728       -0.40114199046667        1.75696367842714
H           -2.14536711487071       -0.44002621076233        3.31789029472739
H           -1.99618968919801       -1.91852846214738        2.36657852437654
41
 energy: -42.140866748628 gnorm: 0.000390191999 xtb: 6.6.1 (8d0f1dd)
C            5.31237321262595       -1.33261358377207        1.49474555694519
C            3.84329019464841       -1.24596316406944        1.09958621893953
C            3.50771472366215        0.09397190931048        0.44865755673971
C            2.03058337608034        0.19995852686613        0.07712783780760
C            1.69486487423348        1.55060138793774       -0.55343950041415
C            0.20198432717921        1.72734439953748       -0.83677520849692
C           -0.29400137970737        0.85890382859839       -1.99096868478279
C           -1.77956922998397        1.05298980519392       -2.30331915082908
C           -2.72915016104268        0.66823745116345       -1.16668121720451
C           -2.63003544549940       -0.80413262714791       -0.77411424630943
C           -3.66451968612508       -1.21996565680430        0.27289532599162
C           -3.50440661414516       -0.54383428886266        1.63622562174819
C           -2.17107766785548       -0.84925463620822        2.30934629429640
H            5.53057854094313       -2.29426310658863        1.95364377090244
H            5.56228986116517       -0.54838574057416        2.20614606597365
H            5.95010096866655       -1.21644280467027        0.62099942339369
H            3.60625353858102       -2.05488666060061        0.40468112472522
H            3.22111287026324       -1.38080551326905        1.98757864785283
H            4.11642110660736        0.22075701289768       -0.44981219596885
H            3.76546114898096        0.90187253159666        1.13792656375543
H            1.42532003132737        0.06354459728403        0.97720282589763
H            1.78148111474286       -0.60563118219334       -0.61591699903736
H            2.25807390516222        1.66814738050312       -1.48223718854465
H            2.01745497046856        2.34128105098471        0.12895169983629
H            0.00877781533813        2.77532012171543       -1.08020305535443
H           -0.35368640707691        1.49174575746893        0.07226303796883
H           -0.10768107740755       -0.19203969731858       -1.77087250476055
H            0.27956203430413        1.11021329550058       -2.88714049882647
H           -1.95218484007207        2.10177313522872       -2.55933426444770
H           -2.02669447708548        0.45492870630741       -3.18453469038498
H           -3.75261593186636        0.87716822476406       -1.48996975916136
H           -2.52739253641397        1.29828020474291       -0.30051528168789
H           -2.78038420118675       -1.41553974889036       -1.66802717883398
H           -1.63230657145902       -1.02078728515243       -0.39380042512725
H           -3.59895355682348       -2.30223065547995        0.41294472204876
H           -4.66431424800204       -0.99822222879506       -0.10946383104086
H           -4.31312664900371       -0.89222481116766        2.28372610210477
H           -3.61862991973389        0.53613627367549        1.52905637575284
H           -1.34301154052638       -0.41340091111306        1.75635302744860
H           -2.15576013795436       -0.43955168279085        3.31704049864138
H           -2.01374833600951       -1.92405761580899        2.37378458244283
41
 energy: -42.140870895737 gnorm: 0.000290273020 xtb: 6.6.1 (8d0f1dd)
C            5.31574787727144       -1.33136001253902        1.49434401164877
C            3.84708071704539       -1.24253819846716        1.09859167623115
C            3.51262131628785        0.09695567092002        0.44656725564088
C            2.03565277964128        0.20099222352372        0.07432234076681
C            1.69830794374743        1.55092241850219       -0.55631187488283
C            0.20491571505873        1.72666731442186       -0.83641198033064
C           -0.29295313106611        0.85703431833866       -1.98885673949763
C           -1.77861866496186        1.05223601695403       -2.29971399275879
C           -2.72712600939751        0.66879868440736       -1.16188936891854
C           -2.63272148922763       -0.80477584031787       -0.77280184071725
C           -3.67042160979037       -1.22030770053764        0.27114808900558
C           -3.51189907276426       -0.54453025934389        1.63475558765491
C           -2.18027122103072       -0.85284666843281        2.30991332310489
H            5.53151240659928       -2.29221373913610        1.95600526731969
H            5.56723894893614       -0.54566395355930        2.20361695999225
H            5.95394619281518       -1.21915175191234        0.62044518354722
H            3.60866707209788       -2.05163755131920        0.40418999705289
H            3.22422657333926       -1.37558283020833        1.98642127301726
H            4.12173990191239        0.22356721963394       -0.45171433794480
H            3.76942478953147        0.90571192742830        1.13528620632361
H            1.43039190371667        0.06372125982317        0.97433773034583
H            1.78803187414597       -0.60538689488454       -0.61839685206387
H            2.25953028756441        1.66794086928842       -1.48641154499942
H            2.02237487839634        2.34209026172108        0.12489811422564
H            0.01041736030972        2.77429817595385       -1.08034423589018
H           -0.34860857617423        1.49150791397073        0.07408208428590
H           -0.10684934605778       -0.19378186133390       -1.76777026368663
H            0.27986246128010        1.10702574367119       -2.88591270374351
H           -1.95014690651334        2.10113819823062       -2.55607351011620
H           -2.02763624618437        0.45391407275589       -3.18023013044701
H           -3.75054985455013        0.88230627457951       -1.48240335946030
H           -2.52115862739031        1.29612054696331       -0.29474967226193
H           -2.78345017683401       -1.41318583703673       -1.66869509498362
H           -1.63610187979369       -1.02542614606190       -0.39178691521193
H           -3.60638854878469       -2.30272833192101        0.41099288786376
H           -4.66908354346178       -0.99725418806615       -0.11356911466113
H           -4.32239705673679       -0.89129506663525        2.28098716342124
H           -3.62391570083808        0.53567335926635        1.52727841305020
H           -1.35031485061667       -0.42276288389515        1.75519475131550
H           -2.16300518634910       -0.43921225945390        3.31599257649902
H           -2.02762530117387       -1.92803849529235        2.37842964026342
